2025-04-02 10:32:05.544 +02:00 [INF] Executed DbCommand (98ms) [Parameters=[], CommandType='"Text"', CommandTimeout='30']
SELECT "MigrationId", "ProductVersion"
FROM "__EFMigrationsHistory"
ORDER BY "MigrationId";
2025-04-02 10:32:08.352 +02:00 [INF] Executed DbCommand (18ms) [Parameters=[], CommandType='"Text"', CommandTimeout='30']
CREATE TABLE IF NOT EXISTS "__EFMigrationsHistory" (
    "MigrationId" character varying(150) NOT NULL,
    "ProductVersion" character varying(32) NOT NULL,
    CONSTRAINT "PK___EFMigrationsHistory" PRIMARY KEY ("MigrationId")
);
2025-04-02 10:32:09.018 +02:00 [INF] Acquiring an exclusive lock for migration application. See https://aka.ms/efcore-docs-migrations-lock for more information if this takes too long.
2025-04-02 10:32:09.072 +02:00 [INF] Executed DbCommand (3ms) [Parameters=[], CommandType='"Text"', CommandTimeout='30']
LOCK TABLE "__EFMigrationsHistory" IN ACCESS EXCLUSIVE MODE
2025-04-02 10:32:09.092 +02:00 [INF] Executed DbCommand (1ms) [Parameters=[], CommandType='"Text"', CommandTimeout='30']
SELECT "MigrationId", "ProductVersion"
FROM "__EFMigrationsHistory"
ORDER BY "MigrationId";
2025-04-02 10:32:09.183 +02:00 [INF] Applying migration '20250401143921_InitialCreate'.
2025-04-02 10:32:09.924 +02:00 [ERR] Failed executing DbCommand (46ms) [Parameters=[], CommandType='"Text"', CommandTimeout='30']
CREATE TABLE "Users" (
    "Id" integer GENERATED BY DEFAULT AS IDENTITY,
    "FirstName" text NOT NULL,
    "LastName" text NOT NULL,
    "Email" text NOT NULL,
    "UserName" text NOT NULL,
    "PhoneNumber" text NOT NULL,
    "PasswordHash" text NOT NULL,
    "RefreshToken" text,
    "RefreshTokenExpiry" timestamp with time zone,
    "CreatedAt" timestamp with time zone NOT NULL,
    "NormalizedUserName" text,
    "NormalizedEmail" text,
    "EmailConfirmed" boolean NOT NULL,
    "SecurityStamp" text,
    "ConcurrencyStamp" text,
    "PhoneNumberConfirmed" boolean NOT NULL,
    "TwoFactorEnabled" boolean NOT NULL,
    "LockoutEnd" timestamp with time zone,
    "LockoutEnabled" boolean NOT NULL,
    "AccessFailedCount" integer NOT NULL,
    CONSTRAINT "PK_Users" PRIMARY KEY ("Id")
);
2025-04-02 10:36:43.060 +02:00 [ERR] An error occurred using the connection to database 'Trello' on server 'tcp://localhost:5432'.
2025-04-02 10:36:47.209 +02:00 [INF] Executed DbCommand (2,162ms) [Parameters=[], CommandType='"Text"', CommandTimeout='30']
CREATE DATABASE "Trello";
2025-04-02 10:36:47.822 +02:00 [INF] Executed DbCommand (48ms) [Parameters=[], CommandType='"Text"', CommandTimeout='30']
CREATE TABLE IF NOT EXISTS "__EFMigrationsHistory" (
    "MigrationId" character varying(150) NOT NULL,
    "ProductVersion" character varying(32) NOT NULL,
    CONSTRAINT "PK___EFMigrationsHistory" PRIMARY KEY ("MigrationId")
);
2025-04-02 10:36:47.885 +02:00 [INF] Acquiring an exclusive lock for migration application. See https://aka.ms/efcore-docs-migrations-lock for more information if this takes too long.
2025-04-02 10:36:47.904 +02:00 [INF] Executed DbCommand (3ms) [Parameters=[], CommandType='"Text"', CommandTimeout='30']
LOCK TABLE "__EFMigrationsHistory" IN ACCESS EXCLUSIVE MODE
2025-04-02 10:36:47.932 +02:00 [INF] Executed DbCommand (6ms) [Parameters=[], CommandType='"Text"', CommandTimeout='30']
SELECT "MigrationId", "ProductVersion"
FROM "__EFMigrationsHistory"
ORDER BY "MigrationId";
2025-04-02 10:36:47.993 +02:00 [INF] Applying migration '20250402083548_InitialCreate'.
2025-04-02 10:36:48.139 +02:00 [INF] Executed DbCommand (23ms) [Parameters=[], CommandType='"Text"', CommandTimeout='30']
CREATE TABLE "Users" (
    "Id" integer GENERATED BY DEFAULT AS IDENTITY,
    "FirstName" text NOT NULL,
    "LastName" text NOT NULL,
    "Email" text NOT NULL,
    "UserName" text NOT NULL,
    "PhoneNumber" text NOT NULL,
    "PasswordHash" text NOT NULL,
    "RefreshToken" text,
    "RefreshTokenExpiry" timestamp with time zone,
    "CreatedAt" timestamp with time zone NOT NULL,
    "NormalizedUserName" text,
    "NormalizedEmail" text,
    "EmailConfirmed" boolean NOT NULL,
    "SecurityStamp" text,
    "ConcurrencyStamp" text,
    "PhoneNumberConfirmed" boolean NOT NULL,
    "TwoFactorEnabled" boolean NOT NULL,
    "LockoutEnd" timestamp with time zone,
    "LockoutEnabled" boolean NOT NULL,
    "AccessFailedCount" integer NOT NULL,
    CONSTRAINT "PK_Users" PRIMARY KEY ("Id")
);
2025-04-02 10:36:48.203 +02:00 [INF] Executed DbCommand (26ms) [Parameters=[], CommandType='"Text"', CommandTimeout='30']
CREATE TABLE "Projects" (
    "Id" integer GENERATED BY DEFAULT AS IDENTITY,
    "Name" text NOT NULL,
    "OwnerId" integer NOT NULL,
    "BoardId" integer NOT NULL,
    CONSTRAINT "PK_Projects" PRIMARY KEY ("Id"),
    CONSTRAINT "FK_Projects_Users_OwnerId" FOREIGN KEY ("OwnerId") REFERENCES "Users" ("Id") ON DELETE CASCADE
);
2025-04-02 10:36:48.256 +02:00 [INF] Executed DbCommand (19ms) [Parameters=[], CommandType='"Text"', CommandTimeout='30']
CREATE TABLE "Sprints" (
    "Id" integer GENERATED BY DEFAULT AS IDENTITY,
    "Name" text NOT NULL,
    "Status" integer NOT NULL,
    "StartDate" timestamp with time zone NOT NULL,
    "EndDate" timestamp with time zone NOT NULL,
    "ProjectId" integer NOT NULL,
    CONSTRAINT "PK_Sprints" PRIMARY KEY ("Id"),
    CONSTRAINT "FK_Sprints_Projects_ProjectId" FOREIGN KEY ("ProjectId") REFERENCES "Projects" ("Id") ON DELETE CASCADE
);
2025-04-02 10:36:48.311 +02:00 [INF] Executed DbCommand (11ms) [Parameters=[], CommandType='"Text"', CommandTimeout='30']
CREATE TABLE "UserProject" (
    "UserId" integer NOT NULL,
    "ProjectId" integer NOT NULL,
    CONSTRAINT "PK_UserProject" PRIMARY KEY ("UserId", "ProjectId"),
    CONSTRAINT "FK_UserProject_Projects_ProjectId" FOREIGN KEY ("ProjectId") REFERENCES "Projects" ("Id"),
    CONSTRAINT "FK_UserProject_Users_UserId" FOREIGN KEY ("UserId") REFERENCES "Users" ("Id")
);
2025-04-02 10:36:48.376 +02:00 [INF] Executed DbCommand (20ms) [Parameters=[], CommandType='"Text"', CommandTimeout='30']
CREATE TABLE "Boards" (
    "Id" integer GENERATED BY DEFAULT AS IDENTITY,
    "Name" text NOT NULL,
    "Description" text NOT NULL,
    "ProjectId" integer NOT NULL,
    "ActiveSprintId" integer,
    CONSTRAINT "PK_Boards" PRIMARY KEY ("Id"),
    CONSTRAINT "FK_Boards_Projects_ProjectId" FOREIGN KEY ("ProjectId") REFERENCES "Projects" ("Id") ON DELETE CASCADE,
    CONSTRAINT "FK_Boards_Sprints_ActiveSprintId" FOREIGN KEY ("ActiveSprintId") REFERENCES "Sprints" ("Id")
);
2025-04-02 10:36:48.432 +02:00 [INF] Executed DbCommand (20ms) [Parameters=[], CommandType='"Text"', CommandTimeout='30']
CREATE TABLE "Columns" (
    "Id" integer GENERATED BY DEFAULT AS IDENTITY,
    "Name" integer NOT NULL,
    "BoardId" integer NOT NULL,
    CONSTRAINT "PK_Columns" PRIMARY KEY ("Id"),
    CONSTRAINT "FK_Columns_Boards_BoardId" FOREIGN KEY ("BoardId") REFERENCES "Boards" ("Id") ON DELETE CASCADE
);
2025-04-02 10:36:48.494 +02:00 [INF] Executed DbCommand (25ms) [Parameters=[], CommandType='"Text"', CommandTimeout='30']
CREATE TABLE "Cards" (
    "Id" integer GENERATED BY DEFAULT AS IDENTITY,
    "Title" text NOT NULL,
    "Description" text NOT NULL,
    "DueDate" timestamp with time zone NOT NULL,
    "ColumnId" integer NOT NULL,
    "SprintId" integer,
    CONSTRAINT "PK_Cards" PRIMARY KEY ("Id"),
    CONSTRAINT "FK_Cards_Columns_ColumnId" FOREIGN KEY ("ColumnId") REFERENCES "Columns" ("Id") ON DELETE RESTRICT,
    CONSTRAINT "FK_Cards_Sprints_SprintId" FOREIGN KEY ("SprintId") REFERENCES "Sprints" ("Id") ON DELETE CASCADE
);
2025-04-02 10:36:48.558 +02:00 [INF] Executed DbCommand (26ms) [Parameters=[], CommandType='"Text"', CommandTimeout='30']
CREATE TABLE "Comments" (
    "Id" integer GENERATED BY DEFAULT AS IDENTITY,
    "Text" text NOT NULL,
    "CreatedAt" timestamp with time zone NOT NULL,
    "AuthorId" integer NOT NULL,
    "CardId" integer NOT NULL,
    CONSTRAINT "PK_Comments" PRIMARY KEY ("Id"),
    CONSTRAINT "FK_Comments_Cards_CardId" FOREIGN KEY ("CardId") REFERENCES "Cards" ("Id") ON DELETE CASCADE,
    CONSTRAINT "FK_Comments_Users_AuthorId" FOREIGN KEY ("AuthorId") REFERENCES "Users" ("Id")
);
2025-04-02 10:36:48.606 +02:00 [INF] Executed DbCommand (14ms) [Parameters=[], CommandType='"Text"', CommandTimeout='30']
CREATE TABLE "UserCard" (
    "UserId" integer NOT NULL,
    "CardId" integer NOT NULL,
    "AssignedAt" timestamp with time zone NOT NULL,
    CONSTRAINT "PK_UserCard" PRIMARY KEY ("UserId", "CardId"),
    CONSTRAINT "FK_UserCard_Cards_CardId" FOREIGN KEY ("CardId") REFERENCES "Cards" ("Id") ON DELETE RESTRICT,
    CONSTRAINT "FK_UserCard_Users_UserId" FOREIGN KEY ("UserId") REFERENCES "Users" ("Id") ON DELETE RESTRICT
);
2025-04-02 10:36:48.646 +02:00 [INF] Executed DbCommand (6ms) [Parameters=[], CommandType='"Text"', CommandTimeout='30']
CREATE UNIQUE INDEX "IX_Boards_ActiveSprintId" ON "Boards" ("ActiveSprintId");
2025-04-02 10:36:48.688 +02:00 [INF] Executed DbCommand (5ms) [Parameters=[], CommandType='"Text"', CommandTimeout='30']
CREATE UNIQUE INDEX "IX_Boards_ProjectId" ON "Boards" ("ProjectId");
2025-04-02 10:36:48.724 +02:00 [INF] Executed DbCommand (7ms) [Parameters=[], CommandType='"Text"', CommandTimeout='30']
CREATE INDEX "IX_Cards_ColumnId" ON "Cards" ("ColumnId");
2025-04-02 10:36:48.776 +02:00 [INF] Executed DbCommand (6ms) [Parameters=[], CommandType='"Text"', CommandTimeout='30']
CREATE INDEX "IX_Cards_SprintId" ON "Cards" ("SprintId");
2025-04-02 10:36:48.808 +02:00 [INF] Executed DbCommand (5ms) [Parameters=[], CommandType='"Text"', CommandTimeout='30']
CREATE INDEX "IX_Columns_BoardId" ON "Columns" ("BoardId");
2025-04-02 10:36:48.845 +02:00 [INF] Executed DbCommand (6ms) [Parameters=[], CommandType='"Text"', CommandTimeout='30']
CREATE INDEX "IX_Comments_AuthorId" ON "Comments" ("AuthorId");
2025-04-02 10:36:48.875 +02:00 [INF] Executed DbCommand (6ms) [Parameters=[], CommandType='"Text"', CommandTimeout='30']
CREATE INDEX "IX_Comments_CardId" ON "Comments" ("CardId");
2025-04-02 10:36:48.969 +02:00 [INF] Executed DbCommand (5ms) [Parameters=[], CommandType='"Text"', CommandTimeout='30']
CREATE INDEX "IX_Projects_OwnerId" ON "Projects" ("OwnerId");
2025-04-02 10:36:49.586 +02:00 [INF] Executed DbCommand (11ms) [Parameters=[], CommandType='"Text"', CommandTimeout='30']
CREATE INDEX "IX_Sprints_ProjectId" ON "Sprints" ("ProjectId");
2025-04-02 10:36:49.659 +02:00 [INF] Executed DbCommand (5ms) [Parameters=[], CommandType='"Text"', CommandTimeout='30']
CREATE INDEX "IX_UserCard_CardId" ON "UserCard" ("CardId");
2025-04-02 10:36:49.680 +02:00 [INF] Executed DbCommand (6ms) [Parameters=[], CommandType='"Text"', CommandTimeout='30']
CREATE INDEX "IX_UserProject_ProjectId" ON "UserProject" ("ProjectId");
2025-04-02 10:36:49.705 +02:00 [INF] Executed DbCommand (6ms) [Parameters=[], CommandType='"Text"', CommandTimeout='30']
INSERT INTO "__EFMigrationsHistory" ("MigrationId", "ProductVersion")
VALUES ('20250402083548_InitialCreate', '9.0.3');
