2025-04-04 10:00:43.176 +02:00 [INF] User profile is available. Using 'C:\Users\User\AppData\Local\ASP.NET\DataProtection-Keys' as key repository and Windows DPAPI to encrypt keys at rest.
2025-04-04 10:00:47.907 +02:00 [INF] Now listening on: http://localhost:5196
2025-04-04 10:00:49.796 +02:00 [INF] Request starting HTTP/1.1 GET http://localhost:5196// - null null
2025-04-04 10:00:49.843 +02:00 [INF] Application started. Press Ctrl+C to shut down.
2025-04-04 10:00:49.909 +02:00 [INF] Hosting environment: Development
2025-04-04 10:00:51.239 +02:00 [WRN] Failed to determine the https port for redirect.
2025-04-04 10:00:52.229 +02:00 [INF] Content root path: C:\Users\User\Desktop\TaskManagment\Trello
2025-04-04 10:00:53.495 +02:00 [INF] Request finished HTTP/1.1 GET http://localhost:5196// - 404 0 null 3745.9327ms
2025-04-04 10:00:54.792 +02:00 [INF] Request reached the end of the middleware pipeline without being handled by application code. Request path: GET http://localhost:5196//, Response status code: 404
2025-04-04 10:02:58.561 +02:00 [INF] Request starting HTTP/1.1 OPTIONS http://localhost:5196/api/user/getById/1 - null null
2025-04-04 10:02:58.561 +02:00 [INF] Request starting HTTP/1.1 OPTIONS http://localhost:5196/api/user/getById/1 - null null
2025-04-04 10:02:58.600 +02:00 [INF] CORS policy execution successful.
2025-04-04 10:02:58.600 +02:00 [INF] CORS policy execution successful.
2025-04-04 10:02:58.621 +02:00 [INF] Request finished HTTP/1.1 OPTIONS http://localhost:5196/api/user/getById/1 - 204 null null 62.2305ms
2025-04-04 10:02:58.621 +02:00 [INF] Request finished HTTP/1.1 OPTIONS http://localhost:5196/api/user/getById/1 - 204 null null 62.2597ms
2025-04-04 10:02:58.661 +02:00 [INF] Request starting HTTP/1.1 GET http://localhost:5196/api/user/getById/1 - null null
2025-04-04 10:02:59.026 +02:00 [INF] CORS policy execution successful.
2025-04-04 10:02:59.042 +02:00 [INF] Executing endpoint 'Trello.Controller.UserController.GetUserById (Trello)'
2025-04-04 10:02:59.281 +02:00 [INF] Route matched with {action = "GetUserById", controller = "User"}. Executing controller action with signature System.Threading.Tasks.Task`1[Microsoft.AspNetCore.Mvc.IActionResult] GetUserById(Int32) on controller Trello.Controller.UserController (Trello).
2025-04-04 10:03:11.937 +02:00 [INF] Executed DbCommand (204ms) [Parameters=[@__id_0='?' (DbType = Int32)], CommandType='"Text"', CommandTimeout='30']
SELECT u."Id", u."AccessFailedCount", u."ConcurrencyStamp", u."CreatedAt", u."Email", u."EmailConfirmed", u."FirstName", u."LastName", u."LockoutEnabled", u."LockoutEnd", u."NormalizedEmail", u."NormalizedUserName", u."PasswordHash", u."PhoneNumber", u."PhoneNumberConfirmed", u."RefreshToken", u."RefreshTokenExpiry", u."SecurityStamp", u."TwoFactorEnabled", u."UserName"
FROM "Users" AS u
WHERE u."Id" = @__id_0
LIMIT 1
2025-04-04 10:03:12.409 +02:00 [INF] Executing OkObjectResult, writing value of type 'Trello.DTOs.UserDto'.
2025-04-04 10:03:12.690 +02:00 [INF] Request starting HTTP/1.1 GET http://localhost:5196/api/user/getById/1 - null null
2025-04-04 10:03:12.699 +02:00 [INF] Executed action Trello.Controller.UserController.GetUserById (Trello) in 13350.1621ms
2025-04-04 10:03:12.705 +02:00 [INF] CORS policy execution successful.
2025-04-04 10:03:12.711 +02:00 [INF] Executing endpoint 'Trello.Controller.UserController.GetUserById (Trello)'
2025-04-04 10:03:12.718 +02:00 [INF] Route matched with {action = "GetUserById", controller = "User"}. Executing controller action with signature System.Threading.Tasks.Task`1[Microsoft.AspNetCore.Mvc.IActionResult] GetUserById(Int32) on controller Trello.Controller.UserController (Trello).
2025-04-04 10:03:12.722 +02:00 [INF] Executed endpoint 'Trello.Controller.UserController.GetUserById (Trello)'
2025-04-04 10:03:12.770 +02:00 [INF] Request finished HTTP/1.1 GET http://localhost:5196/api/user/getById/1 - 200 null application/json; charset=utf-8 14109.1096ms
2025-04-04 10:03:12.830 +02:00 [INF] Executed DbCommand (14ms) [Parameters=[@__id_0='?' (DbType = Int32)], CommandType='"Text"', CommandTimeout='30']
SELECT u."Id", u."AccessFailedCount", u."ConcurrencyStamp", u."CreatedAt", u."Email", u."EmailConfirmed", u."FirstName", u."LastName", u."LockoutEnabled", u."LockoutEnd", u."NormalizedEmail", u."NormalizedUserName", u."PasswordHash", u."PhoneNumber", u."PhoneNumberConfirmed", u."RefreshToken", u."RefreshTokenExpiry", u."SecurityStamp", u."TwoFactorEnabled", u."UserName"
FROM "Users" AS u
WHERE u."Id" = @__id_0
LIMIT 1
2025-04-04 10:03:12.852 +02:00 [INF] Executing OkObjectResult, writing value of type 'Trello.DTOs.UserDto'.
2025-04-04 10:03:12.891 +02:00 [INF] Executed action Trello.Controller.UserController.GetUserById (Trello) in 156.388ms
2025-04-04 10:03:12.906 +02:00 [INF] Executed endpoint 'Trello.Controller.UserController.GetUserById (Trello)'
2025-04-04 10:03:12.916 +02:00 [INF] Request finished HTTP/1.1 GET http://localhost:5196/api/user/getById/1 - 200 null application/json; charset=utf-8 225.9533ms
2025-04-04 10:03:12.936 +02:00 [INF] Request starting HTTP/1.1 GET http://localhost:5196/api/projects/getUserProjects/1 - null null
2025-04-04 10:03:12.950 +02:00 [INF] CORS policy execution successful.
2025-04-04 10:03:12.954 +02:00 [INF] Executing endpoint 'Trello.Controller.ProjectController.GetUserProjects (Trello)'
2025-04-04 10:03:12.971 +02:00 [INF] Route matched with {action = "GetUserProjects", controller = "Project"}. Executing controller action with signature System.Threading.Tasks.Task`1[Microsoft.AspNetCore.Mvc.IActionResult] GetUserProjects(Int32) on controller Trello.Controller.ProjectController (Trello).
2025-04-04 10:03:13.580 +02:00 [INF] Executed DbCommand (20ms) [Parameters=[@__userId_0='?' (DbType = Int32)], CommandType='"Text"', CommandTimeout='30']
SELECT p."Id", p."BacklogId", p."BoardId", p."Name", p."OwnerId"
FROM "Projects" AS p
WHERE EXISTS (
    SELECT 1
    FROM "UserProject" AS u
    WHERE p."Id" = u."ProjectId" AND u."UserId" = @__userId_0) OR p."OwnerId" = @__userId_0
2025-04-04 10:03:13.689 +02:00 [INF] Executing OkObjectResult, writing value of type 'System.Collections.Generic.List`1[[Trello.DTOs.ProjectDetailsDto, Trello, Version=1.0.0.0, Culture=neutral, PublicKeyToken=null]]'.
2025-04-04 10:03:13.721 +02:00 [INF] Executed action Trello.Controller.ProjectController.GetUserProjects (Trello) in 739.0639ms
2025-04-04 10:03:13.730 +02:00 [INF] Executed endpoint 'Trello.Controller.ProjectController.GetUserProjects (Trello)'
2025-04-04 10:03:13.741 +02:00 [INF] Request finished HTTP/1.1 GET http://localhost:5196/api/projects/getUserProjects/1 - 200 null application/json; charset=utf-8 805.0292ms
2025-04-04 10:03:13.780 +02:00 [INF] Request starting HTTP/1.1 OPTIONS http://localhost:5196/api/boards/getById/1 - null null
2025-04-04 10:03:13.803 +02:00 [INF] CORS policy execution successful.
2025-04-04 10:03:13.810 +02:00 [INF] Request finished HTTP/1.1 OPTIONS http://localhost:5196/api/boards/getById/1 - 204 null null 30.9678ms
2025-04-04 10:03:13.840 +02:00 [INF] Request starting HTTP/1.1 GET http://localhost:5196/api/boards/getById/1 - null null
2025-04-04 10:03:13.854 +02:00 [INF] CORS policy execution successful.
2025-04-04 10:03:13.858 +02:00 [INF] Executing endpoint 'Trello.Controller.BoardController.GetById (Trello)'
2025-04-04 10:03:13.873 +02:00 [INF] Route matched with {action = "GetById", controller = "Board"}. Executing controller action with signature System.Threading.Tasks.Task`1[Microsoft.AspNetCore.Mvc.IActionResult] GetById(Int32) on controller Trello.Controller.BoardController (Trello).
2025-04-04 10:03:13.939 +02:00 [INF] Executed DbCommand (14ms) [Parameters=[@__id_0='?' (DbType = Int32)], CommandType='"Text"', CommandTimeout='30']
SELECT b."Id", b."ActiveSprintId", b."Description", b."Name", b."ProjectId"
FROM "Boards" AS b
WHERE b."Id" = @__id_0
LIMIT 1
2025-04-04 10:03:14.010 +02:00 [INF] Executing OkObjectResult, writing value of type 'Trello.DTOs.BoardDto'.
2025-04-04 10:03:14.054 +02:00 [INF] Executed action Trello.Controller.BoardController.GetById (Trello) in 167.4186ms
2025-04-04 10:03:14.062 +02:00 [INF] Executed endpoint 'Trello.Controller.BoardController.GetById (Trello)'
2025-04-04 10:03:14.069 +02:00 [INF] Request finished HTTP/1.1 GET http://localhost:5196/api/boards/getById/1 - 200 null application/json; charset=utf-8 229.5991ms
2025-04-04 10:08:27.370 +02:00 [INF] Request starting HTTP/1.1 OPTIONS http://localhost:5196/api/user/getById/1 - null null
2025-04-04 10:08:27.576 +02:00 [INF] Request starting HTTP/1.1 OPTIONS http://localhost:5196/api/user/getById/1 - null null
2025-04-04 10:08:27.680 +02:00 [INF] CORS policy execution successful.
2025-04-04 10:08:27.703 +02:00 [INF] CORS policy execution successful.
2025-04-04 10:08:27.710 +02:00 [INF] Request finished HTTP/1.1 OPTIONS http://localhost:5196/api/user/getById/1 - 204 null null 341.0791ms
2025-04-04 10:08:27.738 +02:00 [INF] Request starting HTTP/1.1 GET http://localhost:5196/api/user/getById/1 - null null
2025-04-04 10:08:27.728 +02:00 [INF] Request finished HTTP/1.1 OPTIONS http://localhost:5196/api/user/getById/1 - 204 null null 150.8829ms
2025-04-04 10:08:27.757 +02:00 [INF] CORS policy execution successful.
2025-04-04 10:08:27.781 +02:00 [INF] Executing endpoint 'Trello.Controller.UserController.GetUserById (Trello)'
2025-04-04 10:08:27.795 +02:00 [INF] Route matched with {action = "GetUserById", controller = "User"}. Executing controller action with signature System.Threading.Tasks.Task`1[Microsoft.AspNetCore.Mvc.IActionResult] GetUserById(Int32) on controller Trello.Controller.UserController (Trello).
2025-04-04 10:08:28.715 +02:00 [INF] Executed DbCommand (6ms) [Parameters=[@__id_0='?' (DbType = Int32)], CommandType='"Text"', CommandTimeout='30']
SELECT u."Id", u."AccessFailedCount", u."ConcurrencyStamp", u."CreatedAt", u."Email", u."EmailConfirmed", u."FirstName", u."LastName", u."LockoutEnabled", u."LockoutEnd", u."NormalizedEmail", u."NormalizedUserName", u."PasswordHash", u."PhoneNumber", u."PhoneNumberConfirmed", u."RefreshToken", u."RefreshTokenExpiry", u."SecurityStamp", u."TwoFactorEnabled", u."UserName"
FROM "Users" AS u
WHERE u."Id" = @__id_0
LIMIT 1
2025-04-04 10:08:28.760 +02:00 [INF] Executing OkObjectResult, writing value of type 'Trello.DTOs.UserDto'.
2025-04-04 10:08:28.880 +02:00 [INF] Executed action Trello.Controller.UserController.GetUserById (Trello) in 1062.235ms
2025-04-04 10:08:28.896 +02:00 [INF] Request starting HTTP/1.1 GET http://localhost:5196/api/user/getById/1 - null null
2025-04-04 10:08:28.917 +02:00 [INF] Executed endpoint 'Trello.Controller.UserController.GetUserById (Trello)'
2025-04-04 10:08:28.925 +02:00 [INF] CORS policy execution successful.
2025-04-04 10:08:28.953 +02:00 [INF] Executing endpoint 'Trello.Controller.UserController.GetUserById (Trello)'
2025-04-04 10:08:28.959 +02:00 [INF] Route matched with {action = "GetUserById", controller = "User"}. Executing controller action with signature System.Threading.Tasks.Task`1[Microsoft.AspNetCore.Mvc.IActionResult] GetUserById(Int32) on controller Trello.Controller.UserController (Trello).
2025-04-04 10:08:28.967 +02:00 [INF] Request finished HTTP/1.1 GET http://localhost:5196/api/user/getById/1 - 200 null application/json; charset=utf-8 1229.0035ms
2025-04-04 10:08:29.066 +02:00 [INF] Request starting HTTP/1.1 GET http://localhost:5196/api/projects/getUserProjects/1 - null null
2025-04-04 10:08:29.045 +02:00 [INF] Executed DbCommand (45ms) [Parameters=[@__id_0='?' (DbType = Int32)], CommandType='"Text"', CommandTimeout='30']
SELECT u."Id", u."AccessFailedCount", u."ConcurrencyStamp", u."CreatedAt", u."Email", u."EmailConfirmed", u."FirstName", u."LastName", u."LockoutEnabled", u."LockoutEnd", u."NormalizedEmail", u."NormalizedUserName", u."PasswordHash", u."PhoneNumber", u."PhoneNumberConfirmed", u."RefreshToken", u."RefreshTokenExpiry", u."SecurityStamp", u."TwoFactorEnabled", u."UserName"
FROM "Users" AS u
WHERE u."Id" = @__id_0
LIMIT 1
2025-04-04 10:08:29.101 +02:00 [INF] CORS policy execution successful.
2025-04-04 10:08:29.113 +02:00 [INF] Executing OkObjectResult, writing value of type 'Trello.DTOs.UserDto'.
2025-04-04 10:08:29.125 +02:00 [INF] Executing endpoint 'Trello.Controller.ProjectController.GetUserProjects (Trello)'
2025-04-04 10:08:29.129 +02:00 [INF] Executed action Trello.Controller.UserController.GetUserById (Trello) in 132.1983ms
2025-04-04 10:08:29.152 +02:00 [INF] Route matched with {action = "GetUserProjects", controller = "Project"}. Executing controller action with signature System.Threading.Tasks.Task`1[Microsoft.AspNetCore.Mvc.IActionResult] GetUserProjects(Int32) on controller Trello.Controller.ProjectController (Trello).
2025-04-04 10:08:29.166 +02:00 [INF] Executed endpoint 'Trello.Controller.UserController.GetUserById (Trello)'
2025-04-04 10:08:29.173 +02:00 [INF] Request finished HTTP/1.1 GET http://localhost:5196/api/user/getById/1 - 200 null application/json; charset=utf-8 277.5621ms
2025-04-04 10:08:29.227 +02:00 [INF] Executed DbCommand (12ms) [Parameters=[@__userId_0='?' (DbType = Int32)], CommandType='"Text"', CommandTimeout='30']
SELECT p."Id", p."BacklogId", p."BoardId", p."Name", p."OwnerId"
FROM "Projects" AS p
WHERE EXISTS (
    SELECT 1
    FROM "UserProject" AS u
    WHERE p."Id" = u."ProjectId" AND u."UserId" = @__userId_0) OR p."OwnerId" = @__userId_0
2025-04-04 10:08:29.282 +02:00 [INF] Executing OkObjectResult, writing value of type 'System.Collections.Generic.List`1[[Trello.DTOs.ProjectDetailsDto, Trello, Version=1.0.0.0, Culture=neutral, PublicKeyToken=null]]'.
2025-04-04 10:08:29.312 +02:00 [INF] Executed action Trello.Controller.ProjectController.GetUserProjects (Trello) in 107.3233ms
2025-04-04 10:08:29.327 +02:00 [INF] Executed endpoint 'Trello.Controller.ProjectController.GetUserProjects (Trello)'
2025-04-04 10:08:29.341 +02:00 [INF] Request finished HTTP/1.1 GET http://localhost:5196/api/projects/getUserProjects/1 - 200 null application/json; charset=utf-8 274.9011ms
2025-04-04 10:08:29.384 +02:00 [INF] Request starting HTTP/1.1 OPTIONS http://localhost:5196/api/boards/getById/1 - null null
2025-04-04 10:08:29.411 +02:00 [INF] CORS policy execution successful.
2025-04-04 10:08:29.418 +02:00 [INF] Request finished HTTP/1.1 OPTIONS http://localhost:5196/api/boards/getById/1 - 204 null null 34.6684ms
2025-04-04 10:08:29.446 +02:00 [INF] Request starting HTTP/1.1 GET http://localhost:5196/api/boards/getById/1 - null null
2025-04-04 10:08:29.463 +02:00 [INF] CORS policy execution successful.
2025-04-04 10:08:29.469 +02:00 [INF] Executing endpoint 'Trello.Controller.BoardController.GetById (Trello)'
2025-04-04 10:08:29.479 +02:00 [INF] Route matched with {action = "GetById", controller = "Board"}. Executing controller action with signature System.Threading.Tasks.Task`1[Microsoft.AspNetCore.Mvc.IActionResult] GetById(Int32) on controller Trello.Controller.BoardController (Trello).
2025-04-04 10:08:29.529 +02:00 [INF] Executed DbCommand (7ms) [Parameters=[@__id_0='?' (DbType = Int32)], CommandType='"Text"', CommandTimeout='30']
SELECT b."Id", b."ActiveSprintId", b."Description", b."Name", b."ProjectId"
FROM "Boards" AS b
WHERE b."Id" = @__id_0
LIMIT 1
2025-04-04 10:08:29.556 +02:00 [INF] Executing OkObjectResult, writing value of type 'Trello.DTOs.BoardDto'.
2025-04-04 10:08:29.567 +02:00 [INF] Executed action Trello.Controller.BoardController.GetById (Trello) in 51.2715ms
2025-04-04 10:08:29.584 +02:00 [INF] Executed endpoint 'Trello.Controller.BoardController.GetById (Trello)'
2025-04-04 10:08:29.594 +02:00 [INF] Request finished HTTP/1.1 GET http://localhost:5196/api/boards/getById/1 - 200 null application/json; charset=utf-8 148.5865ms
2025-04-04 10:08:32.196 +02:00 [INF] Request starting HTTP/1.1 OPTIONS http://localhost:5196/api/userStory/getByBacklogId/1 - null null
2025-04-04 10:08:32.225 +02:00 [INF] CORS policy execution successful.
2025-04-04 10:08:32.236 +02:00 [INF] Request finished HTTP/1.1 OPTIONS http://localhost:5196/api/userStory/getByBacklogId/1 - 204 null null 40.667ms
2025-04-04 10:08:32.465 +02:00 [INF] Request starting HTTP/1.1 GET http://localhost:5196/api/userStory/getByBacklogId/1 - null null
2025-04-04 10:08:32.777 +02:00 [INF] Failed to validate the token.
Microsoft.IdentityModel.Tokens.SecurityTokenMalformedException: IDX14100: JWT is not well formed, there are no dots (.).
The token needs to be in JWS or JWE Compact Serialization Format. (JWS): 'EncodedHeader.EndcodedPayload.EncodedSignature'. (JWE): 'EncodedProtectedHeader.EncodedEncryptedKey.EncodedInitializationVector.EncodedCiphertext.EncodedAuthenticationTag'.
 ---> Microsoft.IdentityModel.Tokens.SecurityTokenMalformedException: IDX14100: JWT is not well formed, there are no dots (.).
The token needs to be in JWS or JWE Compact Serialization Format. (JWS): 'EncodedHeader.EndcodedPayload.EncodedSignature'. (JWE): 'EncodedProtectedHeader.EncodedEncryptedKey.EncodedInitializationVector.EncodedCiphertext.EncodedAuthenticationTag'.
   at Microsoft.IdentityModel.JsonWebTokens.JsonWebToken.ReadToken(String encodedJson)
   at Microsoft.IdentityModel.JsonWebTokens.JsonWebToken..ctor(String jwtEncodedString)
   at Microsoft.IdentityModel.JsonWebTokens.JsonWebTokenHandler.ReadToken(String token, TokenValidationParameters validationParameters)
   --- End of inner exception stack trace ---
2025-04-04 10:08:32.891 +02:00 [INF] Bearer was not authenticated. Failure message: IDX14100: JWT is not well formed, there are no dots (.).
The token needs to be in JWS or JWE Compact Serialization Format. (JWS): 'EncodedHeader.EndcodedPayload.EncodedSignature'. (JWE): 'EncodedProtectedHeader.EncodedEncryptedKey.EncodedInitializationVector.EncodedCiphertext.EncodedAuthenticationTag'.
2025-04-04 10:08:32.905 +02:00 [INF] CORS policy execution successful.
2025-04-04 10:08:32.914 +02:00 [INF] Executing endpoint 'Trello.Controller.UserStoryController.GetByBacklogId (Trello)'
2025-04-04 10:08:32.929 +02:00 [INF] Route matched with {action = "GetByBacklogId", controller = "UserStory"}. Executing controller action with signature System.Threading.Tasks.Task`1[Microsoft.AspNetCore.Mvc.IActionResult] GetByBacklogId(Int32) on controller Trello.Controller.UserStoryController (Trello).
2025-04-04 10:08:33.350 +02:00 [INF] Executed DbCommand (105ms) [Parameters=[@__backlogId_0='?' (DbType = Int32)], CommandType='"Text"', CommandTimeout='30']
SELECT u."Id", u."BacklogId", u."Description", u."Title"
FROM "UserStories" AS u
WHERE u."BacklogId" = @__backlogId_0
2025-04-04 10:08:33.398 +02:00 [INF] Retrieved 1 user stories for BacklogId: 1
2025-04-04 10:08:33.408 +02:00 [INF] Executing OkObjectResult, writing value of type 'FluentResults.Result`1[[System.Collections.Generic.ICollection`1[[Trello.DTOs.UserStoryDto, Trello, Version=1.0.0.0, Culture=neutral, PublicKeyToken=null]], System.Private.CoreLib, Version=8.0.0.0, Culture=neutral, PublicKeyToken=7cec85d7bea7798e]]'.
2025-04-04 10:08:33.458 +02:00 [INF] Executed action Trello.Controller.UserStoryController.GetByBacklogId (Trello) in 263.4282ms
2025-04-04 10:08:33.473 +02:00 [INF] Executed endpoint 'Trello.Controller.UserStoryController.GetByBacklogId (Trello)'
2025-04-04 10:08:33.479 +02:00 [INF] Request finished HTTP/1.1 GET http://localhost:5196/api/userStory/getByBacklogId/1 - 200 null application/json; charset=utf-8 1013.4463ms
2025-04-04 10:11:43.263 +02:00 [INF] Request starting HTTP/1.1 OPTIONS http://localhost:5196/api/user/getById/1 - null null
2025-04-04 10:11:43.366 +02:00 [INF] Request starting HTTP/1.1 OPTIONS http://localhost:5196/api/user/getById/1 - null null
2025-04-04 10:11:43.397 +02:00 [INF] CORS policy execution successful.
2025-04-04 10:11:43.404 +02:00 [INF] CORS policy execution successful.
2025-04-04 10:11:43.417 +02:00 [INF] Request finished HTTP/1.1 OPTIONS http://localhost:5196/api/user/getById/1 - 204 null null 153.9188ms
2025-04-04 10:11:43.466 +02:00 [INF] Request finished HTTP/1.1 OPTIONS http://localhost:5196/api/user/getById/1 - 204 null null 100.9902ms
2025-04-04 10:11:43.508 +02:00 [INF] Request starting HTTP/1.1 GET http://localhost:5196/api/user/getById/1 - null null
2025-04-04 10:11:43.546 +02:00 [INF] CORS policy execution successful.
2025-04-04 10:11:43.555 +02:00 [INF] Executing endpoint 'Trello.Controller.UserController.GetUserById (Trello)'
2025-04-04 10:11:43.567 +02:00 [INF] Route matched with {action = "GetUserById", controller = "User"}. Executing controller action with signature System.Threading.Tasks.Task`1[Microsoft.AspNetCore.Mvc.IActionResult] GetUserById(Int32) on controller Trello.Controller.UserController (Trello).
2025-04-04 10:11:43.600 +02:00 [INF] Executed DbCommand (3ms) [Parameters=[@__id_0='?' (DbType = Int32)], CommandType='"Text"', CommandTimeout='30']
SELECT u."Id", u."AccessFailedCount", u."ConcurrencyStamp", u."CreatedAt", u."Email", u."EmailConfirmed", u."FirstName", u."LastName", u."LockoutEnabled", u."LockoutEnd", u."NormalizedEmail", u."NormalizedUserName", u."PasswordHash", u."PhoneNumber", u."PhoneNumberConfirmed", u."RefreshToken", u."RefreshTokenExpiry", u."SecurityStamp", u."TwoFactorEnabled", u."UserName"
FROM "Users" AS u
WHERE u."Id" = @__id_0
LIMIT 1
2025-04-04 10:11:43.635 +02:00 [INF] Executing OkObjectResult, writing value of type 'Trello.DTOs.UserDto'.
2025-04-04 10:11:43.648 +02:00 [INF] Executed action Trello.Controller.UserController.GetUserById (Trello) in 57.6394ms
2025-04-04 10:11:43.652 +02:00 [INF] Request starting HTTP/1.1 GET http://localhost:5196/api/user/getById/1 - null null
2025-04-04 10:11:43.669 +02:00 [INF] Executed endpoint 'Trello.Controller.UserController.GetUserById (Trello)'
2025-04-04 10:11:43.681 +02:00 [INF] CORS policy execution successful.
2025-04-04 10:11:43.695 +02:00 [INF] Request finished HTTP/1.1 GET http://localhost:5196/api/user/getById/1 - 200 null application/json; charset=utf-8 187.8741ms
2025-04-04 10:11:43.699 +02:00 [INF] Executing endpoint 'Trello.Controller.UserController.GetUserById (Trello)'
2025-04-04 10:11:43.733 +02:00 [INF] Route matched with {action = "GetUserById", controller = "User"}. Executing controller action with signature System.Threading.Tasks.Task`1[Microsoft.AspNetCore.Mvc.IActionResult] GetUserById(Int32) on controller Trello.Controller.UserController (Trello).
2025-04-04 10:11:43.779 +02:00 [INF] Executed DbCommand (2ms) [Parameters=[@__id_0='?' (DbType = Int32)], CommandType='"Text"', CommandTimeout='30']
SELECT u."Id", u."AccessFailedCount", u."ConcurrencyStamp", u."CreatedAt", u."Email", u."EmailConfirmed", u."FirstName", u."LastName", u."LockoutEnabled", u."LockoutEnd", u."NormalizedEmail", u."NormalizedUserName", u."PasswordHash", u."PhoneNumber", u."PhoneNumberConfirmed", u."RefreshToken", u."RefreshTokenExpiry", u."SecurityStamp", u."TwoFactorEnabled", u."UserName"
FROM "Users" AS u
WHERE u."Id" = @__id_0
LIMIT 1
2025-04-04 10:11:43.826 +02:00 [INF] Executing OkObjectResult, writing value of type 'Trello.DTOs.UserDto'.
2025-04-04 10:11:43.839 +02:00 [INF] Executed action Trello.Controller.UserController.GetUserById (Trello) in 64.7513ms
2025-04-04 10:11:43.850 +02:00 [INF] Executed endpoint 'Trello.Controller.UserController.GetUserById (Trello)'
2025-04-04 10:11:43.859 +02:00 [INF] Request finished HTTP/1.1 GET http://localhost:5196/api/user/getById/1 - 200 null application/json; charset=utf-8 206.6005ms
2025-04-04 10:11:43.888 +02:00 [INF] Request starting HTTP/1.1 GET http://localhost:5196/api/projects/getUserProjects/1 - null null
2025-04-04 10:11:43.903 +02:00 [INF] CORS policy execution successful.
2025-04-04 10:11:43.911 +02:00 [INF] Executing endpoint 'Trello.Controller.ProjectController.GetUserProjects (Trello)'
2025-04-04 10:11:43.918 +02:00 [INF] Route matched with {action = "GetUserProjects", controller = "Project"}. Executing controller action with signature System.Threading.Tasks.Task`1[Microsoft.AspNetCore.Mvc.IActionResult] GetUserProjects(Int32) on controller Trello.Controller.ProjectController (Trello).
2025-04-04 10:11:43.944 +02:00 [INF] Executed DbCommand (2ms) [Parameters=[@__userId_0='?' (DbType = Int32)], CommandType='"Text"', CommandTimeout='30']
SELECT p."Id", p."BacklogId", p."BoardId", p."Name", p."OwnerId"
FROM "Projects" AS p
WHERE EXISTS (
    SELECT 1
    FROM "UserProject" AS u
    WHERE p."Id" = u."ProjectId" AND u."UserId" = @__userId_0) OR p."OwnerId" = @__userId_0
2025-04-04 10:11:43.990 +02:00 [INF] Executing OkObjectResult, writing value of type 'System.Collections.Generic.List`1[[Trello.DTOs.ProjectDetailsDto, Trello, Version=1.0.0.0, Culture=neutral, PublicKeyToken=null]]'.
2025-04-04 10:11:44.000 +02:00 [INF] Executed action Trello.Controller.ProjectController.GetUserProjects (Trello) in 65.5459ms
2025-04-04 10:11:44.011 +02:00 [INF] Executed endpoint 'Trello.Controller.ProjectController.GetUserProjects (Trello)'
2025-04-04 10:11:44.020 +02:00 [INF] Request finished HTTP/1.1 GET http://localhost:5196/api/projects/getUserProjects/1 - 200 null application/json; charset=utf-8 131.6791ms
2025-04-04 10:11:44.050 +02:00 [INF] Request starting HTTP/1.1 OPTIONS http://localhost:5196/api/boards/getById/1 - null null
2025-04-04 10:11:44.070 +02:00 [INF] CORS policy execution successful.
2025-04-04 10:11:44.076 +02:00 [INF] Request finished HTTP/1.1 OPTIONS http://localhost:5196/api/boards/getById/1 - 204 null null 26.4163ms
2025-04-04 10:11:44.118 +02:00 [INF] Request starting HTTP/1.1 GET http://localhost:5196/api/boards/getById/1 - null null
2025-04-04 10:11:44.142 +02:00 [INF] CORS policy execution successful.
2025-04-04 10:11:44.150 +02:00 [INF] Executing endpoint 'Trello.Controller.BoardController.GetById (Trello)'
2025-04-04 10:11:44.158 +02:00 [INF] Route matched with {action = "GetById", controller = "Board"}. Executing controller action with signature System.Threading.Tasks.Task`1[Microsoft.AspNetCore.Mvc.IActionResult] GetById(Int32) on controller Trello.Controller.BoardController (Trello).
2025-04-04 10:11:44.264 +02:00 [INF] Executed DbCommand (2ms) [Parameters=[@__id_0='?' (DbType = Int32)], CommandType='"Text"', CommandTimeout='30']
SELECT b."Id", b."ActiveSprintId", b."Description", b."Name", b."ProjectId"
FROM "Boards" AS b
WHERE b."Id" = @__id_0
LIMIT 1
2025-04-04 10:11:44.294 +02:00 [INF] Executing OkObjectResult, writing value of type 'Trello.DTOs.BoardDto'.
2025-04-04 10:11:44.306 +02:00 [INF] Executed action Trello.Controller.BoardController.GetById (Trello) in 46.5542ms
2025-04-04 10:11:44.318 +02:00 [INF] Executed endpoint 'Trello.Controller.BoardController.GetById (Trello)'
2025-04-04 10:11:44.325 +02:00 [INF] Request finished HTTP/1.1 GET http://localhost:5196/api/boards/getById/1 - 200 null application/json; charset=utf-8 207.6204ms
2025-04-04 10:11:47.375 +02:00 [INF] Request starting HTTP/1.1 OPTIONS http://localhost:5196/api/userStory/getByBacklogId/1 - null null
2025-04-04 10:11:47.513 +02:00 [INF] CORS policy execution successful.
2025-04-04 10:11:47.521 +02:00 [INF] Request finished HTTP/1.1 OPTIONS http://localhost:5196/api/userStory/getByBacklogId/1 - 204 null null 146.7226ms
2025-04-04 10:11:47.549 +02:00 [INF] Request starting HTTP/1.1 GET http://localhost:5196/api/userStory/getByBacklogId/1 - null null
2025-04-04 10:11:47.667 +02:00 [INF] Failed to validate the token.
Microsoft.IdentityModel.Tokens.SecurityTokenMalformedException: IDX14100: JWT is not well formed, there are no dots (.).
The token needs to be in JWS or JWE Compact Serialization Format. (JWS): 'EncodedHeader.EndcodedPayload.EncodedSignature'. (JWE): 'EncodedProtectedHeader.EncodedEncryptedKey.EncodedInitializationVector.EncodedCiphertext.EncodedAuthenticationTag'.
 ---> Microsoft.IdentityModel.Tokens.SecurityTokenMalformedException: IDX14100: JWT is not well formed, there are no dots (.).
The token needs to be in JWS or JWE Compact Serialization Format. (JWS): 'EncodedHeader.EndcodedPayload.EncodedSignature'. (JWE): 'EncodedProtectedHeader.EncodedEncryptedKey.EncodedInitializationVector.EncodedCiphertext.EncodedAuthenticationTag'.
   at Microsoft.IdentityModel.JsonWebTokens.JsonWebToken.ReadToken(String encodedJson)
   at Microsoft.IdentityModel.JsonWebTokens.JsonWebToken..ctor(String jwtEncodedString)
   at Microsoft.IdentityModel.JsonWebTokens.JsonWebTokenHandler.ReadToken(String token, TokenValidationParameters validationParameters)
   --- End of inner exception stack trace ---
2025-04-04 10:11:47.724 +02:00 [INF] Bearer was not authenticated. Failure message: IDX14100: JWT is not well formed, there are no dots (.).
The token needs to be in JWS or JWE Compact Serialization Format. (JWS): 'EncodedHeader.EndcodedPayload.EncodedSignature'. (JWE): 'EncodedProtectedHeader.EncodedEncryptedKey.EncodedInitializationVector.EncodedCiphertext.EncodedAuthenticationTag'.
2025-04-04 10:11:47.740 +02:00 [INF] CORS policy execution successful.
2025-04-04 10:11:47.747 +02:00 [INF] Executing endpoint 'Trello.Controller.UserStoryController.GetByBacklogId (Trello)'
2025-04-04 10:11:47.759 +02:00 [INF] Route matched with {action = "GetByBacklogId", controller = "UserStory"}. Executing controller action with signature System.Threading.Tasks.Task`1[Microsoft.AspNetCore.Mvc.IActionResult] GetByBacklogId(Int32) on controller Trello.Controller.UserStoryController (Trello).
2025-04-04 10:11:47.790 +02:00 [INF] Executed DbCommand (2ms) [Parameters=[@__backlogId_0='?' (DbType = Int32)], CommandType='"Text"', CommandTimeout='30']
SELECT u."Id", u."BacklogId", u."Description", u."Title"
FROM "UserStories" AS u
WHERE u."BacklogId" = @__backlogId_0
2025-04-04 10:11:47.824 +02:00 [INF] Retrieved 1 user stories for BacklogId: 1
2025-04-04 10:11:47.837 +02:00 [INF] Executing OkObjectResult, writing value of type 'FluentResults.Result`1[[System.Collections.Generic.ICollection`1[[Trello.DTOs.UserStoryDto, Trello, Version=1.0.0.0, Culture=neutral, PublicKeyToken=null]], System.Private.CoreLib, Version=8.0.0.0, Culture=neutral, PublicKeyToken=7cec85d7bea7798e]]'.
2025-04-04 10:11:47.865 +02:00 [INF] Executed action Trello.Controller.UserStoryController.GetByBacklogId (Trello) in 83.9539ms
2025-04-04 10:11:47.893 +02:00 [INF] Executed endpoint 'Trello.Controller.UserStoryController.GetByBacklogId (Trello)'
2025-04-04 10:11:47.906 +02:00 [INF] Request finished HTTP/1.1 GET http://localhost:5196/api/userStory/getByBacklogId/1 - 200 null application/json; charset=utf-8 356.1708ms
