2025-04-02 10:36:43.060 +02:00 [ERR] An error occurred using the connection to database 'Trello' on server 'tcp://localhost:5432'.
2025-04-02 10:36:47.209 +02:00 [INF] Executed DbCommand (2,162ms) [Parameters=[], CommandType='"Text"', CommandTimeout='30']
CREATE DATABASE "Trello";
2025-04-02 10:36:47.822 +02:00 [INF] Executed DbCommand (48ms) [Parameters=[], CommandType='"Text"', CommandTimeout='30']
CREATE TABLE IF NOT EXISTS "__EFMigrationsHistory" (
    "MigrationId" character varying(150) NOT NULL,
    "ProductVersion" character varying(32) NOT NULL,
    CONSTRAINT "PK___EFMigrationsHistory" PRIMARY KEY ("MigrationId")
);
2025-04-02 10:36:47.885 +02:00 [INF] Acquiring an exclusive lock for migration application. See https://aka.ms/efcore-docs-migrations-lock for more information if this takes too long.
2025-04-02 10:36:47.904 +02:00 [INF] Executed DbCommand (3ms) [Parameters=[], CommandType='"Text"', CommandTimeout='30']
LOCK TABLE "__EFMigrationsHistory" IN ACCESS EXCLUSIVE MODE
2025-04-02 10:36:47.932 +02:00 [INF] Executed DbCommand (6ms) [Parameters=[], CommandType='"Text"', CommandTimeout='30']
SELECT "MigrationId", "ProductVersion"
FROM "__EFMigrationsHistory"
ORDER BY "MigrationId";
2025-04-02 10:36:47.993 +02:00 [INF] Applying migration '20250402083548_InitialCreate'.
2025-04-02 10:36:48.139 +02:00 [INF] Executed DbCommand (23ms) [Parameters=[], CommandType='"Text"', CommandTimeout='30']
CREATE TABLE "Users" (
    "Id" integer GENERATED BY DEFAULT AS IDENTITY,
    "FirstName" text NOT NULL,
    "LastName" text NOT NULL,
    "Email" text NOT NULL,
    "UserName" text NOT NULL,
    "PhoneNumber" text NOT NULL,
    "PasswordHash" text NOT NULL,
    "RefreshToken" text,
    "RefreshTokenExpiry" timestamp with time zone,
    "CreatedAt" timestamp with time zone NOT NULL,
    "NormalizedUserName" text,
    "NormalizedEmail" text,
    "EmailConfirmed" boolean NOT NULL,
    "SecurityStamp" text,
    "ConcurrencyStamp" text,
    "PhoneNumberConfirmed" boolean NOT NULL,
    "TwoFactorEnabled" boolean NOT NULL,
    "LockoutEnd" timestamp with time zone,
    "LockoutEnabled" boolean NOT NULL,
    "AccessFailedCount" integer NOT NULL,
    CONSTRAINT "PK_Users" PRIMARY KEY ("Id")
);
2025-04-02 10:36:48.203 +02:00 [INF] Executed DbCommand (26ms) [Parameters=[], CommandType='"Text"', CommandTimeout='30']
CREATE TABLE "Projects" (
    "Id" integer GENERATED BY DEFAULT AS IDENTITY,
    "Name" text NOT NULL,
    "OwnerId" integer NOT NULL,
    "BoardId" integer NOT NULL,
    CONSTRAINT "PK_Projects" PRIMARY KEY ("Id"),
    CONSTRAINT "FK_Projects_Users_OwnerId" FOREIGN KEY ("OwnerId") REFERENCES "Users" ("Id") ON DELETE CASCADE
);
2025-04-02 10:36:48.256 +02:00 [INF] Executed DbCommand (19ms) [Parameters=[], CommandType='"Text"', CommandTimeout='30']
CREATE TABLE "Sprints" (
    "Id" integer GENERATED BY DEFAULT AS IDENTITY,
    "Name" text NOT NULL,
    "Status" integer NOT NULL,
    "StartDate" timestamp with time zone NOT NULL,
    "EndDate" timestamp with time zone NOT NULL,
    "ProjectId" integer NOT NULL,
    CONSTRAINT "PK_Sprints" PRIMARY KEY ("Id"),
    CONSTRAINT "FK_Sprints_Projects_ProjectId" FOREIGN KEY ("ProjectId") REFERENCES "Projects" ("Id") ON DELETE CASCADE
);
2025-04-02 10:36:48.311 +02:00 [INF] Executed DbCommand (11ms) [Parameters=[], CommandType='"Text"', CommandTimeout='30']
CREATE TABLE "UserProject" (
    "UserId" integer NOT NULL,
    "ProjectId" integer NOT NULL,
    CONSTRAINT "PK_UserProject" PRIMARY KEY ("UserId", "ProjectId"),
    CONSTRAINT "FK_UserProject_Projects_ProjectId" FOREIGN KEY ("ProjectId") REFERENCES "Projects" ("Id"),
    CONSTRAINT "FK_UserProject_Users_UserId" FOREIGN KEY ("UserId") REFERENCES "Users" ("Id")
);
2025-04-02 10:36:48.376 +02:00 [INF] Executed DbCommand (20ms) [Parameters=[], CommandType='"Text"', CommandTimeout='30']
CREATE TABLE "Boards" (
    "Id" integer GENERATED BY DEFAULT AS IDENTITY,
    "Name" text NOT NULL,
    "Description" text NOT NULL,
    "ProjectId" integer NOT NULL,
    "ActiveSprintId" integer,
    CONSTRAINT "PK_Boards" PRIMARY KEY ("Id"),
    CONSTRAINT "FK_Boards_Projects_ProjectId" FOREIGN KEY ("ProjectId") REFERENCES "Projects" ("Id") ON DELETE CASCADE,
    CONSTRAINT "FK_Boards_Sprints_ActiveSprintId" FOREIGN KEY ("ActiveSprintId") REFERENCES "Sprints" ("Id")
);
2025-04-02 10:36:48.432 +02:00 [INF] Executed DbCommand (20ms) [Parameters=[], CommandType='"Text"', CommandTimeout='30']
CREATE TABLE "Columns" (
    "Id" integer GENERATED BY DEFAULT AS IDENTITY,
    "Name" integer NOT NULL,
    "BoardId" integer NOT NULL,
    CONSTRAINT "PK_Columns" PRIMARY KEY ("Id"),
    CONSTRAINT "FK_Columns_Boards_BoardId" FOREIGN KEY ("BoardId") REFERENCES "Boards" ("Id") ON DELETE CASCADE
);
2025-04-02 10:36:48.494 +02:00 [INF] Executed DbCommand (25ms) [Parameters=[], CommandType='"Text"', CommandTimeout='30']
CREATE TABLE "Cards" (
    "Id" integer GENERATED BY DEFAULT AS IDENTITY,
    "Title" text NOT NULL,
    "Description" text NOT NULL,
    "DueDate" timestamp with time zone NOT NULL,
    "ColumnId" integer NOT NULL,
    "SprintId" integer,
    CONSTRAINT "PK_Cards" PRIMARY KEY ("Id"),
    CONSTRAINT "FK_Cards_Columns_ColumnId" FOREIGN KEY ("ColumnId") REFERENCES "Columns" ("Id") ON DELETE RESTRICT,
    CONSTRAINT "FK_Cards_Sprints_SprintId" FOREIGN KEY ("SprintId") REFERENCES "Sprints" ("Id") ON DELETE CASCADE
);
2025-04-02 10:36:48.558 +02:00 [INF] Executed DbCommand (26ms) [Parameters=[], CommandType='"Text"', CommandTimeout='30']
CREATE TABLE "Comments" (
    "Id" integer GENERATED BY DEFAULT AS IDENTITY,
    "Text" text NOT NULL,
    "CreatedAt" timestamp with time zone NOT NULL,
    "AuthorId" integer NOT NULL,
    "CardId" integer NOT NULL,
    CONSTRAINT "PK_Comments" PRIMARY KEY ("Id"),
    CONSTRAINT "FK_Comments_Cards_CardId" FOREIGN KEY ("CardId") REFERENCES "Cards" ("Id") ON DELETE CASCADE,
    CONSTRAINT "FK_Comments_Users_AuthorId" FOREIGN KEY ("AuthorId") REFERENCES "Users" ("Id")
);
2025-04-02 10:36:48.606 +02:00 [INF] Executed DbCommand (14ms) [Parameters=[], CommandType='"Text"', CommandTimeout='30']
CREATE TABLE "UserCard" (
    "UserId" integer NOT NULL,
    "CardId" integer NOT NULL,
    "AssignedAt" timestamp with time zone NOT NULL,
    CONSTRAINT "PK_UserCard" PRIMARY KEY ("UserId", "CardId"),
    CONSTRAINT "FK_UserCard_Cards_CardId" FOREIGN KEY ("CardId") REFERENCES "Cards" ("Id") ON DELETE RESTRICT,
    CONSTRAINT "FK_UserCard_Users_UserId" FOREIGN KEY ("UserId") REFERENCES "Users" ("Id") ON DELETE RESTRICT
);
2025-04-02 10:36:48.646 +02:00 [INF] Executed DbCommand (6ms) [Parameters=[], CommandType='"Text"', CommandTimeout='30']
CREATE UNIQUE INDEX "IX_Boards_ActiveSprintId" ON "Boards" ("ActiveSprintId");
2025-04-02 10:36:48.688 +02:00 [INF] Executed DbCommand (5ms) [Parameters=[], CommandType='"Text"', CommandTimeout='30']
CREATE UNIQUE INDEX "IX_Boards_ProjectId" ON "Boards" ("ProjectId");
2025-04-02 10:36:48.724 +02:00 [INF] Executed DbCommand (7ms) [Parameters=[], CommandType='"Text"', CommandTimeout='30']
CREATE INDEX "IX_Cards_ColumnId" ON "Cards" ("ColumnId");
2025-04-02 10:36:48.776 +02:00 [INF] Executed DbCommand (6ms) [Parameters=[], CommandType='"Text"', CommandTimeout='30']
CREATE INDEX "IX_Cards_SprintId" ON "Cards" ("SprintId");
2025-04-02 10:36:48.808 +02:00 [INF] Executed DbCommand (5ms) [Parameters=[], CommandType='"Text"', CommandTimeout='30']
CREATE INDEX "IX_Columns_BoardId" ON "Columns" ("BoardId");
2025-04-02 10:36:48.845 +02:00 [INF] Executed DbCommand (6ms) [Parameters=[], CommandType='"Text"', CommandTimeout='30']
CREATE INDEX "IX_Comments_AuthorId" ON "Comments" ("AuthorId");
2025-04-02 10:36:48.875 +02:00 [INF] Executed DbCommand (6ms) [Parameters=[], CommandType='"Text"', CommandTimeout='30']
CREATE INDEX "IX_Comments_CardId" ON "Comments" ("CardId");
2025-04-02 10:36:48.969 +02:00 [INF] Executed DbCommand (5ms) [Parameters=[], CommandType='"Text"', CommandTimeout='30']
CREATE INDEX "IX_Projects_OwnerId" ON "Projects" ("OwnerId");
2025-04-02 10:36:49.586 +02:00 [INF] Executed DbCommand (11ms) [Parameters=[], CommandType='"Text"', CommandTimeout='30']
CREATE INDEX "IX_Sprints_ProjectId" ON "Sprints" ("ProjectId");
2025-04-02 10:36:49.659 +02:00 [INF] Executed DbCommand (5ms) [Parameters=[], CommandType='"Text"', CommandTimeout='30']
CREATE INDEX "IX_UserCard_CardId" ON "UserCard" ("CardId");
2025-04-02 10:36:49.680 +02:00 [INF] Executed DbCommand (6ms) [Parameters=[], CommandType='"Text"', CommandTimeout='30']
CREATE INDEX "IX_UserProject_ProjectId" ON "UserProject" ("ProjectId");
2025-04-02 10:36:49.705 +02:00 [INF] Executed DbCommand (6ms) [Parameters=[], CommandType='"Text"', CommandTimeout='30']
INSERT INTO "__EFMigrationsHistory" ("MigrationId", "ProductVersion")
VALUES ('20250402083548_InitialCreate', '9.0.3');
2025-04-02 10:40:40.851 +02:00 [INF] User profile is available. Using 'C:\Users\User\AppData\Local\ASP.NET\DataProtection-Keys' as key repository and Windows DPAPI to encrypt keys at rest.
2025-04-02 10:40:41.649 +02:00 [INF] Now listening on: http://localhost:5196
2025-04-02 10:40:41.661 +02:00 [INF] Application started. Press Ctrl+C to shut down.
2025-04-02 10:40:41.666 +02:00 [INF] Hosting environment: Development
2025-04-02 10:40:41.670 +02:00 [INF] Content root path: C:\Users\User\Desktop\TaskManagment\Trello
2025-04-02 10:40:45.631 +02:00 [INF] Request starting HTTP/1.1 GET http://localhost:5196// - null null
2025-04-02 10:40:45.936 +02:00 [WRN] Failed to determine the https port for redirect.
2025-04-02 10:40:46.919 +02:00 [INF] Request finished HTTP/1.1 GET http://localhost:5196// - 404 0 null 1323.0502ms
2025-04-02 10:40:47.008 +02:00 [INF] Request reached the end of the middleware pipeline without being handled by application code. Request path: GET http://localhost:5196//, Response status code: 404
2025-04-02 10:41:04.875 +02:00 [INF] Request starting HTTP/1.1 OPTIONS http://localhost:5196/api/user/getById/1 - null null
2025-04-02 10:41:04.931 +02:00 [INF] CORS policy execution successful.
2025-04-02 10:41:04.949 +02:00 [INF] Request finished HTTP/1.1 OPTIONS http://localhost:5196/api/user/getById/1 - 204 null null 79.8906ms
2025-04-02 10:41:05.000 +02:00 [INF] Request starting HTTP/1.1 GET http://localhost:5196/api/user/getById/1 - null null
2025-04-02 10:41:05.513 +02:00 [INF] CORS policy execution successful.
2025-04-02 10:41:05.521 +02:00 [INF] Executing endpoint 'Trello.Controller.UserController.GetUserById (Trello)'
2025-04-02 10:41:05.633 +02:00 [INF] Route matched with {action = "GetUserById", controller = "User"}. Executing controller action with signature System.Threading.Tasks.Task`1[Microsoft.AspNetCore.Mvc.IActionResult] GetUserById(Int32) on controller Trello.Controller.UserController (Trello).
2025-04-02 10:41:13.466 +02:00 [INF] Executed DbCommand (162ms) [Parameters=[@__id_0='?' (DbType = Int32)], CommandType='"Text"', CommandTimeout='30']
SELECT u."Id", u."AccessFailedCount", u."ConcurrencyStamp", u."CreatedAt", u."Email", u."EmailConfirmed", u."FirstName", u."LastName", u."LockoutEnabled", u."LockoutEnd", u."NormalizedEmail", u."NormalizedUserName", u."PasswordHash", u."PhoneNumber", u."PhoneNumberConfirmed", u."RefreshToken", u."RefreshTokenExpiry", u."SecurityStamp", u."TwoFactorEnabled", u."UserName"
FROM "Users" AS u
WHERE u."Id" = @__id_0
LIMIT 1
2025-04-02 10:41:15.202 +02:00 [INF] Executed action Trello.Controller.UserController.GetUserById (Trello) in 9540.5269ms
2025-04-02 10:41:15.697 +02:00 [INF] Executed endpoint 'Trello.Controller.UserController.GetUserById (Trello)'
2025-04-02 10:41:16.035 +02:00 [ERR] Unhandled exception occurred.
System.InvalidOperationException: Result is in status failed. Value is not set. Having: Error with Message='User with this ID was not found.'
   at FluentResults.Result`1.ThrowIfFailed()
   at FluentResults.Result`1.get_Value()
   at Trello.Controller.UserController.GetUserById(Int32 id) in C:\Users\User\Desktop\TaskManagment\Trello\Controller\UserController.cs:line 32
   at Microsoft.AspNetCore.Mvc.Infrastructure.ActionMethodExecutor.TaskOfIActionResultExecutor.Execute(ActionContext actionContext, IActionResultTypeMapper mapper, ObjectMethodExecutor executor, Object controller, Object[] arguments)
   at Microsoft.AspNetCore.Mvc.Infrastructure.ControllerActionInvoker.<InvokeActionMethodAsync>g__Awaited|12_0(ControllerActionInvoker invoker, ValueTask`1 actionResultValueTask)
   at Microsoft.AspNetCore.Mvc.Infrastructure.ControllerActionInvoker.<InvokeNextActionFilterAsync>g__Awaited|10_0(ControllerActionInvoker invoker, Task lastTask, State next, Scope scope, Object state, Boolean isCompleted)
   at Microsoft.AspNetCore.Mvc.Infrastructure.ControllerActionInvoker.Rethrow(ActionExecutedContextSealed context)
   at Microsoft.AspNetCore.Mvc.Infrastructure.ControllerActionInvoker.Next(State& next, Scope& scope, Object& state, Boolean& isCompleted)
   at Microsoft.AspNetCore.Mvc.Infrastructure.ControllerActionInvoker.<InvokeInnerFilterAsync>g__Awaited|13_0(ControllerActionInvoker invoker, Task lastTask, State next, Scope scope, Object state, Boolean isCompleted)
   at Microsoft.AspNetCore.Mvc.Infrastructure.ResourceInvoker.<InvokeFilterPipelineAsync>g__Awaited|20_0(ResourceInvoker invoker, Task lastTask, State next, Scope scope, Object state, Boolean isCompleted)
   at Microsoft.AspNetCore.Mvc.Infrastructure.ResourceInvoker.<InvokeAsync>g__Logged|17_1(ResourceInvoker invoker)
   at Microsoft.AspNetCore.Mvc.Infrastructure.ResourceInvoker.<InvokeAsync>g__Logged|17_1(ResourceInvoker invoker)
   at Microsoft.AspNetCore.Routing.EndpointMiddleware.<Invoke>g__AwaitRequestTask|7_0(Endpoint endpoint, Task requestTask, ILogger logger)
   at Trello.Helpers.ExceptionHandlingMiddleware.Invoke(HttpContext context) in C:\Users\User\Desktop\TaskManagment\Trello\Helpers\ExeptionHandlingMiddleware.cs:line 21
2025-04-02 10:41:16.414 +02:00 [INF] Request finished HTTP/1.1 GET http://localhost:5196/api/user/getById/1 - 500 null application/json; charset=utf-8 11414.2004ms
2025-04-02 10:41:20.619 +02:00 [INF] Request starting HTTP/1.1 OPTIONS http://localhost:5196/api/auth/signup - null null
2025-04-02 10:41:20.667 +02:00 [INF] CORS policy execution successful.
2025-04-02 10:41:20.673 +02:00 [INF] Request finished HTTP/1.1 OPTIONS http://localhost:5196/api/auth/signup - 204 null null 54.2806ms
2025-04-02 10:41:20.689 +02:00 [INF] Request starting HTTP/1.1 POST http://localhost:5196/api/auth/signup - application/json 148
2025-04-02 10:41:20.701 +02:00 [INF] CORS policy execution successful.
2025-04-02 10:41:20.705 +02:00 [INF] Executing endpoint 'Trello.Controller.AuthController.SignUp (Trello)'
2025-04-02 10:41:20.725 +02:00 [INF] Route matched with {action = "SignUp", controller = "Auth"}. Executing controller action with signature System.Threading.Tasks.Task`1[Microsoft.AspNetCore.Mvc.IActionResult] SignUp(Trello.DTOs.RegisterRequestDto) on controller Trello.Controller.AuthController (Trello).
2025-04-02 10:41:21.427 +02:00 [INF] Executed DbCommand (9ms) [Parameters=[@__normalizedUserName_0='?'], CommandType='"Text"', CommandTimeout='30']
SELECT u."Id", u."AccessFailedCount", u."ConcurrencyStamp", u."CreatedAt", u."Email", u."EmailConfirmed", u."FirstName", u."LastName", u."LockoutEnabled", u."LockoutEnd", u."NormalizedEmail", u."NormalizedUserName", u."PasswordHash", u."PhoneNumber", u."PhoneNumberConfirmed", u."RefreshToken", u."RefreshTokenExpiry", u."SecurityStamp", u."TwoFactorEnabled", u."UserName"
FROM "Users" AS u
WHERE u."NormalizedUserName" = @__normalizedUserName_0
LIMIT 1
2025-04-02 10:41:22.087 +02:00 [INF] Executed DbCommand (39ms) [Parameters=[@p0='?' (DbType = Int32), @p1='?', @p2='?' (DbType = DateTime), @p3='?', @p4='?' (DbType = Boolean), @p5='?', @p6='?', @p7='?' (DbType = Boolean), @p8='?' (DbType = DateTime), @p9='?', @p10='?', @p11='?', @p12='?', @p13='?' (DbType = Boolean), @p14='?', @p15='?' (DbType = DateTime), @p16='?', @p17='?' (DbType = Boolean), @p18='?'], CommandType='"Text"', CommandTimeout='30']
INSERT INTO "Users" ("AccessFailedCount", "ConcurrencyStamp", "CreatedAt", "Email", "EmailConfirmed", "FirstName", "LastName", "LockoutEnabled", "LockoutEnd", "NormalizedEmail", "NormalizedUserName", "PasswordHash", "PhoneNumber", "PhoneNumberConfirmed", "RefreshToken", "RefreshTokenExpiry", "SecurityStamp", "TwoFactorEnabled", "UserName")
VALUES (@p0, @p1, @p2, @p3, @p4, @p5, @p6, @p7, @p8, @p9, @p10, @p11, @p12, @p13, @p14, @p15, @p16, @p17, @p18)
RETURNING "Id";
2025-04-02 10:41:22.244 +02:00 [INF] Executed DbCommand (9ms) [Parameters=[@p2='?' (DbType = Int32), @p0='?', @p1='?' (DbType = DateTime)], CommandType='"Text"', CommandTimeout='30']
UPDATE "Users" SET "RefreshToken" = @p0, "RefreshTokenExpiry" = @p1
WHERE "Id" = @p2;
2025-04-02 10:41:22.265 +02:00 [INF] Executing OkObjectResult, writing value of type 'FluentResults.Result`1[[Trello.DTOs.AuthResponseDto, Trello, Version=1.0.0.0, Culture=neutral, PublicKeyToken=null]]'.
2025-04-02 10:41:22.319 +02:00 [INF] Executed action Trello.Controller.AuthController.SignUp (Trello) in 1583.6793ms
2025-04-02 10:41:22.328 +02:00 [INF] Executed endpoint 'Trello.Controller.AuthController.SignUp (Trello)'
2025-04-02 10:41:22.336 +02:00 [INF] Request finished HTTP/1.1 POST http://localhost:5196/api/auth/signup - 200 null application/json; charset=utf-8 1646.4304ms
2025-04-02 10:41:26.492 +02:00 [INF] Request starting HTTP/1.1 OPTIONS http://localhost:5196/api/auth/login - null null
2025-04-02 10:41:26.531 +02:00 [INF] CORS policy execution successful.
2025-04-02 10:41:26.541 +02:00 [INF] Request finished HTTP/1.1 OPTIONS http://localhost:5196/api/auth/login - 204 null null 49.6314ms
2025-04-02 10:41:26.560 +02:00 [INF] Request starting HTTP/1.1 POST http://localhost:5196/api/auth/login - application/json 41
2025-04-02 10:41:26.574 +02:00 [INF] CORS policy execution successful.
2025-04-02 10:41:26.577 +02:00 [INF] Executing endpoint 'Trello.Controller.AuthController.Login (Trello)'
2025-04-02 10:41:26.589 +02:00 [INF] Route matched with {action = "Login", controller = "Auth"}. Executing controller action with signature System.Threading.Tasks.Task`1[Microsoft.AspNetCore.Mvc.IActionResult] Login(Trello.DTOs.UserLoginDto) on controller Trello.Controller.AuthController (Trello).
2025-04-02 10:41:26.816 +02:00 [INF] Executed DbCommand (4ms) [Parameters=[@__normalizedUserName_0='?'], CommandType='"Text"', CommandTimeout='30']
SELECT u."Id", u."AccessFailedCount", u."ConcurrencyStamp", u."CreatedAt", u."Email", u."EmailConfirmed", u."FirstName", u."LastName", u."LockoutEnabled", u."LockoutEnd", u."NormalizedEmail", u."NormalizedUserName", u."PasswordHash", u."PhoneNumber", u."PhoneNumberConfirmed", u."RefreshToken", u."RefreshTokenExpiry", u."SecurityStamp", u."TwoFactorEnabled", u."UserName"
FROM "Users" AS u
WHERE u."NormalizedUserName" = @__normalizedUserName_0
LIMIT 1
2025-04-02 10:41:27.170 +02:00 [INF] Executed DbCommand (3ms) [Parameters=[@p2='?' (DbType = Int32), @p0='?', @p1='?' (DbType = DateTime)], CommandType='"Text"', CommandTimeout='30']
UPDATE "Users" SET "RefreshToken" = @p0, "RefreshTokenExpiry" = @p1
WHERE "Id" = @p2;
2025-04-02 10:41:27.172 +02:00 [INF] Executing OkObjectResult, writing value of type 'FluentResults.Result`1[[Trello.DTOs.AuthResponseDto, Trello, Version=1.0.0.0, Culture=neutral, PublicKeyToken=null]]'.
2025-04-02 10:41:27.197 +02:00 [INF] Executed action Trello.Controller.AuthController.Login (Trello) in 599.1308ms
2025-04-02 10:41:27.207 +02:00 [INF] Executed endpoint 'Trello.Controller.AuthController.Login (Trello)'
2025-04-02 10:41:27.217 +02:00 [INF] Request finished HTTP/1.1 POST http://localhost:5196/api/auth/login - 200 null application/json; charset=utf-8 657.3296ms
2025-04-02 10:41:28.679 +02:00 [INF] Request starting HTTP/1.1 OPTIONS http://localhost:5196/api/user/getById/1 - null null
2025-04-02 10:41:28.811 +02:00 [INF] CORS policy execution successful.
2025-04-02 10:41:28.821 +02:00 [INF] Request finished HTTP/1.1 OPTIONS http://localhost:5196/api/user/getById/1 - 204 null null 140.34ms
2025-04-02 10:41:28.839 +02:00 [INF] Request starting HTTP/1.1 GET http://localhost:5196/api/user/getById/1 - null null
2025-04-02 10:41:28.854 +02:00 [INF] CORS policy execution successful.
2025-04-02 10:41:28.858 +02:00 [INF] Executing endpoint 'Trello.Controller.UserController.GetUserById (Trello)'
2025-04-02 10:41:28.863 +02:00 [INF] Route matched with {action = "GetUserById", controller = "User"}. Executing controller action with signature System.Threading.Tasks.Task`1[Microsoft.AspNetCore.Mvc.IActionResult] GetUserById(Int32) on controller Trello.Controller.UserController (Trello).
2025-04-02 10:41:28.887 +02:00 [INF] Executed DbCommand (2ms) [Parameters=[@__id_0='?' (DbType = Int32)], CommandType='"Text"', CommandTimeout='30']
SELECT u."Id", u."AccessFailedCount", u."ConcurrencyStamp", u."CreatedAt", u."Email", u."EmailConfirmed", u."FirstName", u."LastName", u."LockoutEnabled", u."LockoutEnd", u."NormalizedEmail", u."NormalizedUserName", u."PasswordHash", u."PhoneNumber", u."PhoneNumberConfirmed", u."RefreshToken", u."RefreshTokenExpiry", u."SecurityStamp", u."TwoFactorEnabled", u."UserName"
FROM "Users" AS u
WHERE u."Id" = @__id_0
LIMIT 1
2025-04-02 10:41:28.916 +02:00 [INF] Executing OkObjectResult, writing value of type 'Trello.DTOs.UserDto'.
2025-04-02 10:41:28.959 +02:00 [INF] Executed action Trello.Controller.UserController.GetUserById (Trello) in 79.6187ms
2025-04-02 10:41:28.970 +02:00 [INF] Executed endpoint 'Trello.Controller.UserController.GetUserById (Trello)'
2025-04-02 10:41:28.993 +02:00 [INF] Request finished HTTP/1.1 GET http://localhost:5196/api/user/getById/1 - 200 null application/json; charset=utf-8 154.4897ms
2025-04-02 10:41:29.034 +02:00 [INF] Request starting HTTP/1.1 GET http://localhost:5196/api/projects/getUserProjects/1 - null null
2025-04-02 10:41:29.050 +02:00 [INF] CORS policy execution successful.
2025-04-02 10:41:29.055 +02:00 [INF] Executing endpoint 'Trello.Controller.ProjectController.GetUserProjects (Trello)'
2025-04-02 10:41:29.067 +02:00 [INF] Route matched with {action = "GetUserProjects", controller = "Project"}. Executing controller action with signature System.Threading.Tasks.Task`1[Microsoft.AspNetCore.Mvc.IActionResult] GetUserProjects(Int32) on controller Trello.Controller.ProjectController (Trello).
2025-04-02 10:41:29.327 +02:00 [INF] Executed DbCommand (11ms) [Parameters=[@__userId_0='?' (DbType = Int32)], CommandType='"Text"', CommandTimeout='30']
SELECT p."Id", p."BoardId", p."Name", p."OwnerId"
FROM "Projects" AS p
WHERE EXISTS (
    SELECT 1
    FROM "UserProject" AS u
    WHERE p."Id" = u."ProjectId" AND u."UserId" = @__userId_0) OR p."OwnerId" = @__userId_0
2025-04-02 10:41:30.883 +02:00 [INF] Executed action Trello.Controller.ProjectController.GetUserProjects (Trello) in 1807.6582ms
2025-04-02 10:41:31.381 +02:00 [INF] Executed endpoint 'Trello.Controller.ProjectController.GetUserProjects (Trello)'
2025-04-02 10:41:31.760 +02:00 [ERR] Unhandled exception occurred.
System.InvalidOperationException: Result is in status failed. Value is not set. Having: Error with Message='No projects found for this user.'
   at FluentResults.Result`1.ThrowIfFailed()
   at FluentResults.Result`1.get_Value()
   at Trello.Controller.ProjectController.GetUserProjects(Int32 id) in C:\Users\User\Desktop\TaskManagment\Trello\Controller\ProjectController.cs:line 31
   at Microsoft.AspNetCore.Mvc.Infrastructure.ActionMethodExecutor.TaskOfIActionResultExecutor.Execute(ActionContext actionContext, IActionResultTypeMapper mapper, ObjectMethodExecutor executor, Object controller, Object[] arguments)
   at Microsoft.AspNetCore.Mvc.Infrastructure.ControllerActionInvoker.<InvokeActionMethodAsync>g__Awaited|12_0(ControllerActionInvoker invoker, ValueTask`1 actionResultValueTask)
   at Microsoft.AspNetCore.Mvc.Infrastructure.ControllerActionInvoker.<InvokeNextActionFilterAsync>g__Awaited|10_0(ControllerActionInvoker invoker, Task lastTask, State next, Scope scope, Object state, Boolean isCompleted)
   at Microsoft.AspNetCore.Mvc.Infrastructure.ControllerActionInvoker.Rethrow(ActionExecutedContextSealed context)
   at Microsoft.AspNetCore.Mvc.Infrastructure.ControllerActionInvoker.Next(State& next, Scope& scope, Object& state, Boolean& isCompleted)
   at Microsoft.AspNetCore.Mvc.Infrastructure.ControllerActionInvoker.<InvokeInnerFilterAsync>g__Awaited|13_0(ControllerActionInvoker invoker, Task lastTask, State next, Scope scope, Object state, Boolean isCompleted)
   at Microsoft.AspNetCore.Mvc.Infrastructure.ResourceInvoker.<InvokeFilterPipelineAsync>g__Awaited|20_0(ResourceInvoker invoker, Task lastTask, State next, Scope scope, Object state, Boolean isCompleted)
   at Microsoft.AspNetCore.Mvc.Infrastructure.ResourceInvoker.<InvokeAsync>g__Logged|17_1(ResourceInvoker invoker)
   at Microsoft.AspNetCore.Mvc.Infrastructure.ResourceInvoker.<InvokeAsync>g__Logged|17_1(ResourceInvoker invoker)
   at Microsoft.AspNetCore.Routing.EndpointMiddleware.<Invoke>g__AwaitRequestTask|7_0(Endpoint endpoint, Task requestTask, ILogger logger)
   at Trello.Helpers.ExceptionHandlingMiddleware.Invoke(HttpContext context) in C:\Users\User\Desktop\TaskManagment\Trello\Helpers\ExeptionHandlingMiddleware.cs:line 21
2025-04-02 10:41:31.809 +02:00 [INF] Request finished HTTP/1.1 GET http://localhost:5196/api/projects/getUserProjects/1 - 500 null application/json; charset=utf-8 2775.8412ms
2025-04-02 10:41:36.954 +02:00 [INF] Request starting HTTP/1.1 OPTIONS http://localhost:5196/api/projects/create - null null
2025-04-02 10:41:37.001 +02:00 [INF] CORS policy execution successful.
2025-04-02 10:41:37.017 +02:00 [INF] Request finished HTTP/1.1 OPTIONS http://localhost:5196/api/projects/create - 204 null null 62.5277ms
2025-04-02 10:41:37.072 +02:00 [INF] Request starting HTTP/1.1 POST http://localhost:5196/api/projects/create - application/json 39
2025-04-02 10:41:37.102 +02:00 [INF] CORS policy execution successful.
2025-04-02 10:41:37.113 +02:00 [INF] Executing endpoint 'Trello.Controller.ProjectController.Create (Trello)'
2025-04-02 10:41:37.144 +02:00 [INF] Route matched with {action = "Create", controller = "Project"}. Executing controller action with signature System.Threading.Tasks.Task`1[Microsoft.AspNetCore.Mvc.IActionResult] Create(Trello.DTOs.ProjectDto) on controller Trello.Controller.ProjectController (Trello).
2025-04-02 10:41:37.203 +02:00 [INF] Executed DbCommand (3ms) [Parameters=[@__id_0='?' (DbType = Int32)], CommandType='"Text"', CommandTimeout='30']
SELECT u."Id", u."AccessFailedCount", u."ConcurrencyStamp", u."CreatedAt", u."Email", u."EmailConfirmed", u."FirstName", u."LastName", u."LockoutEnabled", u."LockoutEnd", u."NormalizedEmail", u."NormalizedUserName", u."PasswordHash", u."PhoneNumber", u."PhoneNumberConfirmed", u."RefreshToken", u."RefreshTokenExpiry", u."SecurityStamp", u."TwoFactorEnabled", u."UserName"
FROM "Users" AS u
WHERE u."Id" = @__id_0
LIMIT 1
2025-04-02 10:41:37.316 +02:00 [INF] Executed DbCommand (6ms) [Parameters=[@p0='?' (DbType = Int32), @p1='?', @p2='?' (DbType = Int32)], CommandType='"Text"', CommandTimeout='30']
INSERT INTO "Projects" ("BoardId", "Name", "OwnerId")
VALUES (@p0, @p1, @p2)
RETURNING "Id";
2025-04-02 10:41:37.352 +02:00 [INF] Project added successifully
2025-04-02 10:41:37.502 +02:00 [INF] Executed DbCommand (11ms) [Parameters=[@p0='?' (DbType = Int32), @p1='?', @p2='?', @p3='?' (DbType = Int32)], CommandType='"Text"', CommandTimeout='30']
INSERT INTO "Boards" ("ActiveSprintId", "Description", "Name", "ProjectId")
VALUES (@p0, @p1, @p2, @p3)
RETURNING "Id";
2025-04-02 10:41:37.520 +02:00 [INF] Boards added successifully
2025-04-02 10:41:37.593 +02:00 [INF] Executed DbCommand (9ms) [Parameters=[@p0='?' (DbType = Int32), @p1='?' (DbType = Int32)], CommandType='"Text"', CommandTimeout='30']
INSERT INTO "Columns" ("BoardId", "Name")
VALUES (@p0, @p1)
RETURNING "Id";
2025-04-02 10:41:37.614 +02:00 [INF] Column added successifully
2025-04-02 10:41:37.627 +02:00 [INF] Executed DbCommand (4ms) [Parameters=[@p0='?' (DbType = Int32), @p1='?' (DbType = Int32)], CommandType='"Text"', CommandTimeout='30']
INSERT INTO "Columns" ("BoardId", "Name")
VALUES (@p0, @p1)
RETURNING "Id";
2025-04-02 10:41:37.652 +02:00 [INF] Column added successifully
2025-04-02 10:41:37.668 +02:00 [INF] Executed DbCommand (3ms) [Parameters=[@p0='?' (DbType = Int32), @p1='?' (DbType = Int32)], CommandType='"Text"', CommandTimeout='30']
INSERT INTO "Columns" ("BoardId", "Name")
VALUES (@p0, @p1)
RETURNING "Id";
2025-04-02 10:41:37.695 +02:00 [INF] Column added successifully
2025-04-02 10:41:37.705 +02:00 [INF] Executed DbCommand (3ms) [Parameters=[@p0='?' (DbType = Int32), @p1='?' (DbType = Int32)], CommandType='"Text"', CommandTimeout='30']
INSERT INTO "Columns" ("BoardId", "Name")
VALUES (@p0, @p1)
RETURNING "Id";
2025-04-02 10:41:37.722 +02:00 [INF] Column added successifully
2025-04-02 10:41:37.734 +02:00 [INF] Executed DbCommand (3ms) [Parameters=[@p1='?' (DbType = Int32), @p0='?' (DbType = Int32)], CommandType='"Text"', CommandTimeout='30']
UPDATE "Projects" SET "BoardId" = @p0
WHERE "Id" = @p1;
2025-04-02 10:41:37.753 +02:00 [INF] Executing OkObjectResult, writing value of type 'FluentResults.Result`1[[Trello.DTOs.ProjectDto, Trello, Version=1.0.0.0, Culture=neutral, PublicKeyToken=null]]'.
2025-04-02 10:41:37.769 +02:00 [INF] Executed action Trello.Controller.ProjectController.Create (Trello) in 593.7627ms
2025-04-02 10:41:37.778 +02:00 [INF] Executed endpoint 'Trello.Controller.ProjectController.Create (Trello)'
2025-04-02 10:41:37.785 +02:00 [INF] Request finished HTTP/1.1 POST http://localhost:5196/api/projects/create - 200 null application/json; charset=utf-8 712.6267ms
2025-04-02 10:41:39.991 +02:00 [INF] Request starting HTTP/1.1 OPTIONS http://localhost:5196/api/user/getById/1 - null null
2025-04-02 10:41:39.992 +02:00 [INF] Request starting HTTP/1.1 OPTIONS http://localhost:5196/api/user/getById/1 - null null
2025-04-02 10:41:40.010 +02:00 [INF] CORS policy execution successful.
2025-04-02 10:41:40.017 +02:00 [INF] CORS policy execution successful.
2025-04-02 10:41:40.023 +02:00 [INF] Request finished HTTP/1.1 OPTIONS http://localhost:5196/api/user/getById/1 - 204 null null 31.8253ms
2025-04-02 10:41:40.050 +02:00 [INF] Request finished HTTP/1.1 OPTIONS http://localhost:5196/api/user/getById/1 - 204 null null 57.8021ms
2025-04-02 10:41:40.061 +02:00 [INF] Request starting HTTP/1.1 GET http://localhost:5196/api/user/getById/1 - null null
2025-04-02 10:41:40.085 +02:00 [INF] CORS policy execution successful.
2025-04-02 10:41:40.398 +02:00 [INF] Executing endpoint 'Trello.Controller.UserController.GetUserById (Trello)'
2025-04-02 10:41:40.406 +02:00 [INF] Route matched with {action = "GetUserById", controller = "User"}. Executing controller action with signature System.Threading.Tasks.Task`1[Microsoft.AspNetCore.Mvc.IActionResult] GetUserById(Int32) on controller Trello.Controller.UserController (Trello).
2025-04-02 10:41:40.425 +02:00 [INF] Executed DbCommand (3ms) [Parameters=[@__id_0='?' (DbType = Int32)], CommandType='"Text"', CommandTimeout='30']
SELECT u."Id", u."AccessFailedCount", u."ConcurrencyStamp", u."CreatedAt", u."Email", u."EmailConfirmed", u."FirstName", u."LastName", u."LockoutEnabled", u."LockoutEnd", u."NormalizedEmail", u."NormalizedUserName", u."PasswordHash", u."PhoneNumber", u."PhoneNumberConfirmed", u."RefreshToken", u."RefreshTokenExpiry", u."SecurityStamp", u."TwoFactorEnabled", u."UserName"
FROM "Users" AS u
WHERE u."Id" = @__id_0
LIMIT 1
2025-04-02 10:41:40.441 +02:00 [INF] Executing OkObjectResult, writing value of type 'Trello.DTOs.UserDto'.
2025-04-02 10:41:40.447 +02:00 [INF] Executed action Trello.Controller.UserController.GetUserById (Trello) in 29.6675ms
2025-04-02 10:41:40.449 +02:00 [INF] Request starting HTTP/1.1 GET http://localhost:5196/api/user/getById/1 - null null
2025-04-02 10:41:40.457 +02:00 [INF] Executed endpoint 'Trello.Controller.UserController.GetUserById (Trello)'
2025-04-02 10:41:40.462 +02:00 [INF] CORS policy execution successful.
2025-04-02 10:41:40.468 +02:00 [INF] Request finished HTTP/1.1 GET http://localhost:5196/api/user/getById/1 - 200 null application/json; charset=utf-8 407.0233ms
2025-04-02 10:41:40.470 +02:00 [INF] Executing endpoint 'Trello.Controller.UserController.GetUserById (Trello)'
2025-04-02 10:41:40.486 +02:00 [INF] Request starting HTTP/1.1 GET http://localhost:5196/api/projects/getUserProjects/1 - null null
2025-04-02 10:41:40.489 +02:00 [INF] Route matched with {action = "GetUserById", controller = "User"}. Executing controller action with signature System.Threading.Tasks.Task`1[Microsoft.AspNetCore.Mvc.IActionResult] GetUserById(Int32) on controller Trello.Controller.UserController (Trello).
2025-04-02 10:41:40.503 +02:00 [INF] CORS policy execution successful.
2025-04-02 10:41:40.514 +02:00 [INF] Executing endpoint 'Trello.Controller.ProjectController.GetUserProjects (Trello)'
2025-04-02 10:41:40.514 +02:00 [INF] Executed DbCommand (3ms) [Parameters=[@__id_0='?' (DbType = Int32)], CommandType='"Text"', CommandTimeout='30']
SELECT u."Id", u."AccessFailedCount", u."ConcurrencyStamp", u."CreatedAt", u."Email", u."EmailConfirmed", u."FirstName", u."LastName", u."LockoutEnabled", u."LockoutEnd", u."NormalizedEmail", u."NormalizedUserName", u."PasswordHash", u."PhoneNumber", u."PhoneNumberConfirmed", u."RefreshToken", u."RefreshTokenExpiry", u."SecurityStamp", u."TwoFactorEnabled", u."UserName"
FROM "Users" AS u
WHERE u."Id" = @__id_0
LIMIT 1
2025-04-02 10:41:40.526 +02:00 [INF] Route matched with {action = "GetUserProjects", controller = "Project"}. Executing controller action with signature System.Threading.Tasks.Task`1[Microsoft.AspNetCore.Mvc.IActionResult] GetUserProjects(Int32) on controller Trello.Controller.ProjectController (Trello).
2025-04-02 10:41:40.534 +02:00 [INF] Executing OkObjectResult, writing value of type 'Trello.DTOs.UserDto'.
2025-04-02 10:41:40.551 +02:00 [INF] Executed action Trello.Controller.UserController.GetUserById (Trello) in 43.2609ms
2025-04-02 10:41:40.559 +02:00 [INF] Executed endpoint 'Trello.Controller.UserController.GetUserById (Trello)'
2025-04-02 10:41:40.562 +02:00 [INF] Executed DbCommand (3ms) [Parameters=[@__userId_0='?' (DbType = Int32)], CommandType='"Text"', CommandTimeout='30']
SELECT p."Id", p."BoardId", p."Name", p."OwnerId"
FROM "Projects" AS p
WHERE EXISTS (
    SELECT 1
    FROM "UserProject" AS u
    WHERE p."Id" = u."ProjectId" AND u."UserId" = @__userId_0) OR p."OwnerId" = @__userId_0
2025-04-02 10:41:40.575 +02:00 [INF] Request finished HTTP/1.1 GET http://localhost:5196/api/user/getById/1 - 200 null application/json; charset=utf-8 126.5011ms
2025-04-02 10:41:40.586 +02:00 [INF] Executing OkObjectResult, writing value of type 'System.Collections.Generic.List`1[[Trello.DTOs.ProjectDetailsDto, Trello, Version=1.0.0.0, Culture=neutral, PublicKeyToken=null]]'.
2025-04-02 10:41:40.615 +02:00 [INF] Executed action Trello.Controller.ProjectController.GetUserProjects (Trello) in 67.1964ms
2025-04-02 10:41:40.623 +02:00 [INF] Executed endpoint 'Trello.Controller.ProjectController.GetUserProjects (Trello)'
2025-04-02 10:41:40.630 +02:00 [INF] Request finished HTTP/1.1 GET http://localhost:5196/api/projects/getUserProjects/1 - 200 null application/json; charset=utf-8 143.3228ms
2025-04-02 10:41:43.913 +02:00 [INF] Request starting HTTP/1.1 OPTIONS http://localhost:5196/api/boards/getById/1 - null null
2025-04-02 10:41:43.940 +02:00 [INF] CORS policy execution successful.
2025-04-02 10:41:43.944 +02:00 [INF] Request finished HTTP/1.1 OPTIONS http://localhost:5196/api/boards/getById/1 - 204 null null 32.3635ms
2025-04-02 10:41:43.960 +02:00 [INF] Request starting HTTP/1.1 GET http://localhost:5196/api/boards/getById/1 - null null
2025-04-02 10:41:43.973 +02:00 [INF] CORS policy execution successful.
2025-04-02 10:41:43.977 +02:00 [INF] Executing endpoint 'Trello.Controller.BoardController.GetById (Trello)'
2025-04-02 10:41:43.991 +02:00 [INF] Route matched with {action = "GetById", controller = "Board"}. Executing controller action with signature System.Threading.Tasks.Task`1[Microsoft.AspNetCore.Mvc.IActionResult] GetById(Int32) on controller Trello.Controller.BoardController (Trello).
2025-04-02 10:41:44.228 +02:00 [INF] Executed DbCommand (3ms) [Parameters=[@__id_0='?' (DbType = Int32)], CommandType='"Text"', CommandTimeout='30']
SELECT b0."Id", b0."ActiveSprintId", b0."Description", b0."Name", b0."ProjectId", c."Id", c."BoardId", c."Name"
FROM (
    SELECT b."Id", b."ActiveSprintId", b."Description", b."Name", b."ProjectId"
    FROM "Boards" AS b
    WHERE b."Id" = @__id_0
    LIMIT 1
) AS b0
LEFT JOIN "Columns" AS c ON b0."Id" = c."BoardId"
ORDER BY b0."Id"
2025-04-02 10:41:44.271 +02:00 [INF] Executing OkObjectResult, writing value of type 'Trello.DTOs.BoardDto'.
2025-04-02 10:41:44.405 +02:00 [INF] Executed action Trello.Controller.BoardController.GetById (Trello) in 402.0083ms
2025-04-02 10:41:44.416 +02:00 [INF] Executed endpoint 'Trello.Controller.BoardController.GetById (Trello)'
2025-04-02 10:41:44.424 +02:00 [INF] Request finished HTTP/1.1 GET http://localhost:5196/api/boards/getById/1 - 200 null application/json; charset=utf-8 464.0299ms
2025-04-02 10:42:21.714 +02:00 [INF] Request starting HTTP/1.1 OPTIONS http://localhost:5196/api/card - null null
2025-04-02 10:42:21.749 +02:00 [INF] CORS policy execution successful.
2025-04-02 10:42:21.757 +02:00 [INF] Request finished HTTP/1.1 OPTIONS http://localhost:5196/api/card - 204 null null 43.4934ms
2025-04-02 10:42:21.807 +02:00 [INF] Request starting HTTP/1.1 POST http://localhost:5196/api/card - application/json 116
2025-04-02 10:42:22.024 +02:00 [INF] Failed to validate the token.
Microsoft.IdentityModel.Tokens.SecurityTokenMalformedException: IDX14100: JWT is not well formed, there are no dots (.).
The token needs to be in JWS or JWE Compact Serialization Format. (JWS): 'EncodedHeader.EndcodedPayload.EncodedSignature'. (JWE): 'EncodedProtectedHeader.EncodedEncryptedKey.EncodedInitializationVector.EncodedCiphertext.EncodedAuthenticationTag'.
 ---> Microsoft.IdentityModel.Tokens.SecurityTokenMalformedException: IDX14100: JWT is not well formed, there are no dots (.).
The token needs to be in JWS or JWE Compact Serialization Format. (JWS): 'EncodedHeader.EndcodedPayload.EncodedSignature'. (JWE): 'EncodedProtectedHeader.EncodedEncryptedKey.EncodedInitializationVector.EncodedCiphertext.EncodedAuthenticationTag'.
   at Microsoft.IdentityModel.JsonWebTokens.JsonWebToken.ReadToken(String encodedJson)
   at Microsoft.IdentityModel.JsonWebTokens.JsonWebToken..ctor(String jwtEncodedString)
   at Microsoft.IdentityModel.JsonWebTokens.JsonWebTokenHandler.ReadToken(String token, TokenValidationParameters validationParameters)
   --- End of inner exception stack trace ---
2025-04-02 10:42:22.061 +02:00 [INF] Bearer was not authenticated. Failure message: IDX14100: JWT is not well formed, there are no dots (.).
The token needs to be in JWS or JWE Compact Serialization Format. (JWS): 'EncodedHeader.EndcodedPayload.EncodedSignature'. (JWE): 'EncodedProtectedHeader.EncodedEncryptedKey.EncodedInitializationVector.EncodedCiphertext.EncodedAuthenticationTag'.
2025-04-02 10:42:22.069 +02:00 [INF] CORS policy execution successful.
2025-04-02 10:42:22.074 +02:00 [INF] Request finished HTTP/1.1 POST http://localhost:5196/api/card - 404 0 null 266.8193ms
2025-04-02 10:42:22.089 +02:00 [INF] Request reached the end of the middleware pipeline without being handled by application code. Request path: POST http://localhost:5196/api/card, Response status code: 404
2025-04-02 10:43:05.090 +02:00 [INF] Request starting HTTP/1.1 OPTIONS http://localhost:5196/api/boards/getById/1 - null null
2025-04-02 10:43:05.386 +02:00 [INF] CORS policy execution successful.
2025-04-02 10:43:05.392 +02:00 [INF] Request finished HTTP/1.1 OPTIONS http://localhost:5196/api/boards/getById/1 - 204 null null 301.713ms
2025-04-02 10:43:05.418 +02:00 [INF] Request starting HTTP/1.1 GET http://localhost:5196/api/boards/getById/1 - null null
2025-04-02 10:43:05.437 +02:00 [INF] CORS policy execution successful.
2025-04-02 10:43:05.445 +02:00 [INF] Executing endpoint 'Trello.Controller.BoardController.GetById (Trello)'
2025-04-02 10:43:05.452 +02:00 [INF] Route matched with {action = "GetById", controller = "Board"}. Executing controller action with signature System.Threading.Tasks.Task`1[Microsoft.AspNetCore.Mvc.IActionResult] GetById(Int32) on controller Trello.Controller.BoardController (Trello).
2025-04-02 10:43:05.525 +02:00 [INF] Executed DbCommand (54ms) [Parameters=[@__id_0='?' (DbType = Int32)], CommandType='"Text"', CommandTimeout='30']
SELECT b0."Id", b0."ActiveSprintId", b0."Description", b0."Name", b0."ProjectId", c."Id", c."BoardId", c."Name"
FROM (
    SELECT b."Id", b."ActiveSprintId", b."Description", b."Name", b."ProjectId"
    FROM "Boards" AS b
    WHERE b."Id" = @__id_0
    LIMIT 1
) AS b0
LEFT JOIN "Columns" AS c ON b0."Id" = c."BoardId"
ORDER BY b0."Id"
2025-04-02 10:43:05.558 +02:00 [INF] Executing OkObjectResult, writing value of type 'Trello.DTOs.BoardDto'.
2025-04-02 10:43:05.564 +02:00 [INF] Executed action Trello.Controller.BoardController.GetById (Trello) in 96.7864ms
2025-04-02 10:43:05.577 +02:00 [INF] Executed endpoint 'Trello.Controller.BoardController.GetById (Trello)'
2025-04-02 10:43:05.585 +02:00 [INF] Request finished HTTP/1.1 GET http://localhost:5196/api/boards/getById/1 - 200 null application/json; charset=utf-8 166.8608ms
2025-04-02 10:43:11.500 +02:00 [INF] Request starting HTTP/1.1 OPTIONS http://localhost:5196/api/card/create - null null
2025-04-02 10:43:11.550 +02:00 [INF] CORS policy execution successful.
2025-04-02 10:43:11.567 +02:00 [INF] Request finished HTTP/1.1 OPTIONS http://localhost:5196/api/card/create - 204 null null 67.5877ms
2025-04-02 10:43:11.605 +02:00 [INF] Request starting HTTP/1.1 POST http://localhost:5196/api/card/create - application/json 116
2025-04-02 10:43:11.748 +02:00 [INF] Failed to validate the token.
Microsoft.IdentityModel.Tokens.SecurityTokenMalformedException: IDX14100: JWT is not well formed, there are no dots (.).
The token needs to be in JWS or JWE Compact Serialization Format. (JWS): 'EncodedHeader.EndcodedPayload.EncodedSignature'. (JWE): 'EncodedProtectedHeader.EncodedEncryptedKey.EncodedInitializationVector.EncodedCiphertext.EncodedAuthenticationTag'.
 ---> Microsoft.IdentityModel.Tokens.SecurityTokenMalformedException: IDX14100: JWT is not well formed, there are no dots (.).
The token needs to be in JWS or JWE Compact Serialization Format. (JWS): 'EncodedHeader.EndcodedPayload.EncodedSignature'. (JWE): 'EncodedProtectedHeader.EncodedEncryptedKey.EncodedInitializationVector.EncodedCiphertext.EncodedAuthenticationTag'.
   at Microsoft.IdentityModel.JsonWebTokens.JsonWebToken.ReadToken(String encodedJson)
   at Microsoft.IdentityModel.JsonWebTokens.JsonWebToken..ctor(String jwtEncodedString)
   at Microsoft.IdentityModel.JsonWebTokens.JsonWebTokenHandler.ReadToken(String token, TokenValidationParameters validationParameters)
   --- End of inner exception stack trace ---
2025-04-02 10:43:11.781 +02:00 [INF] Bearer was not authenticated. Failure message: IDX14100: JWT is not well formed, there are no dots (.).
The token needs to be in JWS or JWE Compact Serialization Format. (JWS): 'EncodedHeader.EndcodedPayload.EncodedSignature'. (JWE): 'EncodedProtectedHeader.EncodedEncryptedKey.EncodedInitializationVector.EncodedCiphertext.EncodedAuthenticationTag'.
2025-04-02 10:43:11.794 +02:00 [INF] CORS policy execution successful.
2025-04-02 10:43:11.800 +02:00 [INF] Executing endpoint 'Trello.Controller.CardController.Create (Trello)'
2025-04-02 10:43:11.819 +02:00 [INF] Route matched with {action = "Create", controller = "Card"}. Executing controller action with signature System.Threading.Tasks.Task`1[Microsoft.AspNetCore.Mvc.IActionResult] Create(Trello.DTOs.CardDto) on controller Trello.Controller.CardController (Trello).
2025-04-02 10:43:12.268 +02:00 [INF] Executed action Trello.Controller.CardController.Create (Trello) in 433.7167ms
2025-04-02 10:43:12.467 +02:00 [INF] Executed endpoint 'Trello.Controller.CardController.Create (Trello)'
2025-04-02 10:43:12.565 +02:00 [ERR] Unhandled exception occurred.
System.InvalidOperationException: Unable to resolve service for type 'Trello.Service.IService.ICardService' while attempting to activate 'Trello.Controller.CardController'.
   at Microsoft.Extensions.DependencyInjection.ActivatorUtilities.ThrowHelperUnableToResolveService(Type type, Type requiredBy)
   at lambda_method561(Closure, IServiceProvider, Object[])
   at Microsoft.AspNetCore.Mvc.Controllers.ControllerFactoryProvider.<>c__DisplayClass6_0.<CreateControllerFactory>g__CreateController|0(ControllerContext controllerContext)
   at Microsoft.AspNetCore.Mvc.Infrastructure.ControllerActionInvoker.Next(State& next, Scope& scope, Object& state, Boolean& isCompleted)
   at Microsoft.AspNetCore.Mvc.Infrastructure.ControllerActionInvoker.InvokeInnerFilterAsync()
--- End of stack trace from previous location ---
   at Microsoft.AspNetCore.Mvc.Infrastructure.ResourceInvoker.<InvokeFilterPipelineAsync>g__Awaited|20_0(ResourceInvoker invoker, Task lastTask, State next, Scope scope, Object state, Boolean isCompleted)
   at Microsoft.AspNetCore.Mvc.Infrastructure.ResourceInvoker.<InvokeAsync>g__Logged|17_1(ResourceInvoker invoker)
   at Microsoft.AspNetCore.Mvc.Infrastructure.ResourceInvoker.<InvokeAsync>g__Logged|17_1(ResourceInvoker invoker)
   at Microsoft.AspNetCore.Routing.EndpointMiddleware.<Invoke>g__AwaitRequestTask|7_0(Endpoint endpoint, Task requestTask, ILogger logger)
   at Trello.Helpers.ExceptionHandlingMiddleware.Invoke(HttpContext context) in C:\Users\User\Desktop\TaskManagment\Trello\Helpers\ExeptionHandlingMiddleware.cs:line 21
2025-04-02 10:43:12.643 +02:00 [INF] Request finished HTTP/1.1 POST http://localhost:5196/api/card/create - 500 null application/json; charset=utf-8 1038.7785ms
