2025-04-04 10:00:43.176 +02:00 [INF] User profile is available. Using 'C:\Users\User\AppData\Local\ASP.NET\DataProtection-Keys' as key repository and Windows DPAPI to encrypt keys at rest.
2025-04-04 10:00:47.907 +02:00 [INF] Now listening on: http://localhost:5196
2025-04-04 10:00:49.796 +02:00 [INF] Request starting HTTP/1.1 GET http://localhost:5196// - null null
2025-04-04 10:00:49.843 +02:00 [INF] Application started. Press Ctrl+C to shut down.
2025-04-04 10:00:49.909 +02:00 [INF] Hosting environment: Development
2025-04-04 10:00:51.239 +02:00 [WRN] Failed to determine the https port for redirect.
2025-04-04 10:00:52.229 +02:00 [INF] Content root path: C:\Users\User\Desktop\TaskManagment\Trello
2025-04-04 10:00:53.495 +02:00 [INF] Request finished HTTP/1.1 GET http://localhost:5196// - 404 0 null 3745.9327ms
2025-04-04 10:00:54.792 +02:00 [INF] Request reached the end of the middleware pipeline without being handled by application code. Request path: GET http://localhost:5196//, Response status code: 404
2025-04-04 10:02:58.561 +02:00 [INF] Request starting HTTP/1.1 OPTIONS http://localhost:5196/api/user/getById/1 - null null
2025-04-04 10:02:58.561 +02:00 [INF] Request starting HTTP/1.1 OPTIONS http://localhost:5196/api/user/getById/1 - null null
2025-04-04 10:02:58.600 +02:00 [INF] CORS policy execution successful.
2025-04-04 10:02:58.600 +02:00 [INF] CORS policy execution successful.
2025-04-04 10:02:58.621 +02:00 [INF] Request finished HTTP/1.1 OPTIONS http://localhost:5196/api/user/getById/1 - 204 null null 62.2305ms
2025-04-04 10:02:58.621 +02:00 [INF] Request finished HTTP/1.1 OPTIONS http://localhost:5196/api/user/getById/1 - 204 null null 62.2597ms
2025-04-04 10:02:58.661 +02:00 [INF] Request starting HTTP/1.1 GET http://localhost:5196/api/user/getById/1 - null null
2025-04-04 10:02:59.026 +02:00 [INF] CORS policy execution successful.
2025-04-04 10:02:59.042 +02:00 [INF] Executing endpoint 'Trello.Controller.UserController.GetUserById (Trello)'
2025-04-04 10:02:59.281 +02:00 [INF] Route matched with {action = "GetUserById", controller = "User"}. Executing controller action with signature System.Threading.Tasks.Task`1[Microsoft.AspNetCore.Mvc.IActionResult] GetUserById(Int32) on controller Trello.Controller.UserController (Trello).
2025-04-04 10:03:11.937 +02:00 [INF] Executed DbCommand (204ms) [Parameters=[@__id_0='?' (DbType = Int32)], CommandType='"Text"', CommandTimeout='30']
SELECT u."Id", u."AccessFailedCount", u."ConcurrencyStamp", u."CreatedAt", u."Email", u."EmailConfirmed", u."FirstName", u."LastName", u."LockoutEnabled", u."LockoutEnd", u."NormalizedEmail", u."NormalizedUserName", u."PasswordHash", u."PhoneNumber", u."PhoneNumberConfirmed", u."RefreshToken", u."RefreshTokenExpiry", u."SecurityStamp", u."TwoFactorEnabled", u."UserName"
FROM "Users" AS u
WHERE u."Id" = @__id_0
LIMIT 1
2025-04-04 10:03:12.409 +02:00 [INF] Executing OkObjectResult, writing value of type 'Trello.DTOs.UserDto'.
2025-04-04 10:03:12.690 +02:00 [INF] Request starting HTTP/1.1 GET http://localhost:5196/api/user/getById/1 - null null
2025-04-04 10:03:12.705 +02:00 [INF] CORS policy execution successful.
2025-04-04 10:03:12.711 +02:00 [INF] Executing endpoint 'Trello.Controller.UserController.GetUserById (Trello)'
2025-04-04 10:03:12.699 +02:00 [INF] Executed action Trello.Controller.UserController.GetUserById (Trello) in 13350.1621ms
2025-04-04 10:03:12.718 +02:00 [INF] Route matched with {action = "GetUserById", controller = "User"}. Executing controller action with signature System.Threading.Tasks.Task`1[Microsoft.AspNetCore.Mvc.IActionResult] GetUserById(Int32) on controller Trello.Controller.UserController (Trello).
2025-04-04 10:03:12.722 +02:00 [INF] Executed endpoint 'Trello.Controller.UserController.GetUserById (Trello)'
2025-04-04 10:03:12.770 +02:00 [INF] Request finished HTTP/1.1 GET http://localhost:5196/api/user/getById/1 - 200 null application/json; charset=utf-8 14109.1096ms
2025-04-04 10:03:12.830 +02:00 [INF] Executed DbCommand (14ms) [Parameters=[@__id_0='?' (DbType = Int32)], CommandType='"Text"', CommandTimeout='30']
SELECT u."Id", u."AccessFailedCount", u."ConcurrencyStamp", u."CreatedAt", u."Email", u."EmailConfirmed", u."FirstName", u."LastName", u."LockoutEnabled", u."LockoutEnd", u."NormalizedEmail", u."NormalizedUserName", u."PasswordHash", u."PhoneNumber", u."PhoneNumberConfirmed", u."RefreshToken", u."RefreshTokenExpiry", u."SecurityStamp", u."TwoFactorEnabled", u."UserName"
FROM "Users" AS u
WHERE u."Id" = @__id_0
LIMIT 1
2025-04-04 10:03:12.852 +02:00 [INF] Executing OkObjectResult, writing value of type 'Trello.DTOs.UserDto'.
2025-04-04 10:03:12.891 +02:00 [INF] Executed action Trello.Controller.UserController.GetUserById (Trello) in 156.388ms
2025-04-04 10:03:12.906 +02:00 [INF] Executed endpoint 'Trello.Controller.UserController.GetUserById (Trello)'
2025-04-04 10:03:12.916 +02:00 [INF] Request finished HTTP/1.1 GET http://localhost:5196/api/user/getById/1 - 200 null application/json; charset=utf-8 225.9533ms
2025-04-04 10:03:12.936 +02:00 [INF] Request starting HTTP/1.1 GET http://localhost:5196/api/projects/getUserProjects/1 - null null
2025-04-04 10:03:12.950 +02:00 [INF] CORS policy execution successful.
2025-04-04 10:03:12.954 +02:00 [INF] Executing endpoint 'Trello.Controller.ProjectController.GetUserProjects (Trello)'
2025-04-04 10:03:12.971 +02:00 [INF] Route matched with {action = "GetUserProjects", controller = "Project"}. Executing controller action with signature System.Threading.Tasks.Task`1[Microsoft.AspNetCore.Mvc.IActionResult] GetUserProjects(Int32) on controller Trello.Controller.ProjectController (Trello).
2025-04-04 10:03:13.580 +02:00 [INF] Executed DbCommand (20ms) [Parameters=[@__userId_0='?' (DbType = Int32)], CommandType='"Text"', CommandTimeout='30']
SELECT p."Id", p."BacklogId", p."BoardId", p."Name", p."OwnerId"
FROM "Projects" AS p
WHERE EXISTS (
    SELECT 1
    FROM "UserProject" AS u
    WHERE p."Id" = u."ProjectId" AND u."UserId" = @__userId_0) OR p."OwnerId" = @__userId_0
2025-04-04 10:03:13.689 +02:00 [INF] Executing OkObjectResult, writing value of type 'System.Collections.Generic.List`1[[Trello.DTOs.ProjectDetailsDto, Trello, Version=1.0.0.0, Culture=neutral, PublicKeyToken=null]]'.
2025-04-04 10:03:13.721 +02:00 [INF] Executed action Trello.Controller.ProjectController.GetUserProjects (Trello) in 739.0639ms
2025-04-04 10:03:13.730 +02:00 [INF] Executed endpoint 'Trello.Controller.ProjectController.GetUserProjects (Trello)'
2025-04-04 10:03:13.741 +02:00 [INF] Request finished HTTP/1.1 GET http://localhost:5196/api/projects/getUserProjects/1 - 200 null application/json; charset=utf-8 805.0292ms
2025-04-04 10:03:13.780 +02:00 [INF] Request starting HTTP/1.1 OPTIONS http://localhost:5196/api/boards/getById/1 - null null
2025-04-04 10:03:13.803 +02:00 [INF] CORS policy execution successful.
2025-04-04 10:03:13.810 +02:00 [INF] Request finished HTTP/1.1 OPTIONS http://localhost:5196/api/boards/getById/1 - 204 null null 30.9678ms
2025-04-04 10:03:13.840 +02:00 [INF] Request starting HTTP/1.1 GET http://localhost:5196/api/boards/getById/1 - null null
2025-04-04 10:03:13.854 +02:00 [INF] CORS policy execution successful.
2025-04-04 10:03:13.858 +02:00 [INF] Executing endpoint 'Trello.Controller.BoardController.GetById (Trello)'
2025-04-04 10:03:13.873 +02:00 [INF] Route matched with {action = "GetById", controller = "Board"}. Executing controller action with signature System.Threading.Tasks.Task`1[Microsoft.AspNetCore.Mvc.IActionResult] GetById(Int32) on controller Trello.Controller.BoardController (Trello).
2025-04-04 10:03:13.939 +02:00 [INF] Executed DbCommand (14ms) [Parameters=[@__id_0='?' (DbType = Int32)], CommandType='"Text"', CommandTimeout='30']
SELECT b."Id", b."ActiveSprintId", b."Description", b."Name", b."ProjectId"
FROM "Boards" AS b
WHERE b."Id" = @__id_0
LIMIT 1
2025-04-04 10:03:14.010 +02:00 [INF] Executing OkObjectResult, writing value of type 'Trello.DTOs.BoardDto'.
2025-04-04 10:03:14.054 +02:00 [INF] Executed action Trello.Controller.BoardController.GetById (Trello) in 167.4186ms
2025-04-04 10:03:14.062 +02:00 [INF] Executed endpoint 'Trello.Controller.BoardController.GetById (Trello)'
2025-04-04 10:03:14.069 +02:00 [INF] Request finished HTTP/1.1 GET http://localhost:5196/api/boards/getById/1 - 200 null application/json; charset=utf-8 229.5991ms
2025-04-04 10:08:27.370 +02:00 [INF] Request starting HTTP/1.1 OPTIONS http://localhost:5196/api/user/getById/1 - null null
2025-04-04 10:08:27.576 +02:00 [INF] Request starting HTTP/1.1 OPTIONS http://localhost:5196/api/user/getById/1 - null null
2025-04-04 10:08:27.680 +02:00 [INF] CORS policy execution successful.
2025-04-04 10:08:27.703 +02:00 [INF] CORS policy execution successful.
2025-04-04 10:08:27.710 +02:00 [INF] Request finished HTTP/1.1 OPTIONS http://localhost:5196/api/user/getById/1 - 204 null null 341.0791ms
2025-04-04 10:08:27.738 +02:00 [INF] Request starting HTTP/1.1 GET http://localhost:5196/api/user/getById/1 - null null
2025-04-04 10:08:27.728 +02:00 [INF] Request finished HTTP/1.1 OPTIONS http://localhost:5196/api/user/getById/1 - 204 null null 150.8829ms
2025-04-04 10:08:27.757 +02:00 [INF] CORS policy execution successful.
2025-04-04 10:08:27.781 +02:00 [INF] Executing endpoint 'Trello.Controller.UserController.GetUserById (Trello)'
2025-04-04 10:08:27.795 +02:00 [INF] Route matched with {action = "GetUserById", controller = "User"}. Executing controller action with signature System.Threading.Tasks.Task`1[Microsoft.AspNetCore.Mvc.IActionResult] GetUserById(Int32) on controller Trello.Controller.UserController (Trello).
2025-04-04 10:08:28.715 +02:00 [INF] Executed DbCommand (6ms) [Parameters=[@__id_0='?' (DbType = Int32)], CommandType='"Text"', CommandTimeout='30']
SELECT u."Id", u."AccessFailedCount", u."ConcurrencyStamp", u."CreatedAt", u."Email", u."EmailConfirmed", u."FirstName", u."LastName", u."LockoutEnabled", u."LockoutEnd", u."NormalizedEmail", u."NormalizedUserName", u."PasswordHash", u."PhoneNumber", u."PhoneNumberConfirmed", u."RefreshToken", u."RefreshTokenExpiry", u."SecurityStamp", u."TwoFactorEnabled", u."UserName"
FROM "Users" AS u
WHERE u."Id" = @__id_0
LIMIT 1
2025-04-04 10:08:28.760 +02:00 [INF] Executing OkObjectResult, writing value of type 'Trello.DTOs.UserDto'.
2025-04-04 10:08:28.880 +02:00 [INF] Executed action Trello.Controller.UserController.GetUserById (Trello) in 1062.235ms
2025-04-04 10:08:28.896 +02:00 [INF] Request starting HTTP/1.1 GET http://localhost:5196/api/user/getById/1 - null null
2025-04-04 10:08:28.925 +02:00 [INF] CORS policy execution successful.
2025-04-04 10:08:28.953 +02:00 [INF] Executing endpoint 'Trello.Controller.UserController.GetUserById (Trello)'
2025-04-04 10:08:28.917 +02:00 [INF] Executed endpoint 'Trello.Controller.UserController.GetUserById (Trello)'
2025-04-04 10:08:28.959 +02:00 [INF] Route matched with {action = "GetUserById", controller = "User"}. Executing controller action with signature System.Threading.Tasks.Task`1[Microsoft.AspNetCore.Mvc.IActionResult] GetUserById(Int32) on controller Trello.Controller.UserController (Trello).
2025-04-04 10:08:28.967 +02:00 [INF] Request finished HTTP/1.1 GET http://localhost:5196/api/user/getById/1 - 200 null application/json; charset=utf-8 1229.0035ms
2025-04-04 10:08:29.066 +02:00 [INF] Request starting HTTP/1.1 GET http://localhost:5196/api/projects/getUserProjects/1 - null null
2025-04-04 10:08:29.045 +02:00 [INF] Executed DbCommand (45ms) [Parameters=[@__id_0='?' (DbType = Int32)], CommandType='"Text"', CommandTimeout='30']
SELECT u."Id", u."AccessFailedCount", u."ConcurrencyStamp", u."CreatedAt", u."Email", u."EmailConfirmed", u."FirstName", u."LastName", u."LockoutEnabled", u."LockoutEnd", u."NormalizedEmail", u."NormalizedUserName", u."PasswordHash", u."PhoneNumber", u."PhoneNumberConfirmed", u."RefreshToken", u."RefreshTokenExpiry", u."SecurityStamp", u."TwoFactorEnabled", u."UserName"
FROM "Users" AS u
WHERE u."Id" = @__id_0
LIMIT 1
2025-04-04 10:08:29.101 +02:00 [INF] CORS policy execution successful.
2025-04-04 10:08:29.113 +02:00 [INF] Executing OkObjectResult, writing value of type 'Trello.DTOs.UserDto'.
2025-04-04 10:08:29.125 +02:00 [INF] Executing endpoint 'Trello.Controller.ProjectController.GetUserProjects (Trello)'
2025-04-04 10:08:29.129 +02:00 [INF] Executed action Trello.Controller.UserController.GetUserById (Trello) in 132.1983ms
2025-04-04 10:08:29.166 +02:00 [INF] Executed endpoint 'Trello.Controller.UserController.GetUserById (Trello)'
2025-04-04 10:08:29.152 +02:00 [INF] Route matched with {action = "GetUserProjects", controller = "Project"}. Executing controller action with signature System.Threading.Tasks.Task`1[Microsoft.AspNetCore.Mvc.IActionResult] GetUserProjects(Int32) on controller Trello.Controller.ProjectController (Trello).
2025-04-04 10:08:29.173 +02:00 [INF] Request finished HTTP/1.1 GET http://localhost:5196/api/user/getById/1 - 200 null application/json; charset=utf-8 277.5621ms
2025-04-04 10:08:29.227 +02:00 [INF] Executed DbCommand (12ms) [Parameters=[@__userId_0='?' (DbType = Int32)], CommandType='"Text"', CommandTimeout='30']
SELECT p."Id", p."BacklogId", p."BoardId", p."Name", p."OwnerId"
FROM "Projects" AS p
WHERE EXISTS (
    SELECT 1
    FROM "UserProject" AS u
    WHERE p."Id" = u."ProjectId" AND u."UserId" = @__userId_0) OR p."OwnerId" = @__userId_0
2025-04-04 10:08:29.282 +02:00 [INF] Executing OkObjectResult, writing value of type 'System.Collections.Generic.List`1[[Trello.DTOs.ProjectDetailsDto, Trello, Version=1.0.0.0, Culture=neutral, PublicKeyToken=null]]'.
2025-04-04 10:08:29.312 +02:00 [INF] Executed action Trello.Controller.ProjectController.GetUserProjects (Trello) in 107.3233ms
2025-04-04 10:08:29.327 +02:00 [INF] Executed endpoint 'Trello.Controller.ProjectController.GetUserProjects (Trello)'
2025-04-04 10:08:29.341 +02:00 [INF] Request finished HTTP/1.1 GET http://localhost:5196/api/projects/getUserProjects/1 - 200 null application/json; charset=utf-8 274.9011ms
2025-04-04 10:08:29.384 +02:00 [INF] Request starting HTTP/1.1 OPTIONS http://localhost:5196/api/boards/getById/1 - null null
2025-04-04 10:08:29.411 +02:00 [INF] CORS policy execution successful.
2025-04-04 10:08:29.418 +02:00 [INF] Request finished HTTP/1.1 OPTIONS http://localhost:5196/api/boards/getById/1 - 204 null null 34.6684ms
2025-04-04 10:08:29.446 +02:00 [INF] Request starting HTTP/1.1 GET http://localhost:5196/api/boards/getById/1 - null null
2025-04-04 10:08:29.463 +02:00 [INF] CORS policy execution successful.
2025-04-04 10:08:29.469 +02:00 [INF] Executing endpoint 'Trello.Controller.BoardController.GetById (Trello)'
2025-04-04 10:08:29.479 +02:00 [INF] Route matched with {action = "GetById", controller = "Board"}. Executing controller action with signature System.Threading.Tasks.Task`1[Microsoft.AspNetCore.Mvc.IActionResult] GetById(Int32) on controller Trello.Controller.BoardController (Trello).
2025-04-04 10:08:29.529 +02:00 [INF] Executed DbCommand (7ms) [Parameters=[@__id_0='?' (DbType = Int32)], CommandType='"Text"', CommandTimeout='30']
SELECT b."Id", b."ActiveSprintId", b."Description", b."Name", b."ProjectId"
FROM "Boards" AS b
WHERE b."Id" = @__id_0
LIMIT 1
2025-04-04 10:08:29.556 +02:00 [INF] Executing OkObjectResult, writing value of type 'Trello.DTOs.BoardDto'.
2025-04-04 10:08:29.567 +02:00 [INF] Executed action Trello.Controller.BoardController.GetById (Trello) in 51.2715ms
2025-04-04 10:08:29.584 +02:00 [INF] Executed endpoint 'Trello.Controller.BoardController.GetById (Trello)'
2025-04-04 10:08:29.594 +02:00 [INF] Request finished HTTP/1.1 GET http://localhost:5196/api/boards/getById/1 - 200 null application/json; charset=utf-8 148.5865ms
2025-04-04 10:08:32.196 +02:00 [INF] Request starting HTTP/1.1 OPTIONS http://localhost:5196/api/userStory/getByBacklogId/1 - null null
2025-04-04 10:08:32.225 +02:00 [INF] CORS policy execution successful.
2025-04-04 10:08:32.236 +02:00 [INF] Request finished HTTP/1.1 OPTIONS http://localhost:5196/api/userStory/getByBacklogId/1 - 204 null null 40.667ms
2025-04-04 10:08:32.465 +02:00 [INF] Request starting HTTP/1.1 GET http://localhost:5196/api/userStory/getByBacklogId/1 - null null
2025-04-04 10:08:32.777 +02:00 [INF] Failed to validate the token.
Microsoft.IdentityModel.Tokens.SecurityTokenMalformedException: IDX14100: JWT is not well formed, there are no dots (.).
The token needs to be in JWS or JWE Compact Serialization Format. (JWS): 'EncodedHeader.EndcodedPayload.EncodedSignature'. (JWE): 'EncodedProtectedHeader.EncodedEncryptedKey.EncodedInitializationVector.EncodedCiphertext.EncodedAuthenticationTag'.
 ---> Microsoft.IdentityModel.Tokens.SecurityTokenMalformedException: IDX14100: JWT is not well formed, there are no dots (.).
The token needs to be in JWS or JWE Compact Serialization Format. (JWS): 'EncodedHeader.EndcodedPayload.EncodedSignature'. (JWE): 'EncodedProtectedHeader.EncodedEncryptedKey.EncodedInitializationVector.EncodedCiphertext.EncodedAuthenticationTag'.
   at Microsoft.IdentityModel.JsonWebTokens.JsonWebToken.ReadToken(String encodedJson)
   at Microsoft.IdentityModel.JsonWebTokens.JsonWebToken..ctor(String jwtEncodedString)
   at Microsoft.IdentityModel.JsonWebTokens.JsonWebTokenHandler.ReadToken(String token, TokenValidationParameters validationParameters)
   --- End of inner exception stack trace ---
2025-04-04 10:08:32.891 +02:00 [INF] Bearer was not authenticated. Failure message: IDX14100: JWT is not well formed, there are no dots (.).
The token needs to be in JWS or JWE Compact Serialization Format. (JWS): 'EncodedHeader.EndcodedPayload.EncodedSignature'. (JWE): 'EncodedProtectedHeader.EncodedEncryptedKey.EncodedInitializationVector.EncodedCiphertext.EncodedAuthenticationTag'.
2025-04-04 10:08:32.905 +02:00 [INF] CORS policy execution successful.
2025-04-04 10:08:32.914 +02:00 [INF] Executing endpoint 'Trello.Controller.UserStoryController.GetByBacklogId (Trello)'
2025-04-04 10:08:32.929 +02:00 [INF] Route matched with {action = "GetByBacklogId", controller = "UserStory"}. Executing controller action with signature System.Threading.Tasks.Task`1[Microsoft.AspNetCore.Mvc.IActionResult] GetByBacklogId(Int32) on controller Trello.Controller.UserStoryController (Trello).
2025-04-04 10:08:33.350 +02:00 [INF] Executed DbCommand (105ms) [Parameters=[@__backlogId_0='?' (DbType = Int32)], CommandType='"Text"', CommandTimeout='30']
SELECT u."Id", u."BacklogId", u."Description", u."Title"
FROM "UserStories" AS u
WHERE u."BacklogId" = @__backlogId_0
2025-04-04 10:08:33.398 +02:00 [INF] Retrieved 1 user stories for BacklogId: 1
2025-04-04 10:08:33.408 +02:00 [INF] Executing OkObjectResult, writing value of type 'FluentResults.Result`1[[System.Collections.Generic.ICollection`1[[Trello.DTOs.UserStoryDto, Trello, Version=1.0.0.0, Culture=neutral, PublicKeyToken=null]], System.Private.CoreLib, Version=8.0.0.0, Culture=neutral, PublicKeyToken=7cec85d7bea7798e]]'.
2025-04-04 10:08:33.458 +02:00 [INF] Executed action Trello.Controller.UserStoryController.GetByBacklogId (Trello) in 263.4282ms
2025-04-04 10:08:33.473 +02:00 [INF] Executed endpoint 'Trello.Controller.UserStoryController.GetByBacklogId (Trello)'
2025-04-04 10:08:33.479 +02:00 [INF] Request finished HTTP/1.1 GET http://localhost:5196/api/userStory/getByBacklogId/1 - 200 null application/json; charset=utf-8 1013.4463ms
2025-04-04 10:11:43.263 +02:00 [INF] Request starting HTTP/1.1 OPTIONS http://localhost:5196/api/user/getById/1 - null null
2025-04-04 10:11:43.366 +02:00 [INF] Request starting HTTP/1.1 OPTIONS http://localhost:5196/api/user/getById/1 - null null
2025-04-04 10:11:43.397 +02:00 [INF] CORS policy execution successful.
2025-04-04 10:11:43.404 +02:00 [INF] CORS policy execution successful.
2025-04-04 10:11:43.417 +02:00 [INF] Request finished HTTP/1.1 OPTIONS http://localhost:5196/api/user/getById/1 - 204 null null 153.9188ms
2025-04-04 10:11:43.466 +02:00 [INF] Request finished HTTP/1.1 OPTIONS http://localhost:5196/api/user/getById/1 - 204 null null 100.9902ms
2025-04-04 10:11:43.508 +02:00 [INF] Request starting HTTP/1.1 GET http://localhost:5196/api/user/getById/1 - null null
2025-04-04 10:11:43.546 +02:00 [INF] CORS policy execution successful.
2025-04-04 10:11:43.555 +02:00 [INF] Executing endpoint 'Trello.Controller.UserController.GetUserById (Trello)'
2025-04-04 10:11:43.567 +02:00 [INF] Route matched with {action = "GetUserById", controller = "User"}. Executing controller action with signature System.Threading.Tasks.Task`1[Microsoft.AspNetCore.Mvc.IActionResult] GetUserById(Int32) on controller Trello.Controller.UserController (Trello).
2025-04-04 10:11:43.600 +02:00 [INF] Executed DbCommand (3ms) [Parameters=[@__id_0='?' (DbType = Int32)], CommandType='"Text"', CommandTimeout='30']
SELECT u."Id", u."AccessFailedCount", u."ConcurrencyStamp", u."CreatedAt", u."Email", u."EmailConfirmed", u."FirstName", u."LastName", u."LockoutEnabled", u."LockoutEnd", u."NormalizedEmail", u."NormalizedUserName", u."PasswordHash", u."PhoneNumber", u."PhoneNumberConfirmed", u."RefreshToken", u."RefreshTokenExpiry", u."SecurityStamp", u."TwoFactorEnabled", u."UserName"
FROM "Users" AS u
WHERE u."Id" = @__id_0
LIMIT 1
2025-04-04 10:11:43.635 +02:00 [INF] Executing OkObjectResult, writing value of type 'Trello.DTOs.UserDto'.
2025-04-04 10:11:43.648 +02:00 [INF] Executed action Trello.Controller.UserController.GetUserById (Trello) in 57.6394ms
2025-04-04 10:11:43.652 +02:00 [INF] Request starting HTTP/1.1 GET http://localhost:5196/api/user/getById/1 - null null
2025-04-04 10:11:43.669 +02:00 [INF] Executed endpoint 'Trello.Controller.UserController.GetUserById (Trello)'
2025-04-04 10:11:43.681 +02:00 [INF] CORS policy execution successful.
2025-04-04 10:11:43.695 +02:00 [INF] Request finished HTTP/1.1 GET http://localhost:5196/api/user/getById/1 - 200 null application/json; charset=utf-8 187.8741ms
2025-04-04 10:11:43.699 +02:00 [INF] Executing endpoint 'Trello.Controller.UserController.GetUserById (Trello)'
2025-04-04 10:11:43.733 +02:00 [INF] Route matched with {action = "GetUserById", controller = "User"}. Executing controller action with signature System.Threading.Tasks.Task`1[Microsoft.AspNetCore.Mvc.IActionResult] GetUserById(Int32) on controller Trello.Controller.UserController (Trello).
2025-04-04 10:11:43.779 +02:00 [INF] Executed DbCommand (2ms) [Parameters=[@__id_0='?' (DbType = Int32)], CommandType='"Text"', CommandTimeout='30']
SELECT u."Id", u."AccessFailedCount", u."ConcurrencyStamp", u."CreatedAt", u."Email", u."EmailConfirmed", u."FirstName", u."LastName", u."LockoutEnabled", u."LockoutEnd", u."NormalizedEmail", u."NormalizedUserName", u."PasswordHash", u."PhoneNumber", u."PhoneNumberConfirmed", u."RefreshToken", u."RefreshTokenExpiry", u."SecurityStamp", u."TwoFactorEnabled", u."UserName"
FROM "Users" AS u
WHERE u."Id" = @__id_0
LIMIT 1
2025-04-04 10:11:43.826 +02:00 [INF] Executing OkObjectResult, writing value of type 'Trello.DTOs.UserDto'.
2025-04-04 10:11:43.839 +02:00 [INF] Executed action Trello.Controller.UserController.GetUserById (Trello) in 64.7513ms
2025-04-04 10:11:43.850 +02:00 [INF] Executed endpoint 'Trello.Controller.UserController.GetUserById (Trello)'
2025-04-04 10:11:43.859 +02:00 [INF] Request finished HTTP/1.1 GET http://localhost:5196/api/user/getById/1 - 200 null application/json; charset=utf-8 206.6005ms
2025-04-04 10:11:43.888 +02:00 [INF] Request starting HTTP/1.1 GET http://localhost:5196/api/projects/getUserProjects/1 - null null
2025-04-04 10:11:43.903 +02:00 [INF] CORS policy execution successful.
2025-04-04 10:11:43.911 +02:00 [INF] Executing endpoint 'Trello.Controller.ProjectController.GetUserProjects (Trello)'
2025-04-04 10:11:43.918 +02:00 [INF] Route matched with {action = "GetUserProjects", controller = "Project"}. Executing controller action with signature System.Threading.Tasks.Task`1[Microsoft.AspNetCore.Mvc.IActionResult] GetUserProjects(Int32) on controller Trello.Controller.ProjectController (Trello).
2025-04-04 10:11:43.944 +02:00 [INF] Executed DbCommand (2ms) [Parameters=[@__userId_0='?' (DbType = Int32)], CommandType='"Text"', CommandTimeout='30']
SELECT p."Id", p."BacklogId", p."BoardId", p."Name", p."OwnerId"
FROM "Projects" AS p
WHERE EXISTS (
    SELECT 1
    FROM "UserProject" AS u
    WHERE p."Id" = u."ProjectId" AND u."UserId" = @__userId_0) OR p."OwnerId" = @__userId_0
2025-04-04 10:11:43.990 +02:00 [INF] Executing OkObjectResult, writing value of type 'System.Collections.Generic.List`1[[Trello.DTOs.ProjectDetailsDto, Trello, Version=1.0.0.0, Culture=neutral, PublicKeyToken=null]]'.
2025-04-04 10:11:44.000 +02:00 [INF] Executed action Trello.Controller.ProjectController.GetUserProjects (Trello) in 65.5459ms
2025-04-04 10:11:44.011 +02:00 [INF] Executed endpoint 'Trello.Controller.ProjectController.GetUserProjects (Trello)'
2025-04-04 10:11:44.020 +02:00 [INF] Request finished HTTP/1.1 GET http://localhost:5196/api/projects/getUserProjects/1 - 200 null application/json; charset=utf-8 131.6791ms
2025-04-04 10:11:44.050 +02:00 [INF] Request starting HTTP/1.1 OPTIONS http://localhost:5196/api/boards/getById/1 - null null
2025-04-04 10:11:44.070 +02:00 [INF] CORS policy execution successful.
2025-04-04 10:11:44.076 +02:00 [INF] Request finished HTTP/1.1 OPTIONS http://localhost:5196/api/boards/getById/1 - 204 null null 26.4163ms
2025-04-04 10:11:44.118 +02:00 [INF] Request starting HTTP/1.1 GET http://localhost:5196/api/boards/getById/1 - null null
2025-04-04 10:11:44.142 +02:00 [INF] CORS policy execution successful.
2025-04-04 10:11:44.150 +02:00 [INF] Executing endpoint 'Trello.Controller.BoardController.GetById (Trello)'
2025-04-04 10:11:44.158 +02:00 [INF] Route matched with {action = "GetById", controller = "Board"}. Executing controller action with signature System.Threading.Tasks.Task`1[Microsoft.AspNetCore.Mvc.IActionResult] GetById(Int32) on controller Trello.Controller.BoardController (Trello).
2025-04-04 10:11:44.264 +02:00 [INF] Executed DbCommand (2ms) [Parameters=[@__id_0='?' (DbType = Int32)], CommandType='"Text"', CommandTimeout='30']
SELECT b."Id", b."ActiveSprintId", b."Description", b."Name", b."ProjectId"
FROM "Boards" AS b
WHERE b."Id" = @__id_0
LIMIT 1
2025-04-04 10:11:44.294 +02:00 [INF] Executing OkObjectResult, writing value of type 'Trello.DTOs.BoardDto'.
2025-04-04 10:11:44.306 +02:00 [INF] Executed action Trello.Controller.BoardController.GetById (Trello) in 46.5542ms
2025-04-04 10:11:44.318 +02:00 [INF] Executed endpoint 'Trello.Controller.BoardController.GetById (Trello)'
2025-04-04 10:11:44.325 +02:00 [INF] Request finished HTTP/1.1 GET http://localhost:5196/api/boards/getById/1 - 200 null application/json; charset=utf-8 207.6204ms
2025-04-04 10:11:47.375 +02:00 [INF] Request starting HTTP/1.1 OPTIONS http://localhost:5196/api/userStory/getByBacklogId/1 - null null
2025-04-04 10:11:47.513 +02:00 [INF] CORS policy execution successful.
2025-04-04 10:11:47.521 +02:00 [INF] Request finished HTTP/1.1 OPTIONS http://localhost:5196/api/userStory/getByBacklogId/1 - 204 null null 146.7226ms
2025-04-04 10:11:47.549 +02:00 [INF] Request starting HTTP/1.1 GET http://localhost:5196/api/userStory/getByBacklogId/1 - null null
2025-04-04 10:11:47.667 +02:00 [INF] Failed to validate the token.
Microsoft.IdentityModel.Tokens.SecurityTokenMalformedException: IDX14100: JWT is not well formed, there are no dots (.).
The token needs to be in JWS or JWE Compact Serialization Format. (JWS): 'EncodedHeader.EndcodedPayload.EncodedSignature'. (JWE): 'EncodedProtectedHeader.EncodedEncryptedKey.EncodedInitializationVector.EncodedCiphertext.EncodedAuthenticationTag'.
 ---> Microsoft.IdentityModel.Tokens.SecurityTokenMalformedException: IDX14100: JWT is not well formed, there are no dots (.).
The token needs to be in JWS or JWE Compact Serialization Format. (JWS): 'EncodedHeader.EndcodedPayload.EncodedSignature'. (JWE): 'EncodedProtectedHeader.EncodedEncryptedKey.EncodedInitializationVector.EncodedCiphertext.EncodedAuthenticationTag'.
   at Microsoft.IdentityModel.JsonWebTokens.JsonWebToken.ReadToken(String encodedJson)
   at Microsoft.IdentityModel.JsonWebTokens.JsonWebToken..ctor(String jwtEncodedString)
   at Microsoft.IdentityModel.JsonWebTokens.JsonWebTokenHandler.ReadToken(String token, TokenValidationParameters validationParameters)
   --- End of inner exception stack trace ---
2025-04-04 10:11:47.724 +02:00 [INF] Bearer was not authenticated. Failure message: IDX14100: JWT is not well formed, there are no dots (.).
The token needs to be in JWS or JWE Compact Serialization Format. (JWS): 'EncodedHeader.EndcodedPayload.EncodedSignature'. (JWE): 'EncodedProtectedHeader.EncodedEncryptedKey.EncodedInitializationVector.EncodedCiphertext.EncodedAuthenticationTag'.
2025-04-04 10:11:47.740 +02:00 [INF] CORS policy execution successful.
2025-04-04 10:11:47.747 +02:00 [INF] Executing endpoint 'Trello.Controller.UserStoryController.GetByBacklogId (Trello)'
2025-04-04 10:11:47.759 +02:00 [INF] Route matched with {action = "GetByBacklogId", controller = "UserStory"}. Executing controller action with signature System.Threading.Tasks.Task`1[Microsoft.AspNetCore.Mvc.IActionResult] GetByBacklogId(Int32) on controller Trello.Controller.UserStoryController (Trello).
2025-04-04 10:11:47.790 +02:00 [INF] Executed DbCommand (2ms) [Parameters=[@__backlogId_0='?' (DbType = Int32)], CommandType='"Text"', CommandTimeout='30']
SELECT u."Id", u."BacklogId", u."Description", u."Title"
FROM "UserStories" AS u
WHERE u."BacklogId" = @__backlogId_0
2025-04-04 10:11:47.824 +02:00 [INF] Retrieved 1 user stories for BacklogId: 1
2025-04-04 10:11:47.837 +02:00 [INF] Executing OkObjectResult, writing value of type 'FluentResults.Result`1[[System.Collections.Generic.ICollection`1[[Trello.DTOs.UserStoryDto, Trello, Version=1.0.0.0, Culture=neutral, PublicKeyToken=null]], System.Private.CoreLib, Version=8.0.0.0, Culture=neutral, PublicKeyToken=7cec85d7bea7798e]]'.
2025-04-04 10:11:47.865 +02:00 [INF] Executed action Trello.Controller.UserStoryController.GetByBacklogId (Trello) in 83.9539ms
2025-04-04 10:11:47.893 +02:00 [INF] Executed endpoint 'Trello.Controller.UserStoryController.GetByBacklogId (Trello)'
2025-04-04 10:11:47.906 +02:00 [INF] Request finished HTTP/1.1 GET http://localhost:5196/api/userStory/getByBacklogId/1 - 200 null application/json; charset=utf-8 356.1708ms
2025-04-04 10:16:49.182 +02:00 [INF] User profile is available. Using 'C:\Users\User\AppData\Local\ASP.NET\DataProtection-Keys' as key repository and Windows DPAPI to encrypt keys at rest.
2025-04-04 10:16:50.370 +02:00 [INF] Now listening on: http://localhost:5196
2025-04-04 10:16:50.451 +02:00 [INF] Application started. Press Ctrl+C to shut down.
2025-04-04 10:16:50.803 +02:00 [INF] Hosting environment: Development
2025-04-04 10:16:50.812 +02:00 [INF] Content root path: C:\Users\User\Desktop\TaskManagment\Trello
2025-04-04 10:16:54.036 +02:00 [INF] Request starting HTTP/1.1 GET http://localhost:5196// - null null
2025-04-04 10:16:54.580 +02:00 [WRN] Failed to determine the https port for redirect.
2025-04-04 10:16:55.268 +02:00 [INF] Request finished HTTP/1.1 GET http://localhost:5196// - 404 0 null 1281.2157ms
2025-04-04 10:16:55.310 +02:00 [INF] Request reached the end of the middleware pipeline without being handled by application code. Request path: GET http://localhost:5196//, Response status code: 404
2025-04-04 10:22:29.972 +02:00 [INF] Request starting HTTP/1.1 OPTIONS http://localhost:5196/api/auth/login - null null
2025-04-04 10:22:30.054 +02:00 [INF] CORS policy execution successful.
2025-04-04 10:22:30.068 +02:00 [INF] Request finished HTTP/1.1 OPTIONS http://localhost:5196/api/auth/login - 204 null null 103.7721ms
2025-04-04 10:22:30.089 +02:00 [INF] Request starting HTTP/1.1 POST http://localhost:5196/api/auth/login - application/json 40
2025-04-04 10:22:30.117 +02:00 [INF] CORS policy execution successful.
2025-04-04 10:22:30.130 +02:00 [INF] Executing endpoint 'Trello.Controller.AuthController.Login (Trello)'
2025-04-04 10:22:30.250 +02:00 [INF] Route matched with {action = "Login", controller = "Auth"}. Executing controller action with signature System.Threading.Tasks.Task`1[Microsoft.AspNetCore.Mvc.IActionResult] Login(Trello.DTOs.UserLoginDto) on controller Trello.Controller.AuthController (Trello).
2025-04-04 10:22:35.219 +02:00 [INF] Executed DbCommand (203ms) [Parameters=[@__normalizedUserName_0='?'], CommandType='"Text"', CommandTimeout='30']
SELECT u."Id", u."AccessFailedCount", u."ConcurrencyStamp", u."CreatedAt", u."Email", u."EmailConfirmed", u."FirstName", u."LastName", u."LockoutEnabled", u."LockoutEnd", u."NormalizedEmail", u."NormalizedUserName", u."PasswordHash", u."PhoneNumber", u."PhoneNumberConfirmed", u."RefreshToken", u."RefreshTokenExpiry", u."SecurityStamp", u."TwoFactorEnabled", u."UserName"
FROM "Users" AS u
WHERE u."NormalizedUserName" = @__normalizedUserName_0
LIMIT 1
2025-04-04 10:22:36.239 +02:00 [INF] Executed DbCommand (30ms) [Parameters=[@p2='?' (DbType = Int32), @p0='?', @p1='?' (DbType = DateTime)], CommandType='"Text"', CommandTimeout='30']
UPDATE "Users" SET "RefreshToken" = @p0, "RefreshTokenExpiry" = @p1
WHERE "Id" = @p2;
2025-04-04 10:22:36.293 +02:00 [INF] Executing OkObjectResult, writing value of type 'FluentResults.Result`1[[Trello.DTOs.AuthResponseDto, Trello, Version=1.0.0.0, Culture=neutral, PublicKeyToken=null]]'.
2025-04-04 10:22:36.399 +02:00 [INF] Executed action Trello.Controller.AuthController.Login (Trello) in 6116.3933ms
2025-04-04 10:22:36.411 +02:00 [INF] Executed endpoint 'Trello.Controller.AuthController.Login (Trello)'
2025-04-04 10:22:36.573 +02:00 [INF] Request finished HTTP/1.1 POST http://localhost:5196/api/auth/login - 200 null application/json; charset=utf-8 6484.8195ms
2025-04-04 10:22:38.892 +02:00 [INF] Request starting HTTP/1.1 OPTIONS http://localhost:5196/api/user/getById/1 - null null
2025-04-04 10:22:39.053 +02:00 [INF] CORS policy execution successful.
2025-04-04 10:22:39.079 +02:00 [INF] Request finished HTTP/1.1 OPTIONS http://localhost:5196/api/user/getById/1 - 204 null null 187.5816ms
2025-04-04 10:22:39.152 +02:00 [INF] Request starting HTTP/1.1 GET http://localhost:5196/api/user/getById/1 - null null
2025-04-04 10:22:39.322 +02:00 [INF] CORS policy execution successful.
2025-04-04 10:22:39.329 +02:00 [INF] Executing endpoint 'Trello.Controller.UserController.GetUserById (Trello)'
2025-04-04 10:22:39.352 +02:00 [INF] Route matched with {action = "GetUserById", controller = "User"}. Executing controller action with signature System.Threading.Tasks.Task`1[Microsoft.AspNetCore.Mvc.IActionResult] GetUserById(Int32) on controller Trello.Controller.UserController (Trello).
2025-04-04 10:22:39.620 +02:00 [INF] Executed DbCommand (6ms) [Parameters=[@__id_0='?' (DbType = Int32)], CommandType='"Text"', CommandTimeout='30']
SELECT u."Id", u."AccessFailedCount", u."ConcurrencyStamp", u."CreatedAt", u."Email", u."EmailConfirmed", u."FirstName", u."LastName", u."LockoutEnabled", u."LockoutEnd", u."NormalizedEmail", u."NormalizedUserName", u."PasswordHash", u."PhoneNumber", u."PhoneNumberConfirmed", u."RefreshToken", u."RefreshTokenExpiry", u."SecurityStamp", u."TwoFactorEnabled", u."UserName"
FROM "Users" AS u
WHERE u."Id" = @__id_0
LIMIT 1
2025-04-04 10:22:39.686 +02:00 [INF] Executing OkObjectResult, writing value of type 'Trello.DTOs.UserDto'.
2025-04-04 10:22:39.751 +02:00 [INF] Executed action Trello.Controller.UserController.GetUserById (Trello) in 377.2787ms
2025-04-04 10:22:39.764 +02:00 [INF] Executed endpoint 'Trello.Controller.UserController.GetUserById (Trello)'
2025-04-04 10:22:39.778 +02:00 [INF] Request finished HTTP/1.1 GET http://localhost:5196/api/user/getById/1 - 200 null application/json; charset=utf-8 625.5569ms
2025-04-04 10:22:39.820 +02:00 [INF] Request starting HTTP/1.1 GET http://localhost:5196/api/projects/getUserProjects/1 - null null
2025-04-04 10:22:39.843 +02:00 [INF] CORS policy execution successful.
2025-04-04 10:22:39.855 +02:00 [INF] Executing endpoint 'Trello.Controller.ProjectController.GetUserProjects (Trello)'
2025-04-04 10:22:39.884 +02:00 [INF] Route matched with {action = "GetUserProjects", controller = "Project"}. Executing controller action with signature System.Threading.Tasks.Task`1[Microsoft.AspNetCore.Mvc.IActionResult] GetUserProjects(Int32) on controller Trello.Controller.ProjectController (Trello).
2025-04-04 10:22:40.294 +02:00 [INF] Executed DbCommand (13ms) [Parameters=[@__userId_0='?' (DbType = Int32)], CommandType='"Text"', CommandTimeout='30']
SELECT p."Id", p."BacklogId", p."BoardId", p."Name", p."OwnerId"
FROM "Projects" AS p
WHERE EXISTS (
    SELECT 1
    FROM "UserProject" AS u
    WHERE p."Id" = u."ProjectId" AND u."UserId" = @__userId_0) OR p."OwnerId" = @__userId_0
2025-04-04 10:22:40.437 +02:00 [INF] Executing OkObjectResult, writing value of type 'System.Collections.Generic.List`1[[Trello.DTOs.ProjectDetailsDto, Trello, Version=1.0.0.0, Culture=neutral, PublicKeyToken=null]]'.
2025-04-04 10:22:40.453 +02:00 [INF] Executed action Trello.Controller.ProjectController.GetUserProjects (Trello) in 508.8548ms
2025-04-04 10:22:40.467 +02:00 [INF] Executed endpoint 'Trello.Controller.ProjectController.GetUserProjects (Trello)'
2025-04-04 10:22:40.476 +02:00 [INF] Request finished HTTP/1.1 GET http://localhost:5196/api/projects/getUserProjects/1 - 200 null application/json; charset=utf-8 656.3595ms
2025-04-04 10:22:40.525 +02:00 [INF] Request starting HTTP/1.1 OPTIONS http://localhost:5196/api/boards/getById/1 - null null
2025-04-04 10:22:40.550 +02:00 [INF] CORS policy execution successful.
2025-04-04 10:22:40.557 +02:00 [INF] Request finished HTTP/1.1 OPTIONS http://localhost:5196/api/boards/getById/1 - 204 null null 31.8952ms
2025-04-04 10:22:40.590 +02:00 [INF] Request starting HTTP/1.1 GET http://localhost:5196/api/boards/getById/1 - null null
2025-04-04 10:22:40.621 +02:00 [INF] CORS policy execution successful.
2025-04-04 10:22:40.639 +02:00 [INF] Executing endpoint 'Trello.Controller.BoardController.GetById (Trello)'
2025-04-04 10:22:40.669 +02:00 [INF] Route matched with {action = "GetById", controller = "Board"}. Executing controller action with signature System.Threading.Tasks.Task`1[Microsoft.AspNetCore.Mvc.IActionResult] GetById(Int32) on controller Trello.Controller.BoardController (Trello).
2025-04-04 10:22:40.729 +02:00 [INF] Executed DbCommand (10ms) [Parameters=[@__id_0='?' (DbType = Int32)], CommandType='"Text"', CommandTimeout='30']
SELECT b."Id", b."ActiveSprintId", b."Description", b."Name", b."ProjectId"
FROM "Boards" AS b
WHERE b."Id" = @__id_0
LIMIT 1
2025-04-04 10:22:40.790 +02:00 [INF] Executing OkObjectResult, writing value of type 'Trello.DTOs.BoardDto'.
2025-04-04 10:22:40.816 +02:00 [INF] Executed action Trello.Controller.BoardController.GetById (Trello) in 127.2735ms
2025-04-04 10:22:40.828 +02:00 [INF] Executed endpoint 'Trello.Controller.BoardController.GetById (Trello)'
2025-04-04 10:22:40.845 +02:00 [INF] Request finished HTTP/1.1 GET http://localhost:5196/api/boards/getById/1 - 200 null application/json; charset=utf-8 255.4752ms
2025-04-04 10:22:43.144 +02:00 [INF] Request starting HTTP/1.1 OPTIONS http://localhost:5196/api/userStory/getByBacklogId/1 - null null
2025-04-04 10:22:43.249 +02:00 [INF] CORS policy execution successful.
2025-04-04 10:22:43.258 +02:00 [INF] Request finished HTTP/1.1 OPTIONS http://localhost:5196/api/userStory/getByBacklogId/1 - 204 null null 115.0259ms
2025-04-04 10:22:43.286 +02:00 [INF] Request starting HTTP/1.1 GET http://localhost:5196/api/userStory/getByBacklogId/1 - null null
2025-04-04 10:22:43.525 +02:00 [INF] Failed to validate the token.
Microsoft.IdentityModel.Tokens.SecurityTokenMalformedException: IDX14100: JWT is not well formed, there are no dots (.).
The token needs to be in JWS or JWE Compact Serialization Format. (JWS): 'EncodedHeader.EndcodedPayload.EncodedSignature'. (JWE): 'EncodedProtectedHeader.EncodedEncryptedKey.EncodedInitializationVector.EncodedCiphertext.EncodedAuthenticationTag'.
 ---> Microsoft.IdentityModel.Tokens.SecurityTokenMalformedException: IDX14100: JWT is not well formed, there are no dots (.).
The token needs to be in JWS or JWE Compact Serialization Format. (JWS): 'EncodedHeader.EndcodedPayload.EncodedSignature'. (JWE): 'EncodedProtectedHeader.EncodedEncryptedKey.EncodedInitializationVector.EncodedCiphertext.EncodedAuthenticationTag'.
   at Microsoft.IdentityModel.JsonWebTokens.JsonWebToken.ReadToken(String encodedJson)
   at Microsoft.IdentityModel.JsonWebTokens.JsonWebToken..ctor(String jwtEncodedString)
   at Microsoft.IdentityModel.JsonWebTokens.JsonWebTokenHandler.ReadToken(String token, TokenValidationParameters validationParameters)
   --- End of inner exception stack trace ---
2025-04-04 10:22:43.635 +02:00 [INF] Bearer was not authenticated. Failure message: IDX14100: JWT is not well formed, there are no dots (.).
The token needs to be in JWS or JWE Compact Serialization Format. (JWS): 'EncodedHeader.EndcodedPayload.EncodedSignature'. (JWE): 'EncodedProtectedHeader.EncodedEncryptedKey.EncodedInitializationVector.EncodedCiphertext.EncodedAuthenticationTag'.
2025-04-04 10:22:43.651 +02:00 [INF] CORS policy execution successful.
2025-04-04 10:22:43.664 +02:00 [INF] Executing endpoint 'Trello.Controller.UserStoryController.GetByBacklogId (Trello)'
2025-04-04 10:22:43.682 +02:00 [INF] Route matched with {action = "GetByBacklogId", controller = "UserStory"}. Executing controller action with signature System.Threading.Tasks.Task`1[Microsoft.AspNetCore.Mvc.IActionResult] GetByBacklogId(Int32) on controller Trello.Controller.UserStoryController (Trello).
2025-04-04 10:22:43.781 +02:00 [INF] Executed DbCommand (8ms) [Parameters=[@__backlogId_0='?' (DbType = Int32)], CommandType='"Text"', CommandTimeout='30']
SELECT u."Id", u."BacklogId", u."Description", u."Title"
FROM "UserStories" AS u
WHERE u."BacklogId" = @__backlogId_0
2025-04-04 10:22:43.833 +02:00 [INF] Retrieved 1 user stories for BacklogId: 1
2025-04-04 10:22:43.847 +02:00 [INF] Executing OkObjectResult, writing value of type 'System.Collections.Generic.List`1[[Trello.DTOs.UserStoryDto, Trello, Version=1.0.0.0, Culture=neutral, PublicKeyToken=null]]'.
2025-04-04 10:22:43.865 +02:00 [INF] Executed action Trello.Controller.UserStoryController.GetByBacklogId (Trello) in 154.9488ms
2025-04-04 10:22:43.879 +02:00 [INF] Executed endpoint 'Trello.Controller.UserStoryController.GetByBacklogId (Trello)'
2025-04-04 10:22:43.893 +02:00 [INF] Request finished HTTP/1.1 GET http://localhost:5196/api/userStory/getByBacklogId/1 - 200 null application/json; charset=utf-8 605.1173ms
2025-04-04 10:25:19.511 +02:00 [INF] Request starting HTTP/1.1 OPTIONS http://localhost:5196/api/user/getById/1 - null null
2025-04-04 10:25:19.553 +02:00 [INF] Request starting HTTP/1.1 OPTIONS http://localhost:5196/api/user/getById/1 - null null
2025-04-04 10:25:19.795 +02:00 [INF] CORS policy execution successful.
2025-04-04 10:25:19.799 +02:00 [INF] CORS policy execution successful.
2025-04-04 10:25:19.812 +02:00 [INF] Request finished HTTP/1.1 OPTIONS http://localhost:5196/api/user/getById/1 - 204 null null 301.2714ms
2025-04-04 10:25:19.814 +02:00 [INF] Request finished HTTP/1.1 OPTIONS http://localhost:5196/api/user/getById/1 - 204 null null 261.252ms
2025-04-04 10:25:19.872 +02:00 [INF] Request starting HTTP/1.1 GET http://localhost:5196/api/user/getById/1 - null null
2025-04-04 10:25:19.895 +02:00 [INF] CORS policy execution successful.
2025-04-04 10:25:19.902 +02:00 [INF] Executing endpoint 'Trello.Controller.UserController.GetUserById (Trello)'
2025-04-04 10:25:19.915 +02:00 [INF] Route matched with {action = "GetUserById", controller = "User"}. Executing controller action with signature System.Threading.Tasks.Task`1[Microsoft.AspNetCore.Mvc.IActionResult] GetUserById(Int32) on controller Trello.Controller.UserController (Trello).
2025-04-04 10:25:20.090 +02:00 [INF] Executed DbCommand (13ms) [Parameters=[@__id_0='?' (DbType = Int32)], CommandType='"Text"', CommandTimeout='30']
SELECT u."Id", u."AccessFailedCount", u."ConcurrencyStamp", u."CreatedAt", u."Email", u."EmailConfirmed", u."FirstName", u."LastName", u."LockoutEnabled", u."LockoutEnd", u."NormalizedEmail", u."NormalizedUserName", u."PasswordHash", u."PhoneNumber", u."PhoneNumberConfirmed", u."RefreshToken", u."RefreshTokenExpiry", u."SecurityStamp", u."TwoFactorEnabled", u."UserName"
FROM "Users" AS u
WHERE u."Id" = @__id_0
LIMIT 1
2025-04-04 10:25:20.123 +02:00 [INF] Executing OkObjectResult, writing value of type 'Trello.DTOs.UserDto'.
2025-04-04 10:25:20.138 +02:00 [INF] Executed action Trello.Controller.UserController.GetUserById (Trello) in 173.6077ms
2025-04-04 10:25:20.147 +02:00 [INF] Request starting HTTP/1.1 GET http://localhost:5196/api/user/getById/1 - null null
2025-04-04 10:25:20.196 +02:00 [INF] CORS policy execution successful.
2025-04-04 10:25:20.168 +02:00 [INF] Executed endpoint 'Trello.Controller.UserController.GetUserById (Trello)'
2025-04-04 10:25:20.220 +02:00 [INF] Request finished HTTP/1.1 GET http://localhost:5196/api/user/getById/1 - 200 null application/json; charset=utf-8 347.4536ms
2025-04-04 10:25:20.262 +02:00 [INF] Executing endpoint 'Trello.Controller.UserController.GetUserById (Trello)'
2025-04-04 10:25:20.280 +02:00 [INF] Route matched with {action = "GetUserById", controller = "User"}. Executing controller action with signature System.Threading.Tasks.Task`1[Microsoft.AspNetCore.Mvc.IActionResult] GetUserById(Int32) on controller Trello.Controller.UserController (Trello).
2025-04-04 10:25:20.272 +02:00 [INF] Request starting HTTP/1.1 GET http://localhost:5196/api/projects/getUserProjects/1 - null null
2025-04-04 10:25:20.322 +02:00 [INF] Executed DbCommand (6ms) [Parameters=[@__id_0='?' (DbType = Int32)], CommandType='"Text"', CommandTimeout='30']
SELECT u."Id", u."AccessFailedCount", u."ConcurrencyStamp", u."CreatedAt", u."Email", u."EmailConfirmed", u."FirstName", u."LastName", u."LockoutEnabled", u."LockoutEnd", u."NormalizedEmail", u."NormalizedUserName", u."PasswordHash", u."PhoneNumber", u."PhoneNumberConfirmed", u."RefreshToken", u."RefreshTokenExpiry", u."SecurityStamp", u."TwoFactorEnabled", u."UserName"
FROM "Users" AS u
WHERE u."Id" = @__id_0
LIMIT 1
2025-04-04 10:25:20.328 +02:00 [INF] CORS policy execution successful.
2025-04-04 10:25:20.367 +02:00 [INF] Executing OkObjectResult, writing value of type 'Trello.DTOs.UserDto'.
2025-04-04 10:25:20.371 +02:00 [INF] Executing endpoint 'Trello.Controller.ProjectController.GetUserProjects (Trello)'
2025-04-04 10:25:20.461 +02:00 [INF] Executed action Trello.Controller.UserController.GetUserById (Trello) in 149.463ms
2025-04-04 10:25:20.490 +02:00 [INF] Executed endpoint 'Trello.Controller.UserController.GetUserById (Trello)'
2025-04-04 10:25:20.484 +02:00 [INF] Route matched with {action = "GetUserProjects", controller = "Project"}. Executing controller action with signature System.Threading.Tasks.Task`1[Microsoft.AspNetCore.Mvc.IActionResult] GetUserProjects(Int32) on controller Trello.Controller.ProjectController (Trello).
2025-04-04 10:25:20.539 +02:00 [INF] Request finished HTTP/1.1 GET http://localhost:5196/api/user/getById/1 - 200 null application/json; charset=utf-8 391.6445ms
2025-04-04 10:25:20.565 +02:00 [INF] Executed DbCommand (7ms) [Parameters=[@__userId_0='?' (DbType = Int32)], CommandType='"Text"', CommandTimeout='30']
SELECT p."Id", p."BacklogId", p."BoardId", p."Name", p."OwnerId"
FROM "Projects" AS p
WHERE EXISTS (
    SELECT 1
    FROM "UserProject" AS u
    WHERE p."Id" = u."ProjectId" AND u."UserId" = @__userId_0) OR p."OwnerId" = @__userId_0
2025-04-04 10:25:20.607 +02:00 [INF] Executing OkObjectResult, writing value of type 'System.Collections.Generic.List`1[[Trello.DTOs.ProjectDetailsDto, Trello, Version=1.0.0.0, Culture=neutral, PublicKeyToken=null]]'.
2025-04-04 10:25:20.669 +02:00 [INF] Executed action Trello.Controller.ProjectController.GetUserProjects (Trello) in 116.0743ms
2025-04-04 10:25:20.682 +02:00 [INF] Executed endpoint 'Trello.Controller.ProjectController.GetUserProjects (Trello)'
2025-04-04 10:25:20.695 +02:00 [INF] Request finished HTTP/1.1 GET http://localhost:5196/api/projects/getUserProjects/1 - 200 null application/json; charset=utf-8 422.3853ms
2025-04-04 10:25:20.748 +02:00 [INF] Request starting HTTP/1.1 OPTIONS http://localhost:5196/api/boards/getById/1 - null null
2025-04-04 10:25:20.771 +02:00 [INF] CORS policy execution successful.
2025-04-04 10:25:20.786 +02:00 [INF] Request finished HTTP/1.1 OPTIONS http://localhost:5196/api/boards/getById/1 - 204 null null 38.1594ms
2025-04-04 10:25:20.910 +02:00 [INF] Request starting HTTP/1.1 GET http://localhost:5196/api/boards/getById/1 - null null
2025-04-04 10:25:20.957 +02:00 [INF] CORS policy execution successful.
2025-04-04 10:25:20.973 +02:00 [INF] Executing endpoint 'Trello.Controller.BoardController.GetById (Trello)'
2025-04-04 10:25:20.999 +02:00 [INF] Route matched with {action = "GetById", controller = "Board"}. Executing controller action with signature System.Threading.Tasks.Task`1[Microsoft.AspNetCore.Mvc.IActionResult] GetById(Int32) on controller Trello.Controller.BoardController (Trello).
2025-04-04 10:25:21.041 +02:00 [INF] Executed DbCommand (2ms) [Parameters=[@__id_0='?' (DbType = Int32)], CommandType='"Text"', CommandTimeout='30']
SELECT b."Id", b."ActiveSprintId", b."Description", b."Name", b."ProjectId"
FROM "Boards" AS b
WHERE b."Id" = @__id_0
LIMIT 1
2025-04-04 10:25:21.135 +02:00 [INF] Executing OkObjectResult, writing value of type 'Trello.DTOs.BoardDto'.
2025-04-04 10:25:21.157 +02:00 [INF] Executed action Trello.Controller.BoardController.GetById (Trello) in 122.1456ms
2025-04-04 10:25:21.189 +02:00 [INF] Executed endpoint 'Trello.Controller.BoardController.GetById (Trello)'
2025-04-04 10:25:21.219 +02:00 [INF] Request finished HTTP/1.1 GET http://localhost:5196/api/boards/getById/1 - 200 null application/json; charset=utf-8 309.4221ms
2025-04-04 10:25:23.059 +02:00 [INF] Request starting HTTP/1.1 OPTIONS http://localhost:5196/api/userStory/getByBacklogId/1 - null null
2025-04-04 10:25:23.083 +02:00 [INF] CORS policy execution successful.
2025-04-04 10:25:23.098 +02:00 [INF] Request finished HTTP/1.1 OPTIONS http://localhost:5196/api/userStory/getByBacklogId/1 - 204 null null 38.8427ms
2025-04-04 10:25:23.133 +02:00 [INF] Request starting HTTP/1.1 GET http://localhost:5196/api/userStory/getByBacklogId/1 - null null
2025-04-04 10:25:23.242 +02:00 [INF] Failed to validate the token.
Microsoft.IdentityModel.Tokens.SecurityTokenMalformedException: IDX14100: JWT is not well formed, there are no dots (.).
The token needs to be in JWS or JWE Compact Serialization Format. (JWS): 'EncodedHeader.EndcodedPayload.EncodedSignature'. (JWE): 'EncodedProtectedHeader.EncodedEncryptedKey.EncodedInitializationVector.EncodedCiphertext.EncodedAuthenticationTag'.
 ---> Microsoft.IdentityModel.Tokens.SecurityTokenMalformedException: IDX14100: JWT is not well formed, there are no dots (.).
The token needs to be in JWS or JWE Compact Serialization Format. (JWS): 'EncodedHeader.EndcodedPayload.EncodedSignature'. (JWE): 'EncodedProtectedHeader.EncodedEncryptedKey.EncodedInitializationVector.EncodedCiphertext.EncodedAuthenticationTag'.
   at Microsoft.IdentityModel.JsonWebTokens.JsonWebToken.ReadToken(String encodedJson)
   at Microsoft.IdentityModel.JsonWebTokens.JsonWebToken..ctor(String jwtEncodedString)
   at Microsoft.IdentityModel.JsonWebTokens.JsonWebTokenHandler.ReadToken(String token, TokenValidationParameters validationParameters)
   --- End of inner exception stack trace ---
2025-04-04 10:25:23.307 +02:00 [INF] Bearer was not authenticated. Failure message: IDX14100: JWT is not well formed, there are no dots (.).
The token needs to be in JWS or JWE Compact Serialization Format. (JWS): 'EncodedHeader.EndcodedPayload.EncodedSignature'. (JWE): 'EncodedProtectedHeader.EncodedEncryptedKey.EncodedInitializationVector.EncodedCiphertext.EncodedAuthenticationTag'.
2025-04-04 10:25:23.329 +02:00 [INF] CORS policy execution successful.
2025-04-04 10:25:23.336 +02:00 [INF] Executing endpoint 'Trello.Controller.UserStoryController.GetByBacklogId (Trello)'
2025-04-04 10:25:23.347 +02:00 [INF] Route matched with {action = "GetByBacklogId", controller = "UserStory"}. Executing controller action with signature System.Threading.Tasks.Task`1[Microsoft.AspNetCore.Mvc.IActionResult] GetByBacklogId(Int32) on controller Trello.Controller.UserStoryController (Trello).
2025-04-04 10:25:23.372 +02:00 [INF] Executed DbCommand (2ms) [Parameters=[@__backlogId_0='?' (DbType = Int32)], CommandType='"Text"', CommandTimeout='30']
SELECT u."Id", u."BacklogId", u."Description", u."Title"
FROM "UserStories" AS u
WHERE u."BacklogId" = @__backlogId_0
2025-04-04 10:25:23.396 +02:00 [INF] Retrieved 1 user stories for BacklogId: 1
2025-04-04 10:25:23.405 +02:00 [INF] Executing OkObjectResult, writing value of type 'System.Collections.Generic.List`1[[Trello.DTOs.UserStoryDto, Trello, Version=1.0.0.0, Culture=neutral, PublicKeyToken=null]]'.
2025-04-04 10:25:23.417 +02:00 [INF] Executed action Trello.Controller.UserStoryController.GetByBacklogId (Trello) in 52.1409ms
2025-04-04 10:25:23.427 +02:00 [INF] Executed endpoint 'Trello.Controller.UserStoryController.GetByBacklogId (Trello)'
2025-04-04 10:25:23.436 +02:00 [INF] Request finished HTTP/1.1 GET http://localhost:5196/api/userStory/getByBacklogId/1 - 200 null application/json; charset=utf-8 302.8806ms
2025-04-04 10:25:55.172 +02:00 [INF] Request starting HTTP/1.1 OPTIONS http://localhost:5196/api/user/getById/1 - null null
2025-04-04 10:25:55.197 +02:00 [INF] Request starting HTTP/1.1 OPTIONS http://localhost:5196/api/user/getById/1 - null null
2025-04-04 10:25:55.234 +02:00 [INF] CORS policy execution successful.
2025-04-04 10:25:55.247 +02:00 [INF] CORS policy execution successful.
2025-04-04 10:25:55.263 +02:00 [INF] Request finished HTTP/1.1 OPTIONS http://localhost:5196/api/user/getById/1 - 204 null null 91.8ms
2025-04-04 10:25:55.297 +02:00 [INF] Request finished HTTP/1.1 OPTIONS http://localhost:5196/api/user/getById/1 - 204 null null 100.7624ms
2025-04-04 10:25:55.370 +02:00 [INF] Request starting HTTP/1.1 GET http://localhost:5196/api/user/getById/1 - null null
2025-04-04 10:25:55.402 +02:00 [INF] CORS policy execution successful.
2025-04-04 10:25:55.411 +02:00 [INF] Executing endpoint 'Trello.Controller.UserController.GetUserById (Trello)'
2025-04-04 10:25:55.419 +02:00 [INF] Route matched with {action = "GetUserById", controller = "User"}. Executing controller action with signature System.Threading.Tasks.Task`1[Microsoft.AspNetCore.Mvc.IActionResult] GetUserById(Int32) on controller Trello.Controller.UserController (Trello).
2025-04-04 10:25:55.474 +02:00 [INF] Executed DbCommand (23ms) [Parameters=[@__id_0='?' (DbType = Int32)], CommandType='"Text"', CommandTimeout='30']
SELECT u."Id", u."AccessFailedCount", u."ConcurrencyStamp", u."CreatedAt", u."Email", u."EmailConfirmed", u."FirstName", u."LastName", u."LockoutEnabled", u."LockoutEnd", u."NormalizedEmail", u."NormalizedUserName", u."PasswordHash", u."PhoneNumber", u."PhoneNumberConfirmed", u."RefreshToken", u."RefreshTokenExpiry", u."SecurityStamp", u."TwoFactorEnabled", u."UserName"
FROM "Users" AS u
WHERE u."Id" = @__id_0
LIMIT 1
2025-04-04 10:25:55.817 +02:00 [INF] Executing OkObjectResult, writing value of type 'Trello.DTOs.UserDto'.
2025-04-04 10:25:55.853 +02:00 [INF] Executed action Trello.Controller.UserController.GetUserById (Trello) in 405.9554ms
2025-04-04 10:25:55.917 +02:00 [INF] Request starting HTTP/1.1 GET http://localhost:5196/api/user/getById/1 - null null
2025-04-04 10:25:55.918 +02:00 [INF] Executed endpoint 'Trello.Controller.UserController.GetUserById (Trello)'
2025-04-04 10:25:55.938 +02:00 [INF] CORS policy execution successful.
2025-04-04 10:25:55.966 +02:00 [INF] Executing endpoint 'Trello.Controller.UserController.GetUserById (Trello)'
2025-04-04 10:25:55.951 +02:00 [INF] Request finished HTTP/1.1 GET http://localhost:5196/api/user/getById/1 - 200 null application/json; charset=utf-8 580.0864ms
2025-04-04 10:25:55.975 +02:00 [INF] Route matched with {action = "GetUserById", controller = "User"}. Executing controller action with signature System.Threading.Tasks.Task`1[Microsoft.AspNetCore.Mvc.IActionResult] GetUserById(Int32) on controller Trello.Controller.UserController (Trello).
2025-04-04 10:25:56.006 +02:00 [INF] Request starting HTTP/1.1 GET http://localhost:5196/api/projects/getUserProjects/1 - null null
2025-04-04 10:25:56.049 +02:00 [INF] CORS policy execution successful.
2025-04-04 10:25:56.095 +02:00 [INF] Executing endpoint 'Trello.Controller.ProjectController.GetUserProjects (Trello)'
2025-04-04 10:25:56.104 +02:00 [INF] Route matched with {action = "GetUserProjects", controller = "Project"}. Executing controller action with signature System.Threading.Tasks.Task`1[Microsoft.AspNetCore.Mvc.IActionResult] GetUserProjects(Int32) on controller Trello.Controller.ProjectController (Trello).
2025-04-04 10:25:56.093 +02:00 [INF] Executed DbCommand (27ms) [Parameters=[@__id_0='?' (DbType = Int32)], CommandType='"Text"', CommandTimeout='30']
SELECT u."Id", u."AccessFailedCount", u."ConcurrencyStamp", u."CreatedAt", u."Email", u."EmailConfirmed", u."FirstName", u."LastName", u."LockoutEnabled", u."LockoutEnd", u."NormalizedEmail", u."NormalizedUserName", u."PasswordHash", u."PhoneNumber", u."PhoneNumberConfirmed", u."RefreshToken", u."RefreshTokenExpiry", u."SecurityStamp", u."TwoFactorEnabled", u."UserName"
FROM "Users" AS u
WHERE u."Id" = @__id_0
LIMIT 1
2025-04-04 10:25:56.172 +02:00 [INF] Executing OkObjectResult, writing value of type 'Trello.DTOs.UserDto'.
2025-04-04 10:25:56.203 +02:00 [INF] Executed action Trello.Controller.UserController.GetUserById (Trello) in 139.0967ms
2025-04-04 10:25:56.210 +02:00 [INF] Executed DbCommand (17ms) [Parameters=[@__userId_0='?' (DbType = Int32)], CommandType='"Text"', CommandTimeout='30']
SELECT p."Id", p."BacklogId", p."BoardId", p."Name", p."OwnerId"
FROM "Projects" AS p
WHERE EXISTS (
    SELECT 1
    FROM "UserProject" AS u
    WHERE p."Id" = u."ProjectId" AND u."UserId" = @__userId_0) OR p."OwnerId" = @__userId_0
2025-04-04 10:25:56.218 +02:00 [INF] Executed endpoint 'Trello.Controller.UserController.GetUserById (Trello)'
2025-04-04 10:25:56.249 +02:00 [INF] Executing OkObjectResult, writing value of type 'System.Collections.Generic.List`1[[Trello.DTOs.ProjectDetailsDto, Trello, Version=1.0.0.0, Culture=neutral, PublicKeyToken=null]]'.
2025-04-04 10:25:56.258 +02:00 [INF] Request finished HTTP/1.1 GET http://localhost:5196/api/user/getById/1 - 200 null application/json; charset=utf-8 340.6193ms
2025-04-04 10:25:56.289 +02:00 [INF] Executed action Trello.Controller.ProjectController.GetUserProjects (Trello) in 104.4942ms
2025-04-04 10:25:56.316 +02:00 [INF] Executed endpoint 'Trello.Controller.ProjectController.GetUserProjects (Trello)'
2025-04-04 10:25:56.328 +02:00 [INF] Request finished HTTP/1.1 GET http://localhost:5196/api/projects/getUserProjects/1 - 200 null application/json; charset=utf-8 321.9586ms
2025-04-04 10:25:56.383 +02:00 [INF] Request starting HTTP/1.1 OPTIONS http://localhost:5196/api/boards/getById/1 - null null
2025-04-04 10:25:56.436 +02:00 [INF] CORS policy execution successful.
2025-04-04 10:25:56.450 +02:00 [INF] Request finished HTTP/1.1 OPTIONS http://localhost:5196/api/boards/getById/1 - 204 null null 66.7829ms
2025-04-04 10:25:56.722 +02:00 [INF] Request starting HTTP/1.1 GET http://localhost:5196/api/boards/getById/1 - null null
2025-04-04 10:25:56.745 +02:00 [INF] CORS policy execution successful.
2025-04-04 10:25:56.754 +02:00 [INF] Executing endpoint 'Trello.Controller.BoardController.GetById (Trello)'
2025-04-04 10:25:56.767 +02:00 [INF] Route matched with {action = "GetById", controller = "Board"}. Executing controller action with signature System.Threading.Tasks.Task`1[Microsoft.AspNetCore.Mvc.IActionResult] GetById(Int32) on controller Trello.Controller.BoardController (Trello).
2025-04-04 10:25:56.797 +02:00 [INF] Executed DbCommand (2ms) [Parameters=[@__id_0='?' (DbType = Int32)], CommandType='"Text"', CommandTimeout='30']
SELECT b."Id", b."ActiveSprintId", b."Description", b."Name", b."ProjectId"
FROM "Boards" AS b
WHERE b."Id" = @__id_0
LIMIT 1
2025-04-04 10:25:56.839 +02:00 [INF] Executing OkObjectResult, writing value of type 'Trello.DTOs.BoardDto'.
2025-04-04 10:25:56.868 +02:00 [INF] Executed action Trello.Controller.BoardController.GetById (Trello) in 75.6268ms
2025-04-04 10:25:56.917 +02:00 [INF] Executed endpoint 'Trello.Controller.BoardController.GetById (Trello)'
2025-04-04 10:25:56.954 +02:00 [INF] Request finished HTTP/1.1 GET http://localhost:5196/api/boards/getById/1 - 200 null application/json; charset=utf-8 231.5417ms
2025-04-04 10:25:58.775 +02:00 [INF] Request starting HTTP/1.1 OPTIONS http://localhost:5196/api/userStory/getByBacklogId/1 - null null
2025-04-04 10:25:58.800 +02:00 [INF] CORS policy execution successful.
2025-04-04 10:25:58.819 +02:00 [INF] Request finished HTTP/1.1 OPTIONS http://localhost:5196/api/userStory/getByBacklogId/1 - 204 null null 44.9253ms
2025-04-04 10:25:58.966 +02:00 [INF] Request starting HTTP/1.1 GET http://localhost:5196/api/userStory/getByBacklogId/1 - null null
2025-04-04 10:25:59.124 +02:00 [INF] Failed to validate the token.
Microsoft.IdentityModel.Tokens.SecurityTokenMalformedException: IDX14100: JWT is not well formed, there are no dots (.).
The token needs to be in JWS or JWE Compact Serialization Format. (JWS): 'EncodedHeader.EndcodedPayload.EncodedSignature'. (JWE): 'EncodedProtectedHeader.EncodedEncryptedKey.EncodedInitializationVector.EncodedCiphertext.EncodedAuthenticationTag'.
 ---> Microsoft.IdentityModel.Tokens.SecurityTokenMalformedException: IDX14100: JWT is not well formed, there are no dots (.).
The token needs to be in JWS or JWE Compact Serialization Format. (JWS): 'EncodedHeader.EndcodedPayload.EncodedSignature'. (JWE): 'EncodedProtectedHeader.EncodedEncryptedKey.EncodedInitializationVector.EncodedCiphertext.EncodedAuthenticationTag'.
   at Microsoft.IdentityModel.JsonWebTokens.JsonWebToken.ReadToken(String encodedJson)
   at Microsoft.IdentityModel.JsonWebTokens.JsonWebToken..ctor(String jwtEncodedString)
   at Microsoft.IdentityModel.JsonWebTokens.JsonWebTokenHandler.ReadToken(String token, TokenValidationParameters validationParameters)
   --- End of inner exception stack trace ---
2025-04-04 10:25:59.184 +02:00 [INF] Bearer was not authenticated. Failure message: IDX14100: JWT is not well formed, there are no dots (.).
The token needs to be in JWS or JWE Compact Serialization Format. (JWS): 'EncodedHeader.EndcodedPayload.EncodedSignature'. (JWE): 'EncodedProtectedHeader.EncodedEncryptedKey.EncodedInitializationVector.EncodedCiphertext.EncodedAuthenticationTag'.
2025-04-04 10:25:59.202 +02:00 [INF] CORS policy execution successful.
2025-04-04 10:25:59.214 +02:00 [INF] Executing endpoint 'Trello.Controller.UserStoryController.GetByBacklogId (Trello)'
2025-04-04 10:25:59.229 +02:00 [INF] Route matched with {action = "GetByBacklogId", controller = "UserStory"}. Executing controller action with signature System.Threading.Tasks.Task`1[Microsoft.AspNetCore.Mvc.IActionResult] GetByBacklogId(Int32) on controller Trello.Controller.UserStoryController (Trello).
2025-04-04 10:25:59.279 +02:00 [INF] Executed DbCommand (13ms) [Parameters=[@__backlogId_0='?' (DbType = Int32)], CommandType='"Text"', CommandTimeout='30']
SELECT u."Id", u."BacklogId", u."Description", u."Title"
FROM "UserStories" AS u
WHERE u."BacklogId" = @__backlogId_0
2025-04-04 10:25:59.310 +02:00 [INF] Retrieved 1 user stories for BacklogId: 1
2025-04-04 10:25:59.324 +02:00 [INF] Executing OkObjectResult, writing value of type 'System.Collections.Generic.List`1[[Trello.DTOs.UserStoryDto, Trello, Version=1.0.0.0, Culture=neutral, PublicKeyToken=null]]'.
2025-04-04 10:25:59.367 +02:00 [INF] Executed action Trello.Controller.UserStoryController.GetByBacklogId (Trello) in 106.2016ms
2025-04-04 10:25:59.385 +02:00 [INF] Executed endpoint 'Trello.Controller.UserStoryController.GetByBacklogId (Trello)'
2025-04-04 10:25:59.394 +02:00 [INF] Request finished HTTP/1.1 GET http://localhost:5196/api/userStory/getByBacklogId/1 - 200 null application/json; charset=utf-8 427.5564ms
2025-04-04 10:26:50.317 +02:00 [INF] Request starting HTTP/1.1 OPTIONS http://localhost:5196/api/userStory/getByBacklogId/1 - null null
2025-04-04 10:26:50.526 +02:00 [INF] CORS policy execution successful.
2025-04-04 10:26:50.542 +02:00 [INF] Request finished HTTP/1.1 OPTIONS http://localhost:5196/api/userStory/getByBacklogId/1 - 204 null null 224.6648ms
2025-04-04 10:26:50.668 +02:00 [INF] Request starting HTTP/1.1 GET http://localhost:5196/api/userStory/getByBacklogId/1 - null null
2025-04-04 10:26:50.969 +02:00 [INF] Failed to validate the token.
Microsoft.IdentityModel.Tokens.SecurityTokenMalformedException: IDX14100: JWT is not well formed, there are no dots (.).
The token needs to be in JWS or JWE Compact Serialization Format. (JWS): 'EncodedHeader.EndcodedPayload.EncodedSignature'. (JWE): 'EncodedProtectedHeader.EncodedEncryptedKey.EncodedInitializationVector.EncodedCiphertext.EncodedAuthenticationTag'.
 ---> Microsoft.IdentityModel.Tokens.SecurityTokenMalformedException: IDX14100: JWT is not well formed, there are no dots (.).
The token needs to be in JWS or JWE Compact Serialization Format. (JWS): 'EncodedHeader.EndcodedPayload.EncodedSignature'. (JWE): 'EncodedProtectedHeader.EncodedEncryptedKey.EncodedInitializationVector.EncodedCiphertext.EncodedAuthenticationTag'.
   at Microsoft.IdentityModel.JsonWebTokens.JsonWebToken.ReadToken(String encodedJson)
   at Microsoft.IdentityModel.JsonWebTokens.JsonWebToken..ctor(String jwtEncodedString)
   at Microsoft.IdentityModel.JsonWebTokens.JsonWebTokenHandler.ReadToken(String token, TokenValidationParameters validationParameters)
   --- End of inner exception stack trace ---
2025-04-04 10:26:51.060 +02:00 [INF] Bearer was not authenticated. Failure message: IDX14100: JWT is not well formed, there are no dots (.).
The token needs to be in JWS or JWE Compact Serialization Format. (JWS): 'EncodedHeader.EndcodedPayload.EncodedSignature'. (JWE): 'EncodedProtectedHeader.EncodedEncryptedKey.EncodedInitializationVector.EncodedCiphertext.EncodedAuthenticationTag'.
2025-04-04 10:26:51.121 +02:00 [INF] CORS policy execution successful.
2025-04-04 10:26:51.168 +02:00 [INF] Executing endpoint 'Trello.Controller.UserStoryController.GetByBacklogId (Trello)'
2025-04-04 10:26:51.203 +02:00 [INF] Route matched with {action = "GetByBacklogId", controller = "UserStory"}. Executing controller action with signature System.Threading.Tasks.Task`1[Microsoft.AspNetCore.Mvc.IActionResult] GetByBacklogId(Int32) on controller Trello.Controller.UserStoryController (Trello).
2025-04-04 10:26:51.250 +02:00 [INF] Executed DbCommand (12ms) [Parameters=[@__backlogId_0='?' (DbType = Int32)], CommandType='"Text"', CommandTimeout='30']
SELECT u."Id", u."BacklogId", u."Description", u."Title"
FROM "UserStories" AS u
WHERE u."BacklogId" = @__backlogId_0
2025-04-04 10:26:51.459 +02:00 [INF] Retrieved 1 user stories for BacklogId: 1
2025-04-04 10:26:51.546 +02:00 [INF] Executing OkObjectResult, writing value of type 'System.Collections.Generic.List`1[[Trello.DTOs.UserStoryDto, Trello, Version=1.0.0.0, Culture=neutral, PublicKeyToken=null]]'.
2025-04-04 10:26:51.587 +02:00 [INF] Executed action Trello.Controller.UserStoryController.GetByBacklogId (Trello) in 351.7043ms
2025-04-04 10:26:52.137 +02:00 [INF] Executed endpoint 'Trello.Controller.UserStoryController.GetByBacklogId (Trello)'
2025-04-04 10:26:54.609 +02:00 [INF] Request finished HTTP/1.1 GET http://localhost:5196/api/userStory/getByBacklogId/1 - 200 null application/json; charset=utf-8 3941.6305ms
2025-04-04 10:27:52.126 +02:00 [INF] Request starting HTTP/1.1 OPTIONS http://localhost:5196/api/userStory/getByBacklogId/1 - null null
2025-04-04 10:27:52.538 +02:00 [INF] CORS policy execution successful.
2025-04-04 10:27:52.727 +02:00 [INF] Request finished HTTP/1.1 OPTIONS http://localhost:5196/api/userStory/getByBacklogId/1 - 204 null null 601.5535ms
2025-04-04 10:27:53.342 +02:00 [INF] Request starting HTTP/1.1 GET http://localhost:5196/api/userStory/getByBacklogId/1 - null null
2025-04-04 10:27:53.836 +02:00 [INF] Failed to validate the token.
Microsoft.IdentityModel.Tokens.SecurityTokenMalformedException: IDX14100: JWT is not well formed, there are no dots (.).
The token needs to be in JWS or JWE Compact Serialization Format. (JWS): 'EncodedHeader.EndcodedPayload.EncodedSignature'. (JWE): 'EncodedProtectedHeader.EncodedEncryptedKey.EncodedInitializationVector.EncodedCiphertext.EncodedAuthenticationTag'.
 ---> Microsoft.IdentityModel.Tokens.SecurityTokenMalformedException: IDX14100: JWT is not well formed, there are no dots (.).
The token needs to be in JWS or JWE Compact Serialization Format. (JWS): 'EncodedHeader.EndcodedPayload.EncodedSignature'. (JWE): 'EncodedProtectedHeader.EncodedEncryptedKey.EncodedInitializationVector.EncodedCiphertext.EncodedAuthenticationTag'.
   at Microsoft.IdentityModel.JsonWebTokens.JsonWebToken.ReadToken(String encodedJson)
   at Microsoft.IdentityModel.JsonWebTokens.JsonWebToken..ctor(String jwtEncodedString)
   at Microsoft.IdentityModel.JsonWebTokens.JsonWebTokenHandler.ReadToken(String token, TokenValidationParameters validationParameters)
   --- End of inner exception stack trace ---
2025-04-04 10:27:56.119 +02:00 [INF] Bearer was not authenticated. Failure message: IDX14100: JWT is not well formed, there are no dots (.).
The token needs to be in JWS or JWE Compact Serialization Format. (JWS): 'EncodedHeader.EndcodedPayload.EncodedSignature'. (JWE): 'EncodedProtectedHeader.EncodedEncryptedKey.EncodedInitializationVector.EncodedCiphertext.EncodedAuthenticationTag'.
2025-04-04 10:27:56.209 +02:00 [INF] CORS policy execution successful.
2025-04-04 10:27:56.227 +02:00 [INF] Executing endpoint 'Trello.Controller.UserStoryController.GetByBacklogId (Trello)'
2025-04-04 10:27:56.276 +02:00 [INF] Route matched with {action = "GetByBacklogId", controller = "UserStory"}. Executing controller action with signature System.Threading.Tasks.Task`1[Microsoft.AspNetCore.Mvc.IActionResult] GetByBacklogId(Int32) on controller Trello.Controller.UserStoryController (Trello).
2025-04-04 10:27:56.802 +02:00 [INF] Executed DbCommand (12ms) [Parameters=[@__backlogId_0='?' (DbType = Int32)], CommandType='"Text"', CommandTimeout='30']
SELECT u."Id", u."BacklogId", u."Description", u."Title"
FROM "UserStories" AS u
WHERE u."BacklogId" = @__backlogId_0
2025-04-04 10:27:56.841 +02:00 [INF] Retrieved 1 user stories for BacklogId: 1
2025-04-04 10:27:56.853 +02:00 [INF] Executing OkObjectResult, writing value of type 'System.Collections.Generic.List`1[[Trello.DTOs.UserStoryDto, Trello, Version=1.0.0.0, Culture=neutral, PublicKeyToken=null]]'.
2025-04-04 10:27:56.870 +02:00 [INF] Executed action Trello.Controller.UserStoryController.GetByBacklogId (Trello) in 408.0684ms
2025-04-04 10:27:56.883 +02:00 [INF] Executed endpoint 'Trello.Controller.UserStoryController.GetByBacklogId (Trello)'
2025-04-04 10:27:56.891 +02:00 [INF] Request finished HTTP/1.1 GET http://localhost:5196/api/userStory/getByBacklogId/1 - 200 null application/json; charset=utf-8 3549.0638ms
2025-04-04 10:29:34.496 +02:00 [INF] Request starting HTTP/1.1 OPTIONS http://localhost:5196/api/userStory/getByBacklogId/1 - null null
2025-04-04 10:29:34.622 +02:00 [INF] CORS policy execution successful.
2025-04-04 10:29:34.648 +02:00 [INF] Request finished HTTP/1.1 OPTIONS http://localhost:5196/api/userStory/getByBacklogId/1 - 204 null null 151.5305ms
2025-04-04 10:29:34.693 +02:00 [INF] Request starting HTTP/1.1 GET http://localhost:5196/api/userStory/getByBacklogId/1 - null null
2025-04-04 10:29:34.812 +02:00 [INF] Failed to validate the token.
Microsoft.IdentityModel.Tokens.SecurityTokenMalformedException: IDX14100: JWT is not well formed, there are no dots (.).
The token needs to be in JWS or JWE Compact Serialization Format. (JWS): 'EncodedHeader.EndcodedPayload.EncodedSignature'. (JWE): 'EncodedProtectedHeader.EncodedEncryptedKey.EncodedInitializationVector.EncodedCiphertext.EncodedAuthenticationTag'.
 ---> Microsoft.IdentityModel.Tokens.SecurityTokenMalformedException: IDX14100: JWT is not well formed, there are no dots (.).
The token needs to be in JWS or JWE Compact Serialization Format. (JWS): 'EncodedHeader.EndcodedPayload.EncodedSignature'. (JWE): 'EncodedProtectedHeader.EncodedEncryptedKey.EncodedInitializationVector.EncodedCiphertext.EncodedAuthenticationTag'.
   at Microsoft.IdentityModel.JsonWebTokens.JsonWebToken.ReadToken(String encodedJson)
   at Microsoft.IdentityModel.JsonWebTokens.JsonWebToken..ctor(String jwtEncodedString)
   at Microsoft.IdentityModel.JsonWebTokens.JsonWebTokenHandler.ReadToken(String token, TokenValidationParameters validationParameters)
   --- End of inner exception stack trace ---
2025-04-04 10:29:35.044 +02:00 [INF] Bearer was not authenticated. Failure message: IDX14100: JWT is not well formed, there are no dots (.).
The token needs to be in JWS or JWE Compact Serialization Format. (JWS): 'EncodedHeader.EndcodedPayload.EncodedSignature'. (JWE): 'EncodedProtectedHeader.EncodedEncryptedKey.EncodedInitializationVector.EncodedCiphertext.EncodedAuthenticationTag'.
2025-04-04 10:29:35.094 +02:00 [INF] CORS policy execution successful.
2025-04-04 10:29:35.105 +02:00 [INF] Executing endpoint 'Trello.Controller.UserStoryController.GetByBacklogId (Trello)'
2025-04-04 10:29:35.118 +02:00 [INF] Route matched with {action = "GetByBacklogId", controller = "UserStory"}. Executing controller action with signature System.Threading.Tasks.Task`1[Microsoft.AspNetCore.Mvc.IActionResult] GetByBacklogId(Int32) on controller Trello.Controller.UserStoryController (Trello).
2025-04-04 10:29:35.168 +02:00 [INF] Executed DbCommand (18ms) [Parameters=[@__backlogId_0='?' (DbType = Int32)], CommandType='"Text"', CommandTimeout='30']
SELECT u."Id", u."BacklogId", u."Description", u."Title"
FROM "UserStories" AS u
WHERE u."BacklogId" = @__backlogId_0
2025-04-04 10:29:35.195 +02:00 [INF] Retrieved 1 user stories for BacklogId: 1
2025-04-04 10:29:35.203 +02:00 [INF] Executing OkObjectResult, writing value of type 'System.Collections.Generic.List`1[[Trello.DTOs.UserStoryDto, Trello, Version=1.0.0.0, Culture=neutral, PublicKeyToken=null]]'.
2025-04-04 10:29:35.217 +02:00 [INF] Executed action Trello.Controller.UserStoryController.GetByBacklogId (Trello) in 74.0975ms
2025-04-04 10:29:35.230 +02:00 [INF] Executed endpoint 'Trello.Controller.UserStoryController.GetByBacklogId (Trello)'
2025-04-04 10:29:35.242 +02:00 [INF] Request finished HTTP/1.1 GET http://localhost:5196/api/userStory/getByBacklogId/1 - 200 null application/json; charset=utf-8 549.2398ms
2025-04-04 10:31:40.117 +02:00 [INF] Request starting HTTP/1.1 OPTIONS http://localhost:5196/api/userStory/getByBacklogId/1 - null null
2025-04-04 10:31:40.173 +02:00 [INF] CORS policy execution successful.
2025-04-04 10:31:40.181 +02:00 [INF] Request finished HTTP/1.1 OPTIONS http://localhost:5196/api/userStory/getByBacklogId/1 - 204 null null 63.7247ms
2025-04-04 10:31:40.233 +02:00 [INF] Request starting HTTP/1.1 GET http://localhost:5196/api/userStory/getByBacklogId/1 - null null
2025-04-04 10:31:40.347 +02:00 [INF] Failed to validate the token.
Microsoft.IdentityModel.Tokens.SecurityTokenMalformedException: IDX14100: JWT is not well formed, there are no dots (.).
The token needs to be in JWS or JWE Compact Serialization Format. (JWS): 'EncodedHeader.EndcodedPayload.EncodedSignature'. (JWE): 'EncodedProtectedHeader.EncodedEncryptedKey.EncodedInitializationVector.EncodedCiphertext.EncodedAuthenticationTag'.
 ---> Microsoft.IdentityModel.Tokens.SecurityTokenMalformedException: IDX14100: JWT is not well formed, there are no dots (.).
The token needs to be in JWS or JWE Compact Serialization Format. (JWS): 'EncodedHeader.EndcodedPayload.EncodedSignature'. (JWE): 'EncodedProtectedHeader.EncodedEncryptedKey.EncodedInitializationVector.EncodedCiphertext.EncodedAuthenticationTag'.
   at Microsoft.IdentityModel.JsonWebTokens.JsonWebToken.ReadToken(String encodedJson)
   at Microsoft.IdentityModel.JsonWebTokens.JsonWebToken..ctor(String jwtEncodedString)
   at Microsoft.IdentityModel.JsonWebTokens.JsonWebTokenHandler.ReadToken(String token, TokenValidationParameters validationParameters)
   --- End of inner exception stack trace ---
2025-04-04 10:31:40.428 +02:00 [INF] Bearer was not authenticated. Failure message: IDX14100: JWT is not well formed, there are no dots (.).
The token needs to be in JWS or JWE Compact Serialization Format. (JWS): 'EncodedHeader.EndcodedPayload.EncodedSignature'. (JWE): 'EncodedProtectedHeader.EncodedEncryptedKey.EncodedInitializationVector.EncodedCiphertext.EncodedAuthenticationTag'.
2025-04-04 10:31:40.447 +02:00 [INF] CORS policy execution successful.
2025-04-04 10:31:40.460 +02:00 [INF] Executing endpoint 'Trello.Controller.UserStoryController.GetByBacklogId (Trello)'
2025-04-04 10:31:40.482 +02:00 [INF] Route matched with {action = "GetByBacklogId", controller = "UserStory"}. Executing controller action with signature System.Threading.Tasks.Task`1[Microsoft.AspNetCore.Mvc.IActionResult] GetByBacklogId(Int32) on controller Trello.Controller.UserStoryController (Trello).
2025-04-04 10:31:40.521 +02:00 [INF] Executed DbCommand (5ms) [Parameters=[@__backlogId_0='?' (DbType = Int32)], CommandType='"Text"', CommandTimeout='30']
SELECT u."Id", u."BacklogId", u."Description", u."Title"
FROM "UserStories" AS u
WHERE u."BacklogId" = @__backlogId_0
2025-04-04 10:31:40.568 +02:00 [INF] Retrieved 1 user stories for BacklogId: 1
2025-04-04 10:31:40.576 +02:00 [INF] Executing OkObjectResult, writing value of type 'System.Collections.Generic.List`1[[Trello.DTOs.UserStoryDto, Trello, Version=1.0.0.0, Culture=neutral, PublicKeyToken=null]]'.
2025-04-04 10:31:40.591 +02:00 [INF] Executed action Trello.Controller.UserStoryController.GetByBacklogId (Trello) in 82.249ms
2025-04-04 10:31:40.600 +02:00 [INF] Executed endpoint 'Trello.Controller.UserStoryController.GetByBacklogId (Trello)'
2025-04-04 10:31:40.608 +02:00 [INF] Request finished HTTP/1.1 GET http://localhost:5196/api/userStory/getByBacklogId/1 - 200 null application/json; charset=utf-8 374.9229ms
2025-04-04 10:32:22.656 +02:00 [INF] Request starting HTTP/1.1 OPTIONS http://localhost:5196/api/boards/getById/1 - null null
2025-04-04 10:32:22.692 +02:00 [INF] CORS policy execution successful.
2025-04-04 10:32:22.700 +02:00 [INF] Request finished HTTP/1.1 OPTIONS http://localhost:5196/api/boards/getById/1 - 204 null null 44.0222ms
2025-04-04 10:32:22.735 +02:00 [INF] Request starting HTTP/1.1 GET http://localhost:5196/api/boards/getById/1 - null null
2025-04-04 10:32:22.767 +02:00 [INF] CORS policy execution successful.
2025-04-04 10:32:22.779 +02:00 [INF] Executing endpoint 'Trello.Controller.BoardController.GetById (Trello)'
2025-04-04 10:32:22.799 +02:00 [INF] Route matched with {action = "GetById", controller = "Board"}. Executing controller action with signature System.Threading.Tasks.Task`1[Microsoft.AspNetCore.Mvc.IActionResult] GetById(Int32) on controller Trello.Controller.BoardController (Trello).
2025-04-04 10:32:22.868 +02:00 [INF] Executed DbCommand (26ms) [Parameters=[@__id_0='?' (DbType = Int32)], CommandType='"Text"', CommandTimeout='30']
SELECT b."Id", b."ActiveSprintId", b."Description", b."Name", b."ProjectId"
FROM "Boards" AS b
WHERE b."Id" = @__id_0
LIMIT 1
2025-04-04 10:32:22.909 +02:00 [INF] Executing OkObjectResult, writing value of type 'Trello.DTOs.BoardDto'.
2025-04-04 10:32:22.921 +02:00 [INF] Executed action Trello.Controller.BoardController.GetById (Trello) in 92.378ms
2025-04-04 10:32:22.930 +02:00 [INF] Executed endpoint 'Trello.Controller.BoardController.GetById (Trello)'
2025-04-04 10:32:22.939 +02:00 [INF] Request finished HTTP/1.1 GET http://localhost:5196/api/boards/getById/1 - 200 null application/json; charset=utf-8 204.6804ms
