2025-03-28 11:55:14.615 +01:00 [ERR] An error occurred using the connection to database 'Trello' on server 'tcp://localhost:5432'.
2025-03-28 11:55:18.457 +01:00 [INF] Executed DbCommand (2,718ms) [Parameters=[], CommandType='"Text"', CommandTimeout='30']
CREATE DATABASE "Trello";
2025-03-28 11:55:20.287 +01:00 [INF] Executed DbCommand (103ms) [Parameters=[], CommandType='"Text"', CommandTimeout='30']
CREATE TABLE IF NOT EXISTS "__EFMigrationsHistory" (
    "MigrationId" character varying(150) NOT NULL,
    "ProductVersion" character varying(32) NOT NULL,
    CONSTRAINT "PK___EFMigrationsHistory" PRIMARY KEY ("MigrationId")
);
2025-03-28 11:55:20.328 +01:00 [INF] Acquiring an exclusive lock for migration application. See https://aka.ms/efcore-docs-migrations-lock for more information if this takes too long.
2025-03-28 11:55:20.382 +01:00 [INF] Executed DbCommand (5ms) [Parameters=[], CommandType='"Text"', CommandTimeout='30']
LOCK TABLE "__EFMigrationsHistory" IN ACCESS EXCLUSIVE MODE
2025-03-28 11:55:20.413 +01:00 [INF] Executed DbCommand (8ms) [Parameters=[], CommandType='"Text"', CommandTimeout='30']
SELECT "MigrationId", "ProductVersion"
FROM "__EFMigrationsHistory"
ORDER BY "MigrationId";
2025-03-28 11:55:20.477 +01:00 [INF] Applying migration '20250328105432_InitialCreate'.
2025-03-28 11:55:20.637 +01:00 [INF] Executed DbCommand (23ms) [Parameters=[], CommandType='"Text"', CommandTimeout='30']
CREATE TABLE "Users" (
    "Id" integer GENERATED BY DEFAULT AS IDENTITY,
    "FirstName" text NOT NULL,
    "LastName" text NOT NULL,
    "Email" text NOT NULL,
    "UserName" text NOT NULL,
    "PhoneNumber" text NOT NULL,
    "PasswordHash" text NOT NULL,
    "RefreshToken" text,
    "RefreshTokenExpiry" timestamp with time zone,
    "CreatedAt" timestamp with time zone NOT NULL,
    "NormalizedUserName" text,
    "NormalizedEmail" text,
    "EmailConfirmed" boolean NOT NULL,
    "SecurityStamp" text,
    "ConcurrencyStamp" text,
    "PhoneNumberConfirmed" boolean NOT NULL,
    "TwoFactorEnabled" boolean NOT NULL,
    "LockoutEnd" timestamp with time zone,
    "LockoutEnabled" boolean NOT NULL,
    "AccessFailedCount" integer NOT NULL,
    CONSTRAINT "PK_Users" PRIMARY KEY ("Id")
);
2025-03-28 11:55:20.726 +01:00 [INF] Executed DbCommand (25ms) [Parameters=[], CommandType='"Text"', CommandTimeout='30']
CREATE TABLE "Projects" (
    "Id" integer GENERATED BY DEFAULT AS IDENTITY,
    "Name" text NOT NULL,
    "OwnerId" integer NOT NULL,
    CONSTRAINT "PK_Projects" PRIMARY KEY ("Id"),
    CONSTRAINT "FK_Projects_Users_OwnerId" FOREIGN KEY ("OwnerId") REFERENCES "Users" ("Id") ON DELETE CASCADE
);
2025-03-28 11:55:20.830 +01:00 [INF] Executed DbCommand (20ms) [Parameters=[], CommandType='"Text"', CommandTimeout='30']
CREATE TABLE "Sprints" (
    "Id" integer GENERATED BY DEFAULT AS IDENTITY,
    "Name" text NOT NULL,
    "Status" integer NOT NULL,
    "StartDate" timestamp with time zone NOT NULL,
    "EndDate" timestamp with time zone NOT NULL,
    "ProjectId" integer NOT NULL,
    CONSTRAINT "PK_Sprints" PRIMARY KEY ("Id"),
    CONSTRAINT "FK_Sprints_Projects_ProjectId" FOREIGN KEY ("ProjectId") REFERENCES "Projects" ("Id") ON DELETE CASCADE
);
2025-03-28 11:55:20.889 +01:00 [INF] Executed DbCommand (11ms) [Parameters=[], CommandType='"Text"', CommandTimeout='30']
CREATE TABLE "UserProject" (
    "UserId" integer NOT NULL,
    "ProjectId" integer NOT NULL,
    CONSTRAINT "PK_UserProject" PRIMARY KEY ("UserId", "ProjectId"),
    CONSTRAINT "FK_UserProject_Projects_ProjectId" FOREIGN KEY ("ProjectId") REFERENCES "Projects" ("Id"),
    CONSTRAINT "FK_UserProject_Users_UserId" FOREIGN KEY ("UserId") REFERENCES "Users" ("Id")
);
2025-03-28 11:55:20.929 +01:00 [INF] Executed DbCommand (20ms) [Parameters=[], CommandType='"Text"', CommandTimeout='30']
CREATE TABLE "Boards" (
    "Id" integer GENERATED BY DEFAULT AS IDENTITY,
    "Name" text NOT NULL,
    "Description" text NOT NULL,
    "ProjectId" integer NOT NULL,
    "ActiveSprintId" integer,
    CONSTRAINT "PK_Boards" PRIMARY KEY ("Id"),
    CONSTRAINT "FK_Boards_Projects_ProjectId" FOREIGN KEY ("ProjectId") REFERENCES "Projects" ("Id") ON DELETE CASCADE,
    CONSTRAINT "FK_Boards_Sprints_ActiveSprintId" FOREIGN KEY ("ActiveSprintId") REFERENCES "Sprints" ("Id")
);
2025-03-28 11:55:20.977 +01:00 [INF] Executed DbCommand (14ms) [Parameters=[], CommandType='"Text"', CommandTimeout='30']
CREATE TABLE "Columns" (
    "Id" integer GENERATED BY DEFAULT AS IDENTITY,
    "Name" integer NOT NULL,
    "BoardId" integer NOT NULL,
    CONSTRAINT "PK_Columns" PRIMARY KEY ("Id"),
    CONSTRAINT "FK_Columns_Boards_BoardId" FOREIGN KEY ("BoardId") REFERENCES "Boards" ("Id") ON DELETE CASCADE
);
2025-03-28 11:55:21.022 +01:00 [INF] Executed DbCommand (18ms) [Parameters=[], CommandType='"Text"', CommandTimeout='30']
CREATE TABLE "Cards" (
    "Id" integer GENERATED BY DEFAULT AS IDENTITY,
    "Title" text NOT NULL,
    "Description" text NOT NULL,
    "DueDate" timestamp with time zone NOT NULL,
    "ColumnId" integer NOT NULL,
    "SprintId" integer NOT NULL,
    CONSTRAINT "PK_Cards" PRIMARY KEY ("Id"),
    CONSTRAINT "FK_Cards_Columns_ColumnId" FOREIGN KEY ("ColumnId") REFERENCES "Columns" ("Id") ON DELETE RESTRICT,
    CONSTRAINT "FK_Cards_Sprints_SprintId" FOREIGN KEY ("SprintId") REFERENCES "Sprints" ("Id") ON DELETE CASCADE
);
2025-03-28 11:55:21.073 +01:00 [INF] Executed DbCommand (22ms) [Parameters=[], CommandType='"Text"', CommandTimeout='30']
CREATE TABLE "Comments" (
    "Id" integer GENERATED BY DEFAULT AS IDENTITY,
    "Text" text NOT NULL,
    "CreatedAt" timestamp with time zone NOT NULL,
    "AuthorId" integer NOT NULL,
    "CardId" integer NOT NULL,
    CONSTRAINT "PK_Comments" PRIMARY KEY ("Id"),
    CONSTRAINT "FK_Comments_Cards_CardId" FOREIGN KEY ("CardId") REFERENCES "Cards" ("Id") ON DELETE CASCADE,
    CONSTRAINT "FK_Comments_Users_AuthorId" FOREIGN KEY ("AuthorId") REFERENCES "Users" ("Id")
);
2025-03-28 11:55:21.115 +01:00 [INF] Executed DbCommand (11ms) [Parameters=[], CommandType='"Text"', CommandTimeout='30']
CREATE TABLE "UserCard" (
    "UserId" integer NOT NULL,
    "CardId" integer NOT NULL,
    "AssignedAt" timestamp with time zone NOT NULL,
    CONSTRAINT "PK_UserCard" PRIMARY KEY ("UserId", "CardId"),
    CONSTRAINT "FK_UserCard_Cards_CardId" FOREIGN KEY ("CardId") REFERENCES "Cards" ("Id") ON DELETE RESTRICT,
    CONSTRAINT "FK_UserCard_Users_UserId" FOREIGN KEY ("UserId") REFERENCES "Users" ("Id") ON DELETE RESTRICT
);
2025-03-28 11:55:21.143 +01:00 [INF] Executed DbCommand (4ms) [Parameters=[], CommandType='"Text"', CommandTimeout='30']
CREATE UNIQUE INDEX "IX_Boards_ActiveSprintId" ON "Boards" ("ActiveSprintId");
2025-03-28 11:55:21.170 +01:00 [INF] Executed DbCommand (5ms) [Parameters=[], CommandType='"Text"', CommandTimeout='30']
CREATE UNIQUE INDEX "IX_Boards_ProjectId" ON "Boards" ("ProjectId");
2025-03-28 11:55:21.192 +01:00 [INF] Executed DbCommand (5ms) [Parameters=[], CommandType='"Text"', CommandTimeout='30']
CREATE INDEX "IX_Cards_ColumnId" ON "Cards" ("ColumnId");
2025-03-28 11:55:21.217 +01:00 [INF] Executed DbCommand (7ms) [Parameters=[], CommandType='"Text"', CommandTimeout='30']
CREATE INDEX "IX_Cards_SprintId" ON "Cards" ("SprintId");
2025-03-28 11:55:21.622 +01:00 [INF] Executed DbCommand (10ms) [Parameters=[], CommandType='"Text"', CommandTimeout='30']
CREATE INDEX "IX_Columns_BoardId" ON "Columns" ("BoardId");
2025-03-28 11:55:25.620 +01:00 [INF] Executed DbCommand (6ms) [Parameters=[], CommandType='"Text"', CommandTimeout='30']
CREATE INDEX "IX_Comments_AuthorId" ON "Comments" ("AuthorId");
2025-03-28 11:55:26.073 +01:00 [INF] Executed DbCommand (9ms) [Parameters=[], CommandType='"Text"', CommandTimeout='30']
CREATE INDEX "IX_Comments_CardId" ON "Comments" ("CardId");
2025-03-28 11:55:26.099 +01:00 [INF] Executed DbCommand (7ms) [Parameters=[], CommandType='"Text"', CommandTimeout='30']
CREATE INDEX "IX_Projects_OwnerId" ON "Projects" ("OwnerId");
2025-03-28 11:55:26.122 +01:00 [INF] Executed DbCommand (5ms) [Parameters=[], CommandType='"Text"', CommandTimeout='30']
CREATE INDEX "IX_Sprints_ProjectId" ON "Sprints" ("ProjectId");
2025-03-28 11:55:26.284 +01:00 [INF] Executed DbCommand (5ms) [Parameters=[], CommandType='"Text"', CommandTimeout='30']
CREATE INDEX "IX_UserCard_CardId" ON "UserCard" ("CardId");
2025-03-28 11:55:26.306 +01:00 [INF] Executed DbCommand (5ms) [Parameters=[], CommandType='"Text"', CommandTimeout='30']
CREATE INDEX "IX_UserProject_ProjectId" ON "UserProject" ("ProjectId");
2025-03-28 11:55:26.389 +01:00 [INF] Executed DbCommand (9ms) [Parameters=[], CommandType='"Text"', CommandTimeout='30']
INSERT INTO "__EFMigrationsHistory" ("MigrationId", "ProductVersion")
VALUES ('20250328105432_InitialCreate', '9.0.3');
2025-03-28 11:56:15.031 +01:00 [INF] User profile is available. Using 'C:\Users\User\AppData\Local\ASP.NET\DataProtection-Keys' as key repository and Windows DPAPI to encrypt keys at rest.
2025-03-28 11:56:18.668 +01:00 [INF] Now listening on: http://localhost:5196
2025-03-28 11:56:19.719 +01:00 [INF] Application started. Press Ctrl+C to shut down.
2025-03-28 11:56:19.746 +01:00 [INF] Request starting HTTP/1.1 GET http://localhost:5196// - null null
2025-03-28 11:56:19.960 +01:00 [INF] Hosting environment: Development
2025-03-28 11:56:20.547 +01:00 [INF] Content root path: C:\Users\User\Desktop\Trello
2025-03-28 11:56:20.652 +01:00 [WRN] Failed to determine the https port for redirect.
2025-03-28 11:56:22.272 +01:00 [INF] Request finished HTTP/1.1 GET http://localhost:5196// - 404 0 null 2565.7978ms
2025-03-28 11:56:25.148 +01:00 [INF] Request starting HTTP/1.1 OPTIONS http://localhost:5196/api/user/getById/5 - null null
2025-03-28 11:56:26.279 +01:00 [INF] Request reached the end of the middleware pipeline without being handled by application code. Request path: GET http://localhost:5196//, Response status code: 404
2025-03-28 11:56:26.292 +01:00 [INF] CORS policy execution successful.
2025-03-28 11:56:27.076 +01:00 [INF] Request finished HTTP/1.1 OPTIONS http://localhost:5196/api/user/getById/5 - 204 null null 1928.5805ms
2025-03-28 11:56:27.122 +01:00 [INF] Request starting HTTP/1.1 GET http://localhost:5196/api/user/getById/5 - null null
2025-03-28 11:56:27.545 +01:00 [INF] CORS policy execution successful.
2025-03-28 11:56:27.713 +01:00 [INF] Executing endpoint 'Trello.Controller.UserController.GetUserById (Trello)'
2025-03-28 11:56:27.830 +01:00 [INF] Route matched with {action = "GetUserById", controller = "User"}. Executing controller action with signature System.Threading.Tasks.Task`1[Microsoft.AspNetCore.Mvc.IActionResult] GetUserById(Int32) on controller Trello.Controller.UserController (Trello).
2025-03-28 11:56:36.695 +01:00 [INF] Executed DbCommand (444ms) [Parameters=[@__id_0='?' (DbType = Int32)], CommandType='"Text"', CommandTimeout='30']
SELECT u."Id", u."AccessFailedCount", u."ConcurrencyStamp", u."CreatedAt", u."Email", u."EmailConfirmed", u."FirstName", u."LastName", u."LockoutEnabled", u."LockoutEnd", u."NormalizedEmail", u."NormalizedUserName", u."PasswordHash", u."PhoneNumber", u."PhoneNumberConfirmed", u."RefreshToken", u."RefreshTokenExpiry", u."SecurityStamp", u."TwoFactorEnabled", u."UserName"
FROM "Users" AS u
WHERE u."Id" = @__id_0
LIMIT 1
2025-03-28 11:56:40.278 +01:00 [INF] Executed action Trello.Controller.UserController.GetUserById (Trello) in 12404.2686ms
2025-03-28 11:56:40.961 +01:00 [INF] Executed endpoint 'Trello.Controller.UserController.GetUserById (Trello)'
2025-03-28 11:56:41.549 +01:00 [ERR] Unhandled exception occurred.
System.InvalidOperationException: Result is in status failed. Value is not set. Having: Error with Message='User with this ID was not found.'
   at FluentResults.Result`1.ThrowIfFailed()
   at FluentResults.Result`1.get_Value()
   at Trello.Controller.UserController.GetUserById(Int32 id) in C:\Users\User\Desktop\Trello\Controller\UserController.cs:line 32
   at Microsoft.AspNetCore.Mvc.Infrastructure.ActionMethodExecutor.TaskOfIActionResultExecutor.Execute(ActionContext actionContext, IActionResultTypeMapper mapper, ObjectMethodExecutor executor, Object controller, Object[] arguments)
   at Microsoft.AspNetCore.Mvc.Infrastructure.ControllerActionInvoker.<InvokeActionMethodAsync>g__Awaited|12_0(ControllerActionInvoker invoker, ValueTask`1 actionResultValueTask)
   at Microsoft.AspNetCore.Mvc.Infrastructure.ControllerActionInvoker.<InvokeNextActionFilterAsync>g__Awaited|10_0(ControllerActionInvoker invoker, Task lastTask, State next, Scope scope, Object state, Boolean isCompleted)
   at Microsoft.AspNetCore.Mvc.Infrastructure.ControllerActionInvoker.Rethrow(ActionExecutedContextSealed context)
   at Microsoft.AspNetCore.Mvc.Infrastructure.ControllerActionInvoker.Next(State& next, Scope& scope, Object& state, Boolean& isCompleted)
   at Microsoft.AspNetCore.Mvc.Infrastructure.ControllerActionInvoker.<InvokeInnerFilterAsync>g__Awaited|13_0(ControllerActionInvoker invoker, Task lastTask, State next, Scope scope, Object state, Boolean isCompleted)
   at Microsoft.AspNetCore.Mvc.Infrastructure.ResourceInvoker.<InvokeFilterPipelineAsync>g__Awaited|20_0(ResourceInvoker invoker, Task lastTask, State next, Scope scope, Object state, Boolean isCompleted)
   at Microsoft.AspNetCore.Mvc.Infrastructure.ResourceInvoker.<InvokeAsync>g__Logged|17_1(ResourceInvoker invoker)
   at Microsoft.AspNetCore.Mvc.Infrastructure.ResourceInvoker.<InvokeAsync>g__Logged|17_1(ResourceInvoker invoker)
   at Microsoft.AspNetCore.Routing.EndpointMiddleware.<Invoke>g__AwaitRequestTask|7_0(Endpoint endpoint, Task requestTask, ILogger logger)
   at Trello.Helpers.ExceptionHandlingMiddleware.Invoke(HttpContext context) in C:\Users\User\Desktop\Trello\Helpers\ExeptionHandlingMiddleware.cs:line 21
2025-03-28 11:56:42.550 +01:00 [INF] Request starting HTTP/1.1 OPTIONS http://localhost:5196/api/auth/signup - null null
2025-03-28 11:56:42.552 +01:00 [INF] Request finished HTTP/1.1 GET http://localhost:5196/api/user/getById/5 - 500 null application/json; charset=utf-8 15429.8083ms
2025-03-28 11:56:42.578 +01:00 [INF] CORS policy execution successful.
2025-03-28 11:56:42.588 +01:00 [INF] Request finished HTTP/1.1 OPTIONS http://localhost:5196/api/auth/signup - 204 null null 39.5978ms
2025-03-28 11:56:42.648 +01:00 [INF] Request starting HTTP/1.1 POST http://localhost:5196/api/auth/signup - application/json 146
2025-03-28 11:56:42.684 +01:00 [INF] CORS policy execution successful.
2025-03-28 11:56:42.693 +01:00 [INF] Executing endpoint 'Trello.Controller.AuthController.SignUp (Trello)'
2025-03-28 11:56:42.717 +01:00 [INF] Route matched with {action = "SignUp", controller = "Auth"}. Executing controller action with signature System.Threading.Tasks.Task`1[Microsoft.AspNetCore.Mvc.IActionResult] SignUp(Trello.DTOs.RegisterRequestDto) on controller Trello.Controller.AuthController (Trello).
2025-03-28 11:56:42.976 +01:00 [INF] Executing BadRequestObjectResult, writing value of type '<>f__AnonymousType0`1[[System.Collections.Generic.IEnumerable`1[[System.Collections.Generic.List`1[[FluentResults.IError, FluentResults, Version=3.16.0.0, Culture=neutral, PublicKeyToken=null]], System.Private.CoreLib, Version=8.0.0.0, Culture=neutral, PublicKeyToken=7cec85d7bea7798e]], System.Private.CoreLib, Version=8.0.0.0, Culture=neutral, PublicKeyToken=7cec85d7bea7798e]]'.
2025-03-28 11:56:43.026 +01:00 [INF] Executed action Trello.Controller.AuthController.SignUp (Trello) in 285.1213ms
2025-03-28 11:56:43.034 +01:00 [INF] Executed endpoint 'Trello.Controller.AuthController.SignUp (Trello)'
2025-03-28 11:56:43.041 +01:00 [INF] Request finished HTTP/1.1 POST http://localhost:5196/api/auth/signup - 400 null application/json; charset=utf-8 417.5458ms
2025-03-28 11:59:40.712 +01:00 [INF] Request starting HTTP/1.1 OPTIONS http://localhost:5196/api/auth/signup - null null
2025-03-28 11:59:40.728 +01:00 [INF] CORS policy execution successful.
2025-03-28 11:59:40.734 +01:00 [INF] Request finished HTTP/1.1 OPTIONS http://localhost:5196/api/auth/signup - 204 null null 24.3601ms
2025-03-28 11:59:40.762 +01:00 [INF] Request starting HTTP/1.1 POST http://localhost:5196/api/auth/signup - application/json 146
2025-03-28 11:59:41.389 +01:00 [INF] CORS policy execution successful.
2025-03-28 11:59:41.394 +01:00 [INF] Executing endpoint 'Trello.Controller.AuthController.SignUp (Trello)'
2025-03-28 11:59:41.404 +01:00 [INF] Route matched with {action = "SignUp", controller = "Auth"}. Executing controller action with signature System.Threading.Tasks.Task`1[Microsoft.AspNetCore.Mvc.IActionResult] SignUp(Trello.DTOs.RegisterRequestDto) on controller Trello.Controller.AuthController (Trello).
2025-03-28 12:00:22.207 +01:00 [INF] Executing BadRequestObjectResult, writing value of type '<>f__AnonymousType0`1[[System.Collections.Generic.IEnumerable`1[[System.Collections.Generic.List`1[[FluentResults.IError, FluentResults, Version=3.16.0.0, Culture=neutral, PublicKeyToken=null]], System.Private.CoreLib, Version=8.0.0.0, Culture=neutral, PublicKeyToken=7cec85d7bea7798e]], System.Private.CoreLib, Version=8.0.0.0, Culture=neutral, PublicKeyToken=7cec85d7bea7798e]]'.
2025-03-28 12:00:22.241 +01:00 [INF] Executed action Trello.Controller.AuthController.SignUp (Trello) in 40819.4624ms
2025-03-28 12:00:22.256 +01:00 [INF] Executed endpoint 'Trello.Controller.AuthController.SignUp (Trello)'
2025-03-28 12:00:22.266 +01:00 [INF] Request finished HTTP/1.1 POST http://localhost:5196/api/auth/signup - 400 null application/json; charset=utf-8 41501.3641ms
2025-03-28 12:00:35.088 +01:00 [INF] Request starting HTTP/1.1 OPTIONS http://localhost:5196/api/auth/signup - null null
2025-03-28 12:00:35.125 +01:00 [INF] CORS policy execution successful.
2025-03-28 12:00:35.135 +01:00 [INF] Request finished HTTP/1.1 OPTIONS http://localhost:5196/api/auth/signup - 204 null null 48.1619ms
2025-03-28 12:00:35.157 +01:00 [INF] Request starting HTTP/1.1 POST http://localhost:5196/api/auth/signup - application/json 147
2025-03-28 12:00:35.175 +01:00 [INF] CORS policy execution successful.
2025-03-28 12:00:35.184 +01:00 [INF] Executing endpoint 'Trello.Controller.AuthController.SignUp (Trello)'
2025-03-28 12:00:35.196 +01:00 [INF] Route matched with {action = "SignUp", controller = "Auth"}. Executing controller action with signature System.Threading.Tasks.Task`1[Microsoft.AspNetCore.Mvc.IActionResult] SignUp(Trello.DTOs.RegisterRequestDto) on controller Trello.Controller.AuthController (Trello).
2025-03-28 12:00:37.427 +01:00 [INF] Executing BadRequestObjectResult, writing value of type '<>f__AnonymousType0`1[[System.Collections.Generic.IEnumerable`1[[System.Collections.Generic.List`1[[FluentResults.IError, FluentResults, Version=3.16.0.0, Culture=neutral, PublicKeyToken=null]], System.Private.CoreLib, Version=8.0.0.0, Culture=neutral, PublicKeyToken=7cec85d7bea7798e]], System.Private.CoreLib, Version=8.0.0.0, Culture=neutral, PublicKeyToken=7cec85d7bea7798e]]'.
2025-03-28 12:00:37.445 +01:00 [INF] Executed action Trello.Controller.AuthController.SignUp (Trello) in 2195.9337ms
2025-03-28 12:00:37.461 +01:00 [INF] Executed endpoint 'Trello.Controller.AuthController.SignUp (Trello)'
2025-03-28 12:00:37.476 +01:00 [INF] Request finished HTTP/1.1 POST http://localhost:5196/api/auth/signup - 400 null application/json; charset=utf-8 2320.0639ms
2025-03-28 12:01:06.183 +01:00 [INF] Request starting HTTP/1.1 OPTIONS http://localhost:5196/api/auth/signup - null null
2025-03-28 12:01:06.208 +01:00 [INF] CORS policy execution successful.
2025-03-28 12:01:06.220 +01:00 [INF] Request finished HTTP/1.1 OPTIONS http://localhost:5196/api/auth/signup - 204 null null 36.8389ms
2025-03-28 12:01:06.260 +01:00 [INF] Request starting HTTP/1.1 POST http://localhost:5196/api/auth/signup - application/json 148
2025-03-28 12:01:06.284 +01:00 [INF] CORS policy execution successful.
2025-03-28 12:01:06.293 +01:00 [INF] Executing endpoint 'Trello.Controller.AuthController.SignUp (Trello)'
2025-03-28 12:01:06.310 +01:00 [INF] Route matched with {action = "SignUp", controller = "Auth"}. Executing controller action with signature System.Threading.Tasks.Task`1[Microsoft.AspNetCore.Mvc.IActionResult] SignUp(Trello.DTOs.RegisterRequestDto) on controller Trello.Controller.AuthController (Trello).
2025-03-28 12:01:30.267 +01:00 [INF] Executed DbCommand (33ms) [Parameters=[@__normalizedUserName_0='?'], CommandType='"Text"', CommandTimeout='30']
SELECT u."Id", u."AccessFailedCount", u."ConcurrencyStamp", u."CreatedAt", u."Email", u."EmailConfirmed", u."FirstName", u."LastName", u."LockoutEnabled", u."LockoutEnd", u."NormalizedEmail", u."NormalizedUserName", u."PasswordHash", u."PhoneNumber", u."PhoneNumberConfirmed", u."RefreshToken", u."RefreshTokenExpiry", u."SecurityStamp", u."TwoFactorEnabled", u."UserName"
FROM "Users" AS u
WHERE u."NormalizedUserName" = @__normalizedUserName_0
LIMIT 1
2025-03-28 12:01:31.130 +01:00 [INF] Executed DbCommand (42ms) [Parameters=[@p0='?' (DbType = Int32), @p1='?', @p2='?' (DbType = DateTime), @p3='?', @p4='?' (DbType = Boolean), @p5='?', @p6='?', @p7='?' (DbType = Boolean), @p8='?' (DbType = DateTime), @p9='?', @p10='?', @p11='?', @p12='?', @p13='?' (DbType = Boolean), @p14='?', @p15='?' (DbType = DateTime), @p16='?', @p17='?' (DbType = Boolean), @p18='?'], CommandType='"Text"', CommandTimeout='30']
INSERT INTO "Users" ("AccessFailedCount", "ConcurrencyStamp", "CreatedAt", "Email", "EmailConfirmed", "FirstName", "LastName", "LockoutEnabled", "LockoutEnd", "NormalizedEmail", "NormalizedUserName", "PasswordHash", "PhoneNumber", "PhoneNumberConfirmed", "RefreshToken", "RefreshTokenExpiry", "SecurityStamp", "TwoFactorEnabled", "UserName")
VALUES (@p0, @p1, @p2, @p3, @p4, @p5, @p6, @p7, @p8, @p9, @p10, @p11, @p12, @p13, @p14, @p15, @p16, @p17, @p18)
RETURNING "Id";
2025-03-28 12:07:19.910 +01:00 [INF] Executing OkObjectResult, writing value of type 'FluentResults.Result`1[[Trello.DTOs.AuthResponseDto, Trello, Version=1.0.0.0, Culture=neutral, PublicKeyToken=null]]'.
2025-03-28 12:07:19.963 +01:00 [INF] Executed action Trello.Controller.AuthController.SignUp (Trello) in 373605.0706ms
2025-03-28 12:07:20.070 +01:00 [INF] Executed endpoint 'Trello.Controller.AuthController.SignUp (Trello)'
2025-03-28 12:07:20.153 +01:00 [INF] Request finished HTTP/1.1 POST http://localhost:5196/api/auth/signup - 200 null application/json; charset=utf-8 373869.3274ms
2025-03-28 12:08:33.432 +01:00 [INF] Request starting HTTP/1.1 OPTIONS http://localhost:5196/api/auth/login - null null
2025-03-28 12:08:33.467 +01:00 [INF] CORS policy execution successful.
2025-03-28 12:08:33.479 +01:00 [INF] Request finished HTTP/1.1 OPTIONS http://localhost:5196/api/auth/login - 204 null null 46.5883ms
2025-03-28 12:08:33.511 +01:00 [INF] Request starting HTTP/1.1 POST http://localhost:5196/api/auth/login - application/json 41
2025-03-28 12:08:33.707 +01:00 [INF] CORS policy execution successful.
2025-03-28 12:08:33.730 +01:00 [INF] Executing endpoint 'Trello.Controller.AuthController.Login (Trello)'
2025-03-28 12:08:33.761 +01:00 [INF] Route matched with {action = "Login", controller = "Auth"}. Executing controller action with signature System.Threading.Tasks.Task`1[Microsoft.AspNetCore.Mvc.IActionResult] Login(Trello.DTOs.UserLoginDto) on controller Trello.Controller.AuthController (Trello).
2025-03-28 12:08:38.840 +01:00 [INF] Executed DbCommand (11ms) [Parameters=[@__normalizedUserName_0='?'], CommandType='"Text"', CommandTimeout='30']
SELECT u."Id", u."AccessFailedCount", u."ConcurrencyStamp", u."CreatedAt", u."Email", u."EmailConfirmed", u."FirstName", u."LastName", u."LockoutEnabled", u."LockoutEnd", u."NormalizedEmail", u."NormalizedUserName", u."PasswordHash", u."PhoneNumber", u."PhoneNumberConfirmed", u."RefreshToken", u."RefreshTokenExpiry", u."SecurityStamp", u."TwoFactorEnabled", u."UserName"
FROM "Users" AS u
WHERE u."NormalizedUserName" = @__normalizedUserName_0
LIMIT 1
2025-03-28 12:08:39.160 +01:00 [INF] Executing OkObjectResult, writing value of type 'FluentResults.Result`1[[Trello.DTOs.AuthResponseDto, Trello, Version=1.0.0.0, Culture=neutral, PublicKeyToken=null]]'.
2025-03-28 12:08:39.174 +01:00 [INF] Executed action Trello.Controller.AuthController.Login (Trello) in 5377.9873ms
2025-03-28 12:08:39.192 +01:00 [INF] Executed endpoint 'Trello.Controller.AuthController.Login (Trello)'
2025-03-28 12:08:39.209 +01:00 [INF] Request finished HTTP/1.1 POST http://localhost:5196/api/auth/login - 200 null application/json; charset=utf-8 5698.0467ms
2025-03-28 12:08:41.278 +01:00 [INF] Request starting HTTP/1.1 OPTIONS http://localhost:5196/api/user/getById/1 - null null
2025-03-28 12:08:42.000 +01:00 [INF] CORS policy execution successful.
2025-03-28 12:08:42.014 +01:00 [INF] Request finished HTTP/1.1 OPTIONS http://localhost:5196/api/user/getById/1 - 204 null null 749.6802ms
2025-03-28 12:08:42.054 +01:00 [INF] Request starting HTTP/1.1 GET http://localhost:5196/api/user/getById/1 - null null
2025-03-28 12:08:42.083 +01:00 [INF] CORS policy execution successful.
2025-03-28 12:08:42.089 +01:00 [INF] Executing endpoint 'Trello.Controller.UserController.GetUserById (Trello)'
2025-03-28 12:08:42.100 +01:00 [INF] Route matched with {action = "GetUserById", controller = "User"}. Executing controller action with signature System.Threading.Tasks.Task`1[Microsoft.AspNetCore.Mvc.IActionResult] GetUserById(Int32) on controller Trello.Controller.UserController (Trello).
2025-03-28 12:08:42.149 +01:00 [INF] Executed DbCommand (7ms) [Parameters=[@__id_0='?' (DbType = Int32)], CommandType='"Text"', CommandTimeout='30']
SELECT u."Id", u."AccessFailedCount", u."ConcurrencyStamp", u."CreatedAt", u."Email", u."EmailConfirmed", u."FirstName", u."LastName", u."LockoutEnabled", u."LockoutEnd", u."NormalizedEmail", u."NormalizedUserName", u."PasswordHash", u."PhoneNumber", u."PhoneNumberConfirmed", u."RefreshToken", u."RefreshTokenExpiry", u."SecurityStamp", u."TwoFactorEnabled", u."UserName"
FROM "Users" AS u
WHERE u."Id" = @__id_0
LIMIT 1
2025-03-28 12:08:42.225 +01:00 [INF] Executing OkObjectResult, writing value of type 'Trello.DTOs.UserDto'.
2025-03-28 12:08:42.259 +01:00 [INF] Executed action Trello.Controller.UserController.GetUserById (Trello) in 125.9097ms
2025-03-28 12:08:42.272 +01:00 [INF] Executed endpoint 'Trello.Controller.UserController.GetUserById (Trello)'
2025-03-28 12:08:42.280 +01:00 [INF] Request finished HTTP/1.1 GET http://localhost:5196/api/user/getById/1 - 200 null application/json; charset=utf-8 226.7114ms
2025-03-28 12:08:42.320 +01:00 [INF] Request starting HTTP/1.1 GET http://localhost:5196/api/projects/getUserProjects/1 - null null
2025-03-28 12:08:42.363 +01:00 [INF] CORS policy execution successful.
2025-03-28 12:08:42.387 +01:00 [INF] Executing endpoint 'Trello.Controller.ProjectController.GetUserProjects (Trello)'
2025-03-28 12:08:42.455 +01:00 [INF] Route matched with {action = "GetUserProjects", controller = "Project"}. Executing controller action with signature System.Threading.Tasks.Task`1[Microsoft.AspNetCore.Mvc.IActionResult] GetUserProjects(Int32) on controller Trello.Controller.ProjectController (Trello).
