2025-03-30 11:40:17.921 +02:00 [INF] User profile is available. Using 'C:\Users\User\AppData\Local\ASP.NET\DataProtection-Keys' as key repository and Windows DPAPI to encrypt keys at rest.
2025-03-30 11:40:19.245 +02:00 [INF] Now listening on: http://localhost:5196
2025-03-30 11:40:19.260 +02:00 [INF] Application started. Press Ctrl+C to shut down.
2025-03-30 11:40:19.264 +02:00 [INF] Hosting environment: Development
2025-03-30 11:40:19.268 +02:00 [INF] Content root path: C:\Users\User\Desktop\Trello
2025-03-30 11:40:21.274 +02:00 [INF] Request starting HTTP/1.1 GET http://localhost:5196// - null null
2025-03-30 11:40:21.377 +02:00 [WRN] Failed to determine the https port for redirect.
2025-03-30 11:40:22.696 +02:00 [INF] Request finished HTTP/1.1 GET http://localhost:5196// - 404 0 null 1451.1992ms
2025-03-30 11:40:22.728 +02:00 [INF] Request reached the end of the middleware pipeline without being handled by application code. Request path: GET http://localhost:5196//, Response status code: 404
2025-03-30 11:41:02.699 +02:00 [INF] Request starting HTTP/1.1 OPTIONS http://localhost:5196/api/user/getById/1 - null null
2025-03-30 11:41:02.715 +02:00 [INF] CORS policy execution successful.
2025-03-30 11:41:02.722 +02:00 [INF] Request finished HTTP/1.1 OPTIONS http://localhost:5196/api/user/getById/1 - 204 null null 30.9134ms
2025-03-30 11:41:02.738 +02:00 [INF] Request starting HTTP/1.1 GET http://localhost:5196/api/user/getById/1 - null null
2025-03-30 11:41:03.393 +02:00 [INF] CORS policy execution successful.
2025-03-30 11:41:03.611 +02:00 [INF] Executing endpoint 'Trello.Controller.UserController.GetUserById (Trello)'
2025-03-30 11:41:04.382 +02:00 [INF] Route matched with {action = "GetUserById", controller = "User"}. Executing controller action with signature System.Threading.Tasks.Task`1[Microsoft.AspNetCore.Mvc.IActionResult] GetUserById(Int32) on controller Trello.Controller.UserController (Trello).
2025-03-30 11:41:06.187 +02:00 [INF] Request starting HTTP/1.1 OPTIONS http://localhost:5196/api/auth/login - null null
2025-03-30 11:41:06.199 +02:00 [INF] CORS policy execution successful.
2025-03-30 11:41:06.203 +02:00 [INF] Request finished HTTP/1.1 OPTIONS http://localhost:5196/api/auth/login - 204 null null 16.1197ms
2025-03-30 11:41:06.218 +02:00 [INF] Request starting HTTP/1.1 POST http://localhost:5196/api/auth/login - application/json 41
2025-03-30 11:41:06.258 +02:00 [INF] CORS policy execution successful.
2025-03-30 11:41:06.261 +02:00 [INF] Executing endpoint 'Trello.Controller.AuthController.Login (Trello)'
2025-03-30 11:41:06.274 +02:00 [INF] Route matched with {action = "Login", controller = "Auth"}. Executing controller action with signature System.Threading.Tasks.Task`1[Microsoft.AspNetCore.Mvc.IActionResult] Login(Trello.DTOs.UserLoginDto) on controller Trello.Controller.AuthController (Trello).
2025-03-30 11:41:08.157 +02:00 [INF] Executed DbCommand (107ms) [Parameters=[@__normalizedUserName_0='?'], CommandType='"Text"', CommandTimeout='30']
SELECT u."Id", u."AccessFailedCount", u."ConcurrencyStamp", u."CreatedAt", u."Email", u."EmailConfirmed", u."FirstName", u."LastName", u."LockoutEnabled", u."LockoutEnd", u."NormalizedEmail", u."NormalizedUserName", u."PasswordHash", u."PhoneNumber", u."PhoneNumberConfirmed", u."RefreshToken", u."RefreshTokenExpiry", u."SecurityStamp", u."TwoFactorEnabled", u."UserName"
FROM "Users" AS u
WHERE u."NormalizedUserName" = @__normalizedUserName_0
LIMIT 1
2025-03-30 11:41:08.157 +02:00 [INF] Executed DbCommand (107ms) [Parameters=[@__id_0='?' (DbType = Int32)], CommandType='"Text"', CommandTimeout='30']
SELECT u."Id", u."AccessFailedCount", u."ConcurrencyStamp", u."CreatedAt", u."Email", u."EmailConfirmed", u."FirstName", u."LastName", u."LockoutEnabled", u."LockoutEnd", u."NormalizedEmail", u."NormalizedUserName", u."PasswordHash", u."PhoneNumber", u."PhoneNumberConfirmed", u."RefreshToken", u."RefreshTokenExpiry", u."SecurityStamp", u."TwoFactorEnabled", u."UserName"
FROM "Users" AS u
WHERE u."Id" = @__id_0
LIMIT 1
2025-03-30 11:41:08.382 +02:00 [INF] Executing OkObjectResult, writing value of type 'Trello.DTOs.UserDto'.
2025-03-30 11:41:08.421 +02:00 [INF] Executed action Trello.Controller.UserController.GetUserById (Trello) in 4017.7285ms
2025-03-30 11:41:08.426 +02:00 [INF] Executed endpoint 'Trello.Controller.UserController.GetUserById (Trello)'
2025-03-30 11:41:08.436 +02:00 [INF] Request finished HTTP/1.1 GET http://localhost:5196/api/user/getById/1 - 200 null application/json; charset=utf-8 5697.9618ms
2025-03-30 11:41:08.502 +02:00 [INF] Executing OkObjectResult, writing value of type 'FluentResults.Result`1[[Trello.DTOs.AuthResponseDto, Trello, Version=1.0.0.0, Culture=neutral, PublicKeyToken=null]]'.
2025-03-30 11:41:08.526 +02:00 [INF] Executed action Trello.Controller.AuthController.Login (Trello) in 2244.2931ms
2025-03-30 11:41:08.530 +02:00 [INF] Executed endpoint 'Trello.Controller.AuthController.Login (Trello)'
2025-03-30 11:41:08.542 +02:00 [INF] Request finished HTTP/1.1 POST http://localhost:5196/api/auth/login - 200 null application/json; charset=utf-8 2323.7178ms
2025-03-30 11:41:10.592 +02:00 [INF] Request starting HTTP/1.1 OPTIONS http://localhost:5196/api/user/getById/1 - null null
2025-03-30 11:41:10.646 +02:00 [INF] CORS policy execution successful.
2025-03-30 11:41:10.679 +02:00 [INF] Request finished HTTP/1.1 OPTIONS http://localhost:5196/api/user/getById/1 - 204 null null 86.9395ms
2025-03-30 11:41:10.690 +02:00 [INF] Request starting HTTP/1.1 GET http://localhost:5196/api/user/getById/1 - null null
2025-03-30 11:41:10.698 +02:00 [INF] CORS policy execution successful.
2025-03-30 11:41:10.700 +02:00 [INF] Executing endpoint 'Trello.Controller.UserController.GetUserById (Trello)'
2025-03-30 11:41:10.706 +02:00 [INF] Route matched with {action = "GetUserById", controller = "User"}. Executing controller action with signature System.Threading.Tasks.Task`1[Microsoft.AspNetCore.Mvc.IActionResult] GetUserById(Int32) on controller Trello.Controller.UserController (Trello).
2025-03-30 11:41:10.826 +02:00 [INF] Executed DbCommand (6ms) [Parameters=[@__id_0='?' (DbType = Int32)], CommandType='"Text"', CommandTimeout='30']
SELECT u."Id", u."AccessFailedCount", u."ConcurrencyStamp", u."CreatedAt", u."Email", u."EmailConfirmed", u."FirstName", u."LastName", u."LockoutEnabled", u."LockoutEnd", u."NormalizedEmail", u."NormalizedUserName", u."PasswordHash", u."PhoneNumber", u."PhoneNumberConfirmed", u."RefreshToken", u."RefreshTokenExpiry", u."SecurityStamp", u."TwoFactorEnabled", u."UserName"
FROM "Users" AS u
WHERE u."Id" = @__id_0
LIMIT 1
2025-03-30 11:41:10.835 +02:00 [INF] Executing OkObjectResult, writing value of type 'Trello.DTOs.UserDto'.
2025-03-30 11:41:10.839 +02:00 [INF] Executed action Trello.Controller.UserController.GetUserById (Trello) in 125.6626ms
2025-03-30 11:41:10.844 +02:00 [INF] Executed endpoint 'Trello.Controller.UserController.GetUserById (Trello)'
2025-03-30 11:41:10.848 +02:00 [INF] Request finished HTTP/1.1 GET http://localhost:5196/api/user/getById/1 - 200 null application/json; charset=utf-8 158.2396ms
