2025-03-28 11:32:12.852 +01:00 [INF] User profile is available. Using 'C:\Users\User\AppData\Local\ASP.NET\DataProtection-Keys' as key repository and Windows DPAPI to encrypt keys at rest.
2025-03-28 11:32:13.708 +01:00 [INF] Now listening on: http://localhost:5196
2025-03-28 11:32:13.720 +01:00 [INF] Application started. Press Ctrl+C to shut down.
2025-03-28 11:32:13.727 +01:00 [INF] Hosting environment: Development
2025-03-28 11:32:13.737 +01:00 [INF] Content root path: C:\Users\User\Desktop\Trello
2025-03-28 11:32:15.355 +01:00 [INF] Request starting HTTP/1.1 GET http://localhost:5196// - null null
2025-03-28 11:32:15.577 +01:00 [WRN] Failed to determine the https port for redirect.
2025-03-28 11:32:16.183 +01:00 [INF] Request finished HTTP/1.1 GET http://localhost:5196// - 404 0 null 860.3242ms
2025-03-28 11:32:16.281 +01:00 [INF] Request reached the end of the middleware pipeline without being handled by application code. Request path: GET http://localhost:5196//, Response status code: 404
2025-03-28 11:32:24.527 +01:00 [INF] Request starting HTTP/1.1 OPTIONS http://localhost:5196/api/auth/login - null null
2025-03-28 11:32:24.568 +01:00 [INF] CORS policy execution successful.
2025-03-28 11:32:24.612 +01:00 [INF] Request finished HTTP/1.1 OPTIONS http://localhost:5196/api/auth/login - 204 null null 85.8694ms
2025-03-28 11:32:24.637 +01:00 [INF] Request starting HTTP/1.1 POST http://localhost:5196/api/auth/login - application/json 41
2025-03-28 11:32:24.661 +01:00 [INF] CORS policy execution successful.
2025-03-28 11:32:24.671 +01:00 [INF] Executing endpoint 'Trello.Controller.AuthController.Login (Trello)'
2025-03-28 11:32:24.790 +01:00 [INF] Route matched with {action = "Login", controller = "Auth"}. Executing controller action with signature System.Threading.Tasks.Task`1[Microsoft.AspNetCore.Mvc.IActionResult] Login(Trello.DTOs.UserLoginDto) on controller Trello.Controller.AuthController (Trello).
2025-03-28 11:32:29.707 +01:00 [INF] Executed DbCommand (168ms) [Parameters=[@__normalizedUserName_0='?'], CommandType='"Text"', CommandTimeout='30']
SELECT u."Id", u."AccessFailedCount", u."ConcurrencyStamp", u."CreatedAt", u."Email", u."EmailConfirmed", u."FirstName", u."LastName", u."LockoutEnabled", u."LockoutEnd", u."NormalizedEmail", u."NormalizedUserName", u."PasswordHash", u."PhoneNumber", u."PhoneNumberConfirmed", u."RefreshToken", u."RefreshTokenExpiry", u."SecurityStamp", u."TwoFactorEnabled", u."UserName"
FROM "Users" AS u
WHERE u."NormalizedUserName" = @__normalizedUserName_0
LIMIT 1
2025-03-28 11:32:30.597 +01:00 [INF] Executing OkObjectResult, writing value of type 'FluentResults.Result`1[[Trello.DTOs.AuthResponseDto, Trello, Version=1.0.0.0, Culture=neutral, PublicKeyToken=null]]'.
2025-03-28 11:32:30.765 +01:00 [INF] Executed action Trello.Controller.AuthController.Login (Trello) in 5906.0246ms
2025-03-28 11:32:30.781 +01:00 [INF] Executed endpoint 'Trello.Controller.AuthController.Login (Trello)'
2025-03-28 11:32:30.874 +01:00 [INF] Request finished HTTP/1.1 POST http://localhost:5196/api/auth/login - 200 null application/json; charset=utf-8 6235.7534ms
2025-03-28 11:32:32.409 +01:00 [INF] Request starting HTTP/1.1 OPTIONS http://localhost:5196/api/user/getById/5 - null null
2025-03-28 11:32:32.507 +01:00 [INF] CORS policy execution successful.
2025-03-28 11:32:32.525 +01:00 [INF] Request finished HTTP/1.1 OPTIONS http://localhost:5196/api/user/getById/5 - 204 null null 119.9443ms
2025-03-28 11:32:32.597 +01:00 [INF] Request starting HTTP/1.1 GET http://localhost:5196/api/user/getById/5 - null null
2025-03-28 11:32:32.782 +01:00 [INF] CORS policy execution successful.
2025-03-28 11:32:32.792 +01:00 [INF] Executing endpoint 'Trello.Controller.UserController.GetUserById (Trello)'
2025-03-28 11:32:32.819 +01:00 [INF] Route matched with {action = "GetUserById", controller = "User"}. Executing controller action with signature System.Threading.Tasks.Task`1[Microsoft.AspNetCore.Mvc.IActionResult] GetUserById(Int32) on controller Trello.Controller.UserController (Trello).
2025-03-28 11:32:33.087 +01:00 [INF] Executed DbCommand (13ms) [Parameters=[@__id_0='?' (DbType = Int32)], CommandType='"Text"', CommandTimeout='30']
SELECT u."Id", u."AccessFailedCount", u."ConcurrencyStamp", u."CreatedAt", u."Email", u."EmailConfirmed", u."FirstName", u."LastName", u."LockoutEnabled", u."LockoutEnd", u."NormalizedEmail", u."NormalizedUserName", u."PasswordHash", u."PhoneNumber", u."PhoneNumberConfirmed", u."RefreshToken", u."RefreshTokenExpiry", u."SecurityStamp", u."TwoFactorEnabled", u."UserName"
FROM "Users" AS u
WHERE u."Id" = @__id_0
LIMIT 1
2025-03-28 11:32:33.120 +01:00 [INF] Executing OkObjectResult, writing value of type 'Trello.DTOs.UserDto'.
2025-03-28 11:32:33.146 +01:00 [INF] Executed action Trello.Controller.UserController.GetUserById (Trello) in 303.8263ms
2025-03-28 11:32:33.156 +01:00 [INF] Executed endpoint 'Trello.Controller.UserController.GetUserById (Trello)'
2025-03-28 11:32:33.174 +01:00 [INF] Request finished HTTP/1.1 GET http://localhost:5196/api/user/getById/5 - 200 null application/json; charset=utf-8 576.4293ms
2025-03-28 11:32:33.213 +01:00 [INF] Request starting HTTP/1.1 GET http://localhost:5196/api/projects/getUserProjects/5 - null null
2025-03-28 11:32:33.241 +01:00 [INF] CORS policy execution successful.
2025-03-28 11:32:33.258 +01:00 [INF] Executing endpoint 'Trello.Controller.ProjectController.GetUserProjects (Trello)'
2025-03-28 11:32:33.292 +01:00 [INF] Route matched with {action = "GetUserProjects", controller = "Project"}. Executing controller action with signature System.Threading.Tasks.Task`1[Microsoft.AspNetCore.Mvc.IActionResult] GetUserProjects(Int32) on controller Trello.Controller.ProjectController (Trello).
2025-03-28 11:33:14.463 +01:00 [INF] User profile is available. Using 'C:\Users\User\AppData\Local\ASP.NET\DataProtection-Keys' as key repository and Windows DPAPI to encrypt keys at rest.
2025-03-28 11:33:14.860 +01:00 [INF] Now listening on: http://localhost:5196
2025-03-28 11:33:14.871 +01:00 [INF] Application started. Press Ctrl+C to shut down.
2025-03-28 11:33:14.891 +01:00 [INF] Hosting environment: Development
2025-03-28 11:33:14.896 +01:00 [INF] Content root path: C:\Users\User\Desktop\Trello
2025-03-28 11:33:15.745 +01:00 [INF] Request starting HTTP/1.1 GET http://localhost:5196// - null null
2025-03-28 11:33:15.982 +01:00 [WRN] Failed to determine the https port for redirect.
2025-03-28 11:33:16.466 +01:00 [INF] Request finished HTTP/1.1 GET http://localhost:5196// - 404 0 null 757.0856ms
2025-03-28 11:33:16.584 +01:00 [INF] Request reached the end of the middleware pipeline without being handled by application code. Request path: GET http://localhost:5196//, Response status code: 404
2025-03-28 11:34:18.416 +01:00 [INF] Request starting HTTP/1.1 OPTIONS http://localhost:5196/api/auth/login - null null
2025-03-28 11:34:18.471 +01:00 [INF] CORS policy execution successful.
2025-03-28 11:34:18.491 +01:00 [INF] Request finished HTTP/1.1 OPTIONS http://localhost:5196/api/auth/login - 204 null null 80.7841ms
2025-03-28 11:34:18.507 +01:00 [INF] Request starting HTTP/1.1 POST http://localhost:5196/api/auth/login - application/json 41
2025-03-28 11:34:18.527 +01:00 [INF] CORS policy execution successful.
2025-03-28 11:34:18.534 +01:00 [INF] Executing endpoint 'Trello.Controller.AuthController.Login (Trello)'
2025-03-28 11:34:18.611 +01:00 [INF] Route matched with {action = "Login", controller = "Auth"}. Executing controller action with signature System.Threading.Tasks.Task`1[Microsoft.AspNetCore.Mvc.IActionResult] Login(Trello.DTOs.UserLoginDto) on controller Trello.Controller.AuthController (Trello).
2025-03-28 11:34:23.550 +01:00 [INF] Executed DbCommand (196ms) [Parameters=[@__normalizedUserName_0='?'], CommandType='"Text"', CommandTimeout='30']
SELECT u."Id", u."AccessFailedCount", u."ConcurrencyStamp", u."CreatedAt", u."Email", u."EmailConfirmed", u."FirstName", u."LastName", u."LockoutEnabled", u."LockoutEnd", u."NormalizedEmail", u."NormalizedUserName", u."PasswordHash", u."PhoneNumber", u."PhoneNumberConfirmed", u."RefreshToken", u."RefreshTokenExpiry", u."SecurityStamp", u."TwoFactorEnabled", u."UserName"
FROM "Users" AS u
WHERE u."NormalizedUserName" = @__normalizedUserName_0
LIMIT 1
2025-03-28 11:34:24.378 +01:00 [INF] Executing OkObjectResult, writing value of type 'FluentResults.Result`1[[Trello.DTOs.AuthResponseDto, Trello, Version=1.0.0.0, Culture=neutral, PublicKeyToken=null]]'.
2025-03-28 11:34:24.509 +01:00 [INF] Executed action Trello.Controller.AuthController.Login (Trello) in 5869.7028ms
2025-03-28 11:34:24.519 +01:00 [INF] Executed endpoint 'Trello.Controller.AuthController.Login (Trello)'
2025-03-28 11:34:24.593 +01:00 [INF] Request finished HTTP/1.1 POST http://localhost:5196/api/auth/login - 200 null application/json; charset=utf-8 6084.8929ms
2025-03-28 11:34:26.182 +01:00 [INF] Request starting HTTP/1.1 OPTIONS http://localhost:5196/api/user/getById/5 - null null
2025-03-28 11:34:26.246 +01:00 [INF] CORS policy execution successful.
2025-03-28 11:34:26.263 +01:00 [INF] Request finished HTTP/1.1 OPTIONS http://localhost:5196/api/user/getById/5 - 204 null null 80.9685ms
2025-03-28 11:34:26.311 +01:00 [INF] Request starting HTTP/1.1 GET http://localhost:5196/api/user/getById/5 - null null
2025-03-28 11:34:26.508 +01:00 [INF] CORS policy execution successful.
2025-03-28 11:34:26.514 +01:00 [INF] Executing endpoint 'Trello.Controller.UserController.GetUserById (Trello)'
2025-03-28 11:34:26.537 +01:00 [INF] Route matched with {action = "GetUserById", controller = "User"}. Executing controller action with signature System.Threading.Tasks.Task`1[Microsoft.AspNetCore.Mvc.IActionResult] GetUserById(Int32) on controller Trello.Controller.UserController (Trello).
2025-03-28 11:34:26.809 +01:00 [INF] Executed DbCommand (16ms) [Parameters=[@__id_0='?' (DbType = Int32)], CommandType='"Text"', CommandTimeout='30']
SELECT u."Id", u."AccessFailedCount", u."ConcurrencyStamp", u."CreatedAt", u."Email", u."EmailConfirmed", u."FirstName", u."LastName", u."LockoutEnabled", u."LockoutEnd", u."NormalizedEmail", u."NormalizedUserName", u."PasswordHash", u."PhoneNumber", u."PhoneNumberConfirmed", u."RefreshToken", u."RefreshTokenExpiry", u."SecurityStamp", u."TwoFactorEnabled", u."UserName"
FROM "Users" AS u
WHERE u."Id" = @__id_0
LIMIT 1
2025-03-28 11:34:26.858 +01:00 [INF] Executing OkObjectResult, writing value of type 'Trello.DTOs.UserDto'.
2025-03-28 11:34:26.903 +01:00 [INF] Executed action Trello.Controller.UserController.GetUserById (Trello) in 344.7571ms
2025-03-28 11:34:26.926 +01:00 [INF] Executed endpoint 'Trello.Controller.UserController.GetUserById (Trello)'
2025-03-28 11:34:26.947 +01:00 [INF] Request finished HTTP/1.1 GET http://localhost:5196/api/user/getById/5 - 200 null application/json; charset=utf-8 635.4018ms
2025-03-28 11:34:26.974 +01:00 [INF] Request starting HTTP/1.1 GET http://localhost:5196/api/projects/getUserProjects/5 - null null
2025-03-28 11:34:26.995 +01:00 [INF] CORS policy execution successful.
2025-03-28 11:34:27.003 +01:00 [INF] Executing endpoint 'Trello.Controller.ProjectController.GetUserProjects (Trello)'
2025-03-28 11:34:27.022 +01:00 [INF] Route matched with {action = "GetUserProjects", controller = "Project"}. Executing controller action with signature System.Threading.Tasks.Task`1[Microsoft.AspNetCore.Mvc.IActionResult] GetUserProjects(Int32) on controller Trello.Controller.ProjectController (Trello).
