2025-04-04 10:56:43.258 +02:00 [INF] User profile is available. Using 'C:\Users\User\AppData\Local\ASP.NET\DataProtection-Keys' as key repository and Windows DPAPI to encrypt keys at rest.
2025-04-04 10:56:45.629 +02:00 [INF] Now listening on: http://localhost:5196
2025-04-04 10:56:46.008 +02:00 [INF] Application started. Press Ctrl+C to shut down.
2025-04-04 10:56:46.013 +02:00 [INF] Hosting environment: Development
2025-04-04 10:56:46.022 +02:00 [INF] Content root path: C:\Users\User\Desktop\TaskManagment\Trello
2025-04-04 10:56:48.277 +02:00 [INF] Request starting HTTP/1.1 GET http://localhost:5196// - null null
2025-04-04 10:56:48.405 +02:00 [WRN] Failed to determine the https port for redirect.
2025-04-04 10:56:49.089 +02:00 [INF] Request finished HTTP/1.1 GET http://localhost:5196// - 404 0 null 850.4346ms
2025-04-04 10:56:49.590 +02:00 [INF] Request reached the end of the middleware pipeline without being handled by application code. Request path: GET http://localhost:5196//, Response status code: 404
2025-04-04 10:57:03.291 +02:00 [INF] Request starting HTTP/1.1 OPTIONS http://localhost:5196/api/auth/login - null null
2025-04-04 10:57:03.498 +02:00 [INF] CORS policy execution successful.
2025-04-04 10:57:03.514 +02:00 [INF] Request finished HTTP/1.1 OPTIONS http://localhost:5196/api/auth/login - 204 null null 229.3701ms
2025-04-04 10:57:03.541 +02:00 [INF] Request starting HTTP/1.1 POST http://localhost:5196/api/auth/login - application/json 40
2025-04-04 10:57:03.569 +02:00 [INF] CORS policy execution successful.
2025-04-04 10:57:03.581 +02:00 [INF] Executing endpoint 'Trello.Controller.AuthController.Login (Trello)'
2025-04-04 10:57:03.700 +02:00 [INF] Route matched with {action = "Login", controller = "Auth"}. Executing controller action with signature System.Threading.Tasks.Task`1[Microsoft.AspNetCore.Mvc.IActionResult] Login(Trello.DTOs.UserLoginDto) on controller Trello.Controller.AuthController (Trello).
2025-04-04 10:57:09.896 +02:00 [INF] Executed DbCommand (216ms) [Parameters=[@__normalizedUserName_0='?'], CommandType='"Text"', CommandTimeout='30']
SELECT u."Id", u."AccessFailedCount", u."ConcurrencyStamp", u."CreatedAt", u."Email", u."EmailConfirmed", u."FirstName", u."LastName", u."LockoutEnabled", u."LockoutEnd", u."NormalizedEmail", u."NormalizedUserName", u."PasswordHash", u."PhoneNumber", u."PhoneNumberConfirmed", u."RefreshToken", u."RefreshTokenExpiry", u."SecurityStamp", u."TwoFactorEnabled", u."UserName"
FROM "Users" AS u
WHERE u."NormalizedUserName" = @__normalizedUserName_0
LIMIT 1
2025-04-04 10:57:11.130 +02:00 [INF] Executed DbCommand (29ms) [Parameters=[@p2='?' (DbType = Int32), @p0='?', @p1='?' (DbType = DateTime)], CommandType='"Text"', CommandTimeout='30']
UPDATE "Users" SET "RefreshToken" = @p0, "RefreshTokenExpiry" = @p1
WHERE "Id" = @p2;
2025-04-04 10:57:11.199 +02:00 [INF] Executing OkObjectResult, writing value of type 'FluentResults.Result`1[[Trello.DTOs.AuthResponseDto, Trello, Version=1.0.0.0, Culture=neutral, PublicKeyToken=null]]'.
2025-04-04 10:57:11.320 +02:00 [INF] Executed action Trello.Controller.AuthController.Login (Trello) in 7577.5461ms
2025-04-04 10:57:11.336 +02:00 [INF] Executed endpoint 'Trello.Controller.AuthController.Login (Trello)'
2025-04-04 10:57:11.391 +02:00 [INF] Request finished HTTP/1.1 POST http://localhost:5196/api/auth/login - 200 null application/json; charset=utf-8 7849.6245ms
2025-04-04 10:57:13.619 +02:00 [INF] Request starting HTTP/1.1 OPTIONS http://localhost:5196/api/user/getById/1 - null null
2025-04-04 10:57:13.664 +02:00 [INF] CORS policy execution successful.
2025-04-04 10:57:13.681 +02:00 [INF] Request finished HTTP/1.1 OPTIONS http://localhost:5196/api/user/getById/1 - 204 null null 62.9805ms
2025-04-04 10:57:13.712 +02:00 [INF] Request starting HTTP/1.1 GET http://localhost:5196/api/user/getById/1 - null null
2025-04-04 10:57:13.927 +02:00 [INF] CORS policy execution successful.
2025-04-04 10:57:13.936 +02:00 [INF] Executing endpoint 'Trello.Controller.UserController.GetUserById (Trello)'
2025-04-04 10:57:13.977 +02:00 [INF] Route matched with {action = "GetUserById", controller = "User"}. Executing controller action with signature System.Threading.Tasks.Task`1[Microsoft.AspNetCore.Mvc.IActionResult] GetUserById(Int32) on controller Trello.Controller.UserController (Trello).
2025-04-04 10:57:14.284 +02:00 [INF] Executed DbCommand (3ms) [Parameters=[@__id_0='?' (DbType = Int32)], CommandType='"Text"', CommandTimeout='30']
SELECT u."Id", u."AccessFailedCount", u."ConcurrencyStamp", u."CreatedAt", u."Email", u."EmailConfirmed", u."FirstName", u."LastName", u."LockoutEnabled", u."LockoutEnd", u."NormalizedEmail", u."NormalizedUserName", u."PasswordHash", u."PhoneNumber", u."PhoneNumberConfirmed", u."RefreshToken", u."RefreshTokenExpiry", u."SecurityStamp", u."TwoFactorEnabled", u."UserName"
FROM "Users" AS u
WHERE u."Id" = @__id_0
LIMIT 1
2025-04-04 10:57:14.337 +02:00 [INF] Executing OkObjectResult, writing value of type 'Trello.DTOs.UserDto'.
2025-04-04 10:57:14.379 +02:00 [INF] Executed action Trello.Controller.UserController.GetUserById (Trello) in 365.1177ms
2025-04-04 10:57:14.390 +02:00 [INF] Executed endpoint 'Trello.Controller.UserController.GetUserById (Trello)'
2025-04-04 10:57:14.408 +02:00 [INF] Request finished HTTP/1.1 GET http://localhost:5196/api/user/getById/1 - 200 null application/json; charset=utf-8 695.7324ms
2025-04-04 10:57:14.469 +02:00 [INF] Request starting HTTP/1.1 GET http://localhost:5196/api/projects/getUserProjects/1 - null null
2025-04-04 10:57:14.498 +02:00 [INF] CORS policy execution successful.
2025-04-04 10:57:14.513 +02:00 [INF] Executing endpoint 'Trello.Controller.ProjectController.GetUserProjects (Trello)'
2025-04-04 10:57:14.536 +02:00 [INF] Route matched with {action = "GetUserProjects", controller = "Project"}. Executing controller action with signature System.Threading.Tasks.Task`1[Microsoft.AspNetCore.Mvc.IActionResult] GetUserProjects(Int32) on controller Trello.Controller.ProjectController (Trello).
2025-04-04 10:57:14.865 +02:00 [INF] Executed DbCommand (17ms) [Parameters=[@__userId_0='?' (DbType = Int32)], CommandType='"Text"', CommandTimeout='30']
SELECT p."Id", p."BacklogId", p."BoardId", p."Name", p."OwnerId"
FROM "Projects" AS p
WHERE EXISTS (
    SELECT 1
    FROM "UserProject" AS u
    WHERE p."Id" = u."ProjectId" AND u."UserId" = @__userId_0) OR p."OwnerId" = @__userId_0
2025-04-04 10:57:14.949 +02:00 [INF] Executing OkObjectResult, writing value of type 'System.Collections.Generic.List`1[[Trello.DTOs.ProjectDetailsDto, Trello, Version=1.0.0.0, Culture=neutral, PublicKeyToken=null]]'.
2025-04-04 10:57:14.975 +02:00 [INF] Executed action Trello.Controller.ProjectController.GetUserProjects (Trello) in 400.1731ms
2025-04-04 10:57:14.987 +02:00 [INF] Executed endpoint 'Trello.Controller.ProjectController.GetUserProjects (Trello)'
2025-04-04 10:57:15.001 +02:00 [INF] Request finished HTTP/1.1 GET http://localhost:5196/api/projects/getUserProjects/1 - 200 null application/json; charset=utf-8 532.5252ms
2025-04-04 10:57:15.099 +02:00 [INF] Request starting HTTP/1.1 OPTIONS http://localhost:5196/api/boards/getById/1 - null null
2025-04-04 10:57:15.141 +02:00 [INF] CORS policy execution successful.
2025-04-04 10:57:15.147 +02:00 [INF] Request finished HTTP/1.1 OPTIONS http://localhost:5196/api/boards/getById/1 - 204 null null 48.1523ms
2025-04-04 10:57:15.172 +02:00 [INF] Request starting HTTP/1.1 GET http://localhost:5196/api/boards/getById/1 - null null
2025-04-04 10:57:15.191 +02:00 [INF] CORS policy execution successful.
2025-04-04 10:57:15.197 +02:00 [INF] Executing endpoint 'Trello.Controller.BoardController.GetById (Trello)'
2025-04-04 10:57:15.214 +02:00 [INF] Route matched with {action = "GetById", controller = "Board"}. Executing controller action with signature System.Threading.Tasks.Task`1[Microsoft.AspNetCore.Mvc.IActionResult] GetById(Int32) on controller Trello.Controller.BoardController (Trello).
2025-04-04 10:57:15.265 +02:00 [INF] Executed DbCommand (8ms) [Parameters=[@__id_0='?' (DbType = Int32)], CommandType='"Text"', CommandTimeout='30']
SELECT b."Id", b."ActiveSprintId", b."Description", b."Name", b."ProjectId"
FROM "Boards" AS b
WHERE b."Id" = @__id_0
LIMIT 1
2025-04-04 10:57:15.342 +02:00 [INF] Executing OkObjectResult, writing value of type 'Trello.DTOs.BoardDto'.
2025-04-04 10:57:15.364 +02:00 [INF] Executed action Trello.Controller.BoardController.GetById (Trello) in 131.0552ms
2025-04-04 10:57:15.377 +02:00 [INF] Executed endpoint 'Trello.Controller.BoardController.GetById (Trello)'
2025-04-04 10:57:15.388 +02:00 [INF] Request finished HTTP/1.1 GET http://localhost:5196/api/boards/getById/1 - 200 null application/json; charset=utf-8 216.2273ms
2025-04-04 10:58:57.991 +02:00 [INF] Request starting HTTP/1.1 OPTIONS http://localhost:5196/api/boards/getById/1 - null null
2025-04-04 10:58:58.009 +02:00 [INF] CORS policy execution successful.
2025-04-04 10:58:58.019 +02:00 [INF] Request finished HTTP/1.1 OPTIONS http://localhost:5196/api/boards/getById/1 - 204 null null 62.8794ms
2025-04-04 10:58:58.049 +02:00 [INF] Request starting HTTP/1.1 GET http://localhost:5196/api/boards/getById/1 - null null
2025-04-04 10:58:58.067 +02:00 [INF] CORS policy execution successful.
2025-04-04 10:58:58.079 +02:00 [INF] Executing endpoint 'Trello.Controller.BoardController.GetById (Trello)'
2025-04-04 10:58:58.089 +02:00 [INF] Route matched with {action = "GetById", controller = "Board"}. Executing controller action with signature System.Threading.Tasks.Task`1[Microsoft.AspNetCore.Mvc.IActionResult] GetById(Int32) on controller Trello.Controller.BoardController (Trello).
2025-04-04 10:58:58.140 +02:00 [INF] Executed DbCommand (6ms) [Parameters=[@__id_0='?' (DbType = Int32)], CommandType='"Text"', CommandTimeout='30']
SELECT b."Id", b."ActiveSprintId", b."Description", b."Name", b."ProjectId"
FROM "Boards" AS b
WHERE b."Id" = @__id_0
LIMIT 1
2025-04-04 10:58:58.226 +02:00 [INF] Executing OkObjectResult, writing value of type 'Trello.DTOs.BoardDto'.
2025-04-04 10:58:58.235 +02:00 [INF] Executed action Trello.Controller.BoardController.GetById (Trello) in 121.7124ms
2025-04-04 10:58:58.243 +02:00 [INF] Executed endpoint 'Trello.Controller.BoardController.GetById (Trello)'
2025-04-04 10:58:58.251 +02:00 [INF] Request finished HTTP/1.1 GET http://localhost:5196/api/boards/getById/1 - 200 null application/json; charset=utf-8 202.5611ms
2025-04-04 11:01:25.216 +02:00 [INF] Request starting HTTP/1.1 OPTIONS http://localhost:5196/api/user/getById/1 - null null
2025-04-04 11:01:25.459 +02:00 [INF] Request starting HTTP/1.1 OPTIONS http://localhost:5196/api/user/getById/1 - null null
2025-04-04 11:01:25.501 +02:00 [INF] CORS policy execution successful.
2025-04-04 11:01:25.508 +02:00 [INF] CORS policy execution successful.
2025-04-04 11:01:25.528 +02:00 [INF] Request finished HTTP/1.1 OPTIONS http://localhost:5196/api/user/getById/1 - 204 null null 68.5565ms
2025-04-04 11:01:25.689 +02:00 [INF] Request starting HTTP/1.1 GET http://localhost:5196/api/user/getById/1 - null null
2025-04-04 11:01:25.706 +02:00 [INF] CORS policy execution successful.
2025-04-04 11:01:25.711 +02:00 [INF] Executing endpoint 'Trello.Controller.UserController.GetUserById (Trello)'
2025-04-04 11:01:25.722 +02:00 [INF] Route matched with {action = "GetUserById", controller = "User"}. Executing controller action with signature System.Threading.Tasks.Task`1[Microsoft.AspNetCore.Mvc.IActionResult] GetUserById(Int32) on controller Trello.Controller.UserController (Trello).
2025-04-04 11:01:25.523 +02:00 [INF] Request finished HTTP/1.1 OPTIONS http://localhost:5196/api/user/getById/1 - 204 null null 307.0258ms
2025-04-04 11:01:25.814 +02:00 [INF] Executed DbCommand (18ms) [Parameters=[@__id_0='?' (DbType = Int32)], CommandType='"Text"', CommandTimeout='30']
SELECT u."Id", u."AccessFailedCount", u."ConcurrencyStamp", u."CreatedAt", u."Email", u."EmailConfirmed", u."FirstName", u."LastName", u."LockoutEnabled", u."LockoutEnd", u."NormalizedEmail", u."NormalizedUserName", u."PasswordHash", u."PhoneNumber", u."PhoneNumberConfirmed", u."RefreshToken", u."RefreshTokenExpiry", u."SecurityStamp", u."TwoFactorEnabled", u."UserName"
FROM "Users" AS u
WHERE u."Id" = @__id_0
LIMIT 1
2025-04-04 11:01:25.991 +02:00 [INF] Executing OkObjectResult, writing value of type 'Trello.DTOs.UserDto'.
2025-04-04 11:01:25.999 +02:00 [INF] Executed action Trello.Controller.UserController.GetUserById (Trello) in 257.9334ms
2025-04-04 11:01:26.010 +02:00 [INF] Executed endpoint 'Trello.Controller.UserController.GetUserById (Trello)'
2025-04-04 11:01:26.018 +02:00 [INF] Request finished HTTP/1.1 GET http://localhost:5196/api/user/getById/1 - 200 null application/json; charset=utf-8 328.1498ms
2025-04-04 11:01:26.046 +02:00 [INF] Request starting HTTP/1.1 GET http://localhost:5196/api/projects/getUserProjects/1 - null null
2025-04-04 11:01:26.011 +02:00 [INF] Request starting HTTP/1.1 GET http://localhost:5196/api/user/getById/1 - null null
2025-04-04 11:01:26.101 +02:00 [INF] CORS policy execution successful.
2025-04-04 11:01:26.110 +02:00 [INF] Executing endpoint 'Trello.Controller.UserController.GetUserById (Trello)'
2025-04-04 11:01:26.118 +02:00 [INF] Route matched with {action = "GetUserById", controller = "User"}. Executing controller action with signature System.Threading.Tasks.Task`1[Microsoft.AspNetCore.Mvc.IActionResult] GetUserById(Int32) on controller Trello.Controller.UserController (Trello).
2025-04-04 11:01:26.092 +02:00 [INF] CORS policy execution successful.
2025-04-04 11:01:26.168 +02:00 [INF] Executing endpoint 'Trello.Controller.ProjectController.GetUserProjects (Trello)'
2025-04-04 11:01:26.166 +02:00 [INF] Executed DbCommand (18ms) [Parameters=[@__id_0='?' (DbType = Int32)], CommandType='"Text"', CommandTimeout='30']
SELECT u."Id", u."AccessFailedCount", u."ConcurrencyStamp", u."CreatedAt", u."Email", u."EmailConfirmed", u."FirstName", u."LastName", u."LockoutEnabled", u."LockoutEnd", u."NormalizedEmail", u."NormalizedUserName", u."PasswordHash", u."PhoneNumber", u."PhoneNumberConfirmed", u."RefreshToken", u."RefreshTokenExpiry", u."SecurityStamp", u."TwoFactorEnabled", u."UserName"
FROM "Users" AS u
WHERE u."Id" = @__id_0
LIMIT 1
2025-04-04 11:01:26.174 +02:00 [INF] Route matched with {action = "GetUserProjects", controller = "Project"}. Executing controller action with signature System.Threading.Tasks.Task`1[Microsoft.AspNetCore.Mvc.IActionResult] GetUserProjects(Int32) on controller Trello.Controller.ProjectController (Trello).
2025-04-04 11:01:26.221 +02:00 [INF] Executing OkObjectResult, writing value of type 'Trello.DTOs.UserDto'.
2025-04-04 11:01:26.245 +02:00 [INF] Executed action Trello.Controller.UserController.GetUserById (Trello) in 101.8275ms
2025-04-04 11:01:26.245 +02:00 [INF] Executed DbCommand (6ms) [Parameters=[@__userId_0='?' (DbType = Int32)], CommandType='"Text"', CommandTimeout='30']
SELECT p."Id", p."BacklogId", p."BoardId", p."Name", p."OwnerId"
FROM "Projects" AS p
WHERE EXISTS (
    SELECT 1
    FROM "UserProject" AS u
    WHERE p."Id" = u."ProjectId" AND u."UserId" = @__userId_0) OR p."OwnerId" = @__userId_0
2025-04-04 11:01:26.279 +02:00 [INF] Executed endpoint 'Trello.Controller.UserController.GetUserById (Trello)'
2025-04-04 11:01:26.301 +02:00 [INF] Executing OkObjectResult, writing value of type 'System.Collections.Generic.List`1[[Trello.DTOs.ProjectDetailsDto, Trello, Version=1.0.0.0, Culture=neutral, PublicKeyToken=null]]'.
2025-04-04 11:01:26.323 +02:00 [INF] Request finished HTTP/1.1 GET http://localhost:5196/api/user/getById/1 - 200 null application/json; charset=utf-8 312.4823ms
2025-04-04 11:01:26.341 +02:00 [INF] Executed action Trello.Controller.ProjectController.GetUserProjects (Trello) in 110.0017ms
2025-04-04 11:01:26.368 +02:00 [INF] Executed endpoint 'Trello.Controller.ProjectController.GetUserProjects (Trello)'
2025-04-04 11:01:26.379 +02:00 [INF] Request finished HTTP/1.1 GET http://localhost:5196/api/projects/getUserProjects/1 - 200 null application/json; charset=utf-8 332.7262ms
2025-04-04 11:01:26.461 +02:00 [INF] Request starting HTTP/1.1 OPTIONS http://localhost:5196/api/boards/getById/1 - null null
2025-04-04 11:01:26.500 +02:00 [INF] CORS policy execution successful.
2025-04-04 11:01:26.522 +02:00 [INF] Request finished HTTP/1.1 OPTIONS http://localhost:5196/api/boards/getById/1 - 204 null null 60.7483ms
2025-04-04 11:01:26.610 +02:00 [INF] Request starting HTTP/1.1 GET http://localhost:5196/api/boards/getById/1 - null null
2025-04-04 11:01:26.634 +02:00 [INF] CORS policy execution successful.
2025-04-04 11:01:26.642 +02:00 [INF] Executing endpoint 'Trello.Controller.BoardController.GetById (Trello)'
2025-04-04 11:01:26.650 +02:00 [INF] Route matched with {action = "GetById", controller = "Board"}. Executing controller action with signature System.Threading.Tasks.Task`1[Microsoft.AspNetCore.Mvc.IActionResult] GetById(Int32) on controller Trello.Controller.BoardController (Trello).
2025-04-04 11:01:26.682 +02:00 [INF] Executed DbCommand (2ms) [Parameters=[@__id_0='?' (DbType = Int32)], CommandType='"Text"', CommandTimeout='30']
SELECT b."Id", b."ActiveSprintId", b."Description", b."Name", b."ProjectId"
FROM "Boards" AS b
WHERE b."Id" = @__id_0
LIMIT 1
2025-04-04 11:01:26.716 +02:00 [INF] Executing OkObjectResult, writing value of type 'Trello.DTOs.BoardDto'.
2025-04-04 11:01:26.734 +02:00 [INF] Executed action Trello.Controller.BoardController.GetById (Trello) in 60.0961ms
2025-04-04 11:01:26.792 +02:00 [INF] Executed endpoint 'Trello.Controller.BoardController.GetById (Trello)'
2025-04-04 11:01:26.803 +02:00 [INF] Request finished HTTP/1.1 GET http://localhost:5196/api/boards/getById/1 - 200 null application/json; charset=utf-8 193.6555ms
2025-04-04 11:02:27.905 +02:00 [INF] Request starting HTTP/1.1 OPTIONS http://localhost:5196/api/user/getById/1 - null null
2025-04-04 11:02:27.948 +02:00 [INF] CORS policy execution successful.
2025-04-04 11:02:27.975 +02:00 [INF] Request starting HTTP/1.1 OPTIONS http://localhost:5196/api/user/getById/1 - null null
2025-04-04 11:02:28.017 +02:00 [INF] Request finished HTTP/1.1 OPTIONS http://localhost:5196/api/user/getById/1 - 204 null null 112.5348ms
2025-04-04 11:02:28.048 +02:00 [INF] CORS policy execution successful.
2025-04-04 11:02:28.081 +02:00 [INF] Request starting HTTP/1.1 GET http://localhost:5196/api/user/getById/1 - null null
2025-04-04 11:02:28.141 +02:00 [INF] CORS policy execution successful.
2025-04-04 11:02:28.085 +02:00 [INF] Request finished HTTP/1.1 OPTIONS http://localhost:5196/api/user/getById/1 - 204 null null 110.0633ms
2025-04-04 11:02:28.173 +02:00 [INF] Executing endpoint 'Trello.Controller.UserController.GetUserById (Trello)'
2025-04-04 11:02:28.196 +02:00 [INF] Route matched with {action = "GetUserById", controller = "User"}. Executing controller action with signature System.Threading.Tasks.Task`1[Microsoft.AspNetCore.Mvc.IActionResult] GetUserById(Int32) on controller Trello.Controller.UserController (Trello).
2025-04-04 11:02:28.411 +02:00 [INF] Executed DbCommand (7ms) [Parameters=[@__id_0='?' (DbType = Int32)], CommandType='"Text"', CommandTimeout='30']
SELECT u."Id", u."AccessFailedCount", u."ConcurrencyStamp", u."CreatedAt", u."Email", u."EmailConfirmed", u."FirstName", u."LastName", u."LockoutEnabled", u."LockoutEnd", u."NormalizedEmail", u."NormalizedUserName", u."PasswordHash", u."PhoneNumber", u."PhoneNumberConfirmed", u."RefreshToken", u."RefreshTokenExpiry", u."SecurityStamp", u."TwoFactorEnabled", u."UserName"
FROM "Users" AS u
WHERE u."Id" = @__id_0
LIMIT 1
2025-04-04 11:02:28.467 +02:00 [INF] Executing OkObjectResult, writing value of type 'Trello.DTOs.UserDto'.
2025-04-04 11:02:28.482 +02:00 [INF] Executed action Trello.Controller.UserController.GetUserById (Trello) in 255.7702ms
2025-04-04 11:02:28.485 +02:00 [INF] Request starting HTTP/1.1 GET http://localhost:5196/api/user/getById/1 - null null
2025-04-04 11:02:28.525 +02:00 [INF] CORS policy execution successful.
2025-04-04 11:02:28.506 +02:00 [INF] Executed endpoint 'Trello.Controller.UserController.GetUserById (Trello)'
2025-04-04 11:02:28.537 +02:00 [INF] Executing endpoint 'Trello.Controller.UserController.GetUserById (Trello)'
2025-04-04 11:02:28.559 +02:00 [INF] Request finished HTTP/1.1 GET http://localhost:5196/api/user/getById/1 - 200 null application/json; charset=utf-8 477.5305ms
2025-04-04 11:02:28.606 +02:00 [INF] Request starting HTTP/1.1 GET http://localhost:5196/api/projects/getUserProjects/1 - null null
2025-04-04 11:02:28.565 +02:00 [INF] Route matched with {action = "GetUserById", controller = "User"}. Executing controller action with signature System.Threading.Tasks.Task`1[Microsoft.AspNetCore.Mvc.IActionResult] GetUserById(Int32) on controller Trello.Controller.UserController (Trello).
2025-04-04 11:02:28.646 +02:00 [INF] CORS policy execution successful.
2025-04-04 11:02:28.670 +02:00 [INF] Executed DbCommand (5ms) [Parameters=[@__id_0='?' (DbType = Int32)], CommandType='"Text"', CommandTimeout='30']
SELECT u."Id", u."AccessFailedCount", u."ConcurrencyStamp", u."CreatedAt", u."Email", u."EmailConfirmed", u."FirstName", u."LastName", u."LockoutEnabled", u."LockoutEnd", u."NormalizedEmail", u."NormalizedUserName", u."PasswordHash", u."PhoneNumber", u."PhoneNumberConfirmed", u."RefreshToken", u."RefreshTokenExpiry", u."SecurityStamp", u."TwoFactorEnabled", u."UserName"
FROM "Users" AS u
WHERE u."Id" = @__id_0
LIMIT 1
2025-04-04 11:02:28.675 +02:00 [INF] Executing endpoint 'Trello.Controller.ProjectController.GetUserProjects (Trello)'
2025-04-04 11:02:28.721 +02:00 [INF] Executing OkObjectResult, writing value of type 'Trello.DTOs.UserDto'.
2025-04-04 11:02:28.737 +02:00 [INF] Route matched with {action = "GetUserProjects", controller = "Project"}. Executing controller action with signature System.Threading.Tasks.Task`1[Microsoft.AspNetCore.Mvc.IActionResult] GetUserProjects(Int32) on controller Trello.Controller.ProjectController (Trello).
2025-04-04 11:02:28.746 +02:00 [INF] Executed action Trello.Controller.UserController.GetUserById (Trello) in 85.9724ms
2025-04-04 11:02:28.782 +02:00 [INF] Executed endpoint 'Trello.Controller.UserController.GetUserById (Trello)'
2025-04-04 11:02:28.801 +02:00 [INF] Request finished HTTP/1.1 GET http://localhost:5196/api/user/getById/1 - 200 null application/json; charset=utf-8 315.9186ms
2025-04-04 11:02:28.796 +02:00 [INF] Executed DbCommand (11ms) [Parameters=[@__userId_0='?' (DbType = Int32)], CommandType='"Text"', CommandTimeout='30']
SELECT p."Id", p."BacklogId", p."BoardId", p."Name", p."OwnerId"
FROM "Projects" AS p
WHERE EXISTS (
    SELECT 1
    FROM "UserProject" AS u
    WHERE p."Id" = u."ProjectId" AND u."UserId" = @__userId_0) OR p."OwnerId" = @__userId_0
2025-04-04 11:02:28.900 +02:00 [INF] Executing OkObjectResult, writing value of type 'System.Collections.Generic.List`1[[Trello.DTOs.ProjectDetailsDto, Trello, Version=1.0.0.0, Culture=neutral, PublicKeyToken=null]]'.
2025-04-04 11:02:28.917 +02:00 [INF] Executed action Trello.Controller.ProjectController.GetUserProjects (Trello) in 141.1185ms
2025-04-04 11:02:28.935 +02:00 [INF] Executed endpoint 'Trello.Controller.ProjectController.GetUserProjects (Trello)'
2025-04-04 11:02:28.948 +02:00 [INF] Request finished HTTP/1.1 GET http://localhost:5196/api/projects/getUserProjects/1 - 200 null application/json; charset=utf-8 341.6926ms
2025-04-04 11:02:29.019 +02:00 [INF] Request starting HTTP/1.1 OPTIONS http://localhost:5196/api/boards/getById/1 - null null
2025-04-04 11:02:29.047 +02:00 [INF] CORS policy execution successful.
2025-04-04 11:02:29.057 +02:00 [INF] Request finished HTTP/1.1 OPTIONS http://localhost:5196/api/boards/getById/1 - 204 null null 38.0701ms
2025-04-04 11:02:29.081 +02:00 [INF] Request starting HTTP/1.1 GET http://localhost:5196/api/boards/getById/1 - null null
2025-04-04 11:02:29.103 +02:00 [INF] CORS policy execution successful.
2025-04-04 11:02:29.108 +02:00 [INF] Executing endpoint 'Trello.Controller.BoardController.GetById (Trello)'
2025-04-04 11:02:29.120 +02:00 [INF] Route matched with {action = "GetById", controller = "Board"}. Executing controller action with signature System.Threading.Tasks.Task`1[Microsoft.AspNetCore.Mvc.IActionResult] GetById(Int32) on controller Trello.Controller.BoardController (Trello).
2025-04-04 11:02:29.156 +02:00 [INF] Executed DbCommand (6ms) [Parameters=[@__id_0='?' (DbType = Int32)], CommandType='"Text"', CommandTimeout='30']
SELECT b."Id", b."ActiveSprintId", b."Description", b."Name", b."ProjectId"
FROM "Boards" AS b
WHERE b."Id" = @__id_0
LIMIT 1
2025-04-04 11:02:29.182 +02:00 [INF] Executing OkObjectResult, writing value of type 'Trello.DTOs.BoardDto'.
2025-04-04 11:02:29.192 +02:00 [INF] Executed action Trello.Controller.BoardController.GetById (Trello) in 45.8175ms
2025-04-04 11:02:29.205 +02:00 [INF] Executed endpoint 'Trello.Controller.BoardController.GetById (Trello)'
2025-04-04 11:02:29.212 +02:00 [INF] Request finished HTTP/1.1 GET http://localhost:5196/api/boards/getById/1 - 200 null application/json; charset=utf-8 131.0025ms
2025-04-04 11:02:57.249 +02:00 [INF] Request starting HTTP/1.1 OPTIONS http://localhost:5196/api/user/getById/1 - null null
2025-04-04 11:02:56.944 +02:00 [INF] Request starting HTTP/1.1 OPTIONS http://localhost:5196/api/user/getById/1 - null null
2025-04-04 11:02:59.533 +02:00 [INF] CORS policy execution successful.
2025-04-04 11:02:59.534 +02:00 [INF] CORS policy execution successful.
2025-04-04 11:02:59.544 +02:00 [INF] Request finished HTTP/1.1 OPTIONS http://localhost:5196/api/user/getById/1 - 204 null null 2600.1835ms
2025-04-04 11:02:59.555 +02:00 [INF] Request finished HTTP/1.1 OPTIONS http://localhost:5196/api/user/getById/1 - 204 null null 2305.8501ms
2025-04-04 11:02:59.623 +02:00 [INF] Request starting HTTP/1.1 GET http://localhost:5196/api/user/getById/1 - null null
2025-04-04 11:02:59.661 +02:00 [INF] CORS policy execution successful.
2025-04-04 11:02:59.670 +02:00 [INF] Executing endpoint 'Trello.Controller.UserController.GetUserById (Trello)'
2025-04-04 11:02:59.684 +02:00 [INF] Route matched with {action = "GetUserById", controller = "User"}. Executing controller action with signature System.Threading.Tasks.Task`1[Microsoft.AspNetCore.Mvc.IActionResult] GetUserById(Int32) on controller Trello.Controller.UserController (Trello).
2025-04-04 11:02:59.739 +02:00 [INF] Executed DbCommand (18ms) [Parameters=[@__id_0='?' (DbType = Int32)], CommandType='"Text"', CommandTimeout='30']
SELECT u."Id", u."AccessFailedCount", u."ConcurrencyStamp", u."CreatedAt", u."Email", u."EmailConfirmed", u."FirstName", u."LastName", u."LockoutEnabled", u."LockoutEnd", u."NormalizedEmail", u."NormalizedUserName", u."PasswordHash", u."PhoneNumber", u."PhoneNumberConfirmed", u."RefreshToken", u."RefreshTokenExpiry", u."SecurityStamp", u."TwoFactorEnabled", u."UserName"
FROM "Users" AS u
WHERE u."Id" = @__id_0
LIMIT 1
2025-04-04 11:02:59.927 +02:00 [INF] Executing OkObjectResult, writing value of type 'Trello.DTOs.UserDto'.
2025-04-04 11:02:59.945 +02:00 [INF] Executed action Trello.Controller.UserController.GetUserById (Trello) in 228.963ms
2025-04-04 11:02:59.952 +02:00 [INF] Request starting HTTP/1.1 GET http://localhost:5196/api/user/getById/1 - null null
2025-04-04 11:02:59.973 +02:00 [INF] Executed endpoint 'Trello.Controller.UserController.GetUserById (Trello)'
2025-04-04 11:02:59.980 +02:00 [INF] CORS policy execution successful.
2025-04-04 11:03:00.004 +02:00 [INF] Executing endpoint 'Trello.Controller.UserController.GetUserById (Trello)'
2025-04-04 11:03:00.021 +02:00 [INF] Route matched with {action = "GetUserById", controller = "User"}. Executing controller action with signature System.Threading.Tasks.Task`1[Microsoft.AspNetCore.Mvc.IActionResult] GetUserById(Int32) on controller Trello.Controller.UserController (Trello).
2025-04-04 11:02:59.995 +02:00 [INF] Request finished HTTP/1.1 GET http://localhost:5196/api/user/getById/1 - 200 null application/json; charset=utf-8 372.4054ms
2025-04-04 11:03:00.098 +02:00 [INF] Executed DbCommand (47ms) [Parameters=[@__id_0='?' (DbType = Int32)], CommandType='"Text"', CommandTimeout='30']
SELECT u."Id", u."AccessFailedCount", u."ConcurrencyStamp", u."CreatedAt", u."Email", u."EmailConfirmed", u."FirstName", u."LastName", u."LockoutEnabled", u."LockoutEnd", u."NormalizedEmail", u."NormalizedUserName", u."PasswordHash", u."PhoneNumber", u."PhoneNumberConfirmed", u."RefreshToken", u."RefreshTokenExpiry", u."SecurityStamp", u."TwoFactorEnabled", u."UserName"
FROM "Users" AS u
WHERE u."Id" = @__id_0
LIMIT 1
2025-04-04 11:03:00.154 +02:00 [INF] Executing OkObjectResult, writing value of type 'Trello.DTOs.UserDto'.
2025-04-04 11:03:00.287 +02:00 [INF] Executed action Trello.Controller.UserController.GetUserById (Trello) in 241.666ms
2025-04-04 11:03:00.305 +02:00 [INF] Executed endpoint 'Trello.Controller.UserController.GetUserById (Trello)'
2025-04-04 11:03:00.378 +02:00 [INF] Request finished HTTP/1.1 GET http://localhost:5196/api/user/getById/1 - 200 null application/json; charset=utf-8 426.9037ms
2025-04-04 11:03:00.482 +02:00 [INF] Request starting HTTP/1.1 GET http://localhost:5196/api/projects/getUserProjects/1 - null null
2025-04-04 11:03:00.522 +02:00 [INF] CORS policy execution successful.
2025-04-04 11:03:00.551 +02:00 [INF] Executing endpoint 'Trello.Controller.ProjectController.GetUserProjects (Trello)'
2025-04-04 11:03:00.566 +02:00 [INF] Route matched with {action = "GetUserProjects", controller = "Project"}. Executing controller action with signature System.Threading.Tasks.Task`1[Microsoft.AspNetCore.Mvc.IActionResult] GetUserProjects(Int32) on controller Trello.Controller.ProjectController (Trello).
2025-04-04 11:03:00.610 +02:00 [INF] Executed DbCommand (11ms) [Parameters=[@__userId_0='?' (DbType = Int32)], CommandType='"Text"', CommandTimeout='30']
SELECT p."Id", p."BacklogId", p."BoardId", p."Name", p."OwnerId"
FROM "Projects" AS p
WHERE EXISTS (
    SELECT 1
    FROM "UserProject" AS u
    WHERE p."Id" = u."ProjectId" AND u."UserId" = @__userId_0) OR p."OwnerId" = @__userId_0
2025-04-04 11:03:00.747 +02:00 [INF] Executing OkObjectResult, writing value of type 'System.Collections.Generic.List`1[[Trello.DTOs.ProjectDetailsDto, Trello, Version=1.0.0.0, Culture=neutral, PublicKeyToken=null]]'.
2025-04-04 11:03:00.792 +02:00 [INF] Executed action Trello.Controller.ProjectController.GetUserProjects (Trello) in 197.4254ms
2025-04-04 11:03:00.832 +02:00 [INF] Executed endpoint 'Trello.Controller.ProjectController.GetUserProjects (Trello)'
2025-04-04 11:03:00.878 +02:00 [INF] Request finished HTTP/1.1 GET http://localhost:5196/api/projects/getUserProjects/1 - 200 null application/json; charset=utf-8 395.1139ms
2025-04-04 11:03:01.132 +02:00 [INF] Request starting HTTP/1.1 OPTIONS http://localhost:5196/api/boards/getById/1 - null null
2025-04-04 11:03:01.153 +02:00 [INF] CORS policy execution successful.
2025-04-04 11:03:01.163 +02:00 [INF] Request finished HTTP/1.1 OPTIONS http://localhost:5196/api/boards/getById/1 - 204 null null 30.4515ms
2025-04-04 11:03:01.212 +02:00 [INF] Request starting HTTP/1.1 GET http://localhost:5196/api/boards/getById/1 - null null
2025-04-04 11:03:01.237 +02:00 [INF] CORS policy execution successful.
2025-04-04 11:03:01.251 +02:00 [INF] Executing endpoint 'Trello.Controller.BoardController.GetById (Trello)'
2025-04-04 11:03:01.261 +02:00 [INF] Route matched with {action = "GetById", controller = "Board"}. Executing controller action with signature System.Threading.Tasks.Task`1[Microsoft.AspNetCore.Mvc.IActionResult] GetById(Int32) on controller Trello.Controller.BoardController (Trello).
2025-04-04 11:03:01.308 +02:00 [INF] Executed DbCommand (17ms) [Parameters=[@__id_0='?' (DbType = Int32)], CommandType='"Text"', CommandTimeout='30']
SELECT b."Id", b."ActiveSprintId", b."Description", b."Name", b."ProjectId"
FROM "Boards" AS b
WHERE b."Id" = @__id_0
LIMIT 1
2025-04-04 11:03:01.394 +02:00 [INF] Executing OkObjectResult, writing value of type 'Trello.DTOs.BoardDto'.
2025-04-04 11:03:01.409 +02:00 [INF] Executed action Trello.Controller.BoardController.GetById (Trello) in 121.1747ms
2025-04-04 11:03:01.425 +02:00 [INF] Executed endpoint 'Trello.Controller.BoardController.GetById (Trello)'
2025-04-04 11:03:01.436 +02:00 [INF] Request finished HTTP/1.1 GET http://localhost:5196/api/boards/getById/1 - 200 null application/json; charset=utf-8 224.2917ms
2025-04-04 11:05:11.757 +02:00 [INF] Request starting HTTP/1.1 OPTIONS http://localhost:5196/api/card/getAll - null null
2025-04-04 11:05:11.740 +02:00 [INF] Request starting HTTP/1.1 OPTIONS http://localhost:5196/api/boards/getById/1 - null null
2025-04-04 11:05:11.801 +02:00 [INF] CORS policy execution successful.
2025-04-04 11:05:11.833 +02:00 [INF] CORS policy execution successful.
2025-04-04 11:05:11.842 +02:00 [INF] Request finished HTTP/1.1 OPTIONS http://localhost:5196/api/card/getAll - 204 null null 87.6675ms
2025-04-04 11:05:11.854 +02:00 [INF] Request finished HTTP/1.1 OPTIONS http://localhost:5196/api/boards/getById/1 - 204 null null 114.7398ms
2025-04-04 11:05:11.936 +02:00 [INF] Request starting HTTP/1.1 GET http://localhost:5196/api/boards/getById/1 - null null
2025-04-04 11:05:11.899 +02:00 [INF] Request starting HTTP/1.1 GET http://localhost:5196/api/card/getAll - null null
2025-04-04 11:05:11.965 +02:00 [INF] CORS policy execution successful.
2025-04-04 11:05:12.534 +02:00 [INF] Executing endpoint 'Trello.Controller.BoardController.GetById (Trello)'
2025-04-04 11:05:12.601 +02:00 [INF] Failed to validate the token.
Microsoft.IdentityModel.Tokens.SecurityTokenMalformedException: IDX14100: JWT is not well formed, there are no dots (.).
The token needs to be in JWS or JWE Compact Serialization Format. (JWS): 'EncodedHeader.EndcodedPayload.EncodedSignature'. (JWE): 'EncodedProtectedHeader.EncodedEncryptedKey.EncodedInitializationVector.EncodedCiphertext.EncodedAuthenticationTag'.
 ---> Microsoft.IdentityModel.Tokens.SecurityTokenMalformedException: IDX14100: JWT is not well formed, there are no dots (.).
The token needs to be in JWS or JWE Compact Serialization Format. (JWS): 'EncodedHeader.EndcodedPayload.EncodedSignature'. (JWE): 'EncodedProtectedHeader.EncodedEncryptedKey.EncodedInitializationVector.EncodedCiphertext.EncodedAuthenticationTag'.
   at Microsoft.IdentityModel.JsonWebTokens.JsonWebToken.ReadToken(String encodedJson)
   at Microsoft.IdentityModel.JsonWebTokens.JsonWebToken..ctor(String jwtEncodedString)
   at Microsoft.IdentityModel.JsonWebTokens.JsonWebTokenHandler.ReadToken(String token, TokenValidationParameters validationParameters)
   --- End of inner exception stack trace ---
2025-04-04 11:05:13.640 +02:00 [INF] Route matched with {action = "GetById", controller = "Board"}. Executing controller action with signature System.Threading.Tasks.Task`1[Microsoft.AspNetCore.Mvc.IActionResult] GetById(Int32) on controller Trello.Controller.BoardController (Trello).
2025-04-04 11:05:13.672 +02:00 [INF] Bearer was not authenticated. Failure message: IDX14100: JWT is not well formed, there are no dots (.).
The token needs to be in JWS or JWE Compact Serialization Format. (JWS): 'EncodedHeader.EndcodedPayload.EncodedSignature'. (JWE): 'EncodedProtectedHeader.EncodedEncryptedKey.EncodedInitializationVector.EncodedCiphertext.EncodedAuthenticationTag'.
2025-04-04 11:05:13.706 +02:00 [INF] CORS policy execution successful.
2025-04-04 11:05:13.709 +02:00 [INF] Executed DbCommand (8ms) [Parameters=[@__id_0='?' (DbType = Int32)], CommandType='"Text"', CommandTimeout='30']
SELECT b."Id", b."ActiveSprintId", b."Description", b."Name", b."ProjectId"
FROM "Boards" AS b
WHERE b."Id" = @__id_0
LIMIT 1
2025-04-04 11:05:13.726 +02:00 [INF] Request finished HTTP/1.1 GET http://localhost:5196/api/card/getAll - 404 0 null 1827.4944ms
2025-04-04 11:05:13.750 +02:00 [INF] Executing OkObjectResult, writing value of type 'Trello.DTOs.BoardDto'.
2025-04-04 11:05:13.788 +02:00 [INF] Request reached the end of the middleware pipeline without being handled by application code. Request path: GET http://localhost:5196/api/card/getAll, Response status code: 404
2025-04-04 11:05:13.793 +02:00 [INF] Executed action Trello.Controller.BoardController.GetById (Trello) in 94.9295ms
2025-04-04 11:05:13.866 +02:00 [INF] Executed endpoint 'Trello.Controller.BoardController.GetById (Trello)'
2025-04-04 11:05:13.908 +02:00 [INF] Request finished HTTP/1.1 GET http://localhost:5196/api/boards/getById/1 - 200 null application/json; charset=utf-8 1972.4105ms
2025-04-04 11:10:22.345 +02:00 [INF] User profile is available. Using 'C:\Users\User\AppData\Local\ASP.NET\DataProtection-Keys' as key repository and Windows DPAPI to encrypt keys at rest.
2025-04-04 11:10:23.588 +02:00 [INF] Now listening on: http://localhost:5196
2025-04-04 11:10:23.870 +02:00 [INF] Application started. Press Ctrl+C to shut down.
2025-04-04 11:10:23.886 +02:00 [INF] Hosting environment: Development
2025-04-04 11:10:23.891 +02:00 [INF] Content root path: C:\Users\User\Desktop\TaskManagment\Trello
2025-04-04 11:10:26.693 +02:00 [INF] Request starting HTTP/1.1 GET http://localhost:5196// - null null
2025-04-04 11:10:27.042 +02:00 [WRN] Failed to determine the https port for redirect.
2025-04-04 11:10:27.648 +02:00 [INF] Request finished HTTP/1.1 GET http://localhost:5196// - 404 0 null 1007.8772ms
2025-04-04 11:10:28.317 +02:00 [INF] Request reached the end of the middleware pipeline without being handled by application code. Request path: GET http://localhost:5196//, Response status code: 404
2025-04-04 11:10:43.210 +02:00 [INF] Request starting HTTP/1.1 OPTIONS http://localhost:5196/api/user/getById/1 - null null
2025-04-04 11:10:45.202 +02:00 [INF] Request starting HTTP/1.1 OPTIONS http://localhost:5196/api/auth/login - null null
2025-04-04 11:10:45.213 +02:00 [INF] CORS policy execution successful.
2025-04-04 11:10:45.441 +02:00 [INF] CORS policy execution successful.
2025-04-04 11:10:45.459 +02:00 [INF] Request finished HTTP/1.1 OPTIONS http://localhost:5196/api/user/getById/1 - 204 null null 2262.8497ms
2025-04-04 11:10:45.529 +02:00 [INF] Request finished HTTP/1.1 OPTIONS http://localhost:5196/api/auth/login - 204 null null 326.7255ms
2025-04-04 11:10:45.543 +02:00 [INF] Request starting HTTP/1.1 GET http://localhost:5196/api/user/getById/1 - null null
2025-04-04 11:10:45.936 +02:00 [INF] Request starting HTTP/1.1 POST http://localhost:5196/api/auth/login - application/json 40
2025-04-04 11:10:46.075 +02:00 [INF] CORS policy execution successful.
2025-04-04 11:10:46.099 +02:00 [INF] Executing endpoint 'Trello.Controller.AuthController.Login (Trello)'
2025-04-04 11:10:46.191 +02:00 [INF] CORS policy execution successful.
2025-04-04 11:10:46.234 +02:00 [INF] Executing endpoint 'Trello.Controller.UserController.GetUserById (Trello)'
2025-04-04 11:10:46.351 +02:00 [INF] Route matched with {action = "Login", controller = "Auth"}. Executing controller action with signature System.Threading.Tasks.Task`1[Microsoft.AspNetCore.Mvc.IActionResult] Login(Trello.DTOs.UserLoginDto) on controller Trello.Controller.AuthController (Trello).
2025-04-04 11:10:46.351 +02:00 [INF] Route matched with {action = "GetUserById", controller = "User"}. Executing controller action with signature System.Threading.Tasks.Task`1[Microsoft.AspNetCore.Mvc.IActionResult] GetUserById(Int32) on controller Trello.Controller.UserController (Trello).
2025-04-04 11:10:54.595 +02:00 [INF] Executed DbCommand (182ms) [Parameters=[@__normalizedUserName_0='?'], CommandType='"Text"', CommandTimeout='30']
SELECT u."Id", u."AccessFailedCount", u."ConcurrencyStamp", u."CreatedAt", u."Email", u."EmailConfirmed", u."FirstName", u."LastName", u."LockoutEnabled", u."LockoutEnd", u."NormalizedEmail", u."NormalizedUserName", u."PasswordHash", u."PhoneNumber", u."PhoneNumberConfirmed", u."RefreshToken", u."RefreshTokenExpiry", u."SecurityStamp", u."TwoFactorEnabled", u."UserName"
FROM "Users" AS u
WHERE u."NormalizedUserName" = @__normalizedUserName_0
LIMIT 1
2025-04-04 11:10:54.595 +02:00 [INF] Executed DbCommand (182ms) [Parameters=[@__id_0='?' (DbType = Int32)], CommandType='"Text"', CommandTimeout='30']
SELECT u."Id", u."AccessFailedCount", u."ConcurrencyStamp", u."CreatedAt", u."Email", u."EmailConfirmed", u."FirstName", u."LastName", u."LockoutEnabled", u."LockoutEnd", u."NormalizedEmail", u."NormalizedUserName", u."PasswordHash", u."PhoneNumber", u."PhoneNumberConfirmed", u."RefreshToken", u."RefreshTokenExpiry", u."SecurityStamp", u."TwoFactorEnabled", u."UserName"
FROM "Users" AS u
WHERE u."Id" = @__id_0
LIMIT 1
2025-04-04 11:10:55.008 +02:00 [INF] Executing OkObjectResult, writing value of type 'Trello.DTOs.UserDto'.
2025-04-04 11:10:55.785 +02:00 [INF] Executed action Trello.Controller.UserController.GetUserById (Trello) in 9342.9515ms
2025-04-04 11:10:56.276 +02:00 [INF] Executed endpoint 'Trello.Controller.UserController.GetUserById (Trello)'
2025-04-04 11:10:56.392 +02:00 [INF] Request finished HTTP/1.1 GET http://localhost:5196/api/user/getById/1 - 200 null application/json; charset=utf-8 10848.5533ms
2025-04-04 11:10:56.608 +02:00 [INF] Executing OkObjectResult, writing value of type 'FluentResults.Result`1[[Trello.DTOs.AuthResponseDto, Trello, Version=1.0.0.0, Culture=neutral, PublicKeyToken=null]]'.
2025-04-04 11:10:56.668 +02:00 [INF] Executed action Trello.Controller.AuthController.Login (Trello) in 10252.8531ms
2025-04-04 11:10:56.690 +02:00 [INF] Executed endpoint 'Trello.Controller.AuthController.Login (Trello)'
2025-04-04 11:10:57.591 +02:00 [ERR] Failed executing DbCommand (1,014ms) [Parameters=[@p2='?' (DbType = Int32), @p0='?', @p1='?' (DbType = DateTime)], CommandType='"Text"', CommandTimeout='30']
UPDATE "Users" SET "RefreshToken" = @p0, "RefreshTokenExpiry" = @p1
WHERE "Id" = @p2;
2025-04-04 11:11:40.852 +02:00 [INF] Request finished HTTP/1.1 POST http://localhost:5196/api/auth/login - 200 null application/json; charset=utf-8 54915.925ms
2025-04-04 11:11:41.217 +02:00 [INF] Request starting HTTP/1.1 OPTIONS http://localhost:5196/api/user/getById/1 - null null
2025-04-04 11:11:41.282 +02:00 [INF] CORS policy execution successful.
2025-04-04 11:11:41.303 +02:00 [INF] Request finished HTTP/1.1 OPTIONS http://localhost:5196/api/user/getById/1 - 204 null null 86.3107ms
2025-04-04 11:11:41.493 +02:00 [INF] Request starting HTTP/1.1 GET http://localhost:5196/api/user/getById/1 - null null
2025-04-04 11:11:41.541 +02:00 [INF] CORS policy execution successful.
2025-04-04 11:11:41.556 +02:00 [INF] Executing endpoint 'Trello.Controller.UserController.GetUserById (Trello)'
2025-04-04 11:11:41.606 +02:00 [INF] Route matched with {action = "GetUserById", controller = "User"}. Executing controller action with signature System.Threading.Tasks.Task`1[Microsoft.AspNetCore.Mvc.IActionResult] GetUserById(Int32) on controller Trello.Controller.UserController (Trello).
2025-04-04 11:11:42.691 +02:00 [INF] Executed DbCommand (7ms) [Parameters=[@__id_0='?' (DbType = Int32)], CommandType='"Text"', CommandTimeout='30']
SELECT u."Id", u."AccessFailedCount", u."ConcurrencyStamp", u."CreatedAt", u."Email", u."EmailConfirmed", u."FirstName", u."LastName", u."LockoutEnabled", u."LockoutEnd", u."NormalizedEmail", u."NormalizedUserName", u."PasswordHash", u."PhoneNumber", u."PhoneNumberConfirmed", u."RefreshToken", u."RefreshTokenExpiry", u."SecurityStamp", u."TwoFactorEnabled", u."UserName"
FROM "Users" AS u
WHERE u."Id" = @__id_0
LIMIT 1
2025-04-04 11:11:42.797 +02:00 [INF] Executing OkObjectResult, writing value of type 'Trello.DTOs.UserDto'.
2025-04-04 11:11:42.809 +02:00 [INF] Executed action Trello.Controller.UserController.GetUserById (Trello) in 658.8527ms
2025-04-04 11:11:42.844 +02:00 [INF] Executed endpoint 'Trello.Controller.UserController.GetUserById (Trello)'
2025-04-04 11:11:42.855 +02:00 [INF] Request finished HTTP/1.1 GET http://localhost:5196/api/user/getById/1 - 200 null application/json; charset=utf-8 1362.6853ms
2025-04-04 11:11:42.899 +02:00 [INF] Request starting HTTP/1.1 GET http://localhost:5196/api/projects/getUserProjects/1 - null null
2025-04-04 11:11:42.923 +02:00 [INF] CORS policy execution successful.
2025-04-04 11:11:42.930 +02:00 [INF] Executing endpoint 'Trello.Controller.ProjectController.GetUserProjects (Trello)'
2025-04-04 11:11:42.955 +02:00 [INF] Route matched with {action = "GetUserProjects", controller = "Project"}. Executing controller action with signature System.Threading.Tasks.Task`1[Microsoft.AspNetCore.Mvc.IActionResult] GetUserProjects(Int32) on controller Trello.Controller.ProjectController (Trello).
2025-04-04 11:11:43.258 +02:00 [INF] Executed DbCommand (22ms) [Parameters=[@__userId_0='?' (DbType = Int32)], CommandType='"Text"', CommandTimeout='30']
SELECT p."Id", p."BacklogId", p."BoardId", p."Name", p."OwnerId"
FROM "Projects" AS p
WHERE EXISTS (
    SELECT 1
    FROM "UserProject" AS u
    WHERE p."Id" = u."ProjectId" AND u."UserId" = @__userId_0) OR p."OwnerId" = @__userId_0
2025-04-04 11:11:43.348 +02:00 [INF] Executing OkObjectResult, writing value of type 'System.Collections.Generic.List`1[[Trello.DTOs.ProjectDetailsDto, Trello, Version=1.0.0.0, Culture=neutral, PublicKeyToken=null]]'.
2025-04-04 11:11:43.365 +02:00 [INF] Executed action Trello.Controller.ProjectController.GetUserProjects (Trello) in 370.7718ms
2025-04-04 11:11:43.376 +02:00 [INF] Executed endpoint 'Trello.Controller.ProjectController.GetUserProjects (Trello)'
2025-04-04 11:11:43.386 +02:00 [INF] Request finished HTTP/1.1 GET http://localhost:5196/api/projects/getUserProjects/1 - 200 null application/json; charset=utf-8 486.3521ms
2025-04-04 11:11:43.493 +02:00 [INF] Request starting HTTP/1.1 OPTIONS http://localhost:5196/api/boards/getById/1 - null null
2025-04-04 11:11:43.514 +02:00 [INF] CORS policy execution successful.
2025-04-04 11:11:43.522 +02:00 [INF] Request finished HTTP/1.1 OPTIONS http://localhost:5196/api/boards/getById/1 - 204 null null 28.9673ms
2025-04-04 11:11:43.548 +02:00 [INF] Request starting HTTP/1.1 OPTIONS http://localhost:5196/api/card/getAll - null null
2025-04-04 11:11:43.551 +02:00 [INF] Request starting HTTP/1.1 GET http://localhost:5196/api/boards/getById/1 - null null
2025-04-04 11:11:43.588 +02:00 [INF] CORS policy execution successful.
2025-04-04 11:11:43.604 +02:00 [INF] CORS policy execution successful.
2025-04-04 11:11:43.619 +02:00 [INF] Executing endpoint 'Trello.Controller.BoardController.GetById (Trello)'
2025-04-04 11:11:43.624 +02:00 [INF] Request finished HTTP/1.1 OPTIONS http://localhost:5196/api/card/getAll - 204 null null 75.35ms
2025-04-04 11:11:43.679 +02:00 [INF] Route matched with {action = "GetById", controller = "Board"}. Executing controller action with signature System.Threading.Tasks.Task`1[Microsoft.AspNetCore.Mvc.IActionResult] GetById(Int32) on controller Trello.Controller.BoardController (Trello).
2025-04-04 11:11:43.689 +02:00 [INF] Request starting HTTP/1.1 GET http://localhost:5196/api/card/getAll - null null
2025-04-04 11:11:43.966 +02:00 [INF] Failed to validate the token.
Microsoft.IdentityModel.Tokens.SecurityTokenMalformedException: IDX14100: JWT is not well formed, there are no dots (.).
The token needs to be in JWS or JWE Compact Serialization Format. (JWS): 'EncodedHeader.EndcodedPayload.EncodedSignature'. (JWE): 'EncodedProtectedHeader.EncodedEncryptedKey.EncodedInitializationVector.EncodedCiphertext.EncodedAuthenticationTag'.
 ---> Microsoft.IdentityModel.Tokens.SecurityTokenMalformedException: IDX14100: JWT is not well formed, there are no dots (.).
The token needs to be in JWS or JWE Compact Serialization Format. (JWS): 'EncodedHeader.EndcodedPayload.EncodedSignature'. (JWE): 'EncodedProtectedHeader.EncodedEncryptedKey.EncodedInitializationVector.EncodedCiphertext.EncodedAuthenticationTag'.
   at Microsoft.IdentityModel.JsonWebTokens.JsonWebToken.ReadToken(String encodedJson)
   at Microsoft.IdentityModel.JsonWebTokens.JsonWebToken..ctor(String jwtEncodedString)
   at Microsoft.IdentityModel.JsonWebTokens.JsonWebTokenHandler.ReadToken(String token, TokenValidationParameters validationParameters)
   --- End of inner exception stack trace ---
2025-04-04 11:11:43.995 +02:00 [INF] Executed DbCommand (18ms) [Parameters=[@__id_0='?' (DbType = Int32)], CommandType='"Text"', CommandTimeout='30']
SELECT b."Id", b."ActiveSprintId", b."Description", b."Name", b."ProjectId"
FROM "Boards" AS b
WHERE b."Id" = @__id_0
LIMIT 1
2025-04-04 11:11:45.694 +02:00 [INF] Bearer was not authenticated. Failure message: IDX14100: JWT is not well formed, there are no dots (.).
The token needs to be in JWS or JWE Compact Serialization Format. (JWS): 'EncodedHeader.EndcodedPayload.EncodedSignature'. (JWE): 'EncodedProtectedHeader.EncodedEncryptedKey.EncodedInitializationVector.EncodedCiphertext.EncodedAuthenticationTag'.
2025-04-04 11:11:45.722 +02:00 [INF] CORS policy execution successful.
2025-04-04 11:11:45.734 +02:00 [INF] Executing endpoint 'Trello.Controller.CardController.GetAll (Trello)'
2025-04-04 11:11:45.761 +02:00 [INF] Route matched with {action = "GetAll", controller = "Card"}. Executing controller action with signature System.Threading.Tasks.Task`1[Microsoft.AspNetCore.Mvc.IActionResult] GetAll() on controller Trello.Controller.CardController (Trello).
2025-04-04 11:11:45.796 +02:00 [INF] Executing OkObjectResult, writing value of type 'Trello.DTOs.BoardDto'.
2025-04-04 11:11:46.115 +02:00 [INF] Executed DbCommand (121ms) [Parameters=[], CommandType='"Text"', CommandTimeout='30']
SELECT c."Id", c."Description", c."DueDate", c."SprintId", c."Status", c."Title"
FROM "Cards" AS c
2025-04-04 11:11:46.176 +02:00 [INF] Executed action Trello.Controller.BoardController.GetById (Trello) in 2459.1554ms
2025-04-04 11:11:46.188 +02:00 [INF] Executed endpoint 'Trello.Controller.BoardController.GetById (Trello)'
2025-04-04 11:11:46.199 +02:00 [INF] Request finished HTTP/1.1 GET http://localhost:5196/api/boards/getById/1 - 200 null application/json; charset=utf-8 2647.3396ms
2025-04-04 11:11:46.250 +02:00 [INF] Successfully fetched all cards.
2025-04-04 11:11:46.270 +02:00 [INF] Executing OkObjectResult, writing value of type 'FluentResults.Result`1[[System.Collections.Generic.ICollection`1[[Trello.DTOs.CardDto, Trello, Version=1.0.0.0, Culture=neutral, PublicKeyToken=null]], System.Private.CoreLib, Version=8.0.0.0, Culture=neutral, PublicKeyToken=7cec85d7bea7798e]]'.
2025-04-04 11:11:46.344 +02:00 [INF] Executed action Trello.Controller.CardController.GetAll (Trello) in 555.368ms
2025-04-04 11:11:46.376 +02:00 [INF] Executed endpoint 'Trello.Controller.CardController.GetAll (Trello)'
2025-04-04 11:11:46.394 +02:00 [INF] Request finished HTTP/1.1 GET http://localhost:5196/api/card/getAll - 200 null application/json; charset=utf-8 2704.1952ms
