2025-04-03 15:57:57.030 +02:00 [INF] User profile is available. Using 'C:\Users\User\AppData\Local\ASP.NET\DataProtection-Keys' as key repository and Windows DPAPI to encrypt keys at rest.
2025-04-03 15:57:58.196 +02:00 [INF] Now listening on: http://localhost:5196
2025-04-03 15:57:58.315 +02:00 [INF] Application started. Press Ctrl+C to shut down.
2025-04-03 15:57:58.325 +02:00 [INF] Hosting environment: Development
2025-04-03 15:57:58.331 +02:00 [INF] Content root path: C:\Users\User\Desktop\TaskManagment\Trello
2025-04-03 15:58:00.864 +02:00 [INF] Request starting HTTP/1.1 GET http://localhost:5196// - null null
2025-04-03 15:58:01.183 +02:00 [WRN] Failed to determine the https port for redirect.
2025-04-03 15:58:04.594 +02:00 [INF] Request finished HTTP/1.1 GET http://localhost:5196// - 404 0 null 3772.1714ms
2025-04-03 15:58:04.696 +02:00 [INF] Request reached the end of the middleware pipeline without being handled by application code. Request path: GET http://localhost:5196//, Response status code: 404
2025-04-03 15:59:34.768 +02:00 [ERR] Failed executing DbCommand (41ms) [Parameters=[], CommandType='"Text"', CommandTimeout='30']
SELECT "MigrationId", "ProductVersion"
FROM "__EFMigrationsHistory"
ORDER BY "MigrationId";
2025-04-03 15:59:35.581 +02:00 [INF] Executed DbCommand (88ms) [Parameters=[], CommandType='"Text"', CommandTimeout='30']
CREATE TABLE IF NOT EXISTS "__EFMigrationsHistory" (
    "MigrationId" character varying(150) NOT NULL,
    "ProductVersion" character varying(32) NOT NULL,
    CONSTRAINT "PK___EFMigrationsHistory" PRIMARY KEY ("MigrationId")
);
2025-04-03 15:59:35.686 +02:00 [INF] Acquiring an exclusive lock for migration application. See https://aka.ms/efcore-docs-migrations-lock for more information if this takes too long.
2025-04-03 15:59:35.717 +02:00 [INF] Executed DbCommand (3ms) [Parameters=[], CommandType='"Text"', CommandTimeout='30']
LOCK TABLE "__EFMigrationsHistory" IN ACCESS EXCLUSIVE MODE
2025-04-03 15:59:35.739 +02:00 [INF] Executed DbCommand (4ms) [Parameters=[], CommandType='"Text"', CommandTimeout='30']
SELECT "MigrationId", "ProductVersion"
FROM "__EFMigrationsHistory"
ORDER BY "MigrationId";
2025-04-03 15:59:35.793 +02:00 [INF] Applying migration '20250403135903_InitialCreate'.
2025-04-03 15:59:35.919 +02:00 [INF] Executed DbCommand (21ms) [Parameters=[], CommandType='"Text"', CommandTimeout='30']
CREATE TABLE "Users" (
    "Id" integer GENERATED BY DEFAULT AS IDENTITY,
    "FirstName" text NOT NULL,
    "LastName" text NOT NULL,
    "Email" text NOT NULL,
    "UserName" text NOT NULL,
    "PhoneNumber" text NOT NULL,
    "PasswordHash" text NOT NULL,
    "RefreshToken" text,
    "RefreshTokenExpiry" timestamp with time zone,
    "CreatedAt" timestamp with time zone NOT NULL,
    "NormalizedUserName" text,
    "NormalizedEmail" text,
    "EmailConfirmed" boolean NOT NULL,
    "SecurityStamp" text,
    "ConcurrencyStamp" text,
    "PhoneNumberConfirmed" boolean NOT NULL,
    "TwoFactorEnabled" boolean NOT NULL,
    "LockoutEnd" timestamp with time zone,
    "LockoutEnabled" boolean NOT NULL,
    "AccessFailedCount" integer NOT NULL,
    CONSTRAINT "PK_Users" PRIMARY KEY ("Id")
);
2025-04-03 15:59:36.120 +02:00 [INF] Executed DbCommand (35ms) [Parameters=[], CommandType='"Text"', CommandTimeout='30']
CREATE TABLE "Projects" (
    "Id" integer GENERATED BY DEFAULT AS IDENTITY,
    "Name" text NOT NULL,
    "OwnerId" integer NOT NULL,
    "BoardId" integer NOT NULL,
    "BacklogId" integer NOT NULL,
    CONSTRAINT "PK_Projects" PRIMARY KEY ("Id"),
    CONSTRAINT "FK_Projects_Users_OwnerId" FOREIGN KEY ("OwnerId") REFERENCES "Users" ("Id") ON DELETE CASCADE
);
2025-04-03 15:59:36.152 +02:00 [INF] Executed DbCommand (11ms) [Parameters=[], CommandType='"Text"', CommandTimeout='30']
CREATE TABLE "Backlogs" (
    "Id" integer GENERATED BY DEFAULT AS IDENTITY,
    "ProjectId" integer NOT NULL,
    CONSTRAINT "PK_Backlogs" PRIMARY KEY ("Id"),
    CONSTRAINT "FK_Backlogs_Projects_ProjectId" FOREIGN KEY ("ProjectId") REFERENCES "Projects" ("Id") ON DELETE CASCADE
);
2025-04-03 15:59:36.199 +02:00 [INF] Executed DbCommand (20ms) [Parameters=[], CommandType='"Text"', CommandTimeout='30']
CREATE TABLE "Sprints" (
    "Id" integer GENERATED BY DEFAULT AS IDENTITY,
    "Name" text NOT NULL,
    "Status" integer NOT NULL,
    "StartDate" timestamp with time zone NOT NULL,
    "EndDate" timestamp with time zone NOT NULL,
    "ProjectId" integer NOT NULL,
    CONSTRAINT "PK_Sprints" PRIMARY KEY ("Id"),
    CONSTRAINT "FK_Sprints_Projects_ProjectId" FOREIGN KEY ("ProjectId") REFERENCES "Projects" ("Id") ON DELETE CASCADE
);
2025-04-03 15:59:36.240 +02:00 [INF] Executed DbCommand (11ms) [Parameters=[], CommandType='"Text"', CommandTimeout='30']
CREATE TABLE "UserProject" (
    "UserId" integer NOT NULL,
    "ProjectId" integer NOT NULL,
    CONSTRAINT "PK_UserProject" PRIMARY KEY ("UserId", "ProjectId"),
    CONSTRAINT "FK_UserProject_Projects_ProjectId" FOREIGN KEY ("ProjectId") REFERENCES "Projects" ("Id"),
    CONSTRAINT "FK_UserProject_Users_UserId" FOREIGN KEY ("UserId") REFERENCES "Users" ("Id")
);
2025-04-03 15:59:36.297 +02:00 [INF] Executed DbCommand (23ms) [Parameters=[], CommandType='"Text"', CommandTimeout='30']
CREATE TABLE "UserStories" (
    "Id" integer GENERATED BY DEFAULT AS IDENTITY,
    "Title" text NOT NULL,
    "Description" text NOT NULL,
    "BacklogId" integer NOT NULL,
    CONSTRAINT "PK_UserStories" PRIMARY KEY ("Id"),
    CONSTRAINT "FK_UserStories_Backlogs_BacklogId" FOREIGN KEY ("BacklogId") REFERENCES "Backlogs" ("Id") ON DELETE CASCADE
);
2025-04-03 15:59:36.339 +02:00 [INF] Executed DbCommand (19ms) [Parameters=[], CommandType='"Text"', CommandTimeout='30']
CREATE TABLE "Boards" (
    "Id" integer GENERATED BY DEFAULT AS IDENTITY,
    "Name" text NOT NULL,
    "Description" text NOT NULL,
    "ProjectId" integer NOT NULL,
    "ActiveSprintId" integer,
    CONSTRAINT "PK_Boards" PRIMARY KEY ("Id"),
    CONSTRAINT "FK_Boards_Projects_ProjectId" FOREIGN KEY ("ProjectId") REFERENCES "Projects" ("Id") ON DELETE CASCADE,
    CONSTRAINT "FK_Boards_Sprints_ActiveSprintId" FOREIGN KEY ("ActiveSprintId") REFERENCES "Sprints" ("Id")
);
2025-04-03 15:59:36.378 +02:00 [INF] Executed DbCommand (20ms) [Parameters=[], CommandType='"Text"', CommandTimeout='30']
CREATE TABLE "Cards" (
    "Id" integer GENERATED BY DEFAULT AS IDENTITY,
    "Title" text NOT NULL,
    "Description" text NOT NULL,
    "Status" integer NOT NULL,
    "DueDate" timestamp with time zone NOT NULL,
    "SprintId" integer,
    CONSTRAINT "PK_Cards" PRIMARY KEY ("Id"),
    CONSTRAINT "FK_Cards_Sprints_SprintId" FOREIGN KEY ("SprintId") REFERENCES "Sprints" ("Id") ON DELETE CASCADE
);
2025-04-03 15:59:36.430 +02:00 [INF] Executed DbCommand (29ms) [Parameters=[], CommandType='"Text"', CommandTimeout='30']
CREATE TABLE "Comments" (
    "Id" integer GENERATED BY DEFAULT AS IDENTITY,
    "Text" text NOT NULL,
    "CreatedAt" timestamp with time zone NOT NULL,
    "AuthorId" integer NOT NULL,
    "CardId" integer NOT NULL,
    CONSTRAINT "PK_Comments" PRIMARY KEY ("Id"),
    CONSTRAINT "FK_Comments_Cards_CardId" FOREIGN KEY ("CardId") REFERENCES "Cards" ("Id") ON DELETE CASCADE,
    CONSTRAINT "FK_Comments_Users_AuthorId" FOREIGN KEY ("AuthorId") REFERENCES "Users" ("Id")
);
2025-04-03 15:59:36.463 +02:00 [INF] Executed DbCommand (12ms) [Parameters=[], CommandType='"Text"', CommandTimeout='30']
CREATE TABLE "UserCard" (
    "UserId" integer NOT NULL,
    "CardId" integer NOT NULL,
    "AssignedAt" timestamp with time zone NOT NULL,
    CONSTRAINT "PK_UserCard" PRIMARY KEY ("UserId", "CardId"),
    CONSTRAINT "FK_UserCard_Cards_CardId" FOREIGN KEY ("CardId") REFERENCES "Cards" ("Id") ON DELETE RESTRICT,
    CONSTRAINT "FK_UserCard_Users_UserId" FOREIGN KEY ("UserId") REFERENCES "Users" ("Id") ON DELETE RESTRICT
);
2025-04-03 15:59:36.495 +02:00 [INF] Executed DbCommand (6ms) [Parameters=[], CommandType='"Text"', CommandTimeout='30']
CREATE UNIQUE INDEX "IX_Backlogs_ProjectId" ON "Backlogs" ("ProjectId");
2025-04-03 15:59:36.519 +02:00 [INF] Executed DbCommand (7ms) [Parameters=[], CommandType='"Text"', CommandTimeout='30']
CREATE UNIQUE INDEX "IX_Boards_ActiveSprintId" ON "Boards" ("ActiveSprintId");
2025-04-03 15:59:36.546 +02:00 [INF] Executed DbCommand (8ms) [Parameters=[], CommandType='"Text"', CommandTimeout='30']
CREATE UNIQUE INDEX "IX_Boards_ProjectId" ON "Boards" ("ProjectId");
2025-04-03 15:59:36.574 +02:00 [INF] Executed DbCommand (4ms) [Parameters=[], CommandType='"Text"', CommandTimeout='30']
CREATE INDEX "IX_Cards_SprintId" ON "Cards" ("SprintId");
2025-04-03 15:59:36.599 +02:00 [INF] Executed DbCommand (5ms) [Parameters=[], CommandType='"Text"', CommandTimeout='30']
CREATE INDEX "IX_Comments_AuthorId" ON "Comments" ("AuthorId");
2025-04-03 15:59:36.621 +02:00 [INF] Executed DbCommand (6ms) [Parameters=[], CommandType='"Text"', CommandTimeout='30']
CREATE INDEX "IX_Comments_CardId" ON "Comments" ("CardId");
2025-04-03 15:59:36.650 +02:00 [INF] Executed DbCommand (9ms) [Parameters=[], CommandType='"Text"', CommandTimeout='30']
CREATE INDEX "IX_Projects_OwnerId" ON "Projects" ("OwnerId");
2025-04-03 15:59:36.678 +02:00 [INF] Executed DbCommand (5ms) [Parameters=[], CommandType='"Text"', CommandTimeout='30']
CREATE INDEX "IX_Sprints_ProjectId" ON "Sprints" ("ProjectId");
2025-04-03 15:59:36.699 +02:00 [INF] Executed DbCommand (5ms) [Parameters=[], CommandType='"Text"', CommandTimeout='30']
CREATE INDEX "IX_UserCard_CardId" ON "UserCard" ("CardId");
2025-04-03 15:59:36.724 +02:00 [INF] Executed DbCommand (5ms) [Parameters=[], CommandType='"Text"', CommandTimeout='30']
CREATE INDEX "IX_UserProject_ProjectId" ON "UserProject" ("ProjectId");
2025-04-03 15:59:36.750 +02:00 [INF] Executed DbCommand (8ms) [Parameters=[], CommandType='"Text"', CommandTimeout='30']
CREATE INDEX "IX_UserStories_BacklogId" ON "UserStories" ("BacklogId");
2025-04-03 15:59:36.773 +02:00 [INF] Executed DbCommand (4ms) [Parameters=[], CommandType='"Text"', CommandTimeout='30']
INSERT INTO "__EFMigrationsHistory" ("MigrationId", "ProductVersion")
VALUES ('20250403135903_InitialCreate', '9.0.3');
