2025-03-30 11:48:32.778 +02:00 [INF] User profile is available. Using 'C:\Users\User\AppData\Local\ASP.NET\DataProtection-Keys' as key repository and Windows DPAPI to encrypt keys at rest.
2025-03-30 11:48:33.995 +02:00 [INF] Now listening on: http://localhost:5196
2025-03-30 11:48:34.001 +02:00 [INF] Application started. Press Ctrl+C to shut down.
2025-03-30 11:48:34.004 +02:00 [INF] Hosting environment: Development
2025-03-30 11:48:34.007 +02:00 [INF] Content root path: C:\Users\User\Desktop\Trello
2025-03-30 11:48:36.264 +02:00 [INF] Request starting HTTP/1.1 GET http://localhost:5196// - null null
2025-03-30 11:48:36.335 +02:00 [WRN] Failed to determine the https port for redirect.
2025-03-30 11:48:36.660 +02:00 [INF] Request finished HTTP/1.1 GET http://localhost:5196// - 404 0 null 415.3796ms
2025-03-30 11:48:36.700 +02:00 [INF] Request reached the end of the middleware pipeline without being handled by application code. Request path: GET http://localhost:5196//, Response status code: 404
2025-03-30 11:48:55.231 +02:00 [INF] Request starting HTTP/1.1 OPTIONS http://localhost:5196/api/auth/login - null null
2025-03-30 11:48:55.259 +02:00 [INF] CORS policy execution successful.
2025-03-30 11:48:55.267 +02:00 [INF] Request finished HTTP/1.1 OPTIONS http://localhost:5196/api/auth/login - 204 null null 41.1629ms
2025-03-30 11:48:55.285 +02:00 [INF] Request starting HTTP/1.1 POST http://localhost:5196/api/auth/login - application/json 41
2025-03-30 11:48:55.299 +02:00 [INF] CORS policy execution successful.
2025-03-30 11:48:55.305 +02:00 [INF] Executing endpoint 'Trello.Controller.AuthController.Login (Trello)'
2025-03-30 11:48:55.374 +02:00 [INF] Route matched with {action = "Login", controller = "Auth"}. Executing controller action with signature System.Threading.Tasks.Task`1[Microsoft.AspNetCore.Mvc.IActionResult] Login(Trello.DTOs.UserLoginDto) on controller Trello.Controller.AuthController (Trello).
2025-03-30 11:49:00.039 +02:00 [INF] Executed DbCommand (126ms) [Parameters=[@__normalizedUserName_0='?'], CommandType='"Text"', CommandTimeout='30']
SELECT u."Id", u."AccessFailedCount", u."ConcurrencyStamp", u."CreatedAt", u."Email", u."EmailConfirmed", u."FirstName", u."LastName", u."LockoutEnabled", u."LockoutEnd", u."NormalizedEmail", u."NormalizedUserName", u."PasswordHash", u."PhoneNumber", u."PhoneNumberConfirmed", u."RefreshToken", u."RefreshTokenExpiry", u."SecurityStamp", u."TwoFactorEnabled", u."UserName"
FROM "Users" AS u
WHERE u."NormalizedUserName" = @__normalizedUserName_0
LIMIT 1
2025-03-30 11:49:00.464 +02:00 [INF] Executing OkObjectResult, writing value of type 'FluentResults.Result`1[[Trello.DTOs.AuthResponseDto, Trello, Version=1.0.0.0, Culture=neutral, PublicKeyToken=null]]'.
2025-03-30 11:49:00.521 +02:00 [INF] Executed action Trello.Controller.AuthController.Login (Trello) in 5133.8135ms
2025-03-30 11:49:00.526 +02:00 [INF] Executed endpoint 'Trello.Controller.AuthController.Login (Trello)'
2025-03-30 11:49:00.555 +02:00 [INF] Request finished HTTP/1.1 POST http://localhost:5196/api/auth/login - 200 null application/json; charset=utf-8 5270.379ms
2025-03-30 11:49:02.373 +02:00 [INF] Request starting HTTP/1.1 OPTIONS http://localhost:5196/api/user/getById/1 - null null
2025-03-30 11:49:02.391 +02:00 [INF] CORS policy execution successful.
2025-03-30 11:49:02.399 +02:00 [INF] Request finished HTTP/1.1 OPTIONS http://localhost:5196/api/user/getById/1 - 204 null null 25.6649ms
2025-03-30 11:49:02.408 +02:00 [INF] Request starting HTTP/1.1 GET http://localhost:5196/api/user/getById/1 - null null
2025-03-30 11:49:02.543 +02:00 [INF] CORS policy execution successful.
2025-03-30 11:49:02.551 +02:00 [INF] Executing endpoint 'Trello.Controller.UserController.GetUserById (Trello)'
2025-03-30 11:49:02.574 +02:00 [INF] Route matched with {action = "GetUserById", controller = "User"}. Executing controller action with signature System.Threading.Tasks.Task`1[Microsoft.AspNetCore.Mvc.IActionResult] GetUserById(Int32) on controller Trello.Controller.UserController (Trello).
2025-03-30 11:49:02.721 +02:00 [INF] Executed DbCommand (8ms) [Parameters=[@__id_0='?' (DbType = Int32)], CommandType='"Text"', CommandTimeout='30']
SELECT u."Id", u."AccessFailedCount", u."ConcurrencyStamp", u."CreatedAt", u."Email", u."EmailConfirmed", u."FirstName", u."LastName", u."LockoutEnabled", u."LockoutEnd", u."NormalizedEmail", u."NormalizedUserName", u."PasswordHash", u."PhoneNumber", u."PhoneNumberConfirmed", u."RefreshToken", u."RefreshTokenExpiry", u."SecurityStamp", u."TwoFactorEnabled", u."UserName"
FROM "Users" AS u
WHERE u."Id" = @__id_0
LIMIT 1
2025-03-30 11:49:02.736 +02:00 [INF] Executing OkObjectResult, writing value of type 'Trello.DTOs.UserDto'.
2025-03-30 11:49:02.752 +02:00 [INF] Executed action Trello.Controller.UserController.GetUserById (Trello) in 164.0693ms
2025-03-30 11:49:02.758 +02:00 [INF] Executed endpoint 'Trello.Controller.UserController.GetUserById (Trello)'
2025-03-30 11:49:02.769 +02:00 [INF] Request finished HTTP/1.1 GET http://localhost:5196/api/user/getById/1 - 200 null application/json; charset=utf-8 361.5579ms
2025-03-30 11:49:19.879 +02:00 [INF] Request starting HTTP/1.1 OPTIONS http://localhost:5196/api/user/getById/1 - null null
2025-03-30 11:49:19.893 +02:00 [INF] CORS policy execution successful.
2025-03-30 11:49:19.899 +02:00 [INF] Request finished HTTP/1.1 OPTIONS http://localhost:5196/api/user/getById/1 - 204 null null 20.0424ms
2025-03-30 11:49:19.912 +02:00 [INF] Request starting HTTP/1.1 GET http://localhost:5196/api/user/getById/1 - null null
2025-03-30 11:49:19.925 +02:00 [INF] CORS policy execution successful.
2025-03-30 11:49:19.933 +02:00 [INF] Executing endpoint 'Trello.Controller.UserController.GetUserById (Trello)'
2025-03-30 11:49:19.937 +02:00 [INF] Route matched with {action = "GetUserById", controller = "User"}. Executing controller action with signature System.Threading.Tasks.Task`1[Microsoft.AspNetCore.Mvc.IActionResult] GetUserById(Int32) on controller Trello.Controller.UserController (Trello).
2025-03-30 11:49:19.987 +02:00 [INF] Executed DbCommand (2ms) [Parameters=[@__id_0='?' (DbType = Int32)], CommandType='"Text"', CommandTimeout='30']
SELECT u."Id", u."AccessFailedCount", u."ConcurrencyStamp", u."CreatedAt", u."Email", u."EmailConfirmed", u."FirstName", u."LastName", u."LockoutEnabled", u."LockoutEnd", u."NormalizedEmail", u."NormalizedUserName", u."PasswordHash", u."PhoneNumber", u."PhoneNumberConfirmed", u."RefreshToken", u."RefreshTokenExpiry", u."SecurityStamp", u."TwoFactorEnabled", u."UserName"
FROM "Users" AS u
WHERE u."Id" = @__id_0
LIMIT 1
2025-03-30 11:49:20.001 +02:00 [INF] Executing OkObjectResult, writing value of type 'Trello.DTOs.UserDto'.
2025-03-30 11:49:20.009 +02:00 [INF] Executed action Trello.Controller.UserController.GetUserById (Trello) in 64.9386ms
2025-03-30 11:49:20.020 +02:00 [INF] Executed endpoint 'Trello.Controller.UserController.GetUserById (Trello)'
2025-03-30 11:49:20.024 +02:00 [INF] Request finished HTTP/1.1 GET http://localhost:5196/api/user/getById/1 - 200 null application/json; charset=utf-8 113.0797ms
2025-03-30 11:49:20.042 +02:00 [INF] Request starting HTTP/1.1 GET http://localhost:5196/api/projects/getUserProjects/1 - null null
2025-03-30 11:49:20.054 +02:00 [INF] CORS policy execution successful.
2025-03-30 11:49:20.058 +02:00 [INF] Executing endpoint 'Trello.Controller.ProjectController.GetUserProjects (Trello)'
2025-03-30 11:49:20.067 +02:00 [INF] Route matched with {action = "GetUserProjects", controller = "Project"}. Executing controller action with signature System.Threading.Tasks.Task`1[Microsoft.AspNetCore.Mvc.IActionResult] GetUserProjects(Int32) on controller Trello.Controller.ProjectController (Trello).
2025-03-30 11:51:02.667 +02:00 [INF] User profile is available. Using 'C:\Users\User\AppData\Local\ASP.NET\DataProtection-Keys' as key repository and Windows DPAPI to encrypt keys at rest.
2025-03-30 11:51:03.225 +02:00 [INF] Now listening on: http://localhost:5196
2025-03-30 11:51:03.239 +02:00 [INF] Application started. Press Ctrl+C to shut down.
2025-03-30 11:51:03.244 +02:00 [INF] Hosting environment: Development
2025-03-30 11:51:03.248 +02:00 [INF] Content root path: C:\Users\User\Desktop\Trello
2025-03-30 11:51:05.286 +02:00 [INF] Request starting HTTP/1.1 GET http://localhost:5196// - null null
2025-03-30 11:51:05.380 +02:00 [WRN] Failed to determine the https port for redirect.
2025-03-30 11:51:05.636 +02:00 [INF] Request finished HTTP/1.1 GET http://localhost:5196// - 404 0 null 377.0891ms
2025-03-30 11:51:05.671 +02:00 [INF] Request reached the end of the middleware pipeline without being handled by application code. Request path: GET http://localhost:5196//, Response status code: 404
2025-03-30 11:51:26.687 +02:00 [INF] Request starting HTTP/1.1 OPTIONS http://localhost:5196/api/auth/login - null null
2025-03-30 11:51:26.705 +02:00 [INF] CORS policy execution successful.
2025-03-30 11:51:26.711 +02:00 [INF] Request finished HTTP/1.1 OPTIONS http://localhost:5196/api/auth/login - 204 null null 26.3041ms
2025-03-30 11:51:26.722 +02:00 [INF] Request starting HTTP/1.1 POST http://localhost:5196/api/auth/login - application/json 41
2025-03-30 11:51:26.732 +02:00 [INF] CORS policy execution successful.
2025-03-30 11:51:26.735 +02:00 [INF] Executing endpoint 'Trello.Controller.AuthController.Login (Trello)'
2025-03-30 11:51:26.772 +02:00 [INF] Route matched with {action = "Login", controller = "Auth"}. Executing controller action with signature System.Threading.Tasks.Task`1[Microsoft.AspNetCore.Mvc.IActionResult] Login(Trello.DTOs.UserLoginDto) on controller Trello.Controller.AuthController (Trello).
2025-03-30 11:51:28.911 +02:00 [INF] Executed DbCommand (99ms) [Parameters=[@__normalizedUserName_0='?'], CommandType='"Text"', CommandTimeout='30']
SELECT u."Id", u."AccessFailedCount", u."ConcurrencyStamp", u."CreatedAt", u."Email", u."EmailConfirmed", u."FirstName", u."LastName", u."LockoutEnabled", u."LockoutEnd", u."NormalizedEmail", u."NormalizedUserName", u."PasswordHash", u."PhoneNumber", u."PhoneNumberConfirmed", u."RefreshToken", u."RefreshTokenExpiry", u."SecurityStamp", u."TwoFactorEnabled", u."UserName"
FROM "Users" AS u
WHERE u."NormalizedUserName" = @__normalizedUserName_0
LIMIT 1
2025-03-30 11:51:30.211 +02:00 [INF] Executing OkObjectResult, writing value of type 'FluentResults.Result`1[[Trello.DTOs.AuthResponseDto, Trello, Version=1.0.0.0, Culture=neutral, PublicKeyToken=null]]'.
2025-03-30 11:51:30.282 +02:00 [INF] Executed action Trello.Controller.AuthController.Login (Trello) in 3499.2168ms
2025-03-30 11:51:30.287 +02:00 [INF] Executed endpoint 'Trello.Controller.AuthController.Login (Trello)'
2025-03-30 11:51:30.305 +02:00 [INF] Request finished HTTP/1.1 POST http://localhost:5196/api/auth/login - 200 null application/json; charset=utf-8 3583.0559ms
2025-03-30 11:51:32.089 +02:00 [INF] Request starting HTTP/1.1 OPTIONS http://localhost:5196/api/user/getById/1 - null null
2025-03-30 11:51:32.149 +02:00 [INF] CORS policy execution successful.
2025-03-30 11:51:32.153 +02:00 [INF] Request finished HTTP/1.1 OPTIONS http://localhost:5196/api/user/getById/1 - 204 null null 63.4667ms
2025-03-30 11:51:32.167 +02:00 [INF] Request starting HTTP/1.1 GET http://localhost:5196/api/user/getById/1 - null null
2025-03-30 11:51:32.253 +02:00 [INF] CORS policy execution successful.
2025-03-30 11:51:32.256 +02:00 [INF] Executing endpoint 'Trello.Controller.UserController.GetUserById (Trello)'
2025-03-30 11:51:32.269 +02:00 [INF] Route matched with {action = "GetUserById", controller = "User"}. Executing controller action with signature System.Threading.Tasks.Task`1[Microsoft.AspNetCore.Mvc.IActionResult] GetUserById(Int32) on controller Trello.Controller.UserController (Trello).
2025-03-30 11:51:32.372 +02:00 [INF] Executed DbCommand (5ms) [Parameters=[@__id_0='?' (DbType = Int32)], CommandType='"Text"', CommandTimeout='30']
SELECT u."Id", u."AccessFailedCount", u."ConcurrencyStamp", u."CreatedAt", u."Email", u."EmailConfirmed", u."FirstName", u."LastName", u."LockoutEnabled", u."LockoutEnd", u."NormalizedEmail", u."NormalizedUserName", u."PasswordHash", u."PhoneNumber", u."PhoneNumberConfirmed", u."RefreshToken", u."RefreshTokenExpiry", u."SecurityStamp", u."TwoFactorEnabled", u."UserName"
FROM "Users" AS u
WHERE u."Id" = @__id_0
LIMIT 1
2025-03-30 11:51:32.382 +02:00 [INF] Executing OkObjectResult, writing value of type 'Trello.DTOs.UserDto'.
2025-03-30 11:51:32.394 +02:00 [INF] Executed action Trello.Controller.UserController.GetUserById (Trello) in 117.4529ms
2025-03-30 11:51:32.398 +02:00 [INF] Executed endpoint 'Trello.Controller.UserController.GetUserById (Trello)'
2025-03-30 11:51:32.406 +02:00 [INF] Request finished HTTP/1.1 GET http://localhost:5196/api/user/getById/1 - 200 null application/json; charset=utf-8 238.9324ms
2025-03-30 11:51:32.417 +02:00 [INF] Request starting HTTP/1.1 GET http://localhost:5196/api/projects/getUserProjects/1 - null null
2025-03-30 11:51:32.425 +02:00 [INF] CORS policy execution successful.
2025-03-30 11:51:32.428 +02:00 [INF] Executing endpoint 'Trello.Controller.ProjectController.GetUserProjects (Trello)'
2025-03-30 11:51:32.434 +02:00 [INF] Route matched with {action = "GetUserProjects", controller = "Project"}. Executing controller action with signature System.Threading.Tasks.Task`1[Microsoft.AspNetCore.Mvc.IActionResult] GetUserProjects(Int32) on controller Trello.Controller.ProjectController (Trello).
