2025-04-02 10:40:40.851 +02:00 [INF] User profile is available. Using 'C:\Users\User\AppData\Local\ASP.NET\DataProtection-Keys' as key repository and Windows DPAPI to encrypt keys at rest.
2025-04-02 10:40:41.649 +02:00 [INF] Now listening on: http://localhost:5196
2025-04-02 10:40:41.661 +02:00 [INF] Application started. Press Ctrl+C to shut down.
2025-04-02 10:40:41.666 +02:00 [INF] Hosting environment: Development
2025-04-02 10:40:41.670 +02:00 [INF] Content root path: C:\Users\User\Desktop\TaskManagment\Trello
2025-04-02 10:40:45.631 +02:00 [INF] Request starting HTTP/1.1 GET http://localhost:5196// - null null
2025-04-02 10:40:45.936 +02:00 [WRN] Failed to determine the https port for redirect.
2025-04-02 10:40:46.919 +02:00 [INF] Request finished HTTP/1.1 GET http://localhost:5196// - 404 0 null 1323.0502ms
2025-04-02 10:40:47.008 +02:00 [INF] Request reached the end of the middleware pipeline without being handled by application code. Request path: GET http://localhost:5196//, Response status code: 404
2025-04-02 10:41:04.875 +02:00 [INF] Request starting HTTP/1.1 OPTIONS http://localhost:5196/api/user/getById/1 - null null
2025-04-02 10:41:04.931 +02:00 [INF] CORS policy execution successful.
2025-04-02 10:41:04.949 +02:00 [INF] Request finished HTTP/1.1 OPTIONS http://localhost:5196/api/user/getById/1 - 204 null null 79.8906ms
2025-04-02 10:41:05.000 +02:00 [INF] Request starting HTTP/1.1 GET http://localhost:5196/api/user/getById/1 - null null
2025-04-02 10:41:05.513 +02:00 [INF] CORS policy execution successful.
2025-04-02 10:41:05.521 +02:00 [INF] Executing endpoint 'Trello.Controller.UserController.GetUserById (Trello)'
2025-04-02 10:41:05.633 +02:00 [INF] Route matched with {action = "GetUserById", controller = "User"}. Executing controller action with signature System.Threading.Tasks.Task`1[Microsoft.AspNetCore.Mvc.IActionResult] GetUserById(Int32) on controller Trello.Controller.UserController (Trello).
2025-04-02 10:41:13.466 +02:00 [INF] Executed DbCommand (162ms) [Parameters=[@__id_0='?' (DbType = Int32)], CommandType='"Text"', CommandTimeout='30']
SELECT u."Id", u."AccessFailedCount", u."ConcurrencyStamp", u."CreatedAt", u."Email", u."EmailConfirmed", u."FirstName", u."LastName", u."LockoutEnabled", u."LockoutEnd", u."NormalizedEmail", u."NormalizedUserName", u."PasswordHash", u."PhoneNumber", u."PhoneNumberConfirmed", u."RefreshToken", u."RefreshTokenExpiry", u."SecurityStamp", u."TwoFactorEnabled", u."UserName"
FROM "Users" AS u
WHERE u."Id" = @__id_0
LIMIT 1
2025-04-02 10:41:15.202 +02:00 [INF] Executed action Trello.Controller.UserController.GetUserById (Trello) in 9540.5269ms
2025-04-02 10:41:15.697 +02:00 [INF] Executed endpoint 'Trello.Controller.UserController.GetUserById (Trello)'
2025-04-02 10:41:16.035 +02:00 [ERR] Unhandled exception occurred.
System.InvalidOperationException: Result is in status failed. Value is not set. Having: Error with Message='User with this ID was not found.'
   at FluentResults.Result`1.ThrowIfFailed()
   at FluentResults.Result`1.get_Value()
   at Trello.Controller.UserController.GetUserById(Int32 id) in C:\Users\User\Desktop\TaskManagment\Trello\Controller\UserController.cs:line 32
   at Microsoft.AspNetCore.Mvc.Infrastructure.ActionMethodExecutor.TaskOfIActionResultExecutor.Execute(ActionContext actionContext, IActionResultTypeMapper mapper, ObjectMethodExecutor executor, Object controller, Object[] arguments)
   at Microsoft.AspNetCore.Mvc.Infrastructure.ControllerActionInvoker.<InvokeActionMethodAsync>g__Awaited|12_0(ControllerActionInvoker invoker, ValueTask`1 actionResultValueTask)
   at Microsoft.AspNetCore.Mvc.Infrastructure.ControllerActionInvoker.<InvokeNextActionFilterAsync>g__Awaited|10_0(ControllerActionInvoker invoker, Task lastTask, State next, Scope scope, Object state, Boolean isCompleted)
   at Microsoft.AspNetCore.Mvc.Infrastructure.ControllerActionInvoker.Rethrow(ActionExecutedContextSealed context)
   at Microsoft.AspNetCore.Mvc.Infrastructure.ControllerActionInvoker.Next(State& next, Scope& scope, Object& state, Boolean& isCompleted)
   at Microsoft.AspNetCore.Mvc.Infrastructure.ControllerActionInvoker.<InvokeInnerFilterAsync>g__Awaited|13_0(ControllerActionInvoker invoker, Task lastTask, State next, Scope scope, Object state, Boolean isCompleted)
   at Microsoft.AspNetCore.Mvc.Infrastructure.ResourceInvoker.<InvokeFilterPipelineAsync>g__Awaited|20_0(ResourceInvoker invoker, Task lastTask, State next, Scope scope, Object state, Boolean isCompleted)
   at Microsoft.AspNetCore.Mvc.Infrastructure.ResourceInvoker.<InvokeAsync>g__Logged|17_1(ResourceInvoker invoker)
   at Microsoft.AspNetCore.Mvc.Infrastructure.ResourceInvoker.<InvokeAsync>g__Logged|17_1(ResourceInvoker invoker)
   at Microsoft.AspNetCore.Routing.EndpointMiddleware.<Invoke>g__AwaitRequestTask|7_0(Endpoint endpoint, Task requestTask, ILogger logger)
   at Trello.Helpers.ExceptionHandlingMiddleware.Invoke(HttpContext context) in C:\Users\User\Desktop\TaskManagment\Trello\Helpers\ExeptionHandlingMiddleware.cs:line 21
2025-04-02 10:41:16.414 +02:00 [INF] Request finished HTTP/1.1 GET http://localhost:5196/api/user/getById/1 - 500 null application/json; charset=utf-8 11414.2004ms
2025-04-02 10:41:20.619 +02:00 [INF] Request starting HTTP/1.1 OPTIONS http://localhost:5196/api/auth/signup - null null
2025-04-02 10:41:20.667 +02:00 [INF] CORS policy execution successful.
2025-04-02 10:41:20.673 +02:00 [INF] Request finished HTTP/1.1 OPTIONS http://localhost:5196/api/auth/signup - 204 null null 54.2806ms
2025-04-02 10:41:20.689 +02:00 [INF] Request starting HTTP/1.1 POST http://localhost:5196/api/auth/signup - application/json 148
2025-04-02 10:41:20.701 +02:00 [INF] CORS policy execution successful.
2025-04-02 10:41:20.705 +02:00 [INF] Executing endpoint 'Trello.Controller.AuthController.SignUp (Trello)'
2025-04-02 10:41:20.725 +02:00 [INF] Route matched with {action = "SignUp", controller = "Auth"}. Executing controller action with signature System.Threading.Tasks.Task`1[Microsoft.AspNetCore.Mvc.IActionResult] SignUp(Trello.DTOs.RegisterRequestDto) on controller Trello.Controller.AuthController (Trello).
2025-04-02 10:41:21.427 +02:00 [INF] Executed DbCommand (9ms) [Parameters=[@__normalizedUserName_0='?'], CommandType='"Text"', CommandTimeout='30']
SELECT u."Id", u."AccessFailedCount", u."ConcurrencyStamp", u."CreatedAt", u."Email", u."EmailConfirmed", u."FirstName", u."LastName", u."LockoutEnabled", u."LockoutEnd", u."NormalizedEmail", u."NormalizedUserName", u."PasswordHash", u."PhoneNumber", u."PhoneNumberConfirmed", u."RefreshToken", u."RefreshTokenExpiry", u."SecurityStamp", u."TwoFactorEnabled", u."UserName"
FROM "Users" AS u
WHERE u."NormalizedUserName" = @__normalizedUserName_0
LIMIT 1
2025-04-02 10:41:22.087 +02:00 [INF] Executed DbCommand (39ms) [Parameters=[@p0='?' (DbType = Int32), @p1='?', @p2='?' (DbType = DateTime), @p3='?', @p4='?' (DbType = Boolean), @p5='?', @p6='?', @p7='?' (DbType = Boolean), @p8='?' (DbType = DateTime), @p9='?', @p10='?', @p11='?', @p12='?', @p13='?' (DbType = Boolean), @p14='?', @p15='?' (DbType = DateTime), @p16='?', @p17='?' (DbType = Boolean), @p18='?'], CommandType='"Text"', CommandTimeout='30']
INSERT INTO "Users" ("AccessFailedCount", "ConcurrencyStamp", "CreatedAt", "Email", "EmailConfirmed", "FirstName", "LastName", "LockoutEnabled", "LockoutEnd", "NormalizedEmail", "NormalizedUserName", "PasswordHash", "PhoneNumber", "PhoneNumberConfirmed", "RefreshToken", "RefreshTokenExpiry", "SecurityStamp", "TwoFactorEnabled", "UserName")
VALUES (@p0, @p1, @p2, @p3, @p4, @p5, @p6, @p7, @p8, @p9, @p10, @p11, @p12, @p13, @p14, @p15, @p16, @p17, @p18)
RETURNING "Id";
2025-04-02 10:41:22.244 +02:00 [INF] Executed DbCommand (9ms) [Parameters=[@p2='?' (DbType = Int32), @p0='?', @p1='?' (DbType = DateTime)], CommandType='"Text"', CommandTimeout='30']
UPDATE "Users" SET "RefreshToken" = @p0, "RefreshTokenExpiry" = @p1
WHERE "Id" = @p2;
2025-04-02 10:41:22.265 +02:00 [INF] Executing OkObjectResult, writing value of type 'FluentResults.Result`1[[Trello.DTOs.AuthResponseDto, Trello, Version=1.0.0.0, Culture=neutral, PublicKeyToken=null]]'.
2025-04-02 10:41:22.319 +02:00 [INF] Executed action Trello.Controller.AuthController.SignUp (Trello) in 1583.6793ms
2025-04-02 10:41:22.328 +02:00 [INF] Executed endpoint 'Trello.Controller.AuthController.SignUp (Trello)'
2025-04-02 10:41:22.336 +02:00 [INF] Request finished HTTP/1.1 POST http://localhost:5196/api/auth/signup - 200 null application/json; charset=utf-8 1646.4304ms
2025-04-02 10:41:26.492 +02:00 [INF] Request starting HTTP/1.1 OPTIONS http://localhost:5196/api/auth/login - null null
2025-04-02 10:41:26.531 +02:00 [INF] CORS policy execution successful.
2025-04-02 10:41:26.541 +02:00 [INF] Request finished HTTP/1.1 OPTIONS http://localhost:5196/api/auth/login - 204 null null 49.6314ms
2025-04-02 10:41:26.560 +02:00 [INF] Request starting HTTP/1.1 POST http://localhost:5196/api/auth/login - application/json 41
2025-04-02 10:41:26.574 +02:00 [INF] CORS policy execution successful.
2025-04-02 10:41:26.577 +02:00 [INF] Executing endpoint 'Trello.Controller.AuthController.Login (Trello)'
2025-04-02 10:41:26.589 +02:00 [INF] Route matched with {action = "Login", controller = "Auth"}. Executing controller action with signature System.Threading.Tasks.Task`1[Microsoft.AspNetCore.Mvc.IActionResult] Login(Trello.DTOs.UserLoginDto) on controller Trello.Controller.AuthController (Trello).
2025-04-02 10:41:26.816 +02:00 [INF] Executed DbCommand (4ms) [Parameters=[@__normalizedUserName_0='?'], CommandType='"Text"', CommandTimeout='30']
SELECT u."Id", u."AccessFailedCount", u."ConcurrencyStamp", u."CreatedAt", u."Email", u."EmailConfirmed", u."FirstName", u."LastName", u."LockoutEnabled", u."LockoutEnd", u."NormalizedEmail", u."NormalizedUserName", u."PasswordHash", u."PhoneNumber", u."PhoneNumberConfirmed", u."RefreshToken", u."RefreshTokenExpiry", u."SecurityStamp", u."TwoFactorEnabled", u."UserName"
FROM "Users" AS u
WHERE u."NormalizedUserName" = @__normalizedUserName_0
LIMIT 1
2025-04-02 10:41:27.170 +02:00 [INF] Executed DbCommand (3ms) [Parameters=[@p2='?' (DbType = Int32), @p0='?', @p1='?' (DbType = DateTime)], CommandType='"Text"', CommandTimeout='30']
UPDATE "Users" SET "RefreshToken" = @p0, "RefreshTokenExpiry" = @p1
WHERE "Id" = @p2;
2025-04-02 10:41:27.172 +02:00 [INF] Executing OkObjectResult, writing value of type 'FluentResults.Result`1[[Trello.DTOs.AuthResponseDto, Trello, Version=1.0.0.0, Culture=neutral, PublicKeyToken=null]]'.
2025-04-02 10:41:27.197 +02:00 [INF] Executed action Trello.Controller.AuthController.Login (Trello) in 599.1308ms
2025-04-02 10:41:27.207 +02:00 [INF] Executed endpoint 'Trello.Controller.AuthController.Login (Trello)'
2025-04-02 10:41:27.217 +02:00 [INF] Request finished HTTP/1.1 POST http://localhost:5196/api/auth/login - 200 null application/json; charset=utf-8 657.3296ms
2025-04-02 10:41:28.679 +02:00 [INF] Request starting HTTP/1.1 OPTIONS http://localhost:5196/api/user/getById/1 - null null
2025-04-02 10:41:28.811 +02:00 [INF] CORS policy execution successful.
2025-04-02 10:41:28.821 +02:00 [INF] Request finished HTTP/1.1 OPTIONS http://localhost:5196/api/user/getById/1 - 204 null null 140.34ms
2025-04-02 10:41:28.839 +02:00 [INF] Request starting HTTP/1.1 GET http://localhost:5196/api/user/getById/1 - null null
2025-04-02 10:41:28.854 +02:00 [INF] CORS policy execution successful.
2025-04-02 10:41:28.858 +02:00 [INF] Executing endpoint 'Trello.Controller.UserController.GetUserById (Trello)'
2025-04-02 10:41:28.863 +02:00 [INF] Route matched with {action = "GetUserById", controller = "User"}. Executing controller action with signature System.Threading.Tasks.Task`1[Microsoft.AspNetCore.Mvc.IActionResult] GetUserById(Int32) on controller Trello.Controller.UserController (Trello).
2025-04-02 10:41:28.887 +02:00 [INF] Executed DbCommand (2ms) [Parameters=[@__id_0='?' (DbType = Int32)], CommandType='"Text"', CommandTimeout='30']
SELECT u."Id", u."AccessFailedCount", u."ConcurrencyStamp", u."CreatedAt", u."Email", u."EmailConfirmed", u."FirstName", u."LastName", u."LockoutEnabled", u."LockoutEnd", u."NormalizedEmail", u."NormalizedUserName", u."PasswordHash", u."PhoneNumber", u."PhoneNumberConfirmed", u."RefreshToken", u."RefreshTokenExpiry", u."SecurityStamp", u."TwoFactorEnabled", u."UserName"
FROM "Users" AS u
WHERE u."Id" = @__id_0
LIMIT 1
2025-04-02 10:41:28.916 +02:00 [INF] Executing OkObjectResult, writing value of type 'Trello.DTOs.UserDto'.
2025-04-02 10:41:28.959 +02:00 [INF] Executed action Trello.Controller.UserController.GetUserById (Trello) in 79.6187ms
2025-04-02 10:41:28.970 +02:00 [INF] Executed endpoint 'Trello.Controller.UserController.GetUserById (Trello)'
2025-04-02 10:41:28.993 +02:00 [INF] Request finished HTTP/1.1 GET http://localhost:5196/api/user/getById/1 - 200 null application/json; charset=utf-8 154.4897ms
2025-04-02 10:41:29.034 +02:00 [INF] Request starting HTTP/1.1 GET http://localhost:5196/api/projects/getUserProjects/1 - null null
2025-04-02 10:41:29.050 +02:00 [INF] CORS policy execution successful.
2025-04-02 10:41:29.055 +02:00 [INF] Executing endpoint 'Trello.Controller.ProjectController.GetUserProjects (Trello)'
2025-04-02 10:41:29.067 +02:00 [INF] Route matched with {action = "GetUserProjects", controller = "Project"}. Executing controller action with signature System.Threading.Tasks.Task`1[Microsoft.AspNetCore.Mvc.IActionResult] GetUserProjects(Int32) on controller Trello.Controller.ProjectController (Trello).
2025-04-02 10:41:29.327 +02:00 [INF] Executed DbCommand (11ms) [Parameters=[@__userId_0='?' (DbType = Int32)], CommandType='"Text"', CommandTimeout='30']
SELECT p."Id", p."BoardId", p."Name", p."OwnerId"
FROM "Projects" AS p
WHERE EXISTS (
    SELECT 1
    FROM "UserProject" AS u
    WHERE p."Id" = u."ProjectId" AND u."UserId" = @__userId_0) OR p."OwnerId" = @__userId_0
2025-04-02 10:41:30.883 +02:00 [INF] Executed action Trello.Controller.ProjectController.GetUserProjects (Trello) in 1807.6582ms
2025-04-02 10:41:31.381 +02:00 [INF] Executed endpoint 'Trello.Controller.ProjectController.GetUserProjects (Trello)'
2025-04-02 10:41:31.760 +02:00 [ERR] Unhandled exception occurred.
System.InvalidOperationException: Result is in status failed. Value is not set. Having: Error with Message='No projects found for this user.'
   at FluentResults.Result`1.ThrowIfFailed()
   at FluentResults.Result`1.get_Value()
   at Trello.Controller.ProjectController.GetUserProjects(Int32 id) in C:\Users\User\Desktop\TaskManagment\Trello\Controller\ProjectController.cs:line 31
   at Microsoft.AspNetCore.Mvc.Infrastructure.ActionMethodExecutor.TaskOfIActionResultExecutor.Execute(ActionContext actionContext, IActionResultTypeMapper mapper, ObjectMethodExecutor executor, Object controller, Object[] arguments)
   at Microsoft.AspNetCore.Mvc.Infrastructure.ControllerActionInvoker.<InvokeActionMethodAsync>g__Awaited|12_0(ControllerActionInvoker invoker, ValueTask`1 actionResultValueTask)
   at Microsoft.AspNetCore.Mvc.Infrastructure.ControllerActionInvoker.<InvokeNextActionFilterAsync>g__Awaited|10_0(ControllerActionInvoker invoker, Task lastTask, State next, Scope scope, Object state, Boolean isCompleted)
   at Microsoft.AspNetCore.Mvc.Infrastructure.ControllerActionInvoker.Rethrow(ActionExecutedContextSealed context)
   at Microsoft.AspNetCore.Mvc.Infrastructure.ControllerActionInvoker.Next(State& next, Scope& scope, Object& state, Boolean& isCompleted)
   at Microsoft.AspNetCore.Mvc.Infrastructure.ControllerActionInvoker.<InvokeInnerFilterAsync>g__Awaited|13_0(ControllerActionInvoker invoker, Task lastTask, State next, Scope scope, Object state, Boolean isCompleted)
   at Microsoft.AspNetCore.Mvc.Infrastructure.ResourceInvoker.<InvokeFilterPipelineAsync>g__Awaited|20_0(ResourceInvoker invoker, Task lastTask, State next, Scope scope, Object state, Boolean isCompleted)
   at Microsoft.AspNetCore.Mvc.Infrastructure.ResourceInvoker.<InvokeAsync>g__Logged|17_1(ResourceInvoker invoker)
   at Microsoft.AspNetCore.Mvc.Infrastructure.ResourceInvoker.<InvokeAsync>g__Logged|17_1(ResourceInvoker invoker)
   at Microsoft.AspNetCore.Routing.EndpointMiddleware.<Invoke>g__AwaitRequestTask|7_0(Endpoint endpoint, Task requestTask, ILogger logger)
   at Trello.Helpers.ExceptionHandlingMiddleware.Invoke(HttpContext context) in C:\Users\User\Desktop\TaskManagment\Trello\Helpers\ExeptionHandlingMiddleware.cs:line 21
2025-04-02 10:41:31.809 +02:00 [INF] Request finished HTTP/1.1 GET http://localhost:5196/api/projects/getUserProjects/1 - 500 null application/json; charset=utf-8 2775.8412ms
2025-04-02 10:41:36.954 +02:00 [INF] Request starting HTTP/1.1 OPTIONS http://localhost:5196/api/projects/create - null null
2025-04-02 10:41:37.001 +02:00 [INF] CORS policy execution successful.
2025-04-02 10:41:37.017 +02:00 [INF] Request finished HTTP/1.1 OPTIONS http://localhost:5196/api/projects/create - 204 null null 62.5277ms
2025-04-02 10:41:37.072 +02:00 [INF] Request starting HTTP/1.1 POST http://localhost:5196/api/projects/create - application/json 39
2025-04-02 10:41:37.102 +02:00 [INF] CORS policy execution successful.
2025-04-02 10:41:37.113 +02:00 [INF] Executing endpoint 'Trello.Controller.ProjectController.Create (Trello)'
2025-04-02 10:41:37.144 +02:00 [INF] Route matched with {action = "Create", controller = "Project"}. Executing controller action with signature System.Threading.Tasks.Task`1[Microsoft.AspNetCore.Mvc.IActionResult] Create(Trello.DTOs.ProjectDto) on controller Trello.Controller.ProjectController (Trello).
2025-04-02 10:41:37.203 +02:00 [INF] Executed DbCommand (3ms) [Parameters=[@__id_0='?' (DbType = Int32)], CommandType='"Text"', CommandTimeout='30']
SELECT u."Id", u."AccessFailedCount", u."ConcurrencyStamp", u."CreatedAt", u."Email", u."EmailConfirmed", u."FirstName", u."LastName", u."LockoutEnabled", u."LockoutEnd", u."NormalizedEmail", u."NormalizedUserName", u."PasswordHash", u."PhoneNumber", u."PhoneNumberConfirmed", u."RefreshToken", u."RefreshTokenExpiry", u."SecurityStamp", u."TwoFactorEnabled", u."UserName"
FROM "Users" AS u
WHERE u."Id" = @__id_0
LIMIT 1
2025-04-02 10:41:37.316 +02:00 [INF] Executed DbCommand (6ms) [Parameters=[@p0='?' (DbType = Int32), @p1='?', @p2='?' (DbType = Int32)], CommandType='"Text"', CommandTimeout='30']
INSERT INTO "Projects" ("BoardId", "Name", "OwnerId")
VALUES (@p0, @p1, @p2)
RETURNING "Id";
2025-04-02 10:41:37.352 +02:00 [INF] Project added successifully
2025-04-02 10:41:37.502 +02:00 [INF] Executed DbCommand (11ms) [Parameters=[@p0='?' (DbType = Int32), @p1='?', @p2='?', @p3='?' (DbType = Int32)], CommandType='"Text"', CommandTimeout='30']
INSERT INTO "Boards" ("ActiveSprintId", "Description", "Name", "ProjectId")
VALUES (@p0, @p1, @p2, @p3)
RETURNING "Id";
2025-04-02 10:41:37.520 +02:00 [INF] Boards added successifully
2025-04-02 10:41:37.593 +02:00 [INF] Executed DbCommand (9ms) [Parameters=[@p0='?' (DbType = Int32), @p1='?' (DbType = Int32)], CommandType='"Text"', CommandTimeout='30']
INSERT INTO "Columns" ("BoardId", "Name")
VALUES (@p0, @p1)
RETURNING "Id";
2025-04-02 10:41:37.614 +02:00 [INF] Column added successifully
2025-04-02 10:41:37.627 +02:00 [INF] Executed DbCommand (4ms) [Parameters=[@p0='?' (DbType = Int32), @p1='?' (DbType = Int32)], CommandType='"Text"', CommandTimeout='30']
INSERT INTO "Columns" ("BoardId", "Name")
VALUES (@p0, @p1)
RETURNING "Id";
2025-04-02 10:41:37.652 +02:00 [INF] Column added successifully
2025-04-02 10:41:37.668 +02:00 [INF] Executed DbCommand (3ms) [Parameters=[@p0='?' (DbType = Int32), @p1='?' (DbType = Int32)], CommandType='"Text"', CommandTimeout='30']
INSERT INTO "Columns" ("BoardId", "Name")
VALUES (@p0, @p1)
RETURNING "Id";
2025-04-02 10:41:37.695 +02:00 [INF] Column added successifully
2025-04-02 10:41:37.705 +02:00 [INF] Executed DbCommand (3ms) [Parameters=[@p0='?' (DbType = Int32), @p1='?' (DbType = Int32)], CommandType='"Text"', CommandTimeout='30']
INSERT INTO "Columns" ("BoardId", "Name")
VALUES (@p0, @p1)
RETURNING "Id";
2025-04-02 10:41:37.722 +02:00 [INF] Column added successifully
2025-04-02 10:41:37.734 +02:00 [INF] Executed DbCommand (3ms) [Parameters=[@p1='?' (DbType = Int32), @p0='?' (DbType = Int32)], CommandType='"Text"', CommandTimeout='30']
UPDATE "Projects" SET "BoardId" = @p0
WHERE "Id" = @p1;
2025-04-02 10:41:37.753 +02:00 [INF] Executing OkObjectResult, writing value of type 'FluentResults.Result`1[[Trello.DTOs.ProjectDto, Trello, Version=1.0.0.0, Culture=neutral, PublicKeyToken=null]]'.
2025-04-02 10:41:37.769 +02:00 [INF] Executed action Trello.Controller.ProjectController.Create (Trello) in 593.7627ms
2025-04-02 10:41:37.778 +02:00 [INF] Executed endpoint 'Trello.Controller.ProjectController.Create (Trello)'
2025-04-02 10:41:37.785 +02:00 [INF] Request finished HTTP/1.1 POST http://localhost:5196/api/projects/create - 200 null application/json; charset=utf-8 712.6267ms
2025-04-02 10:41:39.991 +02:00 [INF] Request starting HTTP/1.1 OPTIONS http://localhost:5196/api/user/getById/1 - null null
2025-04-02 10:41:39.992 +02:00 [INF] Request starting HTTP/1.1 OPTIONS http://localhost:5196/api/user/getById/1 - null null
2025-04-02 10:41:40.010 +02:00 [INF] CORS policy execution successful.
2025-04-02 10:41:40.017 +02:00 [INF] CORS policy execution successful.
2025-04-02 10:41:40.023 +02:00 [INF] Request finished HTTP/1.1 OPTIONS http://localhost:5196/api/user/getById/1 - 204 null null 31.8253ms
2025-04-02 10:41:40.061 +02:00 [INF] Request starting HTTP/1.1 GET http://localhost:5196/api/user/getById/1 - null null
2025-04-02 10:41:40.050 +02:00 [INF] Request finished HTTP/1.1 OPTIONS http://localhost:5196/api/user/getById/1 - 204 null null 57.8021ms
2025-04-02 10:41:40.085 +02:00 [INF] CORS policy execution successful.
2025-04-02 10:41:40.398 +02:00 [INF] Executing endpoint 'Trello.Controller.UserController.GetUserById (Trello)'
2025-04-02 10:41:40.406 +02:00 [INF] Route matched with {action = "GetUserById", controller = "User"}. Executing controller action with signature System.Threading.Tasks.Task`1[Microsoft.AspNetCore.Mvc.IActionResult] GetUserById(Int32) on controller Trello.Controller.UserController (Trello).
2025-04-02 10:41:40.425 +02:00 [INF] Executed DbCommand (3ms) [Parameters=[@__id_0='?' (DbType = Int32)], CommandType='"Text"', CommandTimeout='30']
SELECT u."Id", u."AccessFailedCount", u."ConcurrencyStamp", u."CreatedAt", u."Email", u."EmailConfirmed", u."FirstName", u."LastName", u."LockoutEnabled", u."LockoutEnd", u."NormalizedEmail", u."NormalizedUserName", u."PasswordHash", u."PhoneNumber", u."PhoneNumberConfirmed", u."RefreshToken", u."RefreshTokenExpiry", u."SecurityStamp", u."TwoFactorEnabled", u."UserName"
FROM "Users" AS u
WHERE u."Id" = @__id_0
LIMIT 1
2025-04-02 10:41:40.441 +02:00 [INF] Executing OkObjectResult, writing value of type 'Trello.DTOs.UserDto'.
2025-04-02 10:41:40.447 +02:00 [INF] Executed action Trello.Controller.UserController.GetUserById (Trello) in 29.6675ms
2025-04-02 10:41:40.449 +02:00 [INF] Request starting HTTP/1.1 GET http://localhost:5196/api/user/getById/1 - null null
2025-04-02 10:41:40.457 +02:00 [INF] Executed endpoint 'Trello.Controller.UserController.GetUserById (Trello)'
2025-04-02 10:41:40.462 +02:00 [INF] CORS policy execution successful.
2025-04-02 10:41:40.468 +02:00 [INF] Request finished HTTP/1.1 GET http://localhost:5196/api/user/getById/1 - 200 null application/json; charset=utf-8 407.0233ms
2025-04-02 10:41:40.470 +02:00 [INF] Executing endpoint 'Trello.Controller.UserController.GetUserById (Trello)'
2025-04-02 10:41:40.486 +02:00 [INF] Request starting HTTP/1.1 GET http://localhost:5196/api/projects/getUserProjects/1 - null null
2025-04-02 10:41:40.489 +02:00 [INF] Route matched with {action = "GetUserById", controller = "User"}. Executing controller action with signature System.Threading.Tasks.Task`1[Microsoft.AspNetCore.Mvc.IActionResult] GetUserById(Int32) on controller Trello.Controller.UserController (Trello).
2025-04-02 10:41:40.503 +02:00 [INF] CORS policy execution successful.
2025-04-02 10:41:40.514 +02:00 [INF] Executing endpoint 'Trello.Controller.ProjectController.GetUserProjects (Trello)'
2025-04-02 10:41:40.514 +02:00 [INF] Executed DbCommand (3ms) [Parameters=[@__id_0='?' (DbType = Int32)], CommandType='"Text"', CommandTimeout='30']
SELECT u."Id", u."AccessFailedCount", u."ConcurrencyStamp", u."CreatedAt", u."Email", u."EmailConfirmed", u."FirstName", u."LastName", u."LockoutEnabled", u."LockoutEnd", u."NormalizedEmail", u."NormalizedUserName", u."PasswordHash", u."PhoneNumber", u."PhoneNumberConfirmed", u."RefreshToken", u."RefreshTokenExpiry", u."SecurityStamp", u."TwoFactorEnabled", u."UserName"
FROM "Users" AS u
WHERE u."Id" = @__id_0
LIMIT 1
2025-04-02 10:41:40.526 +02:00 [INF] Route matched with {action = "GetUserProjects", controller = "Project"}. Executing controller action with signature System.Threading.Tasks.Task`1[Microsoft.AspNetCore.Mvc.IActionResult] GetUserProjects(Int32) on controller Trello.Controller.ProjectController (Trello).
2025-04-02 10:41:40.534 +02:00 [INF] Executing OkObjectResult, writing value of type 'Trello.DTOs.UserDto'.
2025-04-02 10:41:40.551 +02:00 [INF] Executed action Trello.Controller.UserController.GetUserById (Trello) in 43.2609ms
2025-04-02 10:41:40.559 +02:00 [INF] Executed endpoint 'Trello.Controller.UserController.GetUserById (Trello)'
2025-04-02 10:41:40.562 +02:00 [INF] Executed DbCommand (3ms) [Parameters=[@__userId_0='?' (DbType = Int32)], CommandType='"Text"', CommandTimeout='30']
SELECT p."Id", p."BoardId", p."Name", p."OwnerId"
FROM "Projects" AS p
WHERE EXISTS (
    SELECT 1
    FROM "UserProject" AS u
    WHERE p."Id" = u."ProjectId" AND u."UserId" = @__userId_0) OR p."OwnerId" = @__userId_0
2025-04-02 10:41:40.575 +02:00 [INF] Request finished HTTP/1.1 GET http://localhost:5196/api/user/getById/1 - 200 null application/json; charset=utf-8 126.5011ms
2025-04-02 10:41:40.586 +02:00 [INF] Executing OkObjectResult, writing value of type 'System.Collections.Generic.List`1[[Trello.DTOs.ProjectDetailsDto, Trello, Version=1.0.0.0, Culture=neutral, PublicKeyToken=null]]'.
2025-04-02 10:41:40.615 +02:00 [INF] Executed action Trello.Controller.ProjectController.GetUserProjects (Trello) in 67.1964ms
2025-04-02 10:41:40.623 +02:00 [INF] Executed endpoint 'Trello.Controller.ProjectController.GetUserProjects (Trello)'
2025-04-02 10:41:40.630 +02:00 [INF] Request finished HTTP/1.1 GET http://localhost:5196/api/projects/getUserProjects/1 - 200 null application/json; charset=utf-8 143.3228ms
2025-04-02 10:41:43.913 +02:00 [INF] Request starting HTTP/1.1 OPTIONS http://localhost:5196/api/boards/getById/1 - null null
2025-04-02 10:41:43.940 +02:00 [INF] CORS policy execution successful.
2025-04-02 10:41:43.944 +02:00 [INF] Request finished HTTP/1.1 OPTIONS http://localhost:5196/api/boards/getById/1 - 204 null null 32.3635ms
2025-04-02 10:41:43.960 +02:00 [INF] Request starting HTTP/1.1 GET http://localhost:5196/api/boards/getById/1 - null null
2025-04-02 10:41:43.973 +02:00 [INF] CORS policy execution successful.
2025-04-02 10:41:43.977 +02:00 [INF] Executing endpoint 'Trello.Controller.BoardController.GetById (Trello)'
2025-04-02 10:41:43.991 +02:00 [INF] Route matched with {action = "GetById", controller = "Board"}. Executing controller action with signature System.Threading.Tasks.Task`1[Microsoft.AspNetCore.Mvc.IActionResult] GetById(Int32) on controller Trello.Controller.BoardController (Trello).
2025-04-02 10:41:44.228 +02:00 [INF] Executed DbCommand (3ms) [Parameters=[@__id_0='?' (DbType = Int32)], CommandType='"Text"', CommandTimeout='30']
SELECT b0."Id", b0."ActiveSprintId", b0."Description", b0."Name", b0."ProjectId", c."Id", c."BoardId", c."Name"
FROM (
    SELECT b."Id", b."ActiveSprintId", b."Description", b."Name", b."ProjectId"
    FROM "Boards" AS b
    WHERE b."Id" = @__id_0
    LIMIT 1
) AS b0
LEFT JOIN "Columns" AS c ON b0."Id" = c."BoardId"
ORDER BY b0."Id"
2025-04-02 10:41:44.271 +02:00 [INF] Executing OkObjectResult, writing value of type 'Trello.DTOs.BoardDto'.
2025-04-02 10:41:44.405 +02:00 [INF] Executed action Trello.Controller.BoardController.GetById (Trello) in 402.0083ms
2025-04-02 10:41:44.416 +02:00 [INF] Executed endpoint 'Trello.Controller.BoardController.GetById (Trello)'
2025-04-02 10:41:44.424 +02:00 [INF] Request finished HTTP/1.1 GET http://localhost:5196/api/boards/getById/1 - 200 null application/json; charset=utf-8 464.0299ms
2025-04-02 10:42:21.714 +02:00 [INF] Request starting HTTP/1.1 OPTIONS http://localhost:5196/api/card - null null
2025-04-02 10:42:21.749 +02:00 [INF] CORS policy execution successful.
2025-04-02 10:42:21.757 +02:00 [INF] Request finished HTTP/1.1 OPTIONS http://localhost:5196/api/card - 204 null null 43.4934ms
2025-04-02 10:42:21.807 +02:00 [INF] Request starting HTTP/1.1 POST http://localhost:5196/api/card - application/json 116
2025-04-02 10:42:22.024 +02:00 [INF] Failed to validate the token.
Microsoft.IdentityModel.Tokens.SecurityTokenMalformedException: IDX14100: JWT is not well formed, there are no dots (.).
The token needs to be in JWS or JWE Compact Serialization Format. (JWS): 'EncodedHeader.EndcodedPayload.EncodedSignature'. (JWE): 'EncodedProtectedHeader.EncodedEncryptedKey.EncodedInitializationVector.EncodedCiphertext.EncodedAuthenticationTag'.
 ---> Microsoft.IdentityModel.Tokens.SecurityTokenMalformedException: IDX14100: JWT is not well formed, there are no dots (.).
The token needs to be in JWS or JWE Compact Serialization Format. (JWS): 'EncodedHeader.EndcodedPayload.EncodedSignature'. (JWE): 'EncodedProtectedHeader.EncodedEncryptedKey.EncodedInitializationVector.EncodedCiphertext.EncodedAuthenticationTag'.
   at Microsoft.IdentityModel.JsonWebTokens.JsonWebToken.ReadToken(String encodedJson)
   at Microsoft.IdentityModel.JsonWebTokens.JsonWebToken..ctor(String jwtEncodedString)
   at Microsoft.IdentityModel.JsonWebTokens.JsonWebTokenHandler.ReadToken(String token, TokenValidationParameters validationParameters)
   --- End of inner exception stack trace ---
2025-04-02 10:42:22.061 +02:00 [INF] Bearer was not authenticated. Failure message: IDX14100: JWT is not well formed, there are no dots (.).
The token needs to be in JWS or JWE Compact Serialization Format. (JWS): 'EncodedHeader.EndcodedPayload.EncodedSignature'. (JWE): 'EncodedProtectedHeader.EncodedEncryptedKey.EncodedInitializationVector.EncodedCiphertext.EncodedAuthenticationTag'.
2025-04-02 10:42:22.069 +02:00 [INF] CORS policy execution successful.
2025-04-02 10:42:22.074 +02:00 [INF] Request finished HTTP/1.1 POST http://localhost:5196/api/card - 404 0 null 266.8193ms
2025-04-02 10:42:22.089 +02:00 [INF] Request reached the end of the middleware pipeline without being handled by application code. Request path: POST http://localhost:5196/api/card, Response status code: 404
2025-04-02 10:43:05.090 +02:00 [INF] Request starting HTTP/1.1 OPTIONS http://localhost:5196/api/boards/getById/1 - null null
2025-04-02 10:43:05.386 +02:00 [INF] CORS policy execution successful.
2025-04-02 10:43:05.392 +02:00 [INF] Request finished HTTP/1.1 OPTIONS http://localhost:5196/api/boards/getById/1 - 204 null null 301.713ms
2025-04-02 10:43:05.418 +02:00 [INF] Request starting HTTP/1.1 GET http://localhost:5196/api/boards/getById/1 - null null
2025-04-02 10:43:05.437 +02:00 [INF] CORS policy execution successful.
2025-04-02 10:43:05.445 +02:00 [INF] Executing endpoint 'Trello.Controller.BoardController.GetById (Trello)'
2025-04-02 10:43:05.452 +02:00 [INF] Route matched with {action = "GetById", controller = "Board"}. Executing controller action with signature System.Threading.Tasks.Task`1[Microsoft.AspNetCore.Mvc.IActionResult] GetById(Int32) on controller Trello.Controller.BoardController (Trello).
2025-04-02 10:43:05.525 +02:00 [INF] Executed DbCommand (54ms) [Parameters=[@__id_0='?' (DbType = Int32)], CommandType='"Text"', CommandTimeout='30']
SELECT b0."Id", b0."ActiveSprintId", b0."Description", b0."Name", b0."ProjectId", c."Id", c."BoardId", c."Name"
FROM (
    SELECT b."Id", b."ActiveSprintId", b."Description", b."Name", b."ProjectId"
    FROM "Boards" AS b
    WHERE b."Id" = @__id_0
    LIMIT 1
) AS b0
LEFT JOIN "Columns" AS c ON b0."Id" = c."BoardId"
ORDER BY b0."Id"
2025-04-02 10:43:05.558 +02:00 [INF] Executing OkObjectResult, writing value of type 'Trello.DTOs.BoardDto'.
2025-04-02 10:43:05.564 +02:00 [INF] Executed action Trello.Controller.BoardController.GetById (Trello) in 96.7864ms
2025-04-02 10:43:05.577 +02:00 [INF] Executed endpoint 'Trello.Controller.BoardController.GetById (Trello)'
2025-04-02 10:43:05.585 +02:00 [INF] Request finished HTTP/1.1 GET http://localhost:5196/api/boards/getById/1 - 200 null application/json; charset=utf-8 166.8608ms
2025-04-02 10:43:11.500 +02:00 [INF] Request starting HTTP/1.1 OPTIONS http://localhost:5196/api/card/create - null null
2025-04-02 10:43:11.550 +02:00 [INF] CORS policy execution successful.
2025-04-02 10:43:11.567 +02:00 [INF] Request finished HTTP/1.1 OPTIONS http://localhost:5196/api/card/create - 204 null null 67.5877ms
2025-04-02 10:43:11.605 +02:00 [INF] Request starting HTTP/1.1 POST http://localhost:5196/api/card/create - application/json 116
2025-04-02 10:43:11.748 +02:00 [INF] Failed to validate the token.
Microsoft.IdentityModel.Tokens.SecurityTokenMalformedException: IDX14100: JWT is not well formed, there are no dots (.).
The token needs to be in JWS or JWE Compact Serialization Format. (JWS): 'EncodedHeader.EndcodedPayload.EncodedSignature'. (JWE): 'EncodedProtectedHeader.EncodedEncryptedKey.EncodedInitializationVector.EncodedCiphertext.EncodedAuthenticationTag'.
 ---> Microsoft.IdentityModel.Tokens.SecurityTokenMalformedException: IDX14100: JWT is not well formed, there are no dots (.).
The token needs to be in JWS or JWE Compact Serialization Format. (JWS): 'EncodedHeader.EndcodedPayload.EncodedSignature'. (JWE): 'EncodedProtectedHeader.EncodedEncryptedKey.EncodedInitializationVector.EncodedCiphertext.EncodedAuthenticationTag'.
   at Microsoft.IdentityModel.JsonWebTokens.JsonWebToken.ReadToken(String encodedJson)
   at Microsoft.IdentityModel.JsonWebTokens.JsonWebToken..ctor(String jwtEncodedString)
   at Microsoft.IdentityModel.JsonWebTokens.JsonWebTokenHandler.ReadToken(String token, TokenValidationParameters validationParameters)
   --- End of inner exception stack trace ---
2025-04-02 10:43:11.781 +02:00 [INF] Bearer was not authenticated. Failure message: IDX14100: JWT is not well formed, there are no dots (.).
The token needs to be in JWS or JWE Compact Serialization Format. (JWS): 'EncodedHeader.EndcodedPayload.EncodedSignature'. (JWE): 'EncodedProtectedHeader.EncodedEncryptedKey.EncodedInitializationVector.EncodedCiphertext.EncodedAuthenticationTag'.
2025-04-02 10:43:11.794 +02:00 [INF] CORS policy execution successful.
2025-04-02 10:43:11.800 +02:00 [INF] Executing endpoint 'Trello.Controller.CardController.Create (Trello)'
2025-04-02 10:43:11.819 +02:00 [INF] Route matched with {action = "Create", controller = "Card"}. Executing controller action with signature System.Threading.Tasks.Task`1[Microsoft.AspNetCore.Mvc.IActionResult] Create(Trello.DTOs.CardDto) on controller Trello.Controller.CardController (Trello).
2025-04-02 10:43:12.268 +02:00 [INF] Executed action Trello.Controller.CardController.Create (Trello) in 433.7167ms
2025-04-02 10:43:12.467 +02:00 [INF] Executed endpoint 'Trello.Controller.CardController.Create (Trello)'
2025-04-02 10:43:12.565 +02:00 [ERR] Unhandled exception occurred.
System.InvalidOperationException: Unable to resolve service for type 'Trello.Service.IService.ICardService' while attempting to activate 'Trello.Controller.CardController'.
   at Microsoft.Extensions.DependencyInjection.ActivatorUtilities.ThrowHelperUnableToResolveService(Type type, Type requiredBy)
   at lambda_method561(Closure, IServiceProvider, Object[])
   at Microsoft.AspNetCore.Mvc.Controllers.ControllerFactoryProvider.<>c__DisplayClass6_0.<CreateControllerFactory>g__CreateController|0(ControllerContext controllerContext)
   at Microsoft.AspNetCore.Mvc.Infrastructure.ControllerActionInvoker.Next(State& next, Scope& scope, Object& state, Boolean& isCompleted)
   at Microsoft.AspNetCore.Mvc.Infrastructure.ControllerActionInvoker.InvokeInnerFilterAsync()
--- End of stack trace from previous location ---
   at Microsoft.AspNetCore.Mvc.Infrastructure.ResourceInvoker.<InvokeFilterPipelineAsync>g__Awaited|20_0(ResourceInvoker invoker, Task lastTask, State next, Scope scope, Object state, Boolean isCompleted)
   at Microsoft.AspNetCore.Mvc.Infrastructure.ResourceInvoker.<InvokeAsync>g__Logged|17_1(ResourceInvoker invoker)
   at Microsoft.AspNetCore.Mvc.Infrastructure.ResourceInvoker.<InvokeAsync>g__Logged|17_1(ResourceInvoker invoker)
   at Microsoft.AspNetCore.Routing.EndpointMiddleware.<Invoke>g__AwaitRequestTask|7_0(Endpoint endpoint, Task requestTask, ILogger logger)
   at Trello.Helpers.ExceptionHandlingMiddleware.Invoke(HttpContext context) in C:\Users\User\Desktop\TaskManagment\Trello\Helpers\ExeptionHandlingMiddleware.cs:line 21
2025-04-02 10:43:12.643 +02:00 [INF] Request finished HTTP/1.1 POST http://localhost:5196/api/card/create - 500 null application/json; charset=utf-8 1038.7785ms
2025-04-02 10:44:51.705 +02:00 [INF] User profile is available. Using 'C:\Users\User\AppData\Local\ASP.NET\DataProtection-Keys' as key repository and Windows DPAPI to encrypt keys at rest.
2025-04-02 10:44:52.875 +02:00 [INF] Now listening on: http://localhost:5196
2025-04-02 10:44:52.893 +02:00 [INF] Application started. Press Ctrl+C to shut down.
2025-04-02 10:44:52.898 +02:00 [INF] Hosting environment: Development
2025-04-02 10:44:52.902 +02:00 [INF] Content root path: C:\Users\User\Desktop\TaskManagment\Trello
2025-04-02 10:44:55.237 +02:00 [INF] Request starting HTTP/1.1 GET http://localhost:5196// - null null
2025-04-02 10:44:55.701 +02:00 [WRN] Failed to determine the https port for redirect.
2025-04-02 10:44:56.187 +02:00 [INF] Request finished HTTP/1.1 GET http://localhost:5196// - 404 0 null 983.5815ms
2025-04-02 10:44:56.222 +02:00 [INF] Request reached the end of the middleware pipeline without being handled by application code. Request path: GET http://localhost:5196//, Response status code: 404
2025-04-02 10:45:35.690 +02:00 [INF] Request starting HTTP/1.1 OPTIONS http://localhost:5196/api/user/getById/1 - null null
2025-04-02 10:45:35.775 +02:00 [INF] CORS policy execution successful.
2025-04-02 10:45:35.805 +02:00 [INF] Request finished HTTP/1.1 OPTIONS http://localhost:5196/api/user/getById/1 - 204 null null 117.0027ms
2025-04-02 10:45:35.833 +02:00 [INF] Request starting HTTP/1.1 GET http://localhost:5196/api/user/getById/1 - null null
2025-04-02 10:45:36.874 +02:00 [INF] Request starting HTTP/1.1 OPTIONS http://localhost:5196/api/auth/login - null null
2025-04-02 10:45:36.963 +02:00 [INF] CORS policy execution successful.
2025-04-02 10:45:37.063 +02:00 [INF] Request finished HTTP/1.1 OPTIONS http://localhost:5196/api/auth/login - 204 null null 189.7372ms
2025-04-02 10:45:37.139 +02:00 [INF] CORS policy execution successful.
2025-04-02 10:45:37.151 +02:00 [INF] Executing endpoint 'Trello.Controller.UserController.GetUserById (Trello)'
2025-04-02 10:45:37.158 +02:00 [INF] Request starting HTTP/1.1 POST http://localhost:5196/api/auth/login - application/json 41
2025-04-02 10:45:37.177 +02:00 [INF] CORS policy execution successful.
2025-04-02 10:45:37.184 +02:00 [INF] Executing endpoint 'Trello.Controller.AuthController.Login (Trello)'
2025-04-02 10:45:37.332 +02:00 [INF] Route matched with {action = "Login", controller = "Auth"}. Executing controller action with signature System.Threading.Tasks.Task`1[Microsoft.AspNetCore.Mvc.IActionResult] Login(Trello.DTOs.UserLoginDto) on controller Trello.Controller.AuthController (Trello).
2025-04-02 10:45:37.331 +02:00 [INF] Route matched with {action = "GetUserById", controller = "User"}. Executing controller action with signature System.Threading.Tasks.Task`1[Microsoft.AspNetCore.Mvc.IActionResult] GetUserById(Int32) on controller Trello.Controller.UserController (Trello).
2025-04-02 10:45:43.199 +02:00 [INF] Executed DbCommand (196ms) [Parameters=[@__id_0='?' (DbType = Int32)], CommandType='"Text"', CommandTimeout='30']
SELECT u."Id", u."AccessFailedCount", u."ConcurrencyStamp", u."CreatedAt", u."Email", u."EmailConfirmed", u."FirstName", u."LastName", u."LockoutEnabled", u."LockoutEnd", u."NormalizedEmail", u."NormalizedUserName", u."PasswordHash", u."PhoneNumber", u."PhoneNumberConfirmed", u."RefreshToken", u."RefreshTokenExpiry", u."SecurityStamp", u."TwoFactorEnabled", u."UserName"
FROM "Users" AS u
WHERE u."Id" = @__id_0
LIMIT 1
2025-04-02 10:45:43.199 +02:00 [INF] Executed DbCommand (196ms) [Parameters=[@__normalizedUserName_0='?'], CommandType='"Text"', CommandTimeout='30']
SELECT u."Id", u."AccessFailedCount", u."ConcurrencyStamp", u."CreatedAt", u."Email", u."EmailConfirmed", u."FirstName", u."LastName", u."LockoutEnabled", u."LockoutEnd", u."NormalizedEmail", u."NormalizedUserName", u."PasswordHash", u."PhoneNumber", u."PhoneNumberConfirmed", u."RefreshToken", u."RefreshTokenExpiry", u."SecurityStamp", u."TwoFactorEnabled", u."UserName"
FROM "Users" AS u
WHERE u."NormalizedUserName" = @__normalizedUserName_0
LIMIT 1
2025-04-02 10:45:43.657 +02:00 [INF] Executing OkObjectResult, writing value of type 'Trello.DTOs.UserDto'.
2025-04-02 10:45:43.793 +02:00 [INF] Executed action Trello.Controller.UserController.GetUserById (Trello) in 6425.8234ms
2025-04-02 10:45:43.807 +02:00 [INF] Executed endpoint 'Trello.Controller.UserController.GetUserById (Trello)'
2025-04-02 10:45:43.836 +02:00 [INF] Request finished HTTP/1.1 GET http://localhost:5196/api/user/getById/1 - 200 null application/json; charset=utf-8 8002.4502ms
2025-04-02 10:45:44.337 +02:00 [INF] Executed DbCommand (20ms) [Parameters=[@p2='?' (DbType = Int32), @p0='?', @p1='?' (DbType = DateTime)], CommandType='"Text"', CommandTimeout='30']
UPDATE "Users" SET "RefreshToken" = @p0, "RefreshTokenExpiry" = @p1
WHERE "Id" = @p2;
2025-04-02 10:45:44.342 +02:00 [INF] Executing OkObjectResult, writing value of type 'FluentResults.Result`1[[Trello.DTOs.AuthResponseDto, Trello, Version=1.0.0.0, Culture=neutral, PublicKeyToken=null]]'.
2025-04-02 10:45:44.393 +02:00 [INF] Executed action Trello.Controller.AuthController.Login (Trello) in 7043.058ms
2025-04-02 10:45:44.407 +02:00 [INF] Executed endpoint 'Trello.Controller.AuthController.Login (Trello)'
2025-04-02 10:45:44.417 +02:00 [INF] Request finished HTTP/1.1 POST http://localhost:5196/api/auth/login - 200 null application/json; charset=utf-8 7259.0444ms
2025-04-02 10:45:45.885 +02:00 [INF] Request starting HTTP/1.1 OPTIONS http://localhost:5196/api/user/getById/1 - null null
2025-04-02 10:45:46.021 +02:00 [INF] CORS policy execution successful.
2025-04-02 10:45:46.028 +02:00 [INF] Request finished HTTP/1.1 OPTIONS http://localhost:5196/api/user/getById/1 - 204 null null 142.2643ms
2025-04-02 10:45:46.046 +02:00 [INF] Request starting HTTP/1.1 GET http://localhost:5196/api/user/getById/1 - null null
2025-04-02 10:45:46.061 +02:00 [INF] CORS policy execution successful.
2025-04-02 10:45:46.066 +02:00 [INF] Executing endpoint 'Trello.Controller.UserController.GetUserById (Trello)'
2025-04-02 10:45:46.071 +02:00 [INF] Route matched with {action = "GetUserById", controller = "User"}. Executing controller action with signature System.Threading.Tasks.Task`1[Microsoft.AspNetCore.Mvc.IActionResult] GetUserById(Int32) on controller Trello.Controller.UserController (Trello).
2025-04-02 10:45:46.349 +02:00 [INF] Executed DbCommand (3ms) [Parameters=[@__id_0='?' (DbType = Int32)], CommandType='"Text"', CommandTimeout='30']
SELECT u."Id", u."AccessFailedCount", u."ConcurrencyStamp", u."CreatedAt", u."Email", u."EmailConfirmed", u."FirstName", u."LastName", u."LockoutEnabled", u."LockoutEnd", u."NormalizedEmail", u."NormalizedUserName", u."PasswordHash", u."PhoneNumber", u."PhoneNumberConfirmed", u."RefreshToken", u."RefreshTokenExpiry", u."SecurityStamp", u."TwoFactorEnabled", u."UserName"
FROM "Users" AS u
WHERE u."Id" = @__id_0
LIMIT 1
2025-04-02 10:45:46.370 +02:00 [INF] Executing OkObjectResult, writing value of type 'Trello.DTOs.UserDto'.
2025-04-02 10:45:46.378 +02:00 [INF] Executed action Trello.Controller.UserController.GetUserById (Trello) in 298.0518ms
2025-04-02 10:45:46.386 +02:00 [INF] Executed endpoint 'Trello.Controller.UserController.GetUserById (Trello)'
2025-04-02 10:45:46.394 +02:00 [INF] Request finished HTTP/1.1 GET http://localhost:5196/api/user/getById/1 - 200 null application/json; charset=utf-8 347.2382ms
2025-04-02 10:45:46.454 +02:00 [INF] Request starting HTTP/1.1 GET http://localhost:5196/api/projects/getUserProjects/1 - null null
2025-04-02 10:45:46.472 +02:00 [INF] CORS policy execution successful.
2025-04-02 10:45:46.478 +02:00 [INF] Executing endpoint 'Trello.Controller.ProjectController.GetUserProjects (Trello)'
2025-04-02 10:45:46.495 +02:00 [INF] Route matched with {action = "GetUserProjects", controller = "Project"}. Executing controller action with signature System.Threading.Tasks.Task`1[Microsoft.AspNetCore.Mvc.IActionResult] GetUserProjects(Int32) on controller Trello.Controller.ProjectController (Trello).
2025-04-02 10:45:46.744 +02:00 [INF] Executed DbCommand (9ms) [Parameters=[@__userId_0='?' (DbType = Int32)], CommandType='"Text"', CommandTimeout='30']
SELECT p."Id", p."BoardId", p."Name", p."OwnerId"
FROM "Projects" AS p
WHERE EXISTS (
    SELECT 1
    FROM "UserProject" AS u
    WHERE p."Id" = u."ProjectId" AND u."UserId" = @__userId_0) OR p."OwnerId" = @__userId_0
2025-04-02 10:45:46.827 +02:00 [INF] Executing OkObjectResult, writing value of type 'System.Collections.Generic.List`1[[Trello.DTOs.ProjectDetailsDto, Trello, Version=1.0.0.0, Culture=neutral, PublicKeyToken=null]]'.
2025-04-02 10:45:46.850 +02:00 [INF] Executed action Trello.Controller.ProjectController.GetUserProjects (Trello) in 342.4111ms
2025-04-02 10:45:46.864 +02:00 [INF] Executed endpoint 'Trello.Controller.ProjectController.GetUserProjects (Trello)'
2025-04-02 10:45:46.876 +02:00 [INF] Request finished HTTP/1.1 GET http://localhost:5196/api/projects/getUserProjects/1 - 200 null application/json; charset=utf-8 421.8723ms
2025-04-02 10:45:50.503 +02:00 [INF] Request starting HTTP/1.1 OPTIONS http://localhost:5196/api/boards/getById/1 - null null
2025-04-02 10:45:50.562 +02:00 [INF] CORS policy execution successful.
2025-04-02 10:45:50.578 +02:00 [INF] Request finished HTTP/1.1 OPTIONS http://localhost:5196/api/boards/getById/1 - 204 null null 75.5017ms
2025-04-02 10:45:50.683 +02:00 [INF] Request starting HTTP/1.1 GET http://localhost:5196/api/boards/getById/1 - null null
2025-04-02 10:45:50.698 +02:00 [INF] CORS policy execution successful.
2025-04-02 10:45:50.702 +02:00 [INF] Executing endpoint 'Trello.Controller.BoardController.GetById (Trello)'
2025-04-02 10:45:50.727 +02:00 [INF] Route matched with {action = "GetById", controller = "Board"}. Executing controller action with signature System.Threading.Tasks.Task`1[Microsoft.AspNetCore.Mvc.IActionResult] GetById(Int32) on controller Trello.Controller.BoardController (Trello).
2025-04-02 10:45:51.013 +02:00 [INF] Executed DbCommand (23ms) [Parameters=[@__id_0='?' (DbType = Int32)], CommandType='"Text"', CommandTimeout='30']
SELECT b0."Id", b0."ActiveSprintId", b0."Description", b0."Name", b0."ProjectId", c."Id", c."BoardId", c."Name"
FROM (
    SELECT b."Id", b."ActiveSprintId", b."Description", b."Name", b."ProjectId"
    FROM "Boards" AS b
    WHERE b."Id" = @__id_0
    LIMIT 1
) AS b0
LEFT JOIN "Columns" AS c ON b0."Id" = c."BoardId"
ORDER BY b0."Id"
2025-04-02 10:45:51.171 +02:00 [INF] Executing OkObjectResult, writing value of type 'Trello.DTOs.BoardDto'.
2025-04-02 10:45:51.233 +02:00 [INF] Executed action Trello.Controller.BoardController.GetById (Trello) in 493.671ms
2025-04-02 10:45:51.243 +02:00 [INF] Executed endpoint 'Trello.Controller.BoardController.GetById (Trello)'
2025-04-02 10:45:51.254 +02:00 [INF] Request finished HTTP/1.1 GET http://localhost:5196/api/boards/getById/1 - 200 null application/json; charset=utf-8 571.0498ms
2025-04-02 10:46:05.708 +02:00 [INF] Request starting HTTP/1.1 OPTIONS http://localhost:5196/api/card/create - null null
2025-04-02 10:46:05.726 +02:00 [INF] CORS policy execution successful.
2025-04-02 10:46:05.737 +02:00 [INF] Request finished HTTP/1.1 OPTIONS http://localhost:5196/api/card/create - 204 null null 29.0486ms
2025-04-02 10:46:05.763 +02:00 [INF] Request starting HTTP/1.1 POST http://localhost:5196/api/card/create - application/json 113
2025-04-02 10:46:06.059 +02:00 [INF] Failed to validate the token.
Microsoft.IdentityModel.Tokens.SecurityTokenMalformedException: IDX14100: JWT is not well formed, there are no dots (.).
The token needs to be in JWS or JWE Compact Serialization Format. (JWS): 'EncodedHeader.EndcodedPayload.EncodedSignature'. (JWE): 'EncodedProtectedHeader.EncodedEncryptedKey.EncodedInitializationVector.EncodedCiphertext.EncodedAuthenticationTag'.
 ---> Microsoft.IdentityModel.Tokens.SecurityTokenMalformedException: IDX14100: JWT is not well formed, there are no dots (.).
The token needs to be in JWS or JWE Compact Serialization Format. (JWS): 'EncodedHeader.EndcodedPayload.EncodedSignature'. (JWE): 'EncodedProtectedHeader.EncodedEncryptedKey.EncodedInitializationVector.EncodedCiphertext.EncodedAuthenticationTag'.
   at Microsoft.IdentityModel.JsonWebTokens.JsonWebToken.ReadToken(String encodedJson)
   at Microsoft.IdentityModel.JsonWebTokens.JsonWebToken..ctor(String jwtEncodedString)
   at Microsoft.IdentityModel.JsonWebTokens.JsonWebTokenHandler.ReadToken(String token, TokenValidationParameters validationParameters)
   --- End of inner exception stack trace ---
2025-04-02 10:46:06.166 +02:00 [INF] Bearer was not authenticated. Failure message: IDX14100: JWT is not well formed, there are no dots (.).
The token needs to be in JWS or JWE Compact Serialization Format. (JWS): 'EncodedHeader.EndcodedPayload.EncodedSignature'. (JWE): 'EncodedProtectedHeader.EncodedEncryptedKey.EncodedInitializationVector.EncodedCiphertext.EncodedAuthenticationTag'.
2025-04-02 10:46:06.182 +02:00 [INF] CORS policy execution successful.
2025-04-02 10:46:06.190 +02:00 [INF] Executing endpoint 'Trello.Controller.CardController.Create (Trello)'
2025-04-02 10:46:06.217 +02:00 [INF] Route matched with {action = "Create", controller = "Card"}. Executing controller action with signature System.Threading.Tasks.Task`1[Microsoft.AspNetCore.Mvc.IActionResult] Create(Trello.DTOs.CardDto) on controller Trello.Controller.CardController (Trello).
2025-04-02 10:46:06.532 +02:00 [INF] Executed DbCommand (30ms) [Parameters=[@p0='?' (DbType = Int32), @p1='?', @p2='?' (DbType = DateTime), @p3='?' (DbType = Int32), @p4='?'], CommandType='"Text"', CommandTimeout='30']
INSERT INTO "Cards" ("ColumnId", "Description", "DueDate", "SprintId", "Title")
VALUES (@p0, @p1, @p2, @p3, @p4)
RETURNING "Id";
2025-04-02 10:46:06.649 +02:00 [INF] Card added successifully
2025-04-02 10:46:06.658 +02:00 [INF] Executing OkObjectResult, writing value of type 'FluentResults.Result`1[[Trello.DTOs.CardDto, Trello, Version=1.0.0.0, Culture=neutral, PublicKeyToken=null]]'.
2025-04-02 10:46:06.679 +02:00 [INF] Executed action Trello.Controller.CardController.Create (Trello) in 436.947ms
2025-04-02 10:46:06.686 +02:00 [INF] Executed endpoint 'Trello.Controller.CardController.Create (Trello)'
2025-04-02 10:46:06.693 +02:00 [INF] Request finished HTTP/1.1 POST http://localhost:5196/api/card/create - 200 null application/json; charset=utf-8 930.6727ms
2025-04-02 10:46:18.009 +02:00 [INF] Request starting HTTP/1.1 OPTIONS http://localhost:5196/api/user/getById/1 - null null
2025-04-02 10:46:18.009 +02:00 [INF] Request starting HTTP/1.1 OPTIONS http://localhost:5196/api/user/getById/1 - null null
2025-04-02 10:46:18.095 +02:00 [INF] CORS policy execution successful.
2025-04-02 10:46:18.101 +02:00 [INF] CORS policy execution successful.
2025-04-02 10:46:18.112 +02:00 [INF] Request finished HTTP/1.1 OPTIONS http://localhost:5196/api/user/getById/1 - 204 null null 103.2682ms
2025-04-02 10:46:18.107 +02:00 [INF] Request finished HTTP/1.1 OPTIONS http://localhost:5196/api/user/getById/1 - 204 null null 98.7329ms
2025-04-02 10:46:18.139 +02:00 [INF] Request starting HTTP/1.1 GET http://localhost:5196/api/user/getById/1 - null null
2025-04-02 10:46:18.157 +02:00 [INF] CORS policy execution successful.
2025-04-02 10:46:18.162 +02:00 [INF] Executing endpoint 'Trello.Controller.UserController.GetUserById (Trello)'
2025-04-02 10:46:18.168 +02:00 [INF] Route matched with {action = "GetUserById", controller = "User"}. Executing controller action with signature System.Threading.Tasks.Task`1[Microsoft.AspNetCore.Mvc.IActionResult] GetUserById(Int32) on controller Trello.Controller.UserController (Trello).
2025-04-02 10:46:18.191 +02:00 [INF] Executed DbCommand (3ms) [Parameters=[@__id_0='?' (DbType = Int32)], CommandType='"Text"', CommandTimeout='30']
SELECT u."Id", u."AccessFailedCount", u."ConcurrencyStamp", u."CreatedAt", u."Email", u."EmailConfirmed", u."FirstName", u."LastName", u."LockoutEnabled", u."LockoutEnd", u."NormalizedEmail", u."NormalizedUserName", u."PasswordHash", u."PhoneNumber", u."PhoneNumberConfirmed", u."RefreshToken", u."RefreshTokenExpiry", u."SecurityStamp", u."TwoFactorEnabled", u."UserName"
FROM "Users" AS u
WHERE u."Id" = @__id_0
LIMIT 1
2025-04-02 10:46:18.211 +02:00 [INF] Executing OkObjectResult, writing value of type 'Trello.DTOs.UserDto'.
2025-04-02 10:46:18.222 +02:00 [INF] Executed action Trello.Controller.UserController.GetUserById (Trello) in 41.2661ms
2025-04-02 10:46:18.224 +02:00 [INF] Request starting HTTP/1.1 GET http://localhost:5196/api/user/getById/1 - null null
2025-04-02 10:46:18.239 +02:00 [INF] Executed endpoint 'Trello.Controller.UserController.GetUserById (Trello)'
2025-04-02 10:46:18.273 +02:00 [INF] CORS policy execution successful.
2025-04-02 10:46:18.276 +02:00 [INF] Request finished HTTP/1.1 GET http://localhost:5196/api/user/getById/1 - 200 null application/json; charset=utf-8 137.347ms
2025-04-02 10:46:18.282 +02:00 [INF] Executing endpoint 'Trello.Controller.UserController.GetUserById (Trello)'
2025-04-02 10:46:18.301 +02:00 [INF] Route matched with {action = "GetUserById", controller = "User"}. Executing controller action with signature System.Threading.Tasks.Task`1[Microsoft.AspNetCore.Mvc.IActionResult] GetUserById(Int32) on controller Trello.Controller.UserController (Trello).
2025-04-02 10:46:18.311 +02:00 [INF] Request starting HTTP/1.1 GET http://localhost:5196/api/projects/getUserProjects/1 - null null
2025-04-02 10:46:18.335 +02:00 [INF] Executed DbCommand (6ms) [Parameters=[@__id_0='?' (DbType = Int32)], CommandType='"Text"', CommandTimeout='30']
SELECT u."Id", u."AccessFailedCount", u."ConcurrencyStamp", u."CreatedAt", u."Email", u."EmailConfirmed", u."FirstName", u."LastName", u."LockoutEnabled", u."LockoutEnd", u."NormalizedEmail", u."NormalizedUserName", u."PasswordHash", u."PhoneNumber", u."PhoneNumberConfirmed", u."RefreshToken", u."RefreshTokenExpiry", u."SecurityStamp", u."TwoFactorEnabled", u."UserName"
FROM "Users" AS u
WHERE u."Id" = @__id_0
LIMIT 1
2025-04-02 10:46:18.354 +02:00 [INF] CORS policy execution successful.
2025-04-02 10:46:18.410 +02:00 [INF] Executing OkObjectResult, writing value of type 'Trello.DTOs.UserDto'.
2025-04-02 10:46:18.426 +02:00 [INF] Executed action Trello.Controller.UserController.GetUserById (Trello) in 99.5098ms
2025-04-02 10:46:18.428 +02:00 [INF] Executing endpoint 'Trello.Controller.ProjectController.GetUserProjects (Trello)'
2025-04-02 10:46:18.436 +02:00 [INF] Executed endpoint 'Trello.Controller.UserController.GetUserById (Trello)'
2025-04-02 10:46:18.446 +02:00 [INF] Route matched with {action = "GetUserProjects", controller = "Project"}. Executing controller action with signature System.Threading.Tasks.Task`1[Microsoft.AspNetCore.Mvc.IActionResult] GetUserProjects(Int32) on controller Trello.Controller.ProjectController (Trello).
2025-04-02 10:46:18.451 +02:00 [INF] Request finished HTTP/1.1 GET http://localhost:5196/api/user/getById/1 - 200 null application/json; charset=utf-8 227.0156ms
2025-04-02 10:46:18.534 +02:00 [INF] Executed DbCommand (8ms) [Parameters=[@__userId_0='?' (DbType = Int32)], CommandType='"Text"', CommandTimeout='30']
SELECT p."Id", p."BoardId", p."Name", p."OwnerId"
FROM "Projects" AS p
WHERE EXISTS (
    SELECT 1
    FROM "UserProject" AS u
    WHERE p."Id" = u."ProjectId" AND u."UserId" = @__userId_0) OR p."OwnerId" = @__userId_0
2025-04-02 10:46:18.551 +02:00 [INF] Executing OkObjectResult, writing value of type 'System.Collections.Generic.List`1[[Trello.DTOs.ProjectDetailsDto, Trello, Version=1.0.0.0, Culture=neutral, PublicKeyToken=null]]'.
2025-04-02 10:46:18.560 +02:00 [INF] Executed action Trello.Controller.ProjectController.GetUserProjects (Trello) in 37.0418ms
2025-04-02 10:46:18.567 +02:00 [INF] Executed endpoint 'Trello.Controller.ProjectController.GetUserProjects (Trello)'
2025-04-02 10:46:18.574 +02:00 [INF] Request finished HTTP/1.1 GET http://localhost:5196/api/projects/getUserProjects/1 - 200 null application/json; charset=utf-8 262.844ms
2025-04-02 10:46:21.111 +02:00 [INF] Request starting HTTP/1.1 OPTIONS http://localhost:5196/api/boards/getById/1 - null null
2025-04-02 10:46:21.156 +02:00 [INF] CORS policy execution successful.
2025-04-02 10:46:21.176 +02:00 [INF] Request finished HTTP/1.1 OPTIONS http://localhost:5196/api/boards/getById/1 - 204 null null 64.8183ms
2025-04-02 10:46:21.199 +02:00 [INF] Request starting HTTP/1.1 GET http://localhost:5196/api/boards/getById/1 - null null
2025-04-02 10:46:21.220 +02:00 [INF] CORS policy execution successful.
2025-04-02 10:46:21.244 +02:00 [INF] Executing endpoint 'Trello.Controller.BoardController.GetById (Trello)'
2025-04-02 10:46:21.253 +02:00 [INF] Route matched with {action = "GetById", controller = "Board"}. Executing controller action with signature System.Threading.Tasks.Task`1[Microsoft.AspNetCore.Mvc.IActionResult] GetById(Int32) on controller Trello.Controller.BoardController (Trello).
2025-04-02 10:46:21.287 +02:00 [INF] Executed DbCommand (6ms) [Parameters=[@__id_0='?' (DbType = Int32)], CommandType='"Text"', CommandTimeout='30']
SELECT b0."Id", b0."ActiveSprintId", b0."Description", b0."Name", b0."ProjectId", c."Id", c."BoardId", c."Name"
FROM (
    SELECT b."Id", b."ActiveSprintId", b."Description", b."Name", b."ProjectId"
    FROM "Boards" AS b
    WHERE b."Id" = @__id_0
    LIMIT 1
) AS b0
LEFT JOIN "Columns" AS c ON b0."Id" = c."BoardId"
ORDER BY b0."Id"
2025-04-02 10:46:21.308 +02:00 [INF] Executing OkObjectResult, writing value of type 'Trello.DTOs.BoardDto'.
2025-04-02 10:46:21.315 +02:00 [INF] Executed action Trello.Controller.BoardController.GetById (Trello) in 39.0869ms
2025-04-02 10:46:21.324 +02:00 [INF] Executed endpoint 'Trello.Controller.BoardController.GetById (Trello)'
2025-04-02 10:46:21.335 +02:00 [INF] Request finished HTTP/1.1 GET http://localhost:5196/api/boards/getById/1 - 200 null application/json; charset=utf-8 136.4343ms
2025-04-02 11:05:27.354 +02:00 [INF] Request starting HTTP/1.1 OPTIONS http://localhost:5196/api/user/getById/1 - null null
2025-04-02 11:05:27.410 +02:00 [INF] Request starting HTTP/1.1 OPTIONS http://localhost:5196/api/user/getById/1 - null null
2025-04-02 11:05:27.441 +02:00 [INF] CORS policy execution successful.
2025-04-02 11:05:27.447 +02:00 [INF] CORS policy execution successful.
2025-04-02 11:05:27.456 +02:00 [INF] Request finished HTTP/1.1 OPTIONS http://localhost:5196/api/user/getById/1 - 204 null null 102.78ms
2025-04-02 11:05:27.458 +02:00 [INF] Request finished HTTP/1.1 OPTIONS http://localhost:5196/api/user/getById/1 - 204 null null 47.9804ms
2025-04-02 11:05:27.488 +02:00 [INF] Request starting HTTP/1.1 GET http://localhost:5196/api/user/getById/1 - null null
2025-04-02 11:05:27.505 +02:00 [INF] CORS policy execution successful.
2025-04-02 11:05:27.508 +02:00 [INF] Executing endpoint 'Trello.Controller.UserController.GetUserById (Trello)'
2025-04-02 11:05:27.513 +02:00 [INF] Route matched with {action = "GetUserById", controller = "User"}. Executing controller action with signature System.Threading.Tasks.Task`1[Microsoft.AspNetCore.Mvc.IActionResult] GetUserById(Int32) on controller Trello.Controller.UserController (Trello).
2025-04-02 11:05:27.679 +02:00 [INF] Executed DbCommand (6ms) [Parameters=[@__id_0='?' (DbType = Int32)], CommandType='"Text"', CommandTimeout='30']
SELECT u."Id", u."AccessFailedCount", u."ConcurrencyStamp", u."CreatedAt", u."Email", u."EmailConfirmed", u."FirstName", u."LastName", u."LockoutEnabled", u."LockoutEnd", u."NormalizedEmail", u."NormalizedUserName", u."PasswordHash", u."PhoneNumber", u."PhoneNumberConfirmed", u."RefreshToken", u."RefreshTokenExpiry", u."SecurityStamp", u."TwoFactorEnabled", u."UserName"
FROM "Users" AS u
WHERE u."Id" = @__id_0
LIMIT 1
2025-04-02 11:05:27.704 +02:00 [INF] Executing OkObjectResult, writing value of type 'Trello.DTOs.UserDto'.
2025-04-02 11:05:27.715 +02:00 [INF] Executed action Trello.Controller.UserController.GetUserById (Trello) in 194.3306ms
2025-04-02 11:05:27.724 +02:00 [INF] Request starting HTTP/1.1 GET http://localhost:5196/api/user/getById/1 - null null
2025-04-02 11:05:27.725 +02:00 [INF] Executed endpoint 'Trello.Controller.UserController.GetUserById (Trello)'
2025-04-02 11:05:27.747 +02:00 [INF] CORS policy execution successful.
2025-04-02 11:05:27.751 +02:00 [INF] Request finished HTTP/1.1 GET http://localhost:5196/api/user/getById/1 - 200 null application/json; charset=utf-8 262.6591ms
2025-04-02 11:05:27.762 +02:00 [INF] Executing endpoint 'Trello.Controller.UserController.GetUserById (Trello)'
2025-04-02 11:05:27.770 +02:00 [INF] Request starting HTTP/1.1 GET http://localhost:5196/api/projects/getUserProjects/1 - null null
2025-04-02 11:05:27.781 +02:00 [INF] Route matched with {action = "GetUserById", controller = "User"}. Executing controller action with signature System.Threading.Tasks.Task`1[Microsoft.AspNetCore.Mvc.IActionResult] GetUserById(Int32) on controller Trello.Controller.UserController (Trello).
2025-04-02 11:05:27.786 +02:00 [INF] CORS policy execution successful.
2025-04-02 11:05:27.801 +02:00 [INF] Executing endpoint 'Trello.Controller.ProjectController.GetUserProjects (Trello)'
2025-04-02 11:05:27.805 +02:00 [INF] Executed DbCommand (5ms) [Parameters=[@__id_0='?' (DbType = Int32)], CommandType='"Text"', CommandTimeout='30']
SELECT u."Id", u."AccessFailedCount", u."ConcurrencyStamp", u."CreatedAt", u."Email", u."EmailConfirmed", u."FirstName", u."LastName", u."LockoutEnabled", u."LockoutEnd", u."NormalizedEmail", u."NormalizedUserName", u."PasswordHash", u."PhoneNumber", u."PhoneNumberConfirmed", u."RefreshToken", u."RefreshTokenExpiry", u."SecurityStamp", u."TwoFactorEnabled", u."UserName"
FROM "Users" AS u
WHERE u."Id" = @__id_0
LIMIT 1
2025-04-02 11:05:27.808 +02:00 [INF] Route matched with {action = "GetUserProjects", controller = "Project"}. Executing controller action with signature System.Threading.Tasks.Task`1[Microsoft.AspNetCore.Mvc.IActionResult] GetUserProjects(Int32) on controller Trello.Controller.ProjectController (Trello).
2025-04-02 11:05:27.828 +02:00 [INF] Executing OkObjectResult, writing value of type 'Trello.DTOs.UserDto'.
2025-04-02 11:05:27.839 +02:00 [INF] Executed action Trello.Controller.UserController.GetUserById (Trello) in 39.9962ms
2025-04-02 11:05:27.845 +02:00 [INF] Executed DbCommand (7ms) [Parameters=[@__userId_0='?' (DbType = Int32)], CommandType='"Text"', CommandTimeout='30']
SELECT p."Id", p."BoardId", p."Name", p."OwnerId"
FROM "Projects" AS p
WHERE EXISTS (
    SELECT 1
    FROM "UserProject" AS u
    WHERE p."Id" = u."ProjectId" AND u."UserId" = @__userId_0) OR p."OwnerId" = @__userId_0
2025-04-02 11:05:27.846 +02:00 [INF] Executed endpoint 'Trello.Controller.UserController.GetUserById (Trello)'
2025-04-02 11:05:27.859 +02:00 [INF] Executing OkObjectResult, writing value of type 'System.Collections.Generic.List`1[[Trello.DTOs.ProjectDetailsDto, Trello, Version=1.0.0.0, Culture=neutral, PublicKeyToken=null]]'.
2025-04-02 11:05:27.860 +02:00 [INF] Request finished HTTP/1.1 GET http://localhost:5196/api/user/getById/1 - 200 null application/json; charset=utf-8 136.6376ms
2025-04-02 11:05:27.872 +02:00 [INF] Executed action Trello.Controller.ProjectController.GetUserProjects (Trello) in 40.3755ms
2025-04-02 11:05:27.882 +02:00 [INF] Executed endpoint 'Trello.Controller.ProjectController.GetUserProjects (Trello)'
2025-04-02 11:05:27.887 +02:00 [INF] Request finished HTTP/1.1 GET http://localhost:5196/api/projects/getUserProjects/1 - 200 null application/json; charset=utf-8 116.8013ms
2025-04-02 11:05:32.221 +02:00 [INF] Request starting HTTP/1.1 OPTIONS http://localhost:5196/api/boards/getById/1 - null null
2025-04-02 11:05:32.274 +02:00 [INF] CORS policy execution successful.
2025-04-02 11:05:32.304 +02:00 [INF] Request finished HTTP/1.1 OPTIONS http://localhost:5196/api/boards/getById/1 - 204 null null 83.1902ms
2025-04-02 11:05:32.356 +02:00 [INF] Request starting HTTP/1.1 GET http://localhost:5196/api/boards/getById/1 - null null
2025-04-02 11:05:32.370 +02:00 [INF] CORS policy execution successful.
2025-04-02 11:05:32.374 +02:00 [INF] Executing endpoint 'Trello.Controller.BoardController.GetById (Trello)'
2025-04-02 11:05:32.380 +02:00 [INF] Route matched with {action = "GetById", controller = "Board"}. Executing controller action with signature System.Threading.Tasks.Task`1[Microsoft.AspNetCore.Mvc.IActionResult] GetById(Int32) on controller Trello.Controller.BoardController (Trello).
2025-04-02 11:05:32.405 +02:00 [INF] Executed DbCommand (10ms) [Parameters=[@__id_0='?' (DbType = Int32)], CommandType='"Text"', CommandTimeout='30']
SELECT b0."Id", b0."ActiveSprintId", b0."Description", b0."Name", b0."ProjectId", c."Id", c."BoardId", c."Name"
FROM (
    SELECT b."Id", b."ActiveSprintId", b."Description", b."Name", b."ProjectId"
    FROM "Boards" AS b
    WHERE b."Id" = @__id_0
    LIMIT 1
) AS b0
LEFT JOIN "Columns" AS c ON b0."Id" = c."BoardId"
ORDER BY b0."Id"
2025-04-02 11:05:32.422 +02:00 [INF] Executing OkObjectResult, writing value of type 'Trello.DTOs.BoardDto'.
2025-04-02 11:05:32.430 +02:00 [INF] Executed action Trello.Controller.BoardController.GetById (Trello) in 38.5474ms
2025-04-02 11:05:32.436 +02:00 [INF] Executed endpoint 'Trello.Controller.BoardController.GetById (Trello)'
2025-04-02 11:05:32.441 +02:00 [INF] Request finished HTTP/1.1 GET http://localhost:5196/api/boards/getById/1 - 200 null application/json; charset=utf-8 85.753ms
2025-04-02 11:05:34.122 +02:00 [INF] Request starting HTTP/1.1 OPTIONS http://localhost:5196/api/user/getById/1 - null null
2025-04-02 11:05:34.127 +02:00 [INF] Request starting HTTP/1.1 OPTIONS http://localhost:5196/api/user/getById/1 - null null
2025-04-02 11:05:34.160 +02:00 [INF] CORS policy execution successful.
2025-04-02 11:05:34.165 +02:00 [INF] CORS policy execution successful.
2025-04-02 11:05:34.173 +02:00 [INF] Request finished HTTP/1.1 OPTIONS http://localhost:5196/api/user/getById/1 - 204 null null 53.1387ms
2025-04-02 11:05:34.175 +02:00 [INF] Request finished HTTP/1.1 OPTIONS http://localhost:5196/api/user/getById/1 - 204 null null 49.202ms
2025-04-02 11:05:34.205 +02:00 [INF] Request starting HTTP/1.1 GET http://localhost:5196/api/user/getById/1 - null null
2025-04-02 11:05:34.215 +02:00 [INF] CORS policy execution successful.
2025-04-02 11:05:34.222 +02:00 [INF] Executing endpoint 'Trello.Controller.UserController.GetUserById (Trello)'
2025-04-02 11:05:34.227 +02:00 [INF] Route matched with {action = "GetUserById", controller = "User"}. Executing controller action with signature System.Threading.Tasks.Task`1[Microsoft.AspNetCore.Mvc.IActionResult] GetUserById(Int32) on controller Trello.Controller.UserController (Trello).
2025-04-02 11:05:34.242 +02:00 [INF] Executed DbCommand (2ms) [Parameters=[@__id_0='?' (DbType = Int32)], CommandType='"Text"', CommandTimeout='30']
SELECT u."Id", u."AccessFailedCount", u."ConcurrencyStamp", u."CreatedAt", u."Email", u."EmailConfirmed", u."FirstName", u."LastName", u."LockoutEnabled", u."LockoutEnd", u."NormalizedEmail", u."NormalizedUserName", u."PasswordHash", u."PhoneNumber", u."PhoneNumberConfirmed", u."RefreshToken", u."RefreshTokenExpiry", u."SecurityStamp", u."TwoFactorEnabled", u."UserName"
FROM "Users" AS u
WHERE u."Id" = @__id_0
LIMIT 1
2025-04-02 11:05:34.261 +02:00 [INF] Executing OkObjectResult, writing value of type 'Trello.DTOs.UserDto'.
2025-04-02 11:05:34.269 +02:00 [INF] Executed action Trello.Controller.UserController.GetUserById (Trello) in 30.6706ms
2025-04-02 11:05:34.273 +02:00 [INF] Request starting HTTP/1.1 GET http://localhost:5196/api/user/getById/1 - null null
2025-04-02 11:05:34.284 +02:00 [INF] Executed endpoint 'Trello.Controller.UserController.GetUserById (Trello)'
2025-04-02 11:05:34.289 +02:00 [INF] CORS policy execution successful.
2025-04-02 11:05:34.295 +02:00 [INF] Request finished HTTP/1.1 GET http://localhost:5196/api/user/getById/1 - 200 null application/json; charset=utf-8 90.9279ms
2025-04-02 11:05:34.297 +02:00 [INF] Executing endpoint 'Trello.Controller.UserController.GetUserById (Trello)'
2025-04-02 11:05:34.336 +02:00 [INF] Route matched with {action = "GetUserById", controller = "User"}. Executing controller action with signature System.Threading.Tasks.Task`1[Microsoft.AspNetCore.Mvc.IActionResult] GetUserById(Int32) on controller Trello.Controller.UserController (Trello).
2025-04-02 11:05:34.373 +02:00 [INF] Executed DbCommand (21ms) [Parameters=[@__id_0='?' (DbType = Int32)], CommandType='"Text"', CommandTimeout='30']
SELECT u."Id", u."AccessFailedCount", u."ConcurrencyStamp", u."CreatedAt", u."Email", u."EmailConfirmed", u."FirstName", u."LastName", u."LockoutEnabled", u."LockoutEnd", u."NormalizedEmail", u."NormalizedUserName", u."PasswordHash", u."PhoneNumber", u."PhoneNumberConfirmed", u."RefreshToken", u."RefreshTokenExpiry", u."SecurityStamp", u."TwoFactorEnabled", u."UserName"
FROM "Users" AS u
WHERE u."Id" = @__id_0
LIMIT 1
2025-04-02 11:05:34.408 +02:00 [INF] Executing OkObjectResult, writing value of type 'Trello.DTOs.UserDto'.
2025-04-02 11:05:34.416 +02:00 [INF] Executed action Trello.Controller.UserController.GetUserById (Trello) in 66.5696ms
2025-04-02 11:05:34.423 +02:00 [INF] Executed endpoint 'Trello.Controller.UserController.GetUserById (Trello)'
2025-04-02 11:05:34.429 +02:00 [INF] Request finished HTTP/1.1 GET http://localhost:5196/api/user/getById/1 - 200 null application/json; charset=utf-8 156.455ms
2025-04-02 11:05:34.459 +02:00 [INF] Request starting HTTP/1.1 GET http://localhost:5196/api/projects/getUserProjects/1 - null null
2025-04-02 11:05:34.528 +02:00 [INF] CORS policy execution successful.
2025-04-02 11:05:34.560 +02:00 [INF] Executing endpoint 'Trello.Controller.ProjectController.GetUserProjects (Trello)'
2025-04-02 11:05:34.644 +02:00 [INF] Route matched with {action = "GetUserProjects", controller = "Project"}. Executing controller action with signature System.Threading.Tasks.Task`1[Microsoft.AspNetCore.Mvc.IActionResult] GetUserProjects(Int32) on controller Trello.Controller.ProjectController (Trello).
2025-04-02 11:05:34.680 +02:00 [INF] Executed DbCommand (4ms) [Parameters=[@__userId_0='?' (DbType = Int32)], CommandType='"Text"', CommandTimeout='30']
SELECT p."Id", p."BoardId", p."Name", p."OwnerId"
FROM "Projects" AS p
WHERE EXISTS (
    SELECT 1
    FROM "UserProject" AS u
    WHERE p."Id" = u."ProjectId" AND u."UserId" = @__userId_0) OR p."OwnerId" = @__userId_0
2025-04-02 11:05:34.721 +02:00 [INF] Executing OkObjectResult, writing value of type 'System.Collections.Generic.List`1[[Trello.DTOs.ProjectDetailsDto, Trello, Version=1.0.0.0, Culture=neutral, PublicKeyToken=null]]'.
2025-04-02 11:05:34.753 +02:00 [INF] Executed action Trello.Controller.ProjectController.GetUserProjects (Trello) in 81.8727ms
2025-04-02 11:05:34.830 +02:00 [INF] Executed endpoint 'Trello.Controller.ProjectController.GetUserProjects (Trello)'
2025-04-02 11:05:34.892 +02:00 [INF] Request finished HTTP/1.1 GET http://localhost:5196/api/projects/getUserProjects/1 - 200 null application/json; charset=utf-8 433.2532ms
2025-04-02 11:09:33.357 +02:00 [INF] Request starting HTTP/1.1 OPTIONS http://localhost:5196/api/boards/getById/1 - null null
2025-04-02 11:09:33.365 +02:00 [INF] CORS policy execution successful.
2025-04-02 11:09:33.369 +02:00 [INF] Request finished HTTP/1.1 OPTIONS http://localhost:5196/api/boards/getById/1 - 204 null null 12.9955ms
2025-04-02 11:09:33.410 +02:00 [INF] Request starting HTTP/1.1 GET http://localhost:5196/api/boards/getById/1 - null null
2025-04-02 11:09:33.418 +02:00 [INF] CORS policy execution successful.
2025-04-02 11:09:33.420 +02:00 [INF] Executing endpoint 'Trello.Controller.BoardController.GetById (Trello)'
2025-04-02 11:09:33.423 +02:00 [INF] Route matched with {action = "GetById", controller = "Board"}. Executing controller action with signature System.Threading.Tasks.Task`1[Microsoft.AspNetCore.Mvc.IActionResult] GetById(Int32) on controller Trello.Controller.BoardController (Trello).
2025-04-02 11:09:33.433 +02:00 [INF] Executed DbCommand (2ms) [Parameters=[@__id_0='?' (DbType = Int32)], CommandType='"Text"', CommandTimeout='30']
SELECT b0."Id", b0."ActiveSprintId", b0."Description", b0."Name", b0."ProjectId", c."Id", c."BoardId", c."Name"
FROM (
    SELECT b."Id", b."ActiveSprintId", b."Description", b."Name", b."ProjectId"
    FROM "Boards" AS b
    WHERE b."Id" = @__id_0
    LIMIT 1
) AS b0
LEFT JOIN "Columns" AS c ON b0."Id" = c."BoardId"
ORDER BY b0."Id"
2025-04-02 11:09:33.441 +02:00 [INF] Executing OkObjectResult, writing value of type 'Trello.DTOs.BoardDto'.
2025-04-02 11:09:33.445 +02:00 [INF] Executed action Trello.Controller.BoardController.GetById (Trello) in 15.3901ms
2025-04-02 11:09:33.449 +02:00 [INF] Executed endpoint 'Trello.Controller.BoardController.GetById (Trello)'
2025-04-02 11:09:33.451 +02:00 [INF] Request finished HTTP/1.1 GET http://localhost:5196/api/boards/getById/1 - 200 null application/json; charset=utf-8 41.837ms
2025-04-02 11:09:37.230 +02:00 [INF] Request starting HTTP/1.1 OPTIONS http://localhost:5196/api/user/getById/1 - null null
2025-04-02 11:09:37.235 +02:00 [INF] Request starting HTTP/1.1 OPTIONS http://localhost:5196/api/user/getById/1 - null null
2025-04-02 11:09:37.345 +02:00 [INF] CORS policy execution successful.
2025-04-02 11:09:37.348 +02:00 [INF] CORS policy execution successful.
2025-04-02 11:09:37.353 +02:00 [INF] Request finished HTTP/1.1 OPTIONS http://localhost:5196/api/user/getById/1 - 204 null null 122.8818ms
2025-04-02 11:09:37.355 +02:00 [INF] Request finished HTTP/1.1 OPTIONS http://localhost:5196/api/user/getById/1 - 204 null null 120.0747ms
2025-04-02 11:09:37.377 +02:00 [INF] Request starting HTTP/1.1 GET http://localhost:5196/api/user/getById/1 - null null
2025-04-02 11:09:37.391 +02:00 [INF] CORS policy execution successful.
2025-04-02 11:09:37.395 +02:00 [INF] Executing endpoint 'Trello.Controller.UserController.GetUserById (Trello)'
2025-04-02 11:09:37.399 +02:00 [INF] Route matched with {action = "GetUserById", controller = "User"}. Executing controller action with signature System.Threading.Tasks.Task`1[Microsoft.AspNetCore.Mvc.IActionResult] GetUserById(Int32) on controller Trello.Controller.UserController (Trello).
2025-04-02 11:09:37.414 +02:00 [INF] Executed DbCommand (1ms) [Parameters=[@__id_0='?' (DbType = Int32)], CommandType='"Text"', CommandTimeout='30']
SELECT u."Id", u."AccessFailedCount", u."ConcurrencyStamp", u."CreatedAt", u."Email", u."EmailConfirmed", u."FirstName", u."LastName", u."LockoutEnabled", u."LockoutEnd", u."NormalizedEmail", u."NormalizedUserName", u."PasswordHash", u."PhoneNumber", u."PhoneNumberConfirmed", u."RefreshToken", u."RefreshTokenExpiry", u."SecurityStamp", u."TwoFactorEnabled", u."UserName"
FROM "Users" AS u
WHERE u."Id" = @__id_0
LIMIT 1
2025-04-02 11:09:37.429 +02:00 [INF] Executing OkObjectResult, writing value of type 'Trello.DTOs.UserDto'.
2025-04-02 11:09:37.441 +02:00 [INF] Executed action Trello.Controller.UserController.GetUserById (Trello) in 29.7103ms
2025-04-02 11:09:37.445 +02:00 [INF] Request starting HTTP/1.1 GET http://localhost:5196/api/user/getById/1 - null null
2025-04-02 11:09:37.449 +02:00 [INF] Executed endpoint 'Trello.Controller.UserController.GetUserById (Trello)'
2025-04-02 11:09:37.459 +02:00 [INF] CORS policy execution successful.
2025-04-02 11:09:37.465 +02:00 [INF] Executing endpoint 'Trello.Controller.UserController.GetUserById (Trello)'
2025-04-02 11:09:37.461 +02:00 [INF] Request finished HTTP/1.1 GET http://localhost:5196/api/user/getById/1 - 200 null application/json; charset=utf-8 84.1187ms
2025-04-02 11:09:37.489 +02:00 [INF] Route matched with {action = "GetUserById", controller = "User"}. Executing controller action with signature System.Threading.Tasks.Task`1[Microsoft.AspNetCore.Mvc.IActionResult] GetUserById(Int32) on controller Trello.Controller.UserController (Trello).
2025-04-02 11:09:38.030 +02:00 [INF] Executed DbCommand (33ms) [Parameters=[@__id_0='?' (DbType = Int32)], CommandType='"Text"', CommandTimeout='30']
SELECT u."Id", u."AccessFailedCount", u."ConcurrencyStamp", u."CreatedAt", u."Email", u."EmailConfirmed", u."FirstName", u."LastName", u."LockoutEnabled", u."LockoutEnd", u."NormalizedEmail", u."NormalizedUserName", u."PasswordHash", u."PhoneNumber", u."PhoneNumberConfirmed", u."RefreshToken", u."RefreshTokenExpiry", u."SecurityStamp", u."TwoFactorEnabled", u."UserName"
FROM "Users" AS u
WHERE u."Id" = @__id_0
LIMIT 1
2025-04-02 11:09:38.049 +02:00 [INF] Executing OkObjectResult, writing value of type 'Trello.DTOs.UserDto'.
2025-04-02 11:09:38.058 +02:00 [INF] Executed action Trello.Controller.UserController.GetUserById (Trello) in 554.2927ms
2025-04-02 11:09:38.063 +02:00 [INF] Executed endpoint 'Trello.Controller.UserController.GetUserById (Trello)'
2025-04-02 11:09:38.067 +02:00 [INF] Request finished HTTP/1.1 GET http://localhost:5196/api/user/getById/1 - 200 null application/json; charset=utf-8 622.0034ms
2025-04-02 11:09:38.108 +02:00 [INF] Request starting HTTP/1.1 GET http://localhost:5196/api/projects/getUserProjects/1 - null null
2025-04-02 11:09:38.141 +02:00 [INF] CORS policy execution successful.
2025-04-02 11:09:38.149 +02:00 [INF] Executing endpoint 'Trello.Controller.ProjectController.GetUserProjects (Trello)'
2025-04-02 11:09:38.153 +02:00 [INF] Route matched with {action = "GetUserProjects", controller = "Project"}. Executing controller action with signature System.Threading.Tasks.Task`1[Microsoft.AspNetCore.Mvc.IActionResult] GetUserProjects(Int32) on controller Trello.Controller.ProjectController (Trello).
2025-04-02 11:09:38.166 +02:00 [INF] Executed DbCommand (2ms) [Parameters=[@__userId_0='?' (DbType = Int32)], CommandType='"Text"', CommandTimeout='30']
SELECT p."Id", p."BoardId", p."Name", p."OwnerId"
FROM "Projects" AS p
WHERE EXISTS (
    SELECT 1
    FROM "UserProject" AS u
    WHERE p."Id" = u."ProjectId" AND u."UserId" = @__userId_0) OR p."OwnerId" = @__userId_0
2025-04-02 11:09:38.178 +02:00 [INF] Executing OkObjectResult, writing value of type 'System.Collections.Generic.List`1[[Trello.DTOs.ProjectDetailsDto, Trello, Version=1.0.0.0, Culture=neutral, PublicKeyToken=null]]'.
2025-04-02 11:09:38.183 +02:00 [INF] Executed action Trello.Controller.ProjectController.GetUserProjects (Trello) in 21.998ms
2025-04-02 11:09:38.189 +02:00 [INF] Executed endpoint 'Trello.Controller.ProjectController.GetUserProjects (Trello)'
2025-04-02 11:09:38.192 +02:00 [INF] Request finished HTTP/1.1 GET http://localhost:5196/api/projects/getUserProjects/1 - 200 null application/json; charset=utf-8 84.3418ms
2025-04-02 11:09:42.162 +02:00 [INF] Request starting HTTP/1.1 OPTIONS http://localhost:5196/api/boards/getById/1 - null null
2025-04-02 11:09:42.180 +02:00 [INF] CORS policy execution successful.
2025-04-02 11:09:42.185 +02:00 [INF] Request finished HTTP/1.1 OPTIONS http://localhost:5196/api/boards/getById/1 - 204 null null 23.6233ms
2025-04-02 11:09:42.206 +02:00 [INF] Request starting HTTP/1.1 GET http://localhost:5196/api/boards/getById/1 - null null
2025-04-02 11:09:42.232 +02:00 [INF] CORS policy execution successful.
2025-04-02 11:09:42.237 +02:00 [INF] Executing endpoint 'Trello.Controller.BoardController.GetById (Trello)'
2025-04-02 11:09:42.243 +02:00 [INF] Route matched with {action = "GetById", controller = "Board"}. Executing controller action with signature System.Threading.Tasks.Task`1[Microsoft.AspNetCore.Mvc.IActionResult] GetById(Int32) on controller Trello.Controller.BoardController (Trello).
2025-04-02 11:09:42.272 +02:00 [INF] Executed DbCommand (17ms) [Parameters=[@__id_0='?' (DbType = Int32)], CommandType='"Text"', CommandTimeout='30']
SELECT b0."Id", b0."ActiveSprintId", b0."Description", b0."Name", b0."ProjectId", c."Id", c."BoardId", c."Name"
FROM (
    SELECT b."Id", b."ActiveSprintId", b."Description", b."Name", b."ProjectId"
    FROM "Boards" AS b
    WHERE b."Id" = @__id_0
    LIMIT 1
) AS b0
LEFT JOIN "Columns" AS c ON b0."Id" = c."BoardId"
ORDER BY b0."Id"
2025-04-02 11:09:42.287 +02:00 [INF] Executing OkObjectResult, writing value of type 'Trello.DTOs.BoardDto'.
2025-04-02 11:09:42.291 +02:00 [INF] Executed action Trello.Controller.BoardController.GetById (Trello) in 38.5026ms
2025-04-02 11:09:42.298 +02:00 [INF] Executed endpoint 'Trello.Controller.BoardController.GetById (Trello)'
2025-04-02 11:09:42.308 +02:00 [INF] Request finished HTTP/1.1 GET http://localhost:5196/api/boards/getById/1 - 200 null application/json; charset=utf-8 102.5824ms
2025-04-02 11:10:14.720 +02:00 [INF] Request starting HTTP/1.1 OPTIONS http://localhost:5196/api/boards/getById/1 - null null
2025-04-02 11:10:14.732 +02:00 [INF] CORS policy execution successful.
2025-04-02 11:10:14.735 +02:00 [INF] Request finished HTTP/1.1 OPTIONS http://localhost:5196/api/boards/getById/1 - 204 null null 14.4846ms
2025-04-02 11:10:14.749 +02:00 [INF] Request starting HTTP/1.1 GET http://localhost:5196/api/boards/getById/1 - null null
2025-04-02 11:10:14.756 +02:00 [INF] CORS policy execution successful.
2025-04-02 11:10:14.759 +02:00 [INF] Executing endpoint 'Trello.Controller.BoardController.GetById (Trello)'
2025-04-02 11:10:14.763 +02:00 [INF] Route matched with {action = "GetById", controller = "Board"}. Executing controller action with signature System.Threading.Tasks.Task`1[Microsoft.AspNetCore.Mvc.IActionResult] GetById(Int32) on controller Trello.Controller.BoardController (Trello).
2025-04-02 11:10:14.774 +02:00 [INF] Executed DbCommand (3ms) [Parameters=[@__id_0='?' (DbType = Int32)], CommandType='"Text"', CommandTimeout='30']
SELECT b0."Id", b0."ActiveSprintId", b0."Description", b0."Name", b0."ProjectId", c."Id", c."BoardId", c."Name"
FROM (
    SELECT b."Id", b."ActiveSprintId", b."Description", b."Name", b."ProjectId"
    FROM "Boards" AS b
    WHERE b."Id" = @__id_0
    LIMIT 1
) AS b0
LEFT JOIN "Columns" AS c ON b0."Id" = c."BoardId"
ORDER BY b0."Id"
2025-04-02 11:10:14.783 +02:00 [INF] Executing OkObjectResult, writing value of type 'Trello.DTOs.BoardDto'.
2025-04-02 11:10:14.787 +02:00 [INF] Executed action Trello.Controller.BoardController.GetById (Trello) in 17.9189ms
2025-04-02 11:10:14.792 +02:00 [INF] Executed endpoint 'Trello.Controller.BoardController.GetById (Trello)'
2025-04-02 11:10:14.796 +02:00 [INF] Request finished HTTP/1.1 GET http://localhost:5196/api/boards/getById/1 - 200 null application/json; charset=utf-8 47.0923ms
2025-04-02 11:11:02.464 +02:00 [INF] Request starting HTTP/1.1 OPTIONS http://localhost:5196/api/boards/getById/1 - null null
2025-04-02 11:11:02.486 +02:00 [INF] CORS policy execution successful.
2025-04-02 11:11:02.489 +02:00 [INF] Request finished HTTP/1.1 OPTIONS http://localhost:5196/api/boards/getById/1 - 204 null null 25.4958ms
2025-04-02 11:11:02.505 +02:00 [INF] Request starting HTTP/1.1 GET http://localhost:5196/api/boards/getById/1 - null null
2025-04-02 11:11:02.514 +02:00 [INF] CORS policy execution successful.
2025-04-02 11:11:02.518 +02:00 [INF] Executing endpoint 'Trello.Controller.BoardController.GetById (Trello)'
2025-04-02 11:11:02.522 +02:00 [INF] Route matched with {action = "GetById", controller = "Board"}. Executing controller action with signature System.Threading.Tasks.Task`1[Microsoft.AspNetCore.Mvc.IActionResult] GetById(Int32) on controller Trello.Controller.BoardController (Trello).
2025-04-02 11:11:02.696 +02:00 [INF] Executed DbCommand (12ms) [Parameters=[@__id_0='?' (DbType = Int32)], CommandType='"Text"', CommandTimeout='30']
SELECT b0."Id", b0."ActiveSprintId", b0."Description", b0."Name", b0."ProjectId", c."Id", c."BoardId", c."Name"
FROM (
    SELECT b."Id", b."ActiveSprintId", b."Description", b."Name", b."ProjectId"
    FROM "Boards" AS b
    WHERE b."Id" = @__id_0
    LIMIT 1
) AS b0
LEFT JOIN "Columns" AS c ON b0."Id" = c."BoardId"
ORDER BY b0."Id"
2025-04-02 11:11:02.721 +02:00 [INF] Executing OkObjectResult, writing value of type 'Trello.DTOs.BoardDto'.
2025-04-02 11:11:02.735 +02:00 [INF] Executed action Trello.Controller.BoardController.GetById (Trello) in 203.7898ms
2025-04-02 11:11:02.906 +02:00 [INF] Executed endpoint 'Trello.Controller.BoardController.GetById (Trello)'
2025-04-02 11:11:02.961 +02:00 [INF] Request finished HTTP/1.1 GET http://localhost:5196/api/boards/getById/1 - 200 null application/json; charset=utf-8 455.4313ms
