2025-04-07 10:41:24.791 +02:00 [INF] User profile is available. Using 'C:\Users\User\AppData\Local\ASP.NET\DataProtection-Keys' as key repository and Windows DPAPI to encrypt keys at rest.
2025-04-07 10:41:27.454 +02:00 [INF] Now listening on: http://localhost:5196
2025-04-07 10:41:27.489 +02:00 [INF] Application started. Press Ctrl+C to shut down.
2025-04-07 10:41:27.862 +02:00 [INF] Hosting environment: Development
2025-04-07 10:41:27.904 +02:00 [INF] Content root path: C:\Users\User\Desktop\TaskManagment\Trello
2025-04-07 10:41:30.569 +02:00 [INF] Request starting HTTP/1.1 GET http://localhost:5196// - null null
2025-04-07 10:41:30.704 +02:00 [WRN] Failed to determine the https port for redirect.
2025-04-07 10:41:31.066 +02:00 [INF] Request finished HTTP/1.1 GET http://localhost:5196// - 404 0 null 537.0032ms
2025-04-07 10:41:31.105 +02:00 [INF] Request reached the end of the middleware pipeline without being handled by application code. Request path: GET http://localhost:5196//, Response status code: 404
2025-04-07 10:43:54.388 +02:00 [INF] Request starting HTTP/1.1 OPTIONS http://localhost:5196/api/auth/login - null null
2025-04-07 10:43:54.427 +02:00 [INF] CORS policy execution successful.
2025-04-07 10:43:54.443 +02:00 [INF] Request finished HTTP/1.1 OPTIONS http://localhost:5196/api/auth/login - 204 null null 59.7992ms
2025-04-07 10:43:54.461 +02:00 [INF] Request starting HTTP/1.1 POST http://localhost:5196/api/auth/login - application/json 40
2025-04-07 10:43:54.482 +02:00 [INF] CORS policy execution successful.
2025-04-07 10:43:54.490 +02:00 [INF] Executing endpoint 'Trello.Controller.AuthController.Login (Trello)'
2025-04-07 10:43:54.595 +02:00 [INF] Route matched with {action = "Login", controller = "Auth"}. Executing controller action with signature System.Threading.Tasks.Task`1[Microsoft.AspNetCore.Mvc.IActionResult] Login(Trello.DTOs.UserLoginDto) on controller Trello.Controller.AuthController (Trello).
2025-04-07 10:44:02.379 +02:00 [INF] Executed DbCommand (193ms) [Parameters=[@__normalizedUserName_0='?'], CommandType='"Text"', CommandTimeout='30']
SELECT u."Id", u."AccessFailedCount", u."ConcurrencyStamp", u."CreatedAt", u."Email", u."EmailConfirmed", u."FirstName", u."LastName", u."LockoutEnabled", u."LockoutEnd", u."NormalizedEmail", u."NormalizedUserName", u."PasswordHash", u."PhoneNumber", u."PhoneNumberConfirmed", u."RefreshToken", u."RefreshTokenExpiry", u."SecurityStamp", u."TwoFactorEnabled", u."UserName"
FROM "Users" AS u
WHERE u."NormalizedUserName" = @__normalizedUserName_0
LIMIT 1
2025-04-07 10:44:03.555 +02:00 [INF] Executed DbCommand (21ms) [Parameters=[@p2='?' (DbType = Int32), @p0='?', @p1='?' (DbType = DateTime)], CommandType='"Text"', CommandTimeout='30']
UPDATE "Users" SET "RefreshToken" = @p0, "RefreshTokenExpiry" = @p1
WHERE "Id" = @p2;
2025-04-07 10:44:03.599 +02:00 [INF] Executing OkObjectResult, writing value of type 'FluentResults.Result`1[[Trello.DTOs.AuthResponseDto, Trello, Version=1.0.0.0, Culture=neutral, PublicKeyToken=null]]'.
2025-04-07 10:44:03.718 +02:00 [INF] Executed action Trello.Controller.AuthController.Login (Trello) in 9097.2895ms
2025-04-07 10:44:03.728 +02:00 [INF] Executed endpoint 'Trello.Controller.AuthController.Login (Trello)'
2025-04-07 10:44:03.752 +02:00 [INF] Request finished HTTP/1.1 POST http://localhost:5196/api/auth/login - 200 null application/json; charset=utf-8 9290.6134ms
2025-04-07 10:44:06.531 +02:00 [INF] Request starting HTTP/1.1 OPTIONS http://localhost:5196/api/user/getById/1 - null null
2025-04-07 10:44:06.645 +02:00 [INF] CORS policy execution successful.
2025-04-07 10:44:06.656 +02:00 [INF] Request finished HTTP/1.1 OPTIONS http://localhost:5196/api/user/getById/1 - 204 null null 125.0787ms
2025-04-07 10:44:06.687 +02:00 [INF] Request starting HTTP/1.1 GET http://localhost:5196/api/user/getById/1 - null null
2025-04-07 10:44:06.878 +02:00 [INF] CORS policy execution successful.
2025-04-07 10:44:06.884 +02:00 [INF] Executing endpoint 'Trello.Controller.UserController.GetUserById (Trello)'
2025-04-07 10:44:06.908 +02:00 [INF] Route matched with {action = "GetUserById", controller = "User"}. Executing controller action with signature System.Threading.Tasks.Task`1[Microsoft.AspNetCore.Mvc.IActionResult] GetUserById(Int32) on controller Trello.Controller.UserController (Trello).
2025-04-07 10:44:07.152 +02:00 [INF] Executed DbCommand (4ms) [Parameters=[@__id_0='?' (DbType = Int32)], CommandType='"Text"', CommandTimeout='30']
SELECT u."Id", u."AccessFailedCount", u."ConcurrencyStamp", u."CreatedAt", u."Email", u."EmailConfirmed", u."FirstName", u."LastName", u."LockoutEnabled", u."LockoutEnd", u."NormalizedEmail", u."NormalizedUserName", u."PasswordHash", u."PhoneNumber", u."PhoneNumberConfirmed", u."RefreshToken", u."RefreshTokenExpiry", u."SecurityStamp", u."TwoFactorEnabled", u."UserName"
FROM "Users" AS u
WHERE u."Id" = @__id_0
LIMIT 1
2025-04-07 10:44:07.188 +02:00 [INF] Executing OkObjectResult, writing value of type 'Trello.DTOs.UserDto'.
2025-04-07 10:44:07.222 +02:00 [INF] Executed action Trello.Controller.UserController.GetUserById (Trello) in 295.6663ms
2025-04-07 10:44:07.232 +02:00 [INF] Executed endpoint 'Trello.Controller.UserController.GetUserById (Trello)'
2025-04-07 10:44:07.243 +02:00 [INF] Request finished HTTP/1.1 GET http://localhost:5196/api/user/getById/1 - 200 null application/json; charset=utf-8 555.8324ms
2025-04-07 10:44:07.263 +02:00 [INF] Request starting HTTP/1.1 GET http://localhost:5196/api/projects/getUserProjects/1 - null null
2025-04-07 10:44:07.280 +02:00 [INF] CORS policy execution successful.
2025-04-07 10:44:07.290 +02:00 [INF] Executing endpoint 'Trello.Controller.ProjectController.GetUserProjects (Trello)'
2025-04-07 10:44:07.312 +02:00 [INF] Route matched with {action = "GetUserProjects", controller = "Project"}. Executing controller action with signature System.Threading.Tasks.Task`1[Microsoft.AspNetCore.Mvc.IActionResult] GetUserProjects(Int32) on controller Trello.Controller.ProjectController (Trello).
2025-04-07 10:44:07.599 +02:00 [INF] Executed DbCommand (10ms) [Parameters=[@__userId_0='?' (DbType = Int32)], CommandType='"Text"', CommandTimeout='30']
SELECT p."Id", p."BacklogId", p."BoardId", p."Name", p."OwnerId"
FROM "Projects" AS p
WHERE EXISTS (
    SELECT 1
    FROM "UserProject" AS u
    WHERE p."Id" = u."ProjectId" AND u."UserId" = @__userId_0) OR p."OwnerId" = @__userId_0
2025-04-07 10:44:07.653 +02:00 [INF] Executing OkObjectResult, writing value of type 'System.Collections.Generic.List`1[[Trello.DTOs.ProjectDetailsDto, Trello, Version=1.0.0.0, Culture=neutral, PublicKeyToken=null]]'.
2025-04-07 10:44:07.674 +02:00 [INF] Executed action Trello.Controller.ProjectController.GetUserProjects (Trello) in 346.0896ms
2025-04-07 10:44:07.682 +02:00 [INF] Executed endpoint 'Trello.Controller.ProjectController.GetUserProjects (Trello)'
2025-04-07 10:44:07.690 +02:00 [INF] Request finished HTTP/1.1 GET http://localhost:5196/api/projects/getUserProjects/1 - 200 null application/json; charset=utf-8 427.6039ms
2025-04-07 10:44:07.713 +02:00 [INF] Request starting HTTP/1.1 OPTIONS http://localhost:5196/api/card/getAll - null null
2025-04-07 10:44:07.775 +02:00 [INF] Request starting HTTP/1.1 OPTIONS http://localhost:5196/api/boards/getById/1 - null null
2025-04-07 10:44:07.783 +02:00 [INF] CORS policy execution successful.
2025-04-07 10:44:07.798 +02:00 [INF] CORS policy execution successful.
2025-04-07 10:44:07.800 +02:00 [INF] Request finished HTTP/1.1 OPTIONS http://localhost:5196/api/card/getAll - 204 null null 88.081ms
2025-04-07 10:44:07.816 +02:00 [INF] Request finished HTTP/1.1 OPTIONS http://localhost:5196/api/boards/getById/1 - 204 null null 40.4769ms
2025-04-07 10:44:07.825 +02:00 [INF] Request starting HTTP/1.1 GET http://localhost:5196/api/card/getAll - null null
2025-04-07 10:44:07.854 +02:00 [INF] Request starting HTTP/1.1 GET http://localhost:5196/api/boards/getById/1 - null null
2025-04-07 10:44:08.084 +02:00 [INF] Failed to validate the token.
Microsoft.IdentityModel.Tokens.SecurityTokenMalformedException: IDX14100: JWT is not well formed, there are no dots (.).
The token needs to be in JWS or JWE Compact Serialization Format. (JWS): 'EncodedHeader.EndcodedPayload.EncodedSignature'. (JWE): 'EncodedProtectedHeader.EncodedEncryptedKey.EncodedInitializationVector.EncodedCiphertext.EncodedAuthenticationTag'.
 ---> Microsoft.IdentityModel.Tokens.SecurityTokenMalformedException: IDX14100: JWT is not well formed, there are no dots (.).
The token needs to be in JWS or JWE Compact Serialization Format. (JWS): 'EncodedHeader.EndcodedPayload.EncodedSignature'. (JWE): 'EncodedProtectedHeader.EncodedEncryptedKey.EncodedInitializationVector.EncodedCiphertext.EncodedAuthenticationTag'.
   at Microsoft.IdentityModel.JsonWebTokens.JsonWebToken.ReadToken(String encodedJson)
   at Microsoft.IdentityModel.JsonWebTokens.JsonWebToken..ctor(String jwtEncodedString)
   at Microsoft.IdentityModel.JsonWebTokens.JsonWebTokenHandler.ReadToken(String token, TokenValidationParameters validationParameters)
   --- End of inner exception stack trace ---
2025-04-07 10:44:08.088 +02:00 [INF] CORS policy execution successful.
2025-04-07 10:44:08.147 +02:00 [INF] Bearer was not authenticated. Failure message: IDX14100: JWT is not well formed, there are no dots (.).
The token needs to be in JWS or JWE Compact Serialization Format. (JWS): 'EncodedHeader.EndcodedPayload.EncodedSignature'. (JWE): 'EncodedProtectedHeader.EncodedEncryptedKey.EncodedInitializationVector.EncodedCiphertext.EncodedAuthenticationTag'.
2025-04-07 10:44:08.148 +02:00 [INF] Executing endpoint 'Trello.Controller.BoardController.GetById (Trello)'
2025-04-07 10:44:08.160 +02:00 [INF] CORS policy execution successful.
2025-04-07 10:44:08.169 +02:00 [INF] Route matched with {action = "GetById", controller = "Board"}. Executing controller action with signature System.Threading.Tasks.Task`1[Microsoft.AspNetCore.Mvc.IActionResult] GetById(Int32) on controller Trello.Controller.BoardController (Trello).
2025-04-07 10:44:08.173 +02:00 [INF] Executing endpoint 'Trello.Controller.CardController.GetAll (Trello)'
2025-04-07 10:44:08.200 +02:00 [INF] Route matched with {action = "GetAll", controller = "Card"}. Executing controller action with signature System.Threading.Tasks.Task`1[Microsoft.AspNetCore.Mvc.IActionResult] GetAll() on controller Trello.Controller.CardController (Trello).
2025-04-07 10:44:08.229 +02:00 [INF] Executed DbCommand (9ms) [Parameters=[@__id_0='?' (DbType = Int32)], CommandType='"Text"', CommandTimeout='30']
SELECT b."Id", b."ActiveSprintId", b."Description", b."Name", b."ProjectId"
FROM "Boards" AS b
WHERE b."Id" = @__id_0
LIMIT 1
2025-04-07 10:44:08.293 +02:00 [INF] Executing OkObjectResult, writing value of type 'Trello.DTOs.BoardDto'.
2025-04-07 10:44:08.331 +02:00 [INF] Executed action Trello.Controller.BoardController.GetById (Trello) in 141.0823ms
2025-04-07 10:44:08.338 +02:00 [INF] Executed endpoint 'Trello.Controller.BoardController.GetById (Trello)'
2025-04-07 10:44:08.343 +02:00 [INF] Request finished HTTP/1.1 GET http://localhost:5196/api/boards/getById/1 - 200 null application/json; charset=utf-8 490.8095ms
2025-04-07 10:44:08.391 +02:00 [INF] Executed DbCommand (6ms) [Parameters=[], CommandType='"Text"', CommandTimeout='30']
SELECT c."Id", c."Description", c."DueDate", c."SprintId", c."Status", c."Title"
FROM "Cards" AS c
2025-04-07 10:44:08.463 +02:00 [INF] Successfully fetched all cards.
2025-04-07 10:44:08.473 +02:00 [INF] Executing OkObjectResult, writing value of type 'System.Collections.Generic.List`1[[Trello.DTOs.CardDto, Trello, Version=1.0.0.0, Culture=neutral, PublicKeyToken=null]]'.
2025-04-07 10:44:08.536 +02:00 [INF] Executed action Trello.Controller.CardController.GetAll (Trello) in 321.06ms
2025-04-07 10:44:08.545 +02:00 [INF] Executed endpoint 'Trello.Controller.CardController.GetAll (Trello)'
2025-04-07 10:44:08.553 +02:00 [INF] Request finished HTTP/1.1 GET http://localhost:5196/api/card/getAll - 200 null application/json; charset=utf-8 727.944ms
2025-04-07 10:46:41.053 +02:00 [INF] Request starting HTTP/1.1 OPTIONS http://localhost:5196/api/boards/getById/1 - null null
2025-04-07 10:46:41.081 +02:00 [INF] Request starting HTTP/1.1 OPTIONS http://localhost:5196/api/card/getAll - null null
2025-04-07 10:46:41.083 +02:00 [INF] CORS policy execution successful.
2025-04-07 10:46:41.098 +02:00 [INF] CORS policy execution successful.
2025-04-07 10:46:41.100 +02:00 [INF] Request finished HTTP/1.1 OPTIONS http://localhost:5196/api/boards/getById/1 - 204 null null 46.9176ms
2025-04-07 10:46:41.127 +02:00 [INF] Request finished HTTP/1.1 OPTIONS http://localhost:5196/api/card/getAll - 204 null null 45.9212ms
2025-04-07 10:46:41.159 +02:00 [INF] Request starting HTTP/1.1 GET http://localhost:5196/api/card/getAll - null null
2025-04-07 10:46:41.144 +02:00 [INF] Request starting HTTP/1.1 GET http://localhost:5196/api/boards/getById/1 - null null
2025-04-07 10:46:41.250 +02:00 [INF] Failed to validate the token.
Microsoft.IdentityModel.Tokens.SecurityTokenMalformedException: IDX14100: JWT is not well formed, there are no dots (.).
The token needs to be in JWS or JWE Compact Serialization Format. (JWS): 'EncodedHeader.EndcodedPayload.EncodedSignature'. (JWE): 'EncodedProtectedHeader.EncodedEncryptedKey.EncodedInitializationVector.EncodedCiphertext.EncodedAuthenticationTag'.
 ---> Microsoft.IdentityModel.Tokens.SecurityTokenMalformedException: IDX14100: JWT is not well formed, there are no dots (.).
The token needs to be in JWS or JWE Compact Serialization Format. (JWS): 'EncodedHeader.EndcodedPayload.EncodedSignature'. (JWE): 'EncodedProtectedHeader.EncodedEncryptedKey.EncodedInitializationVector.EncodedCiphertext.EncodedAuthenticationTag'.
   at Microsoft.IdentityModel.JsonWebTokens.JsonWebToken.ReadToken(String encodedJson)
   at Microsoft.IdentityModel.JsonWebTokens.JsonWebToken..ctor(String jwtEncodedString)
   at Microsoft.IdentityModel.JsonWebTokens.JsonWebTokenHandler.ReadToken(String token, TokenValidationParameters validationParameters)
   --- End of inner exception stack trace ---
2025-04-07 10:46:41.261 +02:00 [INF] CORS policy execution successful.
2025-04-07 10:46:41.298 +02:00 [INF] Bearer was not authenticated. Failure message: IDX14100: JWT is not well formed, there are no dots (.).
The token needs to be in JWS or JWE Compact Serialization Format. (JWS): 'EncodedHeader.EndcodedPayload.EncodedSignature'. (JWE): 'EncodedProtectedHeader.EncodedEncryptedKey.EncodedInitializationVector.EncodedCiphertext.EncodedAuthenticationTag'.
2025-04-07 10:46:41.303 +02:00 [INF] Executing endpoint 'Trello.Controller.BoardController.GetById (Trello)'
2025-04-07 10:46:41.320 +02:00 [INF] CORS policy execution successful.
2025-04-07 10:46:41.346 +02:00 [INF] Executing endpoint 'Trello.Controller.CardController.GetAll (Trello)'
2025-04-07 10:46:41.356 +02:00 [INF] Route matched with {action = "GetAll", controller = "Card"}. Executing controller action with signature System.Threading.Tasks.Task`1[Microsoft.AspNetCore.Mvc.IActionResult] GetAll() on controller Trello.Controller.CardController (Trello).
2025-04-07 10:46:41.324 +02:00 [INF] Route matched with {action = "GetById", controller = "Board"}. Executing controller action with signature System.Threading.Tasks.Task`1[Microsoft.AspNetCore.Mvc.IActionResult] GetById(Int32) on controller Trello.Controller.BoardController (Trello).
2025-04-07 10:46:41.449 +02:00 [INF] Executed DbCommand (52ms) [Parameters=[@__id_0='?' (DbType = Int32)], CommandType='"Text"', CommandTimeout='30']
SELECT b."Id", b."ActiveSprintId", b."Description", b."Name", b."ProjectId"
FROM "Boards" AS b
WHERE b."Id" = @__id_0
LIMIT 1
2025-04-07 10:46:41.449 +02:00 [INF] Executed DbCommand (74ms) [Parameters=[], CommandType='"Text"', CommandTimeout='30']
SELECT c."Id", c."Description", c."DueDate", c."SprintId", c."Status", c."Title"
FROM "Cards" AS c
2025-04-07 10:46:41.481 +02:00 [INF] Executing OkObjectResult, writing value of type 'Trello.DTOs.BoardDto'.
2025-04-07 10:46:41.489 +02:00 [INF] Successfully fetched all cards.
2025-04-07 10:46:41.507 +02:00 [INF] Executing OkObjectResult, writing value of type 'System.Collections.Generic.List`1[[Trello.DTOs.CardDto, Trello, Version=1.0.0.0, Culture=neutral, PublicKeyToken=null]]'.
2025-04-07 10:46:41.497 +02:00 [INF] Executed action Trello.Controller.BoardController.GetById (Trello) in 116.3009ms
2025-04-07 10:46:41.521 +02:00 [INF] Executed action Trello.Controller.CardController.GetAll (Trello) in 153.8679ms
2025-04-07 10:46:41.525 +02:00 [INF] Executed endpoint 'Trello.Controller.BoardController.GetById (Trello)'
2025-04-07 10:46:41.535 +02:00 [INF] Executed endpoint 'Trello.Controller.CardController.GetAll (Trello)'
2025-04-07 10:46:41.539 +02:00 [INF] Request finished HTTP/1.1 GET http://localhost:5196/api/boards/getById/1 - 200 null application/json; charset=utf-8 394.4118ms
2025-04-07 10:46:41.556 +02:00 [INF] Request finished HTTP/1.1 GET http://localhost:5196/api/card/getAll - 200 null application/json; charset=utf-8 396.7292ms
