2025-03-26 20:39:34.934 +01:00 [INF] User profile is available. Using 'C:\Users\User\AppData\Local\ASP.NET\DataProtection-Keys' as key repository and Windows DPAPI to encrypt keys at rest.
2025-03-26 20:39:35.366 +01:00 [INF] Now listening on: http://localhost:5196
2025-03-26 20:39:35.381 +01:00 [INF] Application started. Press Ctrl+C to shut down.
2025-03-26 20:39:35.390 +01:00 [INF] Hosting environment: Development
2025-03-26 20:39:35.397 +01:00 [INF] Content root path: C:\Users\User\Desktop\Trello
2025-03-26 20:39:37.589 +01:00 [INF] Request starting HTTP/1.1 GET http://localhost:5196// - null null
2025-03-26 20:39:37.744 +01:00 [WRN] Failed to determine the https port for redirect.
2025-03-26 20:39:38.277 +01:00 [INF] Request finished HTTP/1.1 GET http://localhost:5196// - 404 0 null 713.2285ms
2025-03-26 20:39:38.893 +01:00 [INF] Request reached the end of the middleware pipeline without being handled by application code. Request path: GET http://localhost:5196//, Response status code: 404
2025-03-26 20:39:47.461 +01:00 [INF] Request starting HTTP/1.1 OPTIONS http://localhost:5196/api/auth/login - null null
2025-03-26 20:39:47.489 +01:00 [INF] CORS policy execution successful.
2025-03-26 20:39:47.533 +01:00 [INF] Request finished HTTP/1.1 OPTIONS http://localhost:5196/api/auth/login - 204 null null 75.0882ms
2025-03-26 20:39:47.569 +01:00 [INF] Request starting HTTP/1.1 POST http://localhost:5196/api/auth/login - application/json 41
2025-03-26 20:39:47.597 +01:00 [INF] CORS policy execution successful.
2025-03-26 20:39:47.609 +01:00 [INF] Executing endpoint 'Trello.Controller.AuthController.Login (Trello)'
2025-03-26 20:39:47.712 +01:00 [INF] Route matched with {action = "Login", controller = "Auth"}. Executing controller action with signature System.Threading.Tasks.Task`1[Microsoft.AspNetCore.Mvc.IActionResult] Login(Trello.DTOs.UserLoginDto) on controller Trello.Controller.AuthController (Trello).
2025-03-26 20:39:54.413 +01:00 [INF] Executed DbCommand (264ms) [Parameters=[@__normalizedUserName_0='?'], CommandType='"Text"', CommandTimeout='30']
SELECT u."Id", u."AccessFailedCount", u."ConcurrencyStamp", u."CreatedAt", u."Email", u."EmailConfirmed", u."FirstName", u."LastName", u."LockoutEnabled", u."LockoutEnd", u."NormalizedEmail", u."NormalizedUserName", u."PasswordHash", u."PhoneNumber", u."PhoneNumberConfirmed", u."RefreshToken", u."RefreshTokenExpiry", u."SecurityStamp", u."TwoFactorEnabled", u."UserName"
FROM "Users" AS u
WHERE u."NormalizedUserName" = @__normalizedUserName_0
LIMIT 1
2025-03-26 20:39:55.287 +01:00 [INF] Executing OkObjectResult, writing value of type 'FluentResults.Result`1[[Trello.DTOs.AuthResponseDto, Trello, Version=1.0.0.0, Culture=neutral, PublicKeyToken=null]]'.
2025-03-26 20:39:55.424 +01:00 [INF] Executed action Trello.Controller.AuthController.Login (Trello) in 7676.9993ms
2025-03-26 20:39:55.433 +01:00 [INF] Executed endpoint 'Trello.Controller.AuthController.Login (Trello)'
2025-03-26 20:39:55.503 +01:00 [INF] Request finished HTTP/1.1 POST http://localhost:5196/api/auth/login - 200 null application/json; charset=utf-8 7933.8141ms
2025-03-26 20:39:57.500 +01:00 [INF] Request starting HTTP/1.1 OPTIONS http://localhost:5196/api/user/getById/5 - null null
2025-03-26 20:39:57.533 +01:00 [INF] CORS policy execution successful.
2025-03-26 20:39:57.546 +01:00 [INF] Request finished HTTP/1.1 OPTIONS http://localhost:5196/api/user/getById/5 - 204 null null 46.3652ms
2025-03-26 20:39:57.584 +01:00 [INF] Request starting HTTP/1.1 GET http://localhost:5196/api/user/getById/5 - null null
2025-03-26 20:39:57.753 +01:00 [INF] Failed to validate the token.
Microsoft.IdentityModel.Tokens.SecurityTokenInvalidAudienceException: IDX10208: Unable to validate audience. validationParameters.ValidAudience is null or whitespace and validationParameters.ValidAudiences is null.
   at Microsoft.IdentityModel.Tokens.Validators.ValidateAudience(IEnumerable`1 audiences, SecurityToken securityToken, TokenValidationParameters validationParameters)
   at Microsoft.IdentityModel.JsonWebTokens.JsonWebTokenHandler.ValidateTokenPayloadAsync(JsonWebToken jsonWebToken, TokenValidationParameters validationParameters, BaseConfiguration configuration)
   at Microsoft.IdentityModel.JsonWebTokens.JsonWebTokenHandler.ValidateJWSAsync(JsonWebToken jsonWebToken, TokenValidationParameters validationParameters, BaseConfiguration configuration)
2025-03-26 20:39:57.842 +01:00 [INF] Bearer was not authenticated. Failure message: IDX10208: Unable to validate audience. validationParameters.ValidAudience is null or whitespace and validationParameters.ValidAudiences is null.
2025-03-26 20:39:57.861 +01:00 [INF] CORS policy execution successful.
2025-03-26 20:39:57.874 +01:00 [INF] Executing endpoint 'Trello.Controller.UserController.GetUserById (Trello)'
2025-03-26 20:39:57.900 +01:00 [INF] Route matched with {action = "GetUserById", controller = "User"}. Executing controller action with signature System.Threading.Tasks.Task`1[Microsoft.AspNetCore.Mvc.IActionResult] GetUserById(Int32) on controller Trello.Controller.UserController (Trello).
2025-03-26 20:39:58.153 +01:00 [INF] Executed DbCommand (12ms) [Parameters=[@__id_0='?' (DbType = Int32)], CommandType='"Text"', CommandTimeout='30']
SELECT u."Id", u."AccessFailedCount", u."ConcurrencyStamp", u."CreatedAt", u."Email", u."EmailConfirmed", u."FirstName", u."LastName", u."LockoutEnabled", u."LockoutEnd", u."NormalizedEmail", u."NormalizedUserName", u."PasswordHash", u."PhoneNumber", u."PhoneNumberConfirmed", u."RefreshToken", u."RefreshTokenExpiry", u."SecurityStamp", u."TwoFactorEnabled", u."UserName"
FROM "Users" AS u
WHERE u."Id" = @__id_0
LIMIT 1
2025-03-26 20:39:58.185 +01:00 [INF] Executing OkObjectResult, writing value of type 'Trello.DTOs.UserDto'.
2025-03-26 20:39:58.213 +01:00 [INF] Executed action Trello.Controller.UserController.GetUserById (Trello) in 290.715ms
2025-03-26 20:39:58.229 +01:00 [INF] Executed endpoint 'Trello.Controller.UserController.GetUserById (Trello)'
2025-03-26 20:39:58.258 +01:00 [INF] Request finished HTTP/1.1 GET http://localhost:5196/api/user/getById/5 - 200 null application/json; charset=utf-8 674.016ms
2025-03-26 20:39:58.350 +01:00 [INF] Request starting HTTP/1.1 GET http://localhost:5196/api/projects/getUserProjects/5 - null null
2025-03-26 20:39:58.386 +01:00 [INF] CORS policy execution successful.
2025-03-26 20:39:58.399 +01:00 [INF] Executing endpoint 'Trello.Controller.ProjectController.GetUserProjects (Trello)'
2025-03-26 20:39:58.428 +01:00 [INF] Route matched with {action = "GetUserProjects", controller = "Project"}. Executing controller action with signature System.Threading.Tasks.Task`1[Microsoft.AspNetCore.Mvc.IActionResult] GetUserProjects(Int32) on controller Trello.Controller.ProjectController (Trello).
2025-03-26 20:40:02.475 +01:00 [INF] Executed DbCommand (35ms) [Parameters=[@__userId_0='?' (DbType = Int32)], CommandType='"Text"', CommandTimeout='30']
SELECT p."Id", p."Name", p."OwnerId"
FROM "Projects" AS p
WHERE EXISTS (
    SELECT 1
    FROM "UserProject" AS u
    WHERE p."Id" = u."ProjectId" AND u."UserId" = @__userId_0) OR p."OwnerId" = @__userId_0
2025-03-26 20:40:02.633 +01:00 [INF] Executing OkObjectResult, writing value of type 'System.Collections.Generic.List`1[[Trello.DTOs.ProjectDto, Trello, Version=1.0.0.0, Culture=neutral, PublicKeyToken=null]]'.
2025-03-26 20:40:02.648 +01:00 [INF] Executed action Trello.Controller.ProjectController.GetUserProjects (Trello) in 4187.5349ms
2025-03-26 20:40:02.659 +01:00 [INF] Executed endpoint 'Trello.Controller.ProjectController.GetUserProjects (Trello)'
2025-03-26 20:40:02.669 +01:00 [INF] Request finished HTTP/1.1 GET http://localhost:5196/api/projects/getUserProjects/5 - 200 null application/json; charset=utf-8 4317.7878ms
