2025-04-02 11:14:46.598 +02:00 [INF] User profile is available. Using 'C:\Users\User\AppData\Local\ASP.NET\DataProtection-Keys' as key repository and Windows DPAPI to encrypt keys at rest.
2025-04-02 11:14:47.995 +02:00 [INF] Now listening on: http://localhost:5196
2025-04-02 11:14:48.004 +02:00 [INF] Application started. Press Ctrl+C to shut down.
2025-04-02 11:14:48.007 +02:00 [INF] Hosting environment: Development
2025-04-02 11:14:48.015 +02:00 [INF] Content root path: C:\Users\User\Desktop\TaskManagment\Trello
2025-04-02 11:14:50.855 +02:00 [INF] Request starting HTTP/1.1 GET http://localhost:5196// - null null
2025-04-02 11:14:50.990 +02:00 [WRN] Failed to determine the https port for redirect.
2025-04-02 11:14:51.356 +02:00 [INF] Request finished HTTP/1.1 GET http://localhost:5196// - 404 0 null 519.7673ms
2025-04-02 11:14:51.375 +02:00 [INF] Request reached the end of the middleware pipeline without being handled by application code. Request path: GET http://localhost:5196//, Response status code: 404
2025-04-02 11:15:34.449 +02:00 [INF] Request starting HTTP/1.1 OPTIONS http://localhost:5196/api/user/getById/1 - null null
2025-04-02 11:15:34.466 +02:00 [INF] CORS policy execution successful.
2025-04-02 11:15:34.474 +02:00 [INF] Request finished HTTP/1.1 OPTIONS http://localhost:5196/api/user/getById/1 - 204 null null 27.3616ms
2025-04-02 11:15:34.486 +02:00 [INF] Request starting HTTP/1.1 GET http://localhost:5196/api/user/getById/1 - null null
2025-04-02 11:15:34.762 +02:00 [INF] CORS policy execution successful.
2025-04-02 11:15:34.774 +02:00 [INF] Executing endpoint 'Trello.Controller.UserController.GetUserById (Trello)'
2025-04-02 11:15:34.853 +02:00 [INF] Route matched with {action = "GetUserById", controller = "User"}. Executing controller action with signature System.Threading.Tasks.Task`1[Microsoft.AspNetCore.Mvc.IActionResult] GetUserById(Int32) on controller Trello.Controller.UserController (Trello).
2025-04-02 11:15:36.443 +02:00 [INF] Request starting HTTP/1.1 OPTIONS http://localhost:5196/api/auth/login - null null
2025-04-02 11:15:36.454 +02:00 [INF] CORS policy execution successful.
2025-04-02 11:15:36.458 +02:00 [INF] Request finished HTTP/1.1 OPTIONS http://localhost:5196/api/auth/login - 204 null null 14.7262ms
2025-04-02 11:15:36.470 +02:00 [INF] Request starting HTTP/1.1 POST http://localhost:5196/api/auth/login - application/json 41
2025-04-02 11:15:36.480 +02:00 [INF] CORS policy execution successful.
2025-04-02 11:15:36.483 +02:00 [INF] Executing endpoint 'Trello.Controller.AuthController.Login (Trello)'
2025-04-02 11:15:36.496 +02:00 [INF] Route matched with {action = "Login", controller = "Auth"}. Executing controller action with signature System.Threading.Tasks.Task`1[Microsoft.AspNetCore.Mvc.IActionResult] Login(Trello.DTOs.UserLoginDto) on controller Trello.Controller.AuthController (Trello).
2025-04-02 11:15:37.324 +02:00 [INF] Executed DbCommand (76ms) [Parameters=[@__id_0='?' (DbType = Int32)], CommandType='"Text"', CommandTimeout='30']
SELECT u."Id", u."AccessFailedCount", u."ConcurrencyStamp", u."CreatedAt", u."Email", u."EmailConfirmed", u."FirstName", u."LastName", u."LockoutEnabled", u."LockoutEnd", u."NormalizedEmail", u."NormalizedUserName", u."PasswordHash", u."PhoneNumber", u."PhoneNumberConfirmed", u."RefreshToken", u."RefreshTokenExpiry", u."SecurityStamp", u."TwoFactorEnabled", u."UserName"
FROM "Users" AS u
WHERE u."Id" = @__id_0
LIMIT 1
2025-04-02 11:15:37.324 +02:00 [INF] Executed DbCommand (76ms) [Parameters=[@__normalizedUserName_0='?'], CommandType='"Text"', CommandTimeout='30']
SELECT u."Id", u."AccessFailedCount", u."ConcurrencyStamp", u."CreatedAt", u."Email", u."EmailConfirmed", u."FirstName", u."LastName", u."LockoutEnabled", u."LockoutEnd", u."NormalizedEmail", u."NormalizedUserName", u."PasswordHash", u."PhoneNumber", u."PhoneNumberConfirmed", u."RefreshToken", u."RefreshTokenExpiry", u."SecurityStamp", u."TwoFactorEnabled", u."UserName"
FROM "Users" AS u
WHERE u."NormalizedUserName" = @__normalizedUserName_0
LIMIT 1
2025-04-02 11:15:37.518 +02:00 [INF] Executing OkObjectResult, writing value of type 'Trello.DTOs.UserDto'.
2025-04-02 11:15:37.570 +02:00 [INF] Executed action Trello.Controller.UserController.GetUserById (Trello) in 2703.483ms
2025-04-02 11:15:37.575 +02:00 [INF] Executed endpoint 'Trello.Controller.UserController.GetUserById (Trello)'
2025-04-02 11:15:37.588 +02:00 [INF] Request finished HTTP/1.1 GET http://localhost:5196/api/user/getById/1 - 200 null application/json; charset=utf-8 3102.0248ms
2025-04-02 11:15:37.777 +02:00 [INF] Executed DbCommand (8ms) [Parameters=[@p2='?' (DbType = Int32), @p0='?', @p1='?' (DbType = DateTime)], CommandType='"Text"', CommandTimeout='30']
UPDATE "Users" SET "RefreshToken" = @p0, "RefreshTokenExpiry" = @p1
WHERE "Id" = @p2;
2025-04-02 11:15:37.789 +02:00 [INF] Executing OkObjectResult, writing value of type 'FluentResults.Result`1[[Trello.DTOs.AuthResponseDto, Trello, Version=1.0.0.0, Culture=neutral, PublicKeyToken=null]]'.
2025-04-02 11:15:37.818 +02:00 [INF] Executed action Trello.Controller.AuthController.Login (Trello) in 1314.1888ms
2025-04-02 11:15:37.822 +02:00 [INF] Executed endpoint 'Trello.Controller.AuthController.Login (Trello)'
2025-04-02 11:15:37.826 +02:00 [INF] Request finished HTTP/1.1 POST http://localhost:5196/api/auth/login - 200 null application/json; charset=utf-8 1356.6698ms
2025-04-02 11:15:39.606 +02:00 [INF] Request starting HTTP/1.1 OPTIONS http://localhost:5196/api/user/getById/1 - null null
2025-04-02 11:15:39.695 +02:00 [INF] CORS policy execution successful.
2025-04-02 11:15:39.708 +02:00 [INF] Request finished HTTP/1.1 OPTIONS http://localhost:5196/api/user/getById/1 - 204 null null 102.0832ms
2025-04-02 11:15:39.741 +02:00 [INF] Request starting HTTP/1.1 GET http://localhost:5196/api/user/getById/1 - null null
2025-04-02 11:15:39.758 +02:00 [INF] CORS policy execution successful.
2025-04-02 11:15:39.761 +02:00 [INF] Executing endpoint 'Trello.Controller.UserController.GetUserById (Trello)'
2025-04-02 11:15:39.773 +02:00 [INF] Route matched with {action = "GetUserById", controller = "User"}. Executing controller action with signature System.Threading.Tasks.Task`1[Microsoft.AspNetCore.Mvc.IActionResult] GetUserById(Int32) on controller Trello.Controller.UserController (Trello).
2025-04-02 11:15:39.943 +02:00 [INF] Executed DbCommand (2ms) [Parameters=[@__id_0='?' (DbType = Int32)], CommandType='"Text"', CommandTimeout='30']
SELECT u."Id", u."AccessFailedCount", u."ConcurrencyStamp", u."CreatedAt", u."Email", u."EmailConfirmed", u."FirstName", u."LastName", u."LockoutEnabled", u."LockoutEnd", u."NormalizedEmail", u."NormalizedUserName", u."PasswordHash", u."PhoneNumber", u."PhoneNumberConfirmed", u."RefreshToken", u."RefreshTokenExpiry", u."SecurityStamp", u."TwoFactorEnabled", u."UserName"
FROM "Users" AS u
WHERE u."Id" = @__id_0
LIMIT 1
2025-04-02 11:15:39.955 +02:00 [INF] Executing OkObjectResult, writing value of type 'Trello.DTOs.UserDto'.
2025-04-02 11:15:39.959 +02:00 [INF] Executed action Trello.Controller.UserController.GetUserById (Trello) in 170.7626ms
2025-04-02 11:15:39.964 +02:00 [INF] Executed endpoint 'Trello.Controller.UserController.GetUserById (Trello)'
2025-04-02 11:15:39.969 +02:00 [INF] Request finished HTTP/1.1 GET http://localhost:5196/api/user/getById/1 - 200 null application/json; charset=utf-8 227.3309ms
2025-04-02 11:15:39.985 +02:00 [INF] Request starting HTTP/1.1 GET http://localhost:5196/api/projects/getUserProjects/1 - null null
2025-04-02 11:15:39.992 +02:00 [INF] CORS policy execution successful.
2025-04-02 11:15:39.995 +02:00 [INF] Executing endpoint 'Trello.Controller.ProjectController.GetUserProjects (Trello)'
2025-04-02 11:15:40.007 +02:00 [INF] Route matched with {action = "GetUserProjects", controller = "Project"}. Executing controller action with signature System.Threading.Tasks.Task`1[Microsoft.AspNetCore.Mvc.IActionResult] GetUserProjects(Int32) on controller Trello.Controller.ProjectController (Trello).
2025-04-02 11:15:40.098 +02:00 [INF] Executed DbCommand (7ms) [Parameters=[@__userId_0='?' (DbType = Int32)], CommandType='"Text"', CommandTimeout='30']
SELECT p."Id", p."BoardId", p."Name", p."OwnerId"
FROM "Projects" AS p
WHERE EXISTS (
    SELECT 1
    FROM "UserProject" AS u
    WHERE p."Id" = u."ProjectId" AND u."UserId" = @__userId_0) OR p."OwnerId" = @__userId_0
2025-04-02 11:15:40.121 +02:00 [INF] Executing OkObjectResult, writing value of type 'System.Collections.Generic.List`1[[Trello.DTOs.ProjectDetailsDto, Trello, Version=1.0.0.0, Culture=neutral, PublicKeyToken=null]]'.
2025-04-02 11:15:40.127 +02:00 [INF] Executed action Trello.Controller.ProjectController.GetUserProjects (Trello) in 114.9439ms
2025-04-02 11:15:40.131 +02:00 [INF] Executed endpoint 'Trello.Controller.ProjectController.GetUserProjects (Trello)'
2025-04-02 11:15:40.134 +02:00 [INF] Request finished HTTP/1.1 GET http://localhost:5196/api/projects/getUserProjects/1 - 200 null application/json; charset=utf-8 149.1544ms
2025-04-02 11:16:08.948 +02:00 [INF] Request starting HTTP/1.1 OPTIONS http://localhost:5196/api/boards/getById/1 - null null
2025-04-02 11:16:08.963 +02:00 [INF] CORS policy execution successful.
2025-04-02 11:16:08.966 +02:00 [INF] Request finished HTTP/1.1 OPTIONS http://localhost:5196/api/boards/getById/1 - 204 null null 18.2107ms
2025-04-02 11:16:08.989 +02:00 [INF] Request starting HTTP/1.1 GET http://localhost:5196/api/boards/getById/1 - null null
2025-04-02 11:16:08.997 +02:00 [INF] CORS policy execution successful.
2025-04-02 11:16:09.000 +02:00 [INF] Executing endpoint 'Trello.Controller.BoardController.GetById (Trello)'
2025-04-02 11:16:09.009 +02:00 [INF] Route matched with {action = "GetById", controller = "Board"}. Executing controller action with signature System.Threading.Tasks.Task`1[Microsoft.AspNetCore.Mvc.IActionResult] GetById(Int32) on controller Trello.Controller.BoardController (Trello).
2025-04-02 11:16:09.307 +02:00 [ERR] Error fetching board with id 1
System.InvalidOperationException: The expression 'p.Columns.AsQueryable().Select(p => p.Cards)' is invalid inside an 'Include' operation, since it does not represent a property access: 't => t.MyProperty'. To target navigations declared on derived types, use casting ('t => ((Derived)t).MyProperty') or the 'as' operator ('t => (t as Derived).MyProperty'). Collection navigation access can be filtered by composing Where, OrderBy(Descending), ThenBy(Descending), Skip or Take operations. For more information on including related data, see https://go.microsoft.com/fwlink/?LinkID=746393.
   at Microsoft.EntityFrameworkCore.Query.Internal.NavigationExpandingExpressionVisitor.<ProcessInclude>g__ExtractIncludeFilter|33_0(Expression currentExpression, Expression includeExpression)
   at Microsoft.EntityFrameworkCore.Query.Internal.NavigationExpandingExpressionVisitor.ProcessInclude(NavigationExpansionExpression source, Expression expression, Boolean thenInclude, Boolean setLoaded)
   at Microsoft.EntityFrameworkCore.Query.Internal.NavigationExpandingExpressionVisitor.VisitMethodCall(MethodCallExpression methodCallExpression)
   at Microsoft.EntityFrameworkCore.Query.Internal.NavigationExpandingExpressionVisitor.VisitMethodCall(MethodCallExpression methodCallExpression)
   at Microsoft.EntityFrameworkCore.Query.Internal.NavigationExpandingExpressionVisitor.Expand(Expression query)
   at Microsoft.EntityFrameworkCore.Query.QueryTranslationPreprocessor.Process(Expression query)
   at Microsoft.EntityFrameworkCore.Query.QueryCompilationContext.CreateQueryExecutorExpression[TResult](Expression query)
   at Microsoft.EntityFrameworkCore.Query.QueryCompilationContext.CreateQueryExecutor[TResult](Expression query)
   at Microsoft.EntityFrameworkCore.Storage.Database.CompileQuery[TResult](Expression query, Boolean async)
   at Microsoft.EntityFrameworkCore.Query.Internal.QueryCompiler.CompileQueryCore[TResult](IDatabase database, Expression query, IModel model, Boolean async)
   at Microsoft.EntityFrameworkCore.Query.Internal.QueryCompiler.<>c__DisplayClass11_0`1.<ExecuteCore>b__0()
   at Microsoft.EntityFrameworkCore.Query.Internal.CompiledQueryCache.GetOrAddQuery[TResult](Object cacheKey, Func`1 compiler)
   at Microsoft.EntityFrameworkCore.Query.Internal.QueryCompiler.ExecuteCore[TResult](Expression query, Boolean async, CancellationToken cancellationToken)
   at Microsoft.EntityFrameworkCore.Query.Internal.QueryCompiler.ExecuteAsync[TResult](Expression query, CancellationToken cancellationToken)
   at Microsoft.EntityFrameworkCore.Query.Internal.EntityQueryProvider.ExecuteAsync[TResult](Expression expression, CancellationToken cancellationToken)
   at Microsoft.EntityFrameworkCore.EntityFrameworkQueryableExtensions.ExecuteAsync[TSource,TResult](MethodInfo operatorMethodInfo, IQueryable`1 source, Expression expression, CancellationToken cancellationToken)
   at Microsoft.EntityFrameworkCore.EntityFrameworkQueryableExtensions.ExecuteAsync[TSource,TResult](MethodInfo operatorMethodInfo, IQueryable`1 source, LambdaExpression expression, CancellationToken cancellationToken)
   at Microsoft.EntityFrameworkCore.EntityFrameworkQueryableExtensions.FirstOrDefaultAsync[TSource](IQueryable`1 source, Expression`1 predicate, CancellationToken cancellationToken)
   at Trello.Repository.BoardRepository.GetById(Int32 id) in C:\Users\User\Desktop\TaskManagment\Trello\Repository\BoardRepository.cs:line 43
2025-04-02 11:16:09.857 +02:00 [INF] Executed action Trello.Controller.BoardController.GetById (Trello) in 840.9524ms
2025-04-02 11:16:09.941 +02:00 [INF] Executed endpoint 'Trello.Controller.BoardController.GetById (Trello)'
2025-04-02 11:16:09.985 +02:00 [ERR] Unhandled exception occurred.
System.InvalidOperationException: Result is in status failed. Value is not set. Having: Error with Message='An error occurred while retrieving user projects: An error occurred while retrieving board with this id: 1. Please try again.'
   at FluentResults.Result`1.ThrowIfFailed()
   at FluentResults.Result`1.get_Value()
   at Trello.Controller.BoardController.GetById(Int32 id) in C:\Users\User\Desktop\TaskManagment\Trello\Controller\BoardController.cs:line 23
   at Microsoft.AspNetCore.Mvc.Infrastructure.ActionMethodExecutor.TaskOfIActionResultExecutor.Execute(ActionContext actionContext, IActionResultTypeMapper mapper, ObjectMethodExecutor executor, Object controller, Object[] arguments)
   at Microsoft.AspNetCore.Mvc.Infrastructure.ControllerActionInvoker.<InvokeActionMethodAsync>g__Awaited|12_0(ControllerActionInvoker invoker, ValueTask`1 actionResultValueTask)
   at Microsoft.AspNetCore.Mvc.Infrastructure.ControllerActionInvoker.<InvokeNextActionFilterAsync>g__Awaited|10_0(ControllerActionInvoker invoker, Task lastTask, State next, Scope scope, Object state, Boolean isCompleted)
   at Microsoft.AspNetCore.Mvc.Infrastructure.ControllerActionInvoker.Rethrow(ActionExecutedContextSealed context)
   at Microsoft.AspNetCore.Mvc.Infrastructure.ControllerActionInvoker.Next(State& next, Scope& scope, Object& state, Boolean& isCompleted)
   at Microsoft.AspNetCore.Mvc.Infrastructure.ControllerActionInvoker.InvokeInnerFilterAsync()
--- End of stack trace from previous location ---
   at Microsoft.AspNetCore.Mvc.Infrastructure.ResourceInvoker.<InvokeFilterPipelineAsync>g__Awaited|20_0(ResourceInvoker invoker, Task lastTask, State next, Scope scope, Object state, Boolean isCompleted)
   at Microsoft.AspNetCore.Mvc.Infrastructure.ResourceInvoker.<InvokeAsync>g__Logged|17_1(ResourceInvoker invoker)
   at Microsoft.AspNetCore.Mvc.Infrastructure.ResourceInvoker.<InvokeAsync>g__Logged|17_1(ResourceInvoker invoker)
   at Microsoft.AspNetCore.Routing.EndpointMiddleware.<Invoke>g__AwaitRequestTask|7_0(Endpoint endpoint, Task requestTask, ILogger logger)
   at Trello.Helpers.ExceptionHandlingMiddleware.Invoke(HttpContext context) in C:\Users\User\Desktop\TaskManagment\Trello\Helpers\ExeptionHandlingMiddleware.cs:line 21
2025-04-02 11:16:10.028 +02:00 [INF] Request finished HTTP/1.1 GET http://localhost:5196/api/boards/getById/1 - 500 null application/json; charset=utf-8 1039.0281ms
2025-04-02 11:18:06.774 +02:00 [INF] Request starting HTTP/1.1 OPTIONS http://localhost:5196/api/user/getById/1 - null null
2025-04-02 11:18:06.866 +02:00 [INF] CORS policy execution successful.
2025-04-02 11:18:06.772 +02:00 [INF] Request starting HTTP/1.1 OPTIONS http://localhost:5196/api/user/getById/1 - null null
2025-04-02 11:18:06.868 +02:00 [INF] Request finished HTTP/1.1 OPTIONS http://localhost:5196/api/user/getById/1 - 204 null null 93.6378ms
2025-04-02 11:18:06.919 +02:00 [INF] CORS policy execution successful.
2025-04-02 11:18:06.934 +02:00 [INF] Request starting HTTP/1.1 GET http://localhost:5196/api/user/getById/1 - null null
2025-04-02 11:18:06.976 +02:00 [INF] CORS policy execution successful.
2025-04-02 11:18:06.983 +02:00 [INF] Executing endpoint 'Trello.Controller.UserController.GetUserById (Trello)'
2025-04-02 11:18:06.986 +02:00 [INF] Route matched with {action = "GetUserById", controller = "User"}. Executing controller action with signature System.Threading.Tasks.Task`1[Microsoft.AspNetCore.Mvc.IActionResult] GetUserById(Int32) on controller Trello.Controller.UserController (Trello).
2025-04-02 11:18:06.935 +02:00 [INF] Request finished HTTP/1.1 OPTIONS http://localhost:5196/api/user/getById/1 - 204 null null 163.0532ms
2025-04-02 11:18:07.008 +02:00 [INF] Executed DbCommand (5ms) [Parameters=[@__id_0='?' (DbType = Int32)], CommandType='"Text"', CommandTimeout='30']
SELECT u."Id", u."AccessFailedCount", u."ConcurrencyStamp", u."CreatedAt", u."Email", u."EmailConfirmed", u."FirstName", u."LastName", u."LockoutEnabled", u."LockoutEnd", u."NormalizedEmail", u."NormalizedUserName", u."PasswordHash", u."PhoneNumber", u."PhoneNumberConfirmed", u."RefreshToken", u."RefreshTokenExpiry", u."SecurityStamp", u."TwoFactorEnabled", u."UserName"
FROM "Users" AS u
WHERE u."Id" = @__id_0
LIMIT 1
2025-04-02 11:18:07.019 +02:00 [INF] Executing OkObjectResult, writing value of type 'Trello.DTOs.UserDto'.
2025-04-02 11:18:07.037 +02:00 [INF] Request starting HTTP/1.1 GET http://localhost:5196/api/user/getById/1 - null null
2025-04-02 11:18:07.033 +02:00 [INF] Executed action Trello.Controller.UserController.GetUserById (Trello) in 34.7737ms
2025-04-02 11:18:07.052 +02:00 [INF] CORS policy execution successful.
2025-04-02 11:18:07.058 +02:00 [INF] Executing endpoint 'Trello.Controller.UserController.GetUserById (Trello)'
2025-04-02 11:18:07.054 +02:00 [INF] Executed endpoint 'Trello.Controller.UserController.GetUserById (Trello)'
2025-04-02 11:18:07.066 +02:00 [INF] Request finished HTTP/1.1 GET http://localhost:5196/api/user/getById/1 - 200 null application/json; charset=utf-8 132.0322ms
2025-04-02 11:18:07.064 +02:00 [INF] Route matched with {action = "GetUserById", controller = "User"}. Executing controller action with signature System.Threading.Tasks.Task`1[Microsoft.AspNetCore.Mvc.IActionResult] GetUserById(Int32) on controller Trello.Controller.UserController (Trello).
2025-04-02 11:18:07.117 +02:00 [INF] Executed DbCommand (29ms) [Parameters=[@__id_0='?' (DbType = Int32)], CommandType='"Text"', CommandTimeout='30']
SELECT u."Id", u."AccessFailedCount", u."ConcurrencyStamp", u."CreatedAt", u."Email", u."EmailConfirmed", u."FirstName", u."LastName", u."LockoutEnabled", u."LockoutEnd", u."NormalizedEmail", u."NormalizedUserName", u."PasswordHash", u."PhoneNumber", u."PhoneNumberConfirmed", u."RefreshToken", u."RefreshTokenExpiry", u."SecurityStamp", u."TwoFactorEnabled", u."UserName"
FROM "Users" AS u
WHERE u."Id" = @__id_0
LIMIT 1
2025-04-02 11:18:07.140 +02:00 [INF] Executing OkObjectResult, writing value of type 'Trello.DTOs.UserDto'.
2025-04-02 11:18:07.144 +02:00 [INF] Executed action Trello.Controller.UserController.GetUserById (Trello) in 57.3839ms
2025-04-02 11:18:07.151 +02:00 [INF] Executed endpoint 'Trello.Controller.UserController.GetUserById (Trello)'
2025-04-02 11:18:07.157 +02:00 [INF] Request finished HTTP/1.1 GET http://localhost:5196/api/user/getById/1 - 200 null application/json; charset=utf-8 120.2182ms
2025-04-02 11:18:07.174 +02:00 [INF] Request starting HTTP/1.1 GET http://localhost:5196/api/projects/getUserProjects/1 - null null
2025-04-02 11:18:07.190 +02:00 [INF] CORS policy execution successful.
2025-04-02 11:18:07.195 +02:00 [INF] Executing endpoint 'Trello.Controller.ProjectController.GetUserProjects (Trello)'
2025-04-02 11:18:07.201 +02:00 [INF] Route matched with {action = "GetUserProjects", controller = "Project"}. Executing controller action with signature System.Threading.Tasks.Task`1[Microsoft.AspNetCore.Mvc.IActionResult] GetUserProjects(Int32) on controller Trello.Controller.ProjectController (Trello).
2025-04-02 11:18:07.218 +02:00 [INF] Executed DbCommand (5ms) [Parameters=[@__userId_0='?' (DbType = Int32)], CommandType='"Text"', CommandTimeout='30']
SELECT p."Id", p."BoardId", p."Name", p."OwnerId"
FROM "Projects" AS p
WHERE EXISTS (
    SELECT 1
    FROM "UserProject" AS u
    WHERE p."Id" = u."ProjectId" AND u."UserId" = @__userId_0) OR p."OwnerId" = @__userId_0
2025-04-02 11:18:07.231 +02:00 [INF] Executing OkObjectResult, writing value of type 'System.Collections.Generic.List`1[[Trello.DTOs.ProjectDetailsDto, Trello, Version=1.0.0.0, Culture=neutral, PublicKeyToken=null]]'.
2025-04-02 11:18:07.237 +02:00 [INF] Executed action Trello.Controller.ProjectController.GetUserProjects (Trello) in 27.6516ms
2025-04-02 11:18:07.243 +02:00 [INF] Executed endpoint 'Trello.Controller.ProjectController.GetUserProjects (Trello)'
2025-04-02 11:18:07.255 +02:00 [INF] Request finished HTTP/1.1 GET http://localhost:5196/api/projects/getUserProjects/1 - 200 null application/json; charset=utf-8 80.6828ms
2025-04-02 11:18:10.934 +02:00 [INF] Request starting HTTP/1.1 OPTIONS http://localhost:5196/api/boards/getById/1 - null null
2025-04-02 11:18:10.949 +02:00 [INF] CORS policy execution successful.
2025-04-02 11:18:10.954 +02:00 [INF] Request finished HTTP/1.1 OPTIONS http://localhost:5196/api/boards/getById/1 - 204 null null 20.376ms
2025-04-02 11:18:10.969 +02:00 [INF] Request starting HTTP/1.1 GET http://localhost:5196/api/boards/getById/1 - null null
2025-04-02 11:18:10.982 +02:00 [INF] CORS policy execution successful.
2025-04-02 11:18:10.984 +02:00 [INF] Executing endpoint 'Trello.Controller.BoardController.GetById (Trello)'
2025-04-02 11:18:10.987 +02:00 [INF] Route matched with {action = "GetById", controller = "Board"}. Executing controller action with signature System.Threading.Tasks.Task`1[Microsoft.AspNetCore.Mvc.IActionResult] GetById(Int32) on controller Trello.Controller.BoardController (Trello).
2025-04-02 11:18:11.155 +02:00 [ERR] Error fetching board with id 1
System.InvalidOperationException: The expression 'p.Columns.AsQueryable().Select(p => p.Cards)' is invalid inside an 'Include' operation, since it does not represent a property access: 't => t.MyProperty'. To target navigations declared on derived types, use casting ('t => ((Derived)t).MyProperty') or the 'as' operator ('t => (t as Derived).MyProperty'). Collection navigation access can be filtered by composing Where, OrderBy(Descending), ThenBy(Descending), Skip or Take operations. For more information on including related data, see https://go.microsoft.com/fwlink/?LinkID=746393.
   at Microsoft.EntityFrameworkCore.Query.Internal.NavigationExpandingExpressionVisitor.<ProcessInclude>g__ExtractIncludeFilter|33_0(Expression currentExpression, Expression includeExpression)
   at Microsoft.EntityFrameworkCore.Query.Internal.NavigationExpandingExpressionVisitor.ProcessInclude(NavigationExpansionExpression source, Expression expression, Boolean thenInclude, Boolean setLoaded)
   at Microsoft.EntityFrameworkCore.Query.Internal.NavigationExpandingExpressionVisitor.VisitMethodCall(MethodCallExpression methodCallExpression)
   at Microsoft.EntityFrameworkCore.Query.Internal.NavigationExpandingExpressionVisitor.VisitMethodCall(MethodCallExpression methodCallExpression)
   at Microsoft.EntityFrameworkCore.Query.Internal.NavigationExpandingExpressionVisitor.Expand(Expression query)
   at Microsoft.EntityFrameworkCore.Query.QueryTranslationPreprocessor.Process(Expression query)
   at Microsoft.EntityFrameworkCore.Query.QueryCompilationContext.CreateQueryExecutorExpression[TResult](Expression query)
   at Microsoft.EntityFrameworkCore.Query.QueryCompilationContext.CreateQueryExecutor[TResult](Expression query)
   at Microsoft.EntityFrameworkCore.Storage.Database.CompileQuery[TResult](Expression query, Boolean async)
   at Microsoft.EntityFrameworkCore.Query.Internal.QueryCompiler.CompileQueryCore[TResult](IDatabase database, Expression query, IModel model, Boolean async)
   at Microsoft.EntityFrameworkCore.Query.Internal.QueryCompiler.<>c__DisplayClass11_0`1.<ExecuteCore>b__0()
   at Microsoft.EntityFrameworkCore.Query.Internal.CompiledQueryCache.GetOrAddQuery[TResult](Object cacheKey, Func`1 compiler)
   at Microsoft.EntityFrameworkCore.Query.Internal.QueryCompiler.ExecuteCore[TResult](Expression query, Boolean async, CancellationToken cancellationToken)
   at Microsoft.EntityFrameworkCore.Query.Internal.QueryCompiler.ExecuteAsync[TResult](Expression query, CancellationToken cancellationToken)
   at Microsoft.EntityFrameworkCore.Query.Internal.EntityQueryProvider.ExecuteAsync[TResult](Expression expression, CancellationToken cancellationToken)
   at Microsoft.EntityFrameworkCore.EntityFrameworkQueryableExtensions.ExecuteAsync[TSource,TResult](MethodInfo operatorMethodInfo, IQueryable`1 source, Expression expression, CancellationToken cancellationToken)
   at Microsoft.EntityFrameworkCore.EntityFrameworkQueryableExtensions.ExecuteAsync[TSource,TResult](MethodInfo operatorMethodInfo, IQueryable`1 source, LambdaExpression expression, CancellationToken cancellationToken)
   at Microsoft.EntityFrameworkCore.EntityFrameworkQueryableExtensions.FirstOrDefaultAsync[TSource](IQueryable`1 source, Expression`1 predicate, CancellationToken cancellationToken)
   at Trello.Repository.BoardRepository.GetById(Int32 id) in C:\Users\User\Desktop\TaskManagment\Trello\Repository\BoardRepository.cs:line 43
2025-04-02 11:18:11.660 +02:00 [INF] Executed action Trello.Controller.BoardController.GetById (Trello) in 660.746ms
2025-04-02 11:18:11.729 +02:00 [INF] Executed endpoint 'Trello.Controller.BoardController.GetById (Trello)'
2025-04-02 11:18:11.780 +02:00 [ERR] Unhandled exception occurred.
System.InvalidOperationException: Result is in status failed. Value is not set. Having: Error with Message='An error occurred while retrieving user projects: An error occurred while retrieving board with this id: 1. Please try again.'
   at FluentResults.Result`1.ThrowIfFailed()
   at FluentResults.Result`1.get_Value()
   at Trello.Controller.BoardController.GetById(Int32 id) in C:\Users\User\Desktop\TaskManagment\Trello\Controller\BoardController.cs:line 23
   at Microsoft.AspNetCore.Mvc.Infrastructure.ActionMethodExecutor.TaskOfIActionResultExecutor.Execute(ActionContext actionContext, IActionResultTypeMapper mapper, ObjectMethodExecutor executor, Object controller, Object[] arguments)
   at Microsoft.AspNetCore.Mvc.Infrastructure.ControllerActionInvoker.<InvokeActionMethodAsync>g__Awaited|12_0(ControllerActionInvoker invoker, ValueTask`1 actionResultValueTask)
   at Microsoft.AspNetCore.Mvc.Infrastructure.ControllerActionInvoker.<InvokeNextActionFilterAsync>g__Awaited|10_0(ControllerActionInvoker invoker, Task lastTask, State next, Scope scope, Object state, Boolean isCompleted)
   at Microsoft.AspNetCore.Mvc.Infrastructure.ControllerActionInvoker.Rethrow(ActionExecutedContextSealed context)
   at Microsoft.AspNetCore.Mvc.Infrastructure.ControllerActionInvoker.Next(State& next, Scope& scope, Object& state, Boolean& isCompleted)
   at Microsoft.AspNetCore.Mvc.Infrastructure.ControllerActionInvoker.InvokeInnerFilterAsync()
--- End of stack trace from previous location ---
   at Microsoft.AspNetCore.Mvc.Infrastructure.ResourceInvoker.<InvokeFilterPipelineAsync>g__Awaited|20_0(ResourceInvoker invoker, Task lastTask, State next, Scope scope, Object state, Boolean isCompleted)
   at Microsoft.AspNetCore.Mvc.Infrastructure.ResourceInvoker.<InvokeAsync>g__Logged|17_1(ResourceInvoker invoker)
   at Microsoft.AspNetCore.Mvc.Infrastructure.ResourceInvoker.<InvokeAsync>g__Logged|17_1(ResourceInvoker invoker)
   at Microsoft.AspNetCore.Routing.EndpointMiddleware.<Invoke>g__AwaitRequestTask|7_0(Endpoint endpoint, Task requestTask, ILogger logger)
   at Trello.Helpers.ExceptionHandlingMiddleware.Invoke(HttpContext context) in C:\Users\User\Desktop\TaskManagment\Trello\Helpers\ExeptionHandlingMiddleware.cs:line 21
2025-04-02 11:18:11.803 +02:00 [INF] Request finished HTTP/1.1 GET http://localhost:5196/api/boards/getById/1 - 500 null application/json; charset=utf-8 833.9637ms
2025-04-02 11:21:38.931 +02:00 [INF] User profile is available. Using 'C:\Users\User\AppData\Local\ASP.NET\DataProtection-Keys' as key repository and Windows DPAPI to encrypt keys at rest.
2025-04-02 11:21:39.282 +02:00 [INF] Now listening on: http://localhost:5196
2025-04-02 11:21:39.288 +02:00 [INF] Application started. Press Ctrl+C to shut down.
2025-04-02 11:21:39.291 +02:00 [INF] Hosting environment: Development
2025-04-02 11:21:39.293 +02:00 [INF] Content root path: C:\Users\User\Desktop\TaskManagment\Trello
2025-04-02 11:21:40.723 +02:00 [INF] Request starting HTTP/1.1 GET http://localhost:5196// - null null
2025-04-02 11:21:40.806 +02:00 [WRN] Failed to determine the https port for redirect.
2025-04-02 11:21:41.157 +02:00 [INF] Request finished HTTP/1.1 GET http://localhost:5196// - 404 0 null 452.0854ms
2025-04-02 11:21:41.183 +02:00 [INF] Request reached the end of the middleware pipeline without being handled by application code. Request path: GET http://localhost:5196//, Response status code: 404
2025-04-02 11:21:55.507 +02:00 [INF] Request starting HTTP/1.1 OPTIONS http://localhost:5196/api/user/getById/1 - null null
2025-04-02 11:21:55.542 +02:00 [INF] CORS policy execution successful.
2025-04-02 11:21:55.552 +02:00 [INF] Request finished HTTP/1.1 OPTIONS http://localhost:5196/api/user/getById/1 - 204 null null 47.0791ms
2025-04-02 11:21:55.573 +02:00 [INF] Request starting HTTP/1.1 GET http://localhost:5196/api/user/getById/1 - null null
2025-04-02 11:21:56.469 +02:00 [INF] CORS policy execution successful.
2025-04-02 11:21:56.474 +02:00 [INF] Executing endpoint 'Trello.Controller.UserController.GetUserById (Trello)'
2025-04-02 11:21:56.524 +02:00 [INF] Route matched with {action = "GetUserById", controller = "User"}. Executing controller action with signature System.Threading.Tasks.Task`1[Microsoft.AspNetCore.Mvc.IActionResult] GetUserById(Int32) on controller Trello.Controller.UserController (Trello).
2025-04-02 11:21:56.869 +02:00 [INF] Request starting HTTP/1.1 OPTIONS http://localhost:5196/api/auth/login - null null
2025-04-02 11:21:56.899 +02:00 [INF] CORS policy execution successful.
2025-04-02 11:21:56.903 +02:00 [INF] Request finished HTTP/1.1 OPTIONS http://localhost:5196/api/auth/login - 204 null null 34.4517ms
2025-04-02 11:21:56.917 +02:00 [INF] Request starting HTTP/1.1 POST http://localhost:5196/api/auth/login - application/json 41
2025-04-02 11:21:56.925 +02:00 [INF] CORS policy execution successful.
2025-04-02 11:21:56.928 +02:00 [INF] Executing endpoint 'Trello.Controller.AuthController.Login (Trello)'
2025-04-02 11:21:56.937 +02:00 [INF] Route matched with {action = "Login", controller = "Auth"}. Executing controller action with signature System.Threading.Tasks.Task`1[Microsoft.AspNetCore.Mvc.IActionResult] Login(Trello.DTOs.UserLoginDto) on controller Trello.Controller.AuthController (Trello).
2025-04-02 11:21:58.719 +02:00 [INF] Executed DbCommand (73ms) [Parameters=[@__normalizedUserName_0='?'], CommandType='"Text"', CommandTimeout='30']
SELECT u."Id", u."AccessFailedCount", u."ConcurrencyStamp", u."CreatedAt", u."Email", u."EmailConfirmed", u."FirstName", u."LastName", u."LockoutEnabled", u."LockoutEnd", u."NormalizedEmail", u."NormalizedUserName", u."PasswordHash", u."PhoneNumber", u."PhoneNumberConfirmed", u."RefreshToken", u."RefreshTokenExpiry", u."SecurityStamp", u."TwoFactorEnabled", u."UserName"
FROM "Users" AS u
WHERE u."NormalizedUserName" = @__normalizedUserName_0
LIMIT 1
2025-04-02 11:21:58.719 +02:00 [INF] Executed DbCommand (73ms) [Parameters=[@__id_0='?' (DbType = Int32)], CommandType='"Text"', CommandTimeout='30']
SELECT u."Id", u."AccessFailedCount", u."ConcurrencyStamp", u."CreatedAt", u."Email", u."EmailConfirmed", u."FirstName", u."LastName", u."LockoutEnabled", u."LockoutEnd", u."NormalizedEmail", u."NormalizedUserName", u."PasswordHash", u."PhoneNumber", u."PhoneNumberConfirmed", u."RefreshToken", u."RefreshTokenExpiry", u."SecurityStamp", u."TwoFactorEnabled", u."UserName"
FROM "Users" AS u
WHERE u."Id" = @__id_0
LIMIT 1
2025-04-02 11:21:58.908 +02:00 [INF] Executing OkObjectResult, writing value of type 'Trello.DTOs.UserDto'.
2025-04-02 11:21:58.960 +02:00 [INF] Executed action Trello.Controller.UserController.GetUserById (Trello) in 2422.1686ms
2025-04-02 11:21:58.967 +02:00 [INF] Executed endpoint 'Trello.Controller.UserController.GetUserById (Trello)'
2025-04-02 11:21:58.986 +02:00 [INF] Request finished HTTP/1.1 GET http://localhost:5196/api/user/getById/1 - 200 null application/json; charset=utf-8 3413.5357ms
2025-04-02 11:21:59.152 +02:00 [INF] Executed DbCommand (6ms) [Parameters=[@p2='?' (DbType = Int32), @p0='?', @p1='?' (DbType = DateTime)], CommandType='"Text"', CommandTimeout='30']
UPDATE "Users" SET "RefreshToken" = @p0, "RefreshTokenExpiry" = @p1
WHERE "Id" = @p2;
2025-04-02 11:21:59.161 +02:00 [INF] Executing OkObjectResult, writing value of type 'FluentResults.Result`1[[Trello.DTOs.AuthResponseDto, Trello, Version=1.0.0.0, Culture=neutral, PublicKeyToken=null]]'.
2025-04-02 11:21:59.180 +02:00 [INF] Executed action Trello.Controller.AuthController.Login (Trello) in 2237.541ms
2025-04-02 11:21:59.184 +02:00 [INF] Executed endpoint 'Trello.Controller.AuthController.Login (Trello)'
2025-04-02 11:21:59.187 +02:00 [INF] Request finished HTTP/1.1 POST http://localhost:5196/api/auth/login - 200 null application/json; charset=utf-8 2270.1308ms
2025-04-02 11:22:02.914 +02:00 [INF] Request starting HTTP/1.1 OPTIONS http://localhost:5196/api/user/getById/1 - null null
2025-04-02 11:22:02.964 +02:00 [INF] CORS policy execution successful.
2025-04-02 11:22:02.972 +02:00 [INF] Request finished HTTP/1.1 OPTIONS http://localhost:5196/api/user/getById/1 - 204 null null 57.8209ms
2025-04-02 11:22:02.990 +02:00 [INF] Request starting HTTP/1.1 GET http://localhost:5196/api/user/getById/1 - null null
2025-04-02 11:22:03.003 +02:00 [INF] CORS policy execution successful.
2025-04-02 11:22:03.006 +02:00 [INF] Executing endpoint 'Trello.Controller.UserController.GetUserById (Trello)'
2025-04-02 11:22:03.013 +02:00 [INF] Route matched with {action = "GetUserById", controller = "User"}. Executing controller action with signature System.Threading.Tasks.Task`1[Microsoft.AspNetCore.Mvc.IActionResult] GetUserById(Int32) on controller Trello.Controller.UserController (Trello).
2025-04-02 11:22:03.155 +02:00 [INF] Executed DbCommand (2ms) [Parameters=[@__id_0='?' (DbType = Int32)], CommandType='"Text"', CommandTimeout='30']
SELECT u."Id", u."AccessFailedCount", u."ConcurrencyStamp", u."CreatedAt", u."Email", u."EmailConfirmed", u."FirstName", u."LastName", u."LockoutEnabled", u."LockoutEnd", u."NormalizedEmail", u."NormalizedUserName", u."PasswordHash", u."PhoneNumber", u."PhoneNumberConfirmed", u."RefreshToken", u."RefreshTokenExpiry", u."SecurityStamp", u."TwoFactorEnabled", u."UserName"
FROM "Users" AS u
WHERE u."Id" = @__id_0
LIMIT 1
2025-04-02 11:22:03.170 +02:00 [INF] Executing OkObjectResult, writing value of type 'Trello.DTOs.UserDto'.
2025-04-02 11:22:03.174 +02:00 [INF] Executed action Trello.Controller.UserController.GetUserById (Trello) in 152.6511ms
2025-04-02 11:22:03.179 +02:00 [INF] Executed endpoint 'Trello.Controller.UserController.GetUserById (Trello)'
2025-04-02 11:22:03.183 +02:00 [INF] Request finished HTTP/1.1 GET http://localhost:5196/api/user/getById/1 - 200 null application/json; charset=utf-8 193.1385ms
2025-04-02 11:22:03.194 +02:00 [INF] Request starting HTTP/1.1 GET http://localhost:5196/api/projects/getUserProjects/1 - null null
2025-04-02 11:22:03.203 +02:00 [INF] CORS policy execution successful.
2025-04-02 11:22:03.206 +02:00 [INF] Executing endpoint 'Trello.Controller.ProjectController.GetUserProjects (Trello)'
2025-04-02 11:22:03.217 +02:00 [INF] Route matched with {action = "GetUserProjects", controller = "Project"}. Executing controller action with signature System.Threading.Tasks.Task`1[Microsoft.AspNetCore.Mvc.IActionResult] GetUserProjects(Int32) on controller Trello.Controller.ProjectController (Trello).
2025-04-02 11:22:03.327 +02:00 [INF] Executed DbCommand (11ms) [Parameters=[@__userId_0='?' (DbType = Int32)], CommandType='"Text"', CommandTimeout='30']
SELECT p."Id", p."BoardId", p."Name", p."OwnerId"
FROM "Projects" AS p
WHERE EXISTS (
    SELECT 1
    FROM "UserProject" AS u
    WHERE p."Id" = u."ProjectId" AND u."UserId" = @__userId_0) OR p."OwnerId" = @__userId_0
2025-04-02 11:22:03.354 +02:00 [INF] Executing OkObjectResult, writing value of type 'System.Collections.Generic.List`1[[Trello.DTOs.ProjectDetailsDto, Trello, Version=1.0.0.0, Culture=neutral, PublicKeyToken=null]]'.
2025-04-02 11:22:03.364 +02:00 [INF] Executed action Trello.Controller.ProjectController.GetUserProjects (Trello) in 135.2072ms
2025-04-02 11:22:03.372 +02:00 [INF] Executed endpoint 'Trello.Controller.ProjectController.GetUserProjects (Trello)'
2025-04-02 11:22:03.381 +02:00 [INF] Request finished HTTP/1.1 GET http://localhost:5196/api/projects/getUserProjects/1 - 200 null application/json; charset=utf-8 187.123ms
2025-04-02 11:22:32.990 +02:00 [INF] Request starting HTTP/1.1 OPTIONS http://localhost:5196/api/boards/getById/1 - null null
2025-04-02 11:22:33.011 +02:00 [INF] CORS policy execution successful.
2025-04-02 11:22:33.019 +02:00 [INF] Request finished HTTP/1.1 OPTIONS http://localhost:5196/api/boards/getById/1 - 204 null null 29.0687ms
2025-04-02 11:22:33.111 +02:00 [INF] Request starting HTTP/1.1 GET http://localhost:5196/api/boards/getById/1 - null null
2025-04-02 11:22:33.120 +02:00 [INF] CORS policy execution successful.
2025-04-02 11:22:33.122 +02:00 [INF] Executing endpoint 'Trello.Controller.BoardController.GetById (Trello)'
2025-04-02 11:22:33.129 +02:00 [INF] Route matched with {action = "GetById", controller = "Board"}. Executing controller action with signature System.Threading.Tasks.Task`1[Microsoft.AspNetCore.Mvc.IActionResult] GetById(Int32) on controller Trello.Controller.BoardController (Trello).
2025-04-02 11:22:33.220 +02:00 [WRN] Compiling a query which loads related collections for more than one collection navigation, either via 'Include' or through projection, but no 'QuerySplittingBehavior' has been configured. By default, Entity Framework will use 'QuerySplittingBehavior.SingleQuery', which can potentially result in slow query performance. See https://go.microsoft.com/fwlink/?linkid=2134277 for more information. To identify the query that's triggering this warning call 'ConfigureWarnings(w => w.Throw(RelationalEventId.MultipleCollectionIncludeWarning))'.
2025-04-02 11:22:33.273 +02:00 [INF] Executed DbCommand (18ms) [Parameters=[@__id_0='?' (DbType = Int32)], CommandType='"Text"', CommandTimeout='30']
SELECT b0."Id", b0."ActiveSprintId", b0."Description", b0."Name", b0."ProjectId", s."Id", s."BoardId", s."Name", s."Id0", s."ColumnId", s."Description", s."DueDate", s."SprintId", s."Title"
FROM (
    SELECT b."Id", b."ActiveSprintId", b."Description", b."Name", b."ProjectId"
    FROM "Boards" AS b
    WHERE b."Id" = @__id_0
    LIMIT 1
) AS b0
LEFT JOIN (
    SELECT c."Id", c."BoardId", c."Name", c0."Id" AS "Id0", c0."ColumnId", c0."Description", c0."DueDate", c0."SprintId", c0."Title"
    FROM "Columns" AS c
    LEFT JOIN "Cards" AS c0 ON c."Id" = c0."ColumnId"
) AS s ON b0."Id" = s."BoardId"
ORDER BY b0."Id", s."Id"
2025-04-02 11:22:33.377 +02:00 [INF] Executing OkObjectResult, writing value of type 'Trello.DTOs.BoardDto'.
2025-04-02 11:22:33.414 +02:00 [INF] Executed action Trello.Controller.BoardController.GetById (Trello) in 275.9262ms
2025-04-02 11:22:33.418 +02:00 [INF] Executed endpoint 'Trello.Controller.BoardController.GetById (Trello)'
2025-04-02 11:22:33.421 +02:00 [INF] Request finished HTTP/1.1 GET http://localhost:5196/api/boards/getById/1 - 200 null application/json; charset=utf-8 310.326ms
2025-04-02 11:56:25.856 +02:00 [INF] Request starting HTTP/1.1 OPTIONS http://localhost:5196/api/user/getById/1 - null null
2025-04-02 11:56:25.880 +02:00 [INF] CORS policy execution successful.
2025-04-02 11:56:25.887 +02:00 [INF] Request finished HTTP/1.1 OPTIONS http://localhost:5196/api/user/getById/1 - 204 null null 34.734ms
2025-04-02 11:56:25.919 +02:00 [INF] Request starting HTTP/1.1 GET http://localhost:5196/api/user/getById/1 - null null
2025-04-02 11:56:25.936 +02:00 [INF] CORS policy execution successful.
2025-04-02 11:56:25.943 +02:00 [INF] Executing endpoint 'Trello.Controller.UserController.GetUserById (Trello)'
2025-04-02 11:56:25.949 +02:00 [INF] Route matched with {action = "GetUserById", controller = "User"}. Executing controller action with signature System.Threading.Tasks.Task`1[Microsoft.AspNetCore.Mvc.IActionResult] GetUserById(Int32) on controller Trello.Controller.UserController (Trello).
2025-04-02 11:56:26.071 +02:00 [INF] Executed DbCommand (6ms) [Parameters=[@__id_0='?' (DbType = Int32)], CommandType='"Text"', CommandTimeout='30']
SELECT u."Id", u."AccessFailedCount", u."ConcurrencyStamp", u."CreatedAt", u."Email", u."EmailConfirmed", u."FirstName", u."LastName", u."LockoutEnabled", u."LockoutEnd", u."NormalizedEmail", u."NormalizedUserName", u."PasswordHash", u."PhoneNumber", u."PhoneNumberConfirmed", u."RefreshToken", u."RefreshTokenExpiry", u."SecurityStamp", u."TwoFactorEnabled", u."UserName"
FROM "Users" AS u
WHERE u."Id" = @__id_0
LIMIT 1
2025-04-02 11:56:26.086 +02:00 [INF] Executing OkObjectResult, writing value of type 'Trello.DTOs.UserDto'.
2025-04-02 11:56:26.091 +02:00 [INF] Executed action Trello.Controller.UserController.GetUserById (Trello) in 134.9457ms
2025-04-02 11:56:26.095 +02:00 [INF] Executed endpoint 'Trello.Controller.UserController.GetUserById (Trello)'
2025-04-02 11:56:26.098 +02:00 [INF] Request finished HTTP/1.1 GET http://localhost:5196/api/user/getById/1 - 200 null application/json; charset=utf-8 179.8918ms
2025-04-02 11:56:32.505 +02:00 [INF] Request starting HTTP/1.1 OPTIONS http://localhost:5196/api/auth/login - null null
2025-04-02 11:56:32.553 +02:00 [INF] CORS policy execution successful.
2025-04-02 11:56:32.573 +02:00 [INF] Request finished HTTP/1.1 OPTIONS http://localhost:5196/api/auth/login - 204 null null 68.4783ms
2025-04-02 11:56:32.595 +02:00 [INF] Request starting HTTP/1.1 POST http://localhost:5196/api/auth/login - application/json 41
2025-04-02 11:56:32.603 +02:00 [INF] CORS policy execution successful.
2025-04-02 11:56:32.609 +02:00 [INF] Executing endpoint 'Trello.Controller.AuthController.Login (Trello)'
2025-04-02 11:56:32.613 +02:00 [INF] Route matched with {action = "Login", controller = "Auth"}. Executing controller action with signature System.Threading.Tasks.Task`1[Microsoft.AspNetCore.Mvc.IActionResult] Login(Trello.DTOs.UserLoginDto) on controller Trello.Controller.AuthController (Trello).
2025-04-02 11:56:32.718 +02:00 [INF] Executed DbCommand (22ms) [Parameters=[@__normalizedUserName_0='?'], CommandType='"Text"', CommandTimeout='30']
SELECT u."Id", u."AccessFailedCount", u."ConcurrencyStamp", u."CreatedAt", u."Email", u."EmailConfirmed", u."FirstName", u."LastName", u."LockoutEnabled", u."LockoutEnd", u."NormalizedEmail", u."NormalizedUserName", u."PasswordHash", u."PhoneNumber", u."PhoneNumberConfirmed", u."RefreshToken", u."RefreshTokenExpiry", u."SecurityStamp", u."TwoFactorEnabled", u."UserName"
FROM "Users" AS u
WHERE u."NormalizedUserName" = @__normalizedUserName_0
LIMIT 1
2025-04-02 11:56:33.043 +02:00 [INF] Executed DbCommand (15ms) [Parameters=[@p2='?' (DbType = Int32), @p0='?', @p1='?' (DbType = DateTime)], CommandType='"Text"', CommandTimeout='30']
UPDATE "Users" SET "RefreshToken" = @p0, "RefreshTokenExpiry" = @p1
WHERE "Id" = @p2;
2025-04-02 11:56:33.045 +02:00 [INF] Executing OkObjectResult, writing value of type 'FluentResults.Result`1[[Trello.DTOs.AuthResponseDto, Trello, Version=1.0.0.0, Culture=neutral, PublicKeyToken=null]]'.
2025-04-02 11:56:33.059 +02:00 [INF] Executed action Trello.Controller.AuthController.Login (Trello) in 436.663ms
2025-04-02 11:56:33.063 +02:00 [INF] Executed endpoint 'Trello.Controller.AuthController.Login (Trello)'
2025-04-02 11:56:33.066 +02:00 [INF] Request finished HTTP/1.1 POST http://localhost:5196/api/auth/login - 200 null application/json; charset=utf-8 471.7847ms
2025-04-02 11:56:34.479 +02:00 [INF] Request starting HTTP/1.1 OPTIONS http://localhost:5196/api/user/getById/1 - null null
2025-04-02 11:56:34.676 +02:00 [INF] CORS policy execution successful.
2025-04-02 11:56:34.680 +02:00 [INF] Request finished HTTP/1.1 OPTIONS http://localhost:5196/api/user/getById/1 - 204 null null 200.9603ms
2025-04-02 11:56:34.688 +02:00 [INF] Request starting HTTP/1.1 GET http://localhost:5196/api/user/getById/1 - null null
2025-04-02 11:56:34.696 +02:00 [INF] CORS policy execution successful.
2025-04-02 11:56:34.699 +02:00 [INF] Executing endpoint 'Trello.Controller.UserController.GetUserById (Trello)'
2025-04-02 11:56:34.702 +02:00 [INF] Route matched with {action = "GetUserById", controller = "User"}. Executing controller action with signature System.Threading.Tasks.Task`1[Microsoft.AspNetCore.Mvc.IActionResult] GetUserById(Int32) on controller Trello.Controller.UserController (Trello).
2025-04-02 11:56:34.715 +02:00 [INF] Executed DbCommand (5ms) [Parameters=[@__id_0='?' (DbType = Int32)], CommandType='"Text"', CommandTimeout='30']
SELECT u."Id", u."AccessFailedCount", u."ConcurrencyStamp", u."CreatedAt", u."Email", u."EmailConfirmed", u."FirstName", u."LastName", u."LockoutEnabled", u."LockoutEnd", u."NormalizedEmail", u."NormalizedUserName", u."PasswordHash", u."PhoneNumber", u."PhoneNumberConfirmed", u."RefreshToken", u."RefreshTokenExpiry", u."SecurityStamp", u."TwoFactorEnabled", u."UserName"
FROM "Users" AS u
WHERE u."Id" = @__id_0
LIMIT 1
2025-04-02 11:56:34.735 +02:00 [INF] Executing OkObjectResult, writing value of type 'Trello.DTOs.UserDto'.
2025-04-02 11:56:34.744 +02:00 [INF] Executed action Trello.Controller.UserController.GetUserById (Trello) in 35.3578ms
2025-04-02 11:56:34.748 +02:00 [INF] Executed endpoint 'Trello.Controller.UserController.GetUserById (Trello)'
2025-04-02 11:56:34.752 +02:00 [INF] Request finished HTTP/1.1 GET http://localhost:5196/api/user/getById/1 - 200 null application/json; charset=utf-8 64.3468ms
2025-04-02 11:56:34.783 +02:00 [INF] Request starting HTTP/1.1 GET http://localhost:5196/api/projects/getUserProjects/1 - null null
2025-04-02 11:56:34.803 +02:00 [INF] CORS policy execution successful.
2025-04-02 11:56:34.807 +02:00 [INF] Executing endpoint 'Trello.Controller.ProjectController.GetUserProjects (Trello)'
2025-04-02 11:56:34.812 +02:00 [INF] Route matched with {action = "GetUserProjects", controller = "Project"}. Executing controller action with signature System.Threading.Tasks.Task`1[Microsoft.AspNetCore.Mvc.IActionResult] GetUserProjects(Int32) on controller Trello.Controller.ProjectController (Trello).
2025-04-02 11:56:34.874 +02:00 [INF] Executed DbCommand (39ms) [Parameters=[@__userId_0='?' (DbType = Int32)], CommandType='"Text"', CommandTimeout='30']
SELECT p."Id", p."BoardId", p."Name", p."OwnerId"
FROM "Projects" AS p
WHERE EXISTS (
    SELECT 1
    FROM "UserProject" AS u
    WHERE p."Id" = u."ProjectId" AND u."UserId" = @__userId_0) OR p."OwnerId" = @__userId_0
2025-04-02 11:56:34.891 +02:00 [INF] Executing OkObjectResult, writing value of type 'System.Collections.Generic.List`1[[Trello.DTOs.ProjectDetailsDto, Trello, Version=1.0.0.0, Culture=neutral, PublicKeyToken=null]]'.
2025-04-02 11:56:34.897 +02:00 [INF] Executed action Trello.Controller.ProjectController.GetUserProjects (Trello) in 77.2118ms
2025-04-02 11:56:34.900 +02:00 [INF] Executed endpoint 'Trello.Controller.ProjectController.GetUserProjects (Trello)'
2025-04-02 11:56:34.906 +02:00 [INF] Request finished HTTP/1.1 GET http://localhost:5196/api/projects/getUserProjects/1 - 200 null application/json; charset=utf-8 123.6572ms
2025-04-02 11:56:37.273 +02:00 [INF] Request starting HTTP/1.1 OPTIONS http://localhost:5196/api/boards/getById/1 - null null
2025-04-02 11:56:37.396 +02:00 [INF] CORS policy execution successful.
2025-04-02 11:56:37.406 +02:00 [INF] Request finished HTTP/1.1 OPTIONS http://localhost:5196/api/boards/getById/1 - 204 null null 133.0286ms
2025-04-02 11:56:37.426 +02:00 [INF] Request starting HTTP/1.1 GET http://localhost:5196/api/boards/getById/1 - null null
2025-04-02 11:56:37.442 +02:00 [INF] CORS policy execution successful.
2025-04-02 11:56:37.445 +02:00 [INF] Executing endpoint 'Trello.Controller.BoardController.GetById (Trello)'
2025-04-02 11:56:37.448 +02:00 [INF] Route matched with {action = "GetById", controller = "Board"}. Executing controller action with signature System.Threading.Tasks.Task`1[Microsoft.AspNetCore.Mvc.IActionResult] GetById(Int32) on controller Trello.Controller.BoardController (Trello).
2025-04-02 11:56:37.481 +02:00 [INF] Executed DbCommand (17ms) [Parameters=[@__id_0='?' (DbType = Int32)], CommandType='"Text"', CommandTimeout='30']
SELECT b0."Id", b0."ActiveSprintId", b0."Description", b0."Name", b0."ProjectId", s."Id", s."BoardId", s."Name", s."Id0", s."ColumnId", s."Description", s."DueDate", s."SprintId", s."Title"
FROM (
    SELECT b."Id", b."ActiveSprintId", b."Description", b."Name", b."ProjectId"
    FROM "Boards" AS b
    WHERE b."Id" = @__id_0
    LIMIT 1
) AS b0
LEFT JOIN (
    SELECT c."Id", c."BoardId", c."Name", c0."Id" AS "Id0", c0."ColumnId", c0."Description", c0."DueDate", c0."SprintId", c0."Title"
    FROM "Columns" AS c
    LEFT JOIN "Cards" AS c0 ON c."Id" = c0."ColumnId"
) AS s ON b0."Id" = s."BoardId"
ORDER BY b0."Id", s."Id"
2025-04-02 11:56:37.524 +02:00 [INF] Executing OkObjectResult, writing value of type 'Trello.DTOs.BoardDto'.
2025-04-02 11:56:37.531 +02:00 [INF] Executed action Trello.Controller.BoardController.GetById (Trello) in 74.0578ms
2025-04-02 11:56:37.535 +02:00 [INF] Executed endpoint 'Trello.Controller.BoardController.GetById (Trello)'
2025-04-02 11:56:37.598 +02:00 [INF] Request finished HTTP/1.1 GET http://localhost:5196/api/boards/getById/1 - 200 null application/json; charset=utf-8 171.6906ms
2025-04-02 11:56:43.989 +02:00 [INF] Request starting HTTP/1.1 OPTIONS http://localhost:5196/api/card/update/${id} - null null
2025-04-02 11:56:44.112 +02:00 [INF] CORS policy execution successful.
2025-04-02 11:56:44.116 +02:00 [INF] Request finished HTTP/1.1 OPTIONS http://localhost:5196/api/card/update/${id} - 204 null null 140.2029ms
2025-04-02 11:56:44.127 +02:00 [INF] Request starting HTTP/1.1 PUT http://localhost:5196/api/card/update/${id} - application/json 77
2025-04-02 11:56:44.136 +02:00 [INF] CORS policy execution successful.
2025-04-02 11:56:44.140 +02:00 [INF] Request finished HTTP/1.1 PUT http://localhost:5196/api/card/update/${id} - 404 0 null 12.7027ms
2025-04-02 11:56:44.162 +02:00 [INF] Request reached the end of the middleware pipeline without being handled by application code. Request path: PUT http://localhost:5196/api/card/update/$%7Bid%7D, Response status code: 404
2025-04-02 11:56:54.048 +02:00 [INF] Request starting HTTP/1.1 OPTIONS http://localhost:5196/api/card/update/${id} - null null
2025-04-02 11:56:54.064 +02:00 [INF] CORS policy execution successful.
2025-04-02 11:56:54.068 +02:00 [INF] Request finished HTTP/1.1 OPTIONS http://localhost:5196/api/card/update/${id} - 204 null null 19.473ms
2025-04-02 11:56:54.080 +02:00 [INF] Request starting HTTP/1.1 PUT http://localhost:5196/api/card/update/${id} - application/json 77
2025-04-02 11:56:54.088 +02:00 [INF] CORS policy execution successful.
2025-04-02 11:56:54.092 +02:00 [INF] Request finished HTTP/1.1 PUT http://localhost:5196/api/card/update/${id} - 404 0 null 11.7747ms
2025-04-02 11:56:54.101 +02:00 [INF] Request reached the end of the middleware pipeline without being handled by application code. Request path: PUT http://localhost:5196/api/card/update/$%7Bid%7D, Response status code: 404
2025-04-02 11:57:04.864 +02:00 [INF] Request starting HTTP/1.1 OPTIONS http://localhost:5196/api/card/update/${id} - null null
2025-04-02 11:57:04.880 +02:00 [INF] CORS policy execution successful.
2025-04-02 11:57:04.885 +02:00 [INF] Request finished HTTP/1.1 OPTIONS http://localhost:5196/api/card/update/${id} - 204 null null 20.4451ms
2025-04-02 11:57:04.901 +02:00 [INF] Request starting HTTP/1.1 PUT http://localhost:5196/api/card/update/${id} - application/json 77
2025-04-02 11:57:04.913 +02:00 [INF] CORS policy execution successful.
2025-04-02 11:57:04.916 +02:00 [INF] Request finished HTTP/1.1 PUT http://localhost:5196/api/card/update/${id} - 404 0 null 14.7768ms
2025-04-02 11:57:04.948 +02:00 [INF] Request reached the end of the middleware pipeline without being handled by application code. Request path: PUT http://localhost:5196/api/card/update/$%7Bid%7D, Response status code: 404
2025-04-02 11:57:46.924 +02:00 [INF] Request starting HTTP/1.1 OPTIONS http://localhost:5196/api/card/update/${id} - null null
2025-04-02 11:57:46.933 +02:00 [INF] CORS policy execution successful.
2025-04-02 11:57:46.936 +02:00 [INF] Request finished HTTP/1.1 OPTIONS http://localhost:5196/api/card/update/${id} - 204 null null 11.9708ms
2025-04-02 11:57:46.956 +02:00 [INF] Request starting HTTP/1.1 PUT http://localhost:5196/api/card/update/${id} - application/json 77
2025-04-02 11:57:46.964 +02:00 [INF] CORS policy execution successful.
2025-04-02 11:57:46.968 +02:00 [INF] Request finished HTTP/1.1 PUT http://localhost:5196/api/card/update/${id} - 404 0 null 11.4818ms
2025-04-02 11:57:46.980 +02:00 [INF] Request reached the end of the middleware pipeline without being handled by application code. Request path: PUT http://localhost:5196/api/card/update/$%7Bid%7D, Response status code: 404
2025-04-02 11:58:59.467 +02:00 [INF] Request starting HTTP/1.1 OPTIONS http://localhost:5196/api/boards/getById/1 - null null
2025-04-02 11:58:59.515 +02:00 [INF] CORS policy execution successful.
2025-04-02 11:58:59.519 +02:00 [INF] Request finished HTTP/1.1 OPTIONS http://localhost:5196/api/boards/getById/1 - 204 null null 53.8303ms
2025-04-02 11:58:59.541 +02:00 [INF] Request starting HTTP/1.1 GET http://localhost:5196/api/boards/getById/1 - null null
2025-04-02 11:58:59.550 +02:00 [INF] CORS policy execution successful.
2025-04-02 11:58:59.554 +02:00 [INF] Executing endpoint 'Trello.Controller.BoardController.GetById (Trello)'
2025-04-02 11:58:59.558 +02:00 [INF] Route matched with {action = "GetById", controller = "Board"}. Executing controller action with signature System.Threading.Tasks.Task`1[Microsoft.AspNetCore.Mvc.IActionResult] GetById(Int32) on controller Trello.Controller.BoardController (Trello).
2025-04-02 11:58:59.576 +02:00 [INF] Executed DbCommand (7ms) [Parameters=[@__id_0='?' (DbType = Int32)], CommandType='"Text"', CommandTimeout='30']
SELECT b0."Id", b0."ActiveSprintId", b0."Description", b0."Name", b0."ProjectId", s."Id", s."BoardId", s."Name", s."Id0", s."ColumnId", s."Description", s."DueDate", s."SprintId", s."Title"
FROM (
    SELECT b."Id", b."ActiveSprintId", b."Description", b."Name", b."ProjectId"
    FROM "Boards" AS b
    WHERE b."Id" = @__id_0
    LIMIT 1
) AS b0
LEFT JOIN (
    SELECT c."Id", c."BoardId", c."Name", c0."Id" AS "Id0", c0."ColumnId", c0."Description", c0."DueDate", c0."SprintId", c0."Title"
    FROM "Columns" AS c
    LEFT JOIN "Cards" AS c0 ON c."Id" = c0."ColumnId"
) AS s ON b0."Id" = s."BoardId"
ORDER BY b0."Id", s."Id"
2025-04-02 11:58:59.628 +02:00 [INF] Executing OkObjectResult, writing value of type 'Trello.DTOs.BoardDto'.
2025-04-02 11:58:59.632 +02:00 [INF] Executed action Trello.Controller.BoardController.GetById (Trello) in 67.0448ms
2025-04-02 11:58:59.636 +02:00 [INF] Executed endpoint 'Trello.Controller.BoardController.GetById (Trello)'
2025-04-02 11:58:59.640 +02:00 [INF] Request finished HTTP/1.1 GET http://localhost:5196/api/boards/getById/1 - 200 null application/json; charset=utf-8 99.0268ms
