2025-03-28 11:28:53.819 +01:00 [INF] User profile is available. Using 'C:\Users\User\AppData\Local\ASP.NET\DataProtection-Keys' as key repository and Windows DPAPI to encrypt keys at rest.
2025-03-28 11:28:54.445 +01:00 [INF] Now listening on: http://localhost:5196
2025-03-28 11:28:54.465 +01:00 [INF] Application started. Press Ctrl+C to shut down.
2025-03-28 11:28:54.492 +01:00 [INF] Hosting environment: Development
2025-03-28 11:28:54.497 +01:00 [INF] Content root path: C:\Users\User\Desktop\Trello
2025-03-28 11:28:55.921 +01:00 [INF] Request starting HTTP/1.1 GET http://localhost:5196// - null null
2025-03-28 11:28:56.152 +01:00 [WRN] Failed to determine the https port for redirect.
2025-03-28 11:28:56.475 +01:00 [INF] Request finished HTTP/1.1 GET http://localhost:5196// - 404 0 null 605.3797ms
2025-03-28 11:28:56.563 +01:00 [INF] Request reached the end of the middleware pipeline without being handled by application code. Request path: GET http://localhost:5196//, Response status code: 404
2025-03-28 11:29:03.239 +01:00 [INF] Request starting HTTP/1.1 OPTIONS http://localhost:5196/api/auth/login - null null
2025-03-28 11:29:03.286 +01:00 [INF] CORS policy execution successful.
2025-03-28 11:29:03.315 +01:00 [INF] Request finished HTTP/1.1 OPTIONS http://localhost:5196/api/auth/login - 204 null null 76.1828ms
2025-03-28 11:29:03.345 +01:00 [INF] Request starting HTTP/1.1 POST http://localhost:5196/api/auth/login - application/json 41
2025-03-28 11:29:03.389 +01:00 [INF] CORS policy execution successful.
2025-03-28 11:29:03.404 +01:00 [INF] Executing endpoint 'Trello.Controller.AuthController.Login (Trello)'
2025-03-28 11:29:03.600 +01:00 [INF] Route matched with {action = "Login", controller = "Auth"}. Executing controller action with signature System.Threading.Tasks.Task`1[Microsoft.AspNetCore.Mvc.IActionResult] Login(Trello.DTOs.UserLoginDto) on controller Trello.Controller.AuthController (Trello).
2025-03-28 11:29:11.336 +01:00 [INF] Executed DbCommand (218ms) [Parameters=[@__normalizedUserName_0='?'], CommandType='"Text"', CommandTimeout='30']
SELECT u."Id", u."AccessFailedCount", u."ConcurrencyStamp", u."CreatedAt", u."Email", u."EmailConfirmed", u."FirstName", u."LastName", u."LockoutEnabled", u."LockoutEnd", u."NormalizedEmail", u."NormalizedUserName", u."PasswordHash", u."PhoneNumber", u."PhoneNumberConfirmed", u."RefreshToken", u."RefreshTokenExpiry", u."SecurityStamp", u."TwoFactorEnabled", u."UserName"
FROM "Users" AS u
WHERE u."NormalizedUserName" = @__normalizedUserName_0
LIMIT 1
2025-03-28 11:29:12.116 +01:00 [INF] Executing OkObjectResult, writing value of type 'FluentResults.Result`1[[Trello.DTOs.AuthResponseDto, Trello, Version=1.0.0.0, Culture=neutral, PublicKeyToken=null]]'.
2025-03-28 11:29:12.251 +01:00 [INF] Executed action Trello.Controller.AuthController.Login (Trello) in 7866.6569ms
2025-03-28 11:29:12.259 +01:00 [INF] Executed endpoint 'Trello.Controller.AuthController.Login (Trello)'
2025-03-28 11:29:12.301 +01:00 [INF] Request finished HTTP/1.1 POST http://localhost:5196/api/auth/login - 200 null application/json; charset=utf-8 8955.0635ms
2025-03-28 11:29:15.151 +01:00 [INF] Request starting HTTP/1.1 OPTIONS http://localhost:5196/api/user/getById/5 - null null
2025-03-28 11:29:15.257 +01:00 [INF] CORS policy execution successful.
2025-03-28 11:29:15.278 +01:00 [INF] Request finished HTTP/1.1 OPTIONS http://localhost:5196/api/user/getById/5 - 204 null null 126.7865ms
2025-03-28 11:29:15.340 +01:00 [INF] Request starting HTTP/1.1 GET http://localhost:5196/api/user/getById/5 - null null
2025-03-28 11:29:15.498 +01:00 [INF] CORS policy execution successful.
2025-03-28 11:29:15.505 +01:00 [INF] Executing endpoint 'Trello.Controller.UserController.GetUserById (Trello)'
2025-03-28 11:29:15.537 +01:00 [INF] Route matched with {action = "GetUserById", controller = "User"}. Executing controller action with signature System.Threading.Tasks.Task`1[Microsoft.AspNetCore.Mvc.IActionResult] GetUserById(Int32) on controller Trello.Controller.UserController (Trello).
2025-03-28 11:29:15.797 +01:00 [INF] Executed DbCommand (13ms) [Parameters=[@__id_0='?' (DbType = Int32)], CommandType='"Text"', CommandTimeout='30']
SELECT u."Id", u."AccessFailedCount", u."ConcurrencyStamp", u."CreatedAt", u."Email", u."EmailConfirmed", u."FirstName", u."LastName", u."LockoutEnabled", u."LockoutEnd", u."NormalizedEmail", u."NormalizedUserName", u."PasswordHash", u."PhoneNumber", u."PhoneNumberConfirmed", u."RefreshToken", u."RefreshTokenExpiry", u."SecurityStamp", u."TwoFactorEnabled", u."UserName"
FROM "Users" AS u
WHERE u."Id" = @__id_0
LIMIT 1
2025-03-28 11:29:15.834 +01:00 [INF] Executing OkObjectResult, writing value of type 'Trello.DTOs.UserDto'.
2025-03-28 11:29:15.899 +01:00 [INF] Executed action Trello.Controller.UserController.GetUserById (Trello) in 335.2848ms
2025-03-28 11:29:15.914 +01:00 [INF] Executed endpoint 'Trello.Controller.UserController.GetUserById (Trello)'
2025-03-28 11:29:15.940 +01:00 [INF] Request finished HTTP/1.1 GET http://localhost:5196/api/user/getById/5 - 200 null application/json; charset=utf-8 599.6292ms
2025-03-28 11:29:15.979 +01:00 [INF] Request starting HTTP/1.1 GET http://localhost:5196/api/projects/getUserProjects/5 - null null
2025-03-28 11:29:16.002 +01:00 [INF] CORS policy execution successful.
2025-03-28 11:29:16.009 +01:00 [INF] Executing endpoint 'Trello.Controller.ProjectController.GetUserProjects (Trello)'
2025-03-28 11:29:16.027 +01:00 [INF] Route matched with {action = "GetUserProjects", controller = "Project"}. Executing controller action with signature System.Threading.Tasks.Task`1[Microsoft.AspNetCore.Mvc.IActionResult] GetUserProjects(Int32) on controller Trello.Controller.ProjectController (Trello).
2025-03-28 11:32:12.852 +01:00 [INF] User profile is available. Using 'C:\Users\User\AppData\Local\ASP.NET\DataProtection-Keys' as key repository and Windows DPAPI to encrypt keys at rest.
2025-03-28 11:32:13.708 +01:00 [INF] Now listening on: http://localhost:5196
2025-03-28 11:32:13.720 +01:00 [INF] Application started. Press Ctrl+C to shut down.
2025-03-28 11:32:13.727 +01:00 [INF] Hosting environment: Development
2025-03-28 11:32:13.737 +01:00 [INF] Content root path: C:\Users\User\Desktop\Trello
2025-03-28 11:32:15.355 +01:00 [INF] Request starting HTTP/1.1 GET http://localhost:5196// - null null
2025-03-28 11:32:15.577 +01:00 [WRN] Failed to determine the https port for redirect.
2025-03-28 11:32:16.183 +01:00 [INF] Request finished HTTP/1.1 GET http://localhost:5196// - 404 0 null 860.3242ms
2025-03-28 11:32:16.281 +01:00 [INF] Request reached the end of the middleware pipeline without being handled by application code. Request path: GET http://localhost:5196//, Response status code: 404
2025-03-28 11:32:24.527 +01:00 [INF] Request starting HTTP/1.1 OPTIONS http://localhost:5196/api/auth/login - null null
2025-03-28 11:32:24.568 +01:00 [INF] CORS policy execution successful.
2025-03-28 11:32:24.612 +01:00 [INF] Request finished HTTP/1.1 OPTIONS http://localhost:5196/api/auth/login - 204 null null 85.8694ms
2025-03-28 11:32:24.637 +01:00 [INF] Request starting HTTP/1.1 POST http://localhost:5196/api/auth/login - application/json 41
2025-03-28 11:32:24.661 +01:00 [INF] CORS policy execution successful.
2025-03-28 11:32:24.671 +01:00 [INF] Executing endpoint 'Trello.Controller.AuthController.Login (Trello)'
2025-03-28 11:32:24.790 +01:00 [INF] Route matched with {action = "Login", controller = "Auth"}. Executing controller action with signature System.Threading.Tasks.Task`1[Microsoft.AspNetCore.Mvc.IActionResult] Login(Trello.DTOs.UserLoginDto) on controller Trello.Controller.AuthController (Trello).
2025-03-28 11:32:29.707 +01:00 [INF] Executed DbCommand (168ms) [Parameters=[@__normalizedUserName_0='?'], CommandType='"Text"', CommandTimeout='30']
SELECT u."Id", u."AccessFailedCount", u."ConcurrencyStamp", u."CreatedAt", u."Email", u."EmailConfirmed", u."FirstName", u."LastName", u."LockoutEnabled", u."LockoutEnd", u."NormalizedEmail", u."NormalizedUserName", u."PasswordHash", u."PhoneNumber", u."PhoneNumberConfirmed", u."RefreshToken", u."RefreshTokenExpiry", u."SecurityStamp", u."TwoFactorEnabled", u."UserName"
FROM "Users" AS u
WHERE u."NormalizedUserName" = @__normalizedUserName_0
LIMIT 1
2025-03-28 11:32:30.597 +01:00 [INF] Executing OkObjectResult, writing value of type 'FluentResults.Result`1[[Trello.DTOs.AuthResponseDto, Trello, Version=1.0.0.0, Culture=neutral, PublicKeyToken=null]]'.
2025-03-28 11:32:30.765 +01:00 [INF] Executed action Trello.Controller.AuthController.Login (Trello) in 5906.0246ms
2025-03-28 11:32:30.781 +01:00 [INF] Executed endpoint 'Trello.Controller.AuthController.Login (Trello)'
2025-03-28 11:32:30.874 +01:00 [INF] Request finished HTTP/1.1 POST http://localhost:5196/api/auth/login - 200 null application/json; charset=utf-8 6235.7534ms
2025-03-28 11:32:32.409 +01:00 [INF] Request starting HTTP/1.1 OPTIONS http://localhost:5196/api/user/getById/5 - null null
2025-03-28 11:32:32.507 +01:00 [INF] CORS policy execution successful.
2025-03-28 11:32:32.525 +01:00 [INF] Request finished HTTP/1.1 OPTIONS http://localhost:5196/api/user/getById/5 - 204 null null 119.9443ms
2025-03-28 11:32:32.597 +01:00 [INF] Request starting HTTP/1.1 GET http://localhost:5196/api/user/getById/5 - null null
2025-03-28 11:32:32.782 +01:00 [INF] CORS policy execution successful.
2025-03-28 11:32:32.792 +01:00 [INF] Executing endpoint 'Trello.Controller.UserController.GetUserById (Trello)'
2025-03-28 11:32:32.819 +01:00 [INF] Route matched with {action = "GetUserById", controller = "User"}. Executing controller action with signature System.Threading.Tasks.Task`1[Microsoft.AspNetCore.Mvc.IActionResult] GetUserById(Int32) on controller Trello.Controller.UserController (Trello).
2025-03-28 11:32:33.087 +01:00 [INF] Executed DbCommand (13ms) [Parameters=[@__id_0='?' (DbType = Int32)], CommandType='"Text"', CommandTimeout='30']
SELECT u."Id", u."AccessFailedCount", u."ConcurrencyStamp", u."CreatedAt", u."Email", u."EmailConfirmed", u."FirstName", u."LastName", u."LockoutEnabled", u."LockoutEnd", u."NormalizedEmail", u."NormalizedUserName", u."PasswordHash", u."PhoneNumber", u."PhoneNumberConfirmed", u."RefreshToken", u."RefreshTokenExpiry", u."SecurityStamp", u."TwoFactorEnabled", u."UserName"
FROM "Users" AS u
WHERE u."Id" = @__id_0
LIMIT 1
2025-03-28 11:32:33.120 +01:00 [INF] Executing OkObjectResult, writing value of type 'Trello.DTOs.UserDto'.
2025-03-28 11:32:33.146 +01:00 [INF] Executed action Trello.Controller.UserController.GetUserById (Trello) in 303.8263ms
2025-03-28 11:32:33.156 +01:00 [INF] Executed endpoint 'Trello.Controller.UserController.GetUserById (Trello)'
2025-03-28 11:32:33.174 +01:00 [INF] Request finished HTTP/1.1 GET http://localhost:5196/api/user/getById/5 - 200 null application/json; charset=utf-8 576.4293ms
2025-03-28 11:32:33.213 +01:00 [INF] Request starting HTTP/1.1 GET http://localhost:5196/api/projects/getUserProjects/5 - null null
2025-03-28 11:32:33.241 +01:00 [INF] CORS policy execution successful.
2025-03-28 11:32:33.258 +01:00 [INF] Executing endpoint 'Trello.Controller.ProjectController.GetUserProjects (Trello)'
2025-03-28 11:32:33.292 +01:00 [INF] Route matched with {action = "GetUserProjects", controller = "Project"}. Executing controller action with signature System.Threading.Tasks.Task`1[Microsoft.AspNetCore.Mvc.IActionResult] GetUserProjects(Int32) on controller Trello.Controller.ProjectController (Trello).
