2025-03-27 12:56:25.046 +01:00 [INF] User profile is available. Using 'C:\Users\User\AppData\Local\ASP.NET\DataProtection-Keys' as key repository and Windows DPAPI to encrypt keys at rest.
2025-03-27 12:56:25.920 +01:00 [INF] Now listening on: http://localhost:5196
2025-03-27 12:56:25.936 +01:00 [INF] Application started. Press Ctrl+C to shut down.
2025-03-27 12:56:25.960 +01:00 [INF] Hosting environment: Development
2025-03-27 12:56:26.178 +01:00 [INF] Content root path: C:\Users\User\Desktop\Trello
2025-03-27 12:56:29.167 +01:00 [INF] Request starting HTTP/1.1 GET http://localhost:5196// - null null
2025-03-27 12:56:29.421 +01:00 [WRN] Failed to determine the https port for redirect.
2025-03-27 12:56:30.203 +01:00 [INF] Request finished HTTP/1.1 GET http://localhost:5196// - 404 0 null 1081.7697ms
2025-03-27 12:56:30.438 +01:00 [INF] Request reached the end of the middleware pipeline without being handled by application code. Request path: GET http://localhost:5196//, Response status code: 404
2025-03-27 12:56:43.890 +01:00 [INF] Request starting HTTP/1.1 OPTIONS http://localhost:5196/api/user/getById/5 - null null
2025-03-27 12:56:43.912 +01:00 [INF] Request starting HTTP/1.1 OPTIONS http://localhost:5196/api/user/getById/5 - null null
2025-03-27 12:56:44.625 +01:00 [INF] CORS policy execution successful.
2025-03-27 12:56:44.633 +01:00 [INF] CORS policy execution successful.
2025-03-27 12:56:44.659 +01:00 [INF] Request finished HTTP/1.1 OPTIONS http://localhost:5196/api/user/getById/5 - 204 null null 769.4303ms
2025-03-27 12:56:44.727 +01:00 [INF] Request finished HTTP/1.1 OPTIONS http://localhost:5196/api/user/getById/5 - 204 null null 815.0107ms
2025-03-27 12:56:44.749 +01:00 [INF] Request starting HTTP/1.1 GET http://localhost:5196/api/user/getById/5 - null null
2025-03-27 12:56:45.309 +01:00 [INF] Failed to validate the token.
Microsoft.IdentityModel.Tokens.SecurityTokenExpiredException: IDX10223: Lifetime validation failed. The token is expired. ValidTo (UTC): '27/03/2025 9:50:39 AM', Current time (UTC): '27/03/2025 11:56:45 AM'.
   at Microsoft.IdentityModel.Tokens.Validators.ValidateLifetime(Nullable`1 notBefore, Nullable`1 expires, SecurityToken securityToken, TokenValidationParameters validationParameters)
   at Microsoft.IdentityModel.JsonWebTokens.JsonWebTokenHandler.ValidateTokenPayloadAsync(JsonWebToken jsonWebToken, TokenValidationParameters validationParameters, BaseConfiguration configuration)
   at Microsoft.IdentityModel.JsonWebTokens.JsonWebTokenHandler.ValidateJWSAsync(JsonWebToken jsonWebToken, TokenValidationParameters validationParameters, BaseConfiguration configuration)
2025-03-27 12:56:45.431 +01:00 [INF] Bearer was not authenticated. Failure message: IDX10223: Lifetime validation failed. The token is expired. ValidTo (UTC): '27/03/2025 9:50:39 AM', Current time (UTC): '27/03/2025 11:56:45 AM'.
2025-03-27 12:56:45.623 +01:00 [INF] CORS policy execution successful.
2025-03-27 12:56:45.642 +01:00 [INF] Executing endpoint 'Trello.Controller.UserController.GetUserById (Trello)'
2025-03-27 12:56:45.862 +01:00 [INF] Route matched with {action = "GetUserById", controller = "User"}. Executing controller action with signature System.Threading.Tasks.Task`1[Microsoft.AspNetCore.Mvc.IActionResult] GetUserById(Int32) on controller Trello.Controller.UserController (Trello).
2025-03-27 12:56:50.517 +01:00 [INF] Request starting HTTP/1.1 OPTIONS http://localhost:5196/api/user/getById/5 - null null
2025-03-27 12:56:51.118 +01:00 [INF] CORS policy execution successful.
2025-03-27 12:56:51.191 +01:00 [INF] Request finished HTTP/1.1 OPTIONS http://localhost:5196/api/user/getById/5 - 204 null null 673.9621ms
2025-03-27 12:56:51.229 +01:00 [INF] Request starting HTTP/1.1 GET http://localhost:5196/api/user/getById/5 - null null
2025-03-27 12:56:51.252 +01:00 [INF] Failed to validate the token.
Microsoft.IdentityModel.Tokens.SecurityTokenExpiredException: IDX10223: Lifetime validation failed. The token is expired. ValidTo (UTC): '27/03/2025 9:50:39 AM', Current time (UTC): '27/03/2025 11:56:51 AM'.
   at Microsoft.IdentityModel.Tokens.Validators.ValidateLifetime(Nullable`1 notBefore, Nullable`1 expires, SecurityToken securityToken, TokenValidationParameters validationParameters)
   at Microsoft.IdentityModel.JsonWebTokens.JsonWebTokenHandler.ValidateTokenPayloadAsync(JsonWebToken jsonWebToken, TokenValidationParameters validationParameters, BaseConfiguration configuration)
   at Microsoft.IdentityModel.JsonWebTokens.JsonWebTokenHandler.ValidateJWSAsync(JsonWebToken jsonWebToken, TokenValidationParameters validationParameters, BaseConfiguration configuration)
2025-03-27 12:56:51.278 +01:00 [INF] Bearer was not authenticated. Failure message: IDX10223: Lifetime validation failed. The token is expired. ValidTo (UTC): '27/03/2025 9:50:39 AM', Current time (UTC): '27/03/2025 11:56:51 AM'.
2025-03-27 12:56:51.289 +01:00 [INF] CORS policy execution successful.
2025-03-27 12:56:51.294 +01:00 [INF] Executing endpoint 'Trello.Controller.UserController.GetUserById (Trello)'
2025-03-27 12:56:51.309 +01:00 [INF] Route matched with {action = "GetUserById", controller = "User"}. Executing controller action with signature System.Threading.Tasks.Task`1[Microsoft.AspNetCore.Mvc.IActionResult] GetUserById(Int32) on controller Trello.Controller.UserController (Trello).
2025-03-27 12:56:51.676 +01:00 [INF] Request starting HTTP/1.1 OPTIONS http://localhost:5196/api/auth/login - null null
2025-03-27 12:56:51.737 +01:00 [INF] CORS policy execution successful.
2025-03-27 12:56:51.747 +01:00 [INF] Request finished HTTP/1.1 OPTIONS http://localhost:5196/api/auth/login - 204 null null 71.4401ms
2025-03-27 12:56:51.770 +01:00 [INF] Request starting HTTP/1.1 POST http://localhost:5196/api/auth/login - application/json 41
2025-03-27 12:56:51.785 +01:00 [INF] CORS policy execution successful.
2025-03-27 12:56:51.791 +01:00 [INF] Executing endpoint 'Trello.Controller.AuthController.Login (Trello)'
2025-03-27 12:56:51.811 +01:00 [INF] Route matched with {action = "Login", controller = "Auth"}. Executing controller action with signature System.Threading.Tasks.Task`1[Microsoft.AspNetCore.Mvc.IActionResult] Login(Trello.DTOs.UserLoginDto) on controller Trello.Controller.AuthController (Trello).
2025-03-27 12:56:54.652 +01:00 [INF] Executed DbCommand (206ms) [Parameters=[@__id_0='?' (DbType = Int32)], CommandType='"Text"', CommandTimeout='30']
SELECT u."Id", u."AccessFailedCount", u."ConcurrencyStamp", u."CreatedAt", u."Email", u."EmailConfirmed", u."FirstName", u."LastName", u."LockoutEnabled", u."LockoutEnd", u."NormalizedEmail", u."NormalizedUserName", u."PasswordHash", u."PhoneNumber", u."PhoneNumberConfirmed", u."RefreshToken", u."RefreshTokenExpiry", u."SecurityStamp", u."TwoFactorEnabled", u."UserName"
FROM "Users" AS u
WHERE u."Id" = @__id_0
LIMIT 1
2025-03-27 12:56:54.653 +01:00 [INF] Executed DbCommand (206ms) [Parameters=[@__normalizedUserName_0='?'], CommandType='"Text"', CommandTimeout='30']
SELECT u."Id", u."AccessFailedCount", u."ConcurrencyStamp", u."CreatedAt", u."Email", u."EmailConfirmed", u."FirstName", u."LastName", u."LockoutEnabled", u."LockoutEnd", u."NormalizedEmail", u."NormalizedUserName", u."PasswordHash", u."PhoneNumber", u."PhoneNumberConfirmed", u."RefreshToken", u."RefreshTokenExpiry", u."SecurityStamp", u."TwoFactorEnabled", u."UserName"
FROM "Users" AS u
WHERE u."NormalizedUserName" = @__normalizedUserName_0
LIMIT 1
2025-03-27 12:56:54.653 +01:00 [INF] Executed DbCommand (206ms) [Parameters=[@__id_0='?' (DbType = Int32)], CommandType='"Text"', CommandTimeout='30']
SELECT u."Id", u."AccessFailedCount", u."ConcurrencyStamp", u."CreatedAt", u."Email", u."EmailConfirmed", u."FirstName", u."LastName", u."LockoutEnabled", u."LockoutEnd", u."NormalizedEmail", u."NormalizedUserName", u."PasswordHash", u."PhoneNumber", u."PhoneNumberConfirmed", u."RefreshToken", u."RefreshTokenExpiry", u."SecurityStamp", u."TwoFactorEnabled", u."UserName"
FROM "Users" AS u
WHERE u."Id" = @__id_0
LIMIT 1
2025-03-27 12:56:55.113 +01:00 [INF] Executing OkObjectResult, writing value of type 'Trello.DTOs.UserDto'.
2025-03-27 12:56:55.113 +01:00 [INF] Executing OkObjectResult, writing value of type 'Trello.DTOs.UserDto'.
2025-03-27 12:56:55.184 +01:00 [INF] Executed action Trello.Controller.UserController.GetUserById (Trello) in 3850.3169ms
2025-03-27 12:56:55.184 +01:00 [INF] Executed action Trello.Controller.UserController.GetUserById (Trello) in 8800.8447ms
2025-03-27 12:56:55.200 +01:00 [INF] Executed endpoint 'Trello.Controller.UserController.GetUserById (Trello)'
2025-03-27 12:56:55.197 +01:00 [INF] Executed endpoint 'Trello.Controller.UserController.GetUserById (Trello)'
2025-03-27 12:56:55.227 +01:00 [INF] Request finished HTTP/1.1 GET http://localhost:5196/api/user/getById/5 - 200 null application/json; charset=utf-8 3997.4605ms
2025-03-27 12:56:55.227 +01:00 [INF] Request finished HTTP/1.1 GET http://localhost:5196/api/user/getById/5 - 499 null application/json; charset=utf-8 10478.0207ms
2025-03-27 12:56:55.386 +01:00 [INF] Executing OkObjectResult, writing value of type 'FluentResults.Result`1[[Trello.DTOs.AuthResponseDto, Trello, Version=1.0.0.0, Culture=neutral, PublicKeyToken=null]]'.
2025-03-27 12:56:55.441 +01:00 [INF] Executed action Trello.Controller.AuthController.Login (Trello) in 3613.1116ms
2025-03-27 12:56:55.451 +01:00 [INF] Executed endpoint 'Trello.Controller.AuthController.Login (Trello)'
2025-03-27 12:56:55.535 +01:00 [INF] Request finished HTTP/1.1 POST http://localhost:5196/api/auth/login - 200 null application/json; charset=utf-8 3765.6048ms
2025-03-27 12:56:57.354 +01:00 [INF] Request starting HTTP/1.1 OPTIONS http://localhost:5196/api/user/getById/5 - null null
2025-03-27 12:56:57.504 +01:00 [INF] CORS policy execution successful.
2025-03-27 12:56:57.510 +01:00 [INF] Request finished HTTP/1.1 OPTIONS http://localhost:5196/api/user/getById/5 - 204 null null 156.0078ms
2025-03-27 12:56:57.538 +01:00 [INF] Request starting HTTP/1.1 GET http://localhost:5196/api/user/getById/5 - null null
2025-03-27 12:56:57.563 +01:00 [INF] Failed to validate the token.
Microsoft.IdentityModel.Tokens.SecurityTokenInvalidAudienceException: IDX10208: Unable to validate audience. validationParameters.ValidAudience is null or whitespace and validationParameters.ValidAudiences is null.
   at Microsoft.IdentityModel.Tokens.Validators.ValidateAudience(IEnumerable`1 audiences, SecurityToken securityToken, TokenValidationParameters validationParameters)
   at Microsoft.IdentityModel.JsonWebTokens.JsonWebTokenHandler.ValidateTokenPayloadAsync(JsonWebToken jsonWebToken, TokenValidationParameters validationParameters, BaseConfiguration configuration)
   at Microsoft.IdentityModel.JsonWebTokens.JsonWebTokenHandler.ValidateJWSAsync(JsonWebToken jsonWebToken, TokenValidationParameters validationParameters, BaseConfiguration configuration)
2025-03-27 12:56:57.587 +01:00 [INF] Bearer was not authenticated. Failure message: IDX10208: Unable to validate audience. validationParameters.ValidAudience is null or whitespace and validationParameters.ValidAudiences is null.
2025-03-27 12:56:57.595 +01:00 [INF] CORS policy execution successful.
2025-03-27 12:56:57.602 +01:00 [INF] Executing endpoint 'Trello.Controller.UserController.GetUserById (Trello)'
2025-03-27 12:56:57.623 +01:00 [INF] Route matched with {action = "GetUserById", controller = "User"}. Executing controller action with signature System.Threading.Tasks.Task`1[Microsoft.AspNetCore.Mvc.IActionResult] GetUserById(Int32) on controller Trello.Controller.UserController (Trello).
2025-03-27 12:56:57.798 +01:00 [INF] Executed DbCommand (11ms) [Parameters=[@__id_0='?' (DbType = Int32)], CommandType='"Text"', CommandTimeout='30']
SELECT u."Id", u."AccessFailedCount", u."ConcurrencyStamp", u."CreatedAt", u."Email", u."EmailConfirmed", u."FirstName", u."LastName", u."LockoutEnabled", u."LockoutEnd", u."NormalizedEmail", u."NormalizedUserName", u."PasswordHash", u."PhoneNumber", u."PhoneNumberConfirmed", u."RefreshToken", u."RefreshTokenExpiry", u."SecurityStamp", u."TwoFactorEnabled", u."UserName"
FROM "Users" AS u
WHERE u."Id" = @__id_0
LIMIT 1
2025-03-27 12:56:57.814 +01:00 [INF] Executing OkObjectResult, writing value of type 'Trello.DTOs.UserDto'.
2025-03-27 12:56:57.820 +01:00 [INF] Executed action Trello.Controller.UserController.GetUserById (Trello) in 157.4373ms
2025-03-27 12:56:57.832 +01:00 [INF] Executed endpoint 'Trello.Controller.UserController.GetUserById (Trello)'
2025-03-27 12:56:57.839 +01:00 [INF] Request finished HTTP/1.1 GET http://localhost:5196/api/user/getById/5 - 200 null application/json; charset=utf-8 301.5961ms
2025-03-27 12:56:57.874 +01:00 [INF] Request starting HTTP/1.1 GET http://localhost:5196/api/projects/getUserProjects/5 - null null
2025-03-27 12:56:57.888 +01:00 [INF] CORS policy execution successful.
2025-03-27 12:56:57.893 +01:00 [INF] Executing endpoint 'Trello.Controller.ProjectController.GetUserProjects (Trello)'
2025-03-27 12:56:57.908 +01:00 [INF] Route matched with {action = "GetUserProjects", controller = "Project"}. Executing controller action with signature System.Threading.Tasks.Task`1[Microsoft.AspNetCore.Mvc.IActionResult] GetUserProjects(Int32) on controller Trello.Controller.ProjectController (Trello).
2025-03-27 12:56:58.147 +01:00 [INF] Executed DbCommand (11ms) [Parameters=[@__userId_0='?' (DbType = Int32)], CommandType='"Text"', CommandTimeout='30']
SELECT p."Id", p."Name", p."OwnerId"
FROM "Projects" AS p
WHERE EXISTS (
    SELECT 1
    FROM "UserProject" AS u
    WHERE p."Id" = u."ProjectId" AND u."UserId" = @__userId_0) OR p."OwnerId" = @__userId_0
2025-03-27 12:56:58.204 +01:00 [INF] Executing OkObjectResult, writing value of type 'System.Collections.Generic.List`1[[Trello.DTOs.ProjectDto, Trello, Version=1.0.0.0, Culture=neutral, PublicKeyToken=null]]'.
2025-03-27 12:56:58.221 +01:00 [INF] Executed action Trello.Controller.ProjectController.GetUserProjects (Trello) in 298.215ms
2025-03-27 12:56:58.234 +01:00 [INF] Executed endpoint 'Trello.Controller.ProjectController.GetUserProjects (Trello)'
2025-03-27 12:56:58.243 +01:00 [INF] Request finished HTTP/1.1 GET http://localhost:5196/api/projects/getUserProjects/5 - 200 null application/json; charset=utf-8 368.1399ms
2025-03-27 13:44:08.927 +01:00 [INF] Request starting HTTP/1.1 OPTIONS http://localhost:5196/api/user/getById/5 - null null
2025-03-27 13:44:08.974 +01:00 [INF] CORS policy execution successful.
2025-03-27 13:44:08.987 +01:00 [INF] Request finished HTTP/1.1 OPTIONS http://localhost:5196/api/user/getById/5 - 204 null null 64.6623ms
2025-03-27 13:44:09.008 +01:00 [INF] Request starting HTTP/1.1 GET http://localhost:5196/api/user/getById/5 - null null
2025-03-27 13:44:09.031 +01:00 [INF] Failed to validate the token.
Microsoft.IdentityModel.Tokens.SecurityTokenExpiredException: IDX10223: Lifetime validation failed. The token is expired. ValidTo (UTC): '27/03/2025 12:11:55 PM', Current time (UTC): '27/03/2025 12:44:09 PM'.
   at Microsoft.IdentityModel.Tokens.Validators.ValidateLifetime(Nullable`1 notBefore, Nullable`1 expires, SecurityToken securityToken, TokenValidationParameters validationParameters)
   at Microsoft.IdentityModel.JsonWebTokens.JsonWebTokenHandler.ValidateTokenPayloadAsync(JsonWebToken jsonWebToken, TokenValidationParameters validationParameters, BaseConfiguration configuration)
   at Microsoft.IdentityModel.JsonWebTokens.JsonWebTokenHandler.ValidateJWSAsync(JsonWebToken jsonWebToken, TokenValidationParameters validationParameters, BaseConfiguration configuration)
2025-03-27 13:44:09.061 +01:00 [INF] Bearer was not authenticated. Failure message: IDX10223: Lifetime validation failed. The token is expired. ValidTo (UTC): '27/03/2025 12:11:55 PM', Current time (UTC): '27/03/2025 12:44:09 PM'.
2025-03-27 13:44:09.070 +01:00 [INF] CORS policy execution successful.
2025-03-27 13:44:09.075 +01:00 [INF] Executing endpoint 'Trello.Controller.UserController.GetUserById (Trello)'
2025-03-27 13:44:09.082 +01:00 [INF] Route matched with {action = "GetUserById", controller = "User"}. Executing controller action with signature System.Threading.Tasks.Task`1[Microsoft.AspNetCore.Mvc.IActionResult] GetUserById(Int32) on controller Trello.Controller.UserController (Trello).
2025-03-27 13:44:09.257 +01:00 [INF] Executed DbCommand (20ms) [Parameters=[@__id_0='?' (DbType = Int32)], CommandType='"Text"', CommandTimeout='30']
SELECT u."Id", u."AccessFailedCount", u."ConcurrencyStamp", u."CreatedAt", u."Email", u."EmailConfirmed", u."FirstName", u."LastName", u."LockoutEnabled", u."LockoutEnd", u."NormalizedEmail", u."NormalizedUserName", u."PasswordHash", u."PhoneNumber", u."PhoneNumberConfirmed", u."RefreshToken", u."RefreshTokenExpiry", u."SecurityStamp", u."TwoFactorEnabled", u."UserName"
FROM "Users" AS u
WHERE u."Id" = @__id_0
LIMIT 1
2025-03-27 13:44:09.280 +01:00 [INF] Executing OkObjectResult, writing value of type 'Trello.DTOs.UserDto'.
2025-03-27 13:44:09.291 +01:00 [INF] Executed action Trello.Controller.UserController.GetUserById (Trello) in 199.2014ms
2025-03-27 13:44:09.300 +01:00 [INF] Executed endpoint 'Trello.Controller.UserController.GetUserById (Trello)'
2025-03-27 13:44:09.308 +01:00 [INF] Request finished HTTP/1.1 GET http://localhost:5196/api/user/getById/5 - 200 null application/json; charset=utf-8 300.5472ms
2025-03-27 13:44:09.329 +01:00 [INF] Request starting HTTP/1.1 GET http://localhost:5196/api/projects/getUserProjects/5 - null null
2025-03-27 13:44:09.345 +01:00 [INF] CORS policy execution successful.
2025-03-27 13:44:09.351 +01:00 [INF] Executing endpoint 'Trello.Controller.ProjectController.GetUserProjects (Trello)'
2025-03-27 13:44:09.357 +01:00 [INF] Route matched with {action = "GetUserProjects", controller = "Project"}. Executing controller action with signature System.Threading.Tasks.Task`1[Microsoft.AspNetCore.Mvc.IActionResult] GetUserProjects(Int32) on controller Trello.Controller.ProjectController (Trello).
2025-03-27 13:44:09.387 +01:00 [INF] Executed DbCommand (11ms) [Parameters=[@__userId_0='?' (DbType = Int32)], CommandType='"Text"', CommandTimeout='30']
SELECT p."Id", p."Name", p."OwnerId"
FROM "Projects" AS p
WHERE EXISTS (
    SELECT 1
    FROM "UserProject" AS u
    WHERE p."Id" = u."ProjectId" AND u."UserId" = @__userId_0) OR p."OwnerId" = @__userId_0
2025-03-27 13:44:09.404 +01:00 [INF] Executing OkObjectResult, writing value of type 'System.Collections.Generic.List`1[[Trello.DTOs.ProjectDto, Trello, Version=1.0.0.0, Culture=neutral, PublicKeyToken=null]]'.
2025-03-27 13:44:09.418 +01:00 [INF] Executed action Trello.Controller.ProjectController.GetUserProjects (Trello) in 46.9418ms
2025-03-27 13:44:09.427 +01:00 [INF] Executed endpoint 'Trello.Controller.ProjectController.GetUserProjects (Trello)'
2025-03-27 13:44:09.433 +01:00 [INF] Request finished HTTP/1.1 GET http://localhost:5196/api/projects/getUserProjects/5 - 200 null application/json; charset=utf-8 104.2313ms
2025-03-27 13:50:52.615 +01:00 [INF] Request starting HTTP/1.1 OPTIONS http://localhost:5196/api/user/getById/5 - null null
2025-03-27 13:50:52.648 +01:00 [INF] CORS policy execution successful.
2025-03-27 13:50:52.653 +01:00 [INF] Request finished HTTP/1.1 OPTIONS http://localhost:5196/api/user/getById/5 - 204 null null 37.3507ms
2025-03-27 13:50:52.671 +01:00 [INF] Request starting HTTP/1.1 GET http://localhost:5196/api/user/getById/5 - null null
2025-03-27 13:50:52.695 +01:00 [INF] Failed to validate the token.
Microsoft.IdentityModel.Tokens.SecurityTokenExpiredException: IDX10223: Lifetime validation failed. The token is expired. ValidTo (UTC): '27/03/2025 12:11:55 PM', Current time (UTC): '27/03/2025 12:50:52 PM'.
   at Microsoft.IdentityModel.Tokens.Validators.ValidateLifetime(Nullable`1 notBefore, Nullable`1 expires, SecurityToken securityToken, TokenValidationParameters validationParameters)
   at Microsoft.IdentityModel.JsonWebTokens.JsonWebTokenHandler.ValidateTokenPayloadAsync(JsonWebToken jsonWebToken, TokenValidationParameters validationParameters, BaseConfiguration configuration)
   at Microsoft.IdentityModel.JsonWebTokens.JsonWebTokenHandler.ValidateJWSAsync(JsonWebToken jsonWebToken, TokenValidationParameters validationParameters, BaseConfiguration configuration)
2025-03-27 13:50:52.727 +01:00 [INF] Bearer was not authenticated. Failure message: IDX10223: Lifetime validation failed. The token is expired. ValidTo (UTC): '27/03/2025 12:11:55 PM', Current time (UTC): '27/03/2025 12:50:52 PM'.
2025-03-27 13:50:52.744 +01:00 [INF] CORS policy execution successful.
2025-03-27 13:50:52.754 +01:00 [INF] Executing endpoint 'Trello.Controller.UserController.GetUserById (Trello)'
2025-03-27 13:50:52.763 +01:00 [INF] Route matched with {action = "GetUserById", controller = "User"}. Executing controller action with signature System.Threading.Tasks.Task`1[Microsoft.AspNetCore.Mvc.IActionResult] GetUserById(Int32) on controller Trello.Controller.UserController (Trello).
2025-03-27 13:50:52.895 +01:00 [INF] Executed DbCommand (5ms) [Parameters=[@__id_0='?' (DbType = Int32)], CommandType='"Text"', CommandTimeout='30']
SELECT u."Id", u."AccessFailedCount", u."ConcurrencyStamp", u."CreatedAt", u."Email", u."EmailConfirmed", u."FirstName", u."LastName", u."LockoutEnabled", u."LockoutEnd", u."NormalizedEmail", u."NormalizedUserName", u."PasswordHash", u."PhoneNumber", u."PhoneNumberConfirmed", u."RefreshToken", u."RefreshTokenExpiry", u."SecurityStamp", u."TwoFactorEnabled", u."UserName"
FROM "Users" AS u
WHERE u."Id" = @__id_0
LIMIT 1
2025-03-27 13:50:52.918 +01:00 [INF] Executing OkObjectResult, writing value of type 'Trello.DTOs.UserDto'.
2025-03-27 13:50:52.933 +01:00 [INF] Executed action Trello.Controller.UserController.GetUserById (Trello) in 155.8653ms
2025-03-27 13:50:53.028 +01:00 [INF] Executed endpoint 'Trello.Controller.UserController.GetUserById (Trello)'
2025-03-27 13:50:53.040 +01:00 [INF] Request finished HTTP/1.1 GET http://localhost:5196/api/user/getById/5 - 200 null application/json; charset=utf-8 368.9743ms
2025-03-27 13:50:53.063 +01:00 [INF] Request starting HTTP/1.1 GET http://localhost:5196/api/projects/getUserProjects/5 - null null
2025-03-27 13:50:53.091 +01:00 [INF] CORS policy execution successful.
2025-03-27 13:50:53.097 +01:00 [INF] Executing endpoint 'Trello.Controller.ProjectController.GetUserProjects (Trello)'
2025-03-27 13:50:53.108 +01:00 [INF] Route matched with {action = "GetUserProjects", controller = "Project"}. Executing controller action with signature System.Threading.Tasks.Task`1[Microsoft.AspNetCore.Mvc.IActionResult] GetUserProjects(Int32) on controller Trello.Controller.ProjectController (Trello).
2025-03-27 13:50:53.142 +01:00 [INF] Executed DbCommand (12ms) [Parameters=[@__userId_0='?' (DbType = Int32)], CommandType='"Text"', CommandTimeout='30']
SELECT p."Id", p."Name", p."OwnerId"
FROM "Projects" AS p
WHERE EXISTS (
    SELECT 1
    FROM "UserProject" AS u
    WHERE p."Id" = u."ProjectId" AND u."UserId" = @__userId_0) OR p."OwnerId" = @__userId_0
2025-03-27 13:50:53.170 +01:00 [INF] Executing OkObjectResult, writing value of type 'System.Collections.Generic.List`1[[Trello.DTOs.ProjectDto, Trello, Version=1.0.0.0, Culture=neutral, PublicKeyToken=null]]'.
2025-03-27 13:50:53.193 +01:00 [INF] Executed action Trello.Controller.ProjectController.GetUserProjects (Trello) in 70.4298ms
2025-03-27 13:50:53.203 +01:00 [INF] Executed endpoint 'Trello.Controller.ProjectController.GetUserProjects (Trello)'
2025-03-27 13:50:53.212 +01:00 [INF] Request finished HTTP/1.1 GET http://localhost:5196/api/projects/getUserProjects/5 - 200 null application/json; charset=utf-8 148.9765ms
2025-03-27 13:55:24.746 +01:00 [INF] Request starting HTTP/1.1 OPTIONS http://localhost:5196/api/user/getById/5 - null null
2025-03-27 13:55:24.774 +01:00 [INF] CORS policy execution successful.
2025-03-27 13:55:24.780 +01:00 [INF] Request finished HTTP/1.1 OPTIONS http://localhost:5196/api/user/getById/5 - 204 null null 33.9636ms
2025-03-27 13:55:24.810 +01:00 [INF] Request starting HTTP/1.1 GET http://localhost:5196/api/user/getById/5 - null null
2025-03-27 13:55:24.826 +01:00 [INF] Failed to validate the token.
Microsoft.IdentityModel.Tokens.SecurityTokenExpiredException: IDX10223: Lifetime validation failed. The token is expired. ValidTo (UTC): '27/03/2025 12:11:55 PM', Current time (UTC): '27/03/2025 12:55:24 PM'.
   at Microsoft.IdentityModel.Tokens.Validators.ValidateLifetime(Nullable`1 notBefore, Nullable`1 expires, SecurityToken securityToken, TokenValidationParameters validationParameters)
   at Microsoft.IdentityModel.JsonWebTokens.JsonWebTokenHandler.ValidateTokenPayloadAsync(JsonWebToken jsonWebToken, TokenValidationParameters validationParameters, BaseConfiguration configuration)
   at Microsoft.IdentityModel.JsonWebTokens.JsonWebTokenHandler.ValidateJWSAsync(JsonWebToken jsonWebToken, TokenValidationParameters validationParameters, BaseConfiguration configuration)
2025-03-27 13:55:24.846 +01:00 [INF] Bearer was not authenticated. Failure message: IDX10223: Lifetime validation failed. The token is expired. ValidTo (UTC): '27/03/2025 12:11:55 PM', Current time (UTC): '27/03/2025 12:55:24 PM'.
2025-03-27 13:55:24.860 +01:00 [INF] CORS policy execution successful.
2025-03-27 13:55:24.874 +01:00 [INF] Executing endpoint 'Trello.Controller.UserController.GetUserById (Trello)'
2025-03-27 13:55:24.886 +01:00 [INF] Route matched with {action = "GetUserById", controller = "User"}. Executing controller action with signature System.Threading.Tasks.Task`1[Microsoft.AspNetCore.Mvc.IActionResult] GetUserById(Int32) on controller Trello.Controller.UserController (Trello).
2025-03-27 13:55:24.908 +01:00 [INF] Executed DbCommand (3ms) [Parameters=[@__id_0='?' (DbType = Int32)], CommandType='"Text"', CommandTimeout='30']
SELECT u."Id", u."AccessFailedCount", u."ConcurrencyStamp", u."CreatedAt", u."Email", u."EmailConfirmed", u."FirstName", u."LastName", u."LockoutEnabled", u."LockoutEnd", u."NormalizedEmail", u."NormalizedUserName", u."PasswordHash", u."PhoneNumber", u."PhoneNumberConfirmed", u."RefreshToken", u."RefreshTokenExpiry", u."SecurityStamp", u."TwoFactorEnabled", u."UserName"
FROM "Users" AS u
WHERE u."Id" = @__id_0
LIMIT 1
2025-03-27 13:55:24.933 +01:00 [INF] Executing OkObjectResult, writing value of type 'Trello.DTOs.UserDto'.
2025-03-27 13:55:24.941 +01:00 [INF] Executed action Trello.Controller.UserController.GetUserById (Trello) in 38.2126ms
2025-03-27 13:55:24.955 +01:00 [INF] Executed endpoint 'Trello.Controller.UserController.GetUserById (Trello)'
2025-03-27 13:55:24.965 +01:00 [INF] Request finished HTTP/1.1 GET http://localhost:5196/api/user/getById/5 - 200 null application/json; charset=utf-8 154.9522ms
2025-03-27 13:55:24.995 +01:00 [INF] Request starting HTTP/1.1 GET http://localhost:5196/api/projects/getUserProjects/5 - null null
2025-03-27 13:55:25.022 +01:00 [INF] CORS policy execution successful.
2025-03-27 13:55:25.028 +01:00 [INF] Executing endpoint 'Trello.Controller.ProjectController.GetUserProjects (Trello)'
2025-03-27 13:55:25.039 +01:00 [INF] Route matched with {action = "GetUserProjects", controller = "Project"}. Executing controller action with signature System.Threading.Tasks.Task`1[Microsoft.AspNetCore.Mvc.IActionResult] GetUserProjects(Int32) on controller Trello.Controller.ProjectController (Trello).
2025-03-27 13:55:25.108 +01:00 [INF] Executed DbCommand (5ms) [Parameters=[@__userId_0='?' (DbType = Int32)], CommandType='"Text"', CommandTimeout='30']
SELECT p."Id", p."Name", p."OwnerId"
FROM "Projects" AS p
WHERE EXISTS (
    SELECT 1
    FROM "UserProject" AS u
    WHERE p."Id" = u."ProjectId" AND u."UserId" = @__userId_0) OR p."OwnerId" = @__userId_0
2025-03-27 13:55:25.191 +01:00 [INF] Executing OkObjectResult, writing value of type 'System.Collections.Generic.List`1[[Trello.DTOs.ProjectDto, Trello, Version=1.0.0.0, Culture=neutral, PublicKeyToken=null]]'.
2025-03-27 13:55:25.244 +01:00 [INF] Executed action Trello.Controller.ProjectController.GetUserProjects (Trello) in 151.7509ms
2025-03-27 13:55:25.286 +01:00 [INF] Executed endpoint 'Trello.Controller.ProjectController.GetUserProjects (Trello)'
2025-03-27 13:55:25.295 +01:00 [INF] Request finished HTTP/1.1 GET http://localhost:5196/api/projects/getUserProjects/5 - 200 null application/json; charset=utf-8 299.2115ms
2025-03-27 14:02:53.521 +01:00 [INF] Request starting HTTP/1.1 OPTIONS http://localhost:5196/api/user/getById/5 - null null
2025-03-27 14:02:53.526 +01:00 [INF] Request starting HTTP/1.1 OPTIONS http://localhost:5196/api/user/getById/5 - null null
2025-03-27 14:02:53.557 +01:00 [INF] CORS policy execution successful.
2025-03-27 14:02:53.564 +01:00 [INF] CORS policy execution successful.
2025-03-27 14:02:53.575 +01:00 [INF] Request finished HTTP/1.1 OPTIONS http://localhost:5196/api/user/getById/5 - 204 null null 55.8826ms
2025-03-27 14:02:53.578 +01:00 [INF] Request finished HTTP/1.1 OPTIONS http://localhost:5196/api/user/getById/5 - 204 null null 52.917ms
2025-03-27 14:02:53.622 +01:00 [INF] Request starting HTTP/1.1 GET http://localhost:5196/api/user/getById/5 - null null
2025-03-27 14:02:53.642 +01:00 [INF] Failed to validate the token.
Microsoft.IdentityModel.Tokens.SecurityTokenExpiredException: IDX10223: Lifetime validation failed. The token is expired. ValidTo (UTC): '27/03/2025 12:11:55 PM', Current time (UTC): '27/03/2025 1:02:53 PM'.
   at Microsoft.IdentityModel.Tokens.Validators.ValidateLifetime(Nullable`1 notBefore, Nullable`1 expires, SecurityToken securityToken, TokenValidationParameters validationParameters)
   at Microsoft.IdentityModel.JsonWebTokens.JsonWebTokenHandler.ValidateTokenPayloadAsync(JsonWebToken jsonWebToken, TokenValidationParameters validationParameters, BaseConfiguration configuration)
   at Microsoft.IdentityModel.JsonWebTokens.JsonWebTokenHandler.ValidateJWSAsync(JsonWebToken jsonWebToken, TokenValidationParameters validationParameters, BaseConfiguration configuration)
2025-03-27 14:02:53.671 +01:00 [INF] Bearer was not authenticated. Failure message: IDX10223: Lifetime validation failed. The token is expired. ValidTo (UTC): '27/03/2025 12:11:55 PM', Current time (UTC): '27/03/2025 1:02:53 PM'.
2025-03-27 14:02:53.681 +01:00 [INF] CORS policy execution successful.
2025-03-27 14:02:53.686 +01:00 [INF] Executing endpoint 'Trello.Controller.UserController.GetUserById (Trello)'
2025-03-27 14:02:53.694 +01:00 [INF] Route matched with {action = "GetUserById", controller = "User"}. Executing controller action with signature System.Threading.Tasks.Task`1[Microsoft.AspNetCore.Mvc.IActionResult] GetUserById(Int32) on controller Trello.Controller.UserController (Trello).
2025-03-27 14:02:53.854 +01:00 [INF] Executed DbCommand (23ms) [Parameters=[@__id_0='?' (DbType = Int32)], CommandType='"Text"', CommandTimeout='30']
SELECT u."Id", u."AccessFailedCount", u."ConcurrencyStamp", u."CreatedAt", u."Email", u."EmailConfirmed", u."FirstName", u."LastName", u."LockoutEnabled", u."LockoutEnd", u."NormalizedEmail", u."NormalizedUserName", u."PasswordHash", u."PhoneNumber", u."PhoneNumberConfirmed", u."RefreshToken", u."RefreshTokenExpiry", u."SecurityStamp", u."TwoFactorEnabled", u."UserName"
FROM "Users" AS u
WHERE u."Id" = @__id_0
LIMIT 1
2025-03-27 14:02:53.888 +01:00 [INF] Executing OkObjectResult, writing value of type 'Trello.DTOs.UserDto'.
2025-03-27 14:02:53.897 +01:00 [INF] Executed action Trello.Controller.UserController.GetUserById (Trello) in 188.5237ms
2025-03-27 14:02:53.902 +01:00 [INF] Request starting HTTP/1.1 GET http://localhost:5196/api/user/getById/5 - null null
2025-03-27 14:02:53.917 +01:00 [INF] Executed endpoint 'Trello.Controller.UserController.GetUserById (Trello)'
2025-03-27 14:02:53.927 +01:00 [INF] Failed to validate the token.
Microsoft.IdentityModel.Tokens.SecurityTokenExpiredException: IDX10223: Lifetime validation failed. The token is expired. ValidTo (UTC): '27/03/2025 12:11:55 PM', Current time (UTC): '27/03/2025 1:02:53 PM'.
   at Microsoft.IdentityModel.Tokens.Validators.ValidateLifetime(Nullable`1 notBefore, Nullable`1 expires, SecurityToken securityToken, TokenValidationParameters validationParameters)
   at Microsoft.IdentityModel.JsonWebTokens.JsonWebTokenHandler.ValidateTokenPayloadAsync(JsonWebToken jsonWebToken, TokenValidationParameters validationParameters, BaseConfiguration configuration)
   at Microsoft.IdentityModel.JsonWebTokens.JsonWebTokenHandler.ValidateJWSAsync(JsonWebToken jsonWebToken, TokenValidationParameters validationParameters, BaseConfiguration configuration)
2025-03-27 14:02:53.959 +01:00 [INF] Bearer was not authenticated. Failure message: IDX10223: Lifetime validation failed. The token is expired. ValidTo (UTC): '27/03/2025 12:11:55 PM', Current time (UTC): '27/03/2025 1:02:53 PM'.
2025-03-27 14:02:53.946 +01:00 [INF] Request finished HTTP/1.1 GET http://localhost:5196/api/user/getById/5 - 200 null application/json; charset=utf-8 323.1961ms
2025-03-27 14:02:53.980 +01:00 [INF] CORS policy execution successful.
2025-03-27 14:02:53.990 +01:00 [INF] Request starting HTTP/1.1 GET http://localhost:5196/api/projects/getUserProjects/5 - null null
2025-03-27 14:02:54.002 +01:00 [INF] Executing endpoint 'Trello.Controller.UserController.GetUserById (Trello)'
2025-03-27 14:02:54.009 +01:00 [INF] CORS policy execution successful.
2025-03-27 14:02:54.019 +01:00 [INF] Route matched with {action = "GetUserById", controller = "User"}. Executing controller action with signature System.Threading.Tasks.Task`1[Microsoft.AspNetCore.Mvc.IActionResult] GetUserById(Int32) on controller Trello.Controller.UserController (Trello).
2025-03-27 14:02:54.022 +01:00 [INF] Executing endpoint 'Trello.Controller.ProjectController.GetUserProjects (Trello)'
2025-03-27 14:02:54.047 +01:00 [INF] Route matched with {action = "GetUserProjects", controller = "Project"}. Executing controller action with signature System.Threading.Tasks.Task`1[Microsoft.AspNetCore.Mvc.IActionResult] GetUserProjects(Int32) on controller Trello.Controller.ProjectController (Trello).
2025-03-27 14:02:54.050 +01:00 [INF] Executed DbCommand (5ms) [Parameters=[@__id_0='?' (DbType = Int32)], CommandType='"Text"', CommandTimeout='30']
SELECT u."Id", u."AccessFailedCount", u."ConcurrencyStamp", u."CreatedAt", u."Email", u."EmailConfirmed", u."FirstName", u."LastName", u."LockoutEnabled", u."LockoutEnd", u."NormalizedEmail", u."NormalizedUserName", u."PasswordHash", u."PhoneNumber", u."PhoneNumberConfirmed", u."RefreshToken", u."RefreshTokenExpiry", u."SecurityStamp", u."TwoFactorEnabled", u."UserName"
FROM "Users" AS u
WHERE u."Id" = @__id_0
LIMIT 1
2025-03-27 14:02:54.121 +01:00 [INF] Executing OkObjectResult, writing value of type 'Trello.DTOs.UserDto'.
2025-03-27 14:02:54.131 +01:00 [INF] Executed action Trello.Controller.UserController.GetUserById (Trello) in 88.947ms
2025-03-27 14:02:54.139 +01:00 [INF] Executed endpoint 'Trello.Controller.UserController.GetUserById (Trello)'
2025-03-27 14:02:54.146 +01:00 [INF] Request finished HTTP/1.1 GET http://localhost:5196/api/user/getById/5 - 200 null application/json; charset=utf-8 243.7814ms
2025-03-27 14:02:54.226 +01:00 [INF] Executed DbCommand (9ms) [Parameters=[@__userId_0='?' (DbType = Int32)], CommandType='"Text"', CommandTimeout='30']
SELECT p."Id", p."Name", p."OwnerId"
FROM "Projects" AS p
WHERE EXISTS (
    SELECT 1
    FROM "UserProject" AS u
    WHERE p."Id" = u."ProjectId" AND u."UserId" = @__userId_0) OR p."OwnerId" = @__userId_0
2025-03-27 14:02:54.247 +01:00 [INF] Executing OkObjectResult, writing value of type 'System.Collections.Generic.List`1[[Trello.DTOs.ProjectDto, Trello, Version=1.0.0.0, Culture=neutral, PublicKeyToken=null]]'.
2025-03-27 14:02:54.256 +01:00 [INF] Executed action Trello.Controller.ProjectController.GetUserProjects (Trello) in 170.4761ms
2025-03-27 14:02:54.265 +01:00 [INF] Executed endpoint 'Trello.Controller.ProjectController.GetUserProjects (Trello)'
2025-03-27 14:02:54.273 +01:00 [INF] Request finished HTTP/1.1 GET http://localhost:5196/api/projects/getUserProjects/5 - 200 null application/json; charset=utf-8 283.4372ms
2025-03-27 15:42:32.696 +01:00 [INF] User profile is available. Using 'C:\Users\User\AppData\Local\ASP.NET\DataProtection-Keys' as key repository and Windows DPAPI to encrypt keys at rest.
2025-03-27 15:42:33.034 +01:00 [INF] Now listening on: http://localhost:5196
2025-03-27 15:42:33.041 +01:00 [INF] Application started. Press Ctrl+C to shut down.
2025-03-27 15:42:33.044 +01:00 [INF] Hosting environment: Development
2025-03-27 15:42:33.047 +01:00 [INF] Content root path: C:\Users\User\Desktop\Trello
2025-03-27 15:42:34.834 +01:00 [INF] Request starting HTTP/1.1 GET http://localhost:5196// - null null
2025-03-27 15:42:34.929 +01:00 [WRN] Failed to determine the https port for redirect.
2025-03-27 15:42:35.437 +01:00 [INF] Request finished HTTP/1.1 GET http://localhost:5196// - 404 0 null 625.4543ms
2025-03-27 15:42:35.912 +01:00 [INF] Request reached the end of the middleware pipeline without being handled by application code. Request path: GET http://localhost:5196//, Response status code: 404
