2025-04-03 12:53:17.547 +02:00 [INF] User profile is available. Using 'C:\Users\User\AppData\Local\ASP.NET\DataProtection-Keys' as key repository and Windows DPAPI to encrypt keys at rest.
2025-04-03 12:53:18.109 +02:00 [INF] Now listening on: http://localhost:5196
2025-04-03 12:53:18.117 +02:00 [INF] Application started. Press Ctrl+C to shut down.
2025-04-03 12:53:18.121 +02:00 [INF] Hosting environment: Development
2025-04-03 12:53:18.124 +02:00 [INF] Content root path: C:\Users\User\Desktop\TaskManagment\Trello
2025-04-03 12:53:20.634 +02:00 [INF] Request starting HTTP/1.1 GET http://localhost:5196// - null null
2025-04-03 12:53:20.969 +02:00 [WRN] Failed to determine the https port for redirect.
2025-04-03 12:53:21.616 +02:00 [INF] Request finished HTTP/1.1 GET http://localhost:5196// - 404 0 null 1031.0746ms
2025-04-03 12:53:22.025 +02:00 [INF] Request reached the end of the middleware pipeline without being handled by application code. Request path: GET http://localhost:5196//, Response status code: 404
2025-04-03 12:53:43.579 +02:00 [INF] Request starting HTTP/1.1 OPTIONS http://localhost:5196/api/user/getById/1 - null null
2025-04-03 12:53:43.633 +02:00 [INF] CORS policy execution successful.
2025-04-03 12:53:43.661 +02:00 [INF] Request finished HTTP/1.1 OPTIONS http://localhost:5196/api/user/getById/1 - 204 null null 84.5443ms
2025-04-03 12:53:43.675 +02:00 [INF] Request starting HTTP/1.1 GET http://localhost:5196/api/user/getById/1 - null null
2025-04-03 12:53:43.973 +02:00 [INF] CORS policy execution successful.
2025-04-03 12:53:43.980 +02:00 [INF] Executing endpoint 'Trello.Controller.UserController.GetUserById (Trello)'
2025-04-03 12:53:44.818 +02:00 [INF] Request starting HTTP/1.1 OPTIONS http://localhost:5196/api/auth/login - null null
2025-04-03 12:53:44.854 +02:00 [INF] Route matched with {action = "GetUserById", controller = "User"}. Executing controller action with signature System.Threading.Tasks.Task`1[Microsoft.AspNetCore.Mvc.IActionResult] GetUserById(Int32) on controller Trello.Controller.UserController (Trello).
2025-04-03 12:53:44.985 +02:00 [INF] CORS policy execution successful.
2025-04-03 12:53:44.995 +02:00 [INF] Request finished HTTP/1.1 OPTIONS http://localhost:5196/api/auth/login - 204 null null 177.4843ms
2025-04-03 12:53:45.028 +02:00 [INF] Request starting HTTP/1.1 POST http://localhost:5196/api/auth/login - application/json 41
2025-04-03 12:53:45.183 +02:00 [INF] CORS policy execution successful.
2025-04-03 12:53:45.212 +02:00 [INF] Executing endpoint 'Trello.Controller.AuthController.Login (Trello)'
2025-04-03 12:53:45.228 +02:00 [INF] Route matched with {action = "Login", controller = "Auth"}. Executing controller action with signature System.Threading.Tasks.Task`1[Microsoft.AspNetCore.Mvc.IActionResult] Login(Trello.DTOs.UserLoginDto) on controller Trello.Controller.AuthController (Trello).
2025-04-03 12:53:48.659 +02:00 [INF] Executed DbCommand (95ms) [Parameters=[@__id_0='?' (DbType = Int32)], CommandType='"Text"', CommandTimeout='30']
SELECT u."Id", u."AccessFailedCount", u."ConcurrencyStamp", u."CreatedAt", u."Email", u."EmailConfirmed", u."FirstName", u."LastName", u."LockoutEnabled", u."LockoutEnd", u."NormalizedEmail", u."NormalizedUserName", u."PasswordHash", u."PhoneNumber", u."PhoneNumberConfirmed", u."RefreshToken", u."RefreshTokenExpiry", u."SecurityStamp", u."TwoFactorEnabled", u."UserName"
FROM "Users" AS u
WHERE u."Id" = @__id_0
LIMIT 1
2025-04-03 12:53:48.659 +02:00 [INF] Executed DbCommand (95ms) [Parameters=[@__normalizedUserName_0='?'], CommandType='"Text"', CommandTimeout='30']
SELECT u."Id", u."AccessFailedCount", u."ConcurrencyStamp", u."CreatedAt", u."Email", u."EmailConfirmed", u."FirstName", u."LastName", u."LockoutEnabled", u."LockoutEnd", u."NormalizedEmail", u."NormalizedUserName", u."PasswordHash", u."PhoneNumber", u."PhoneNumberConfirmed", u."RefreshToken", u."RefreshTokenExpiry", u."SecurityStamp", u."TwoFactorEnabled", u."UserName"
FROM "Users" AS u
WHERE u."NormalizedUserName" = @__normalizedUserName_0
LIMIT 1
2025-04-03 12:53:48.969 +02:00 [INF] Executing OkObjectResult, writing value of type 'Trello.DTOs.UserDto'.
2025-04-03 12:53:49.026 +02:00 [INF] Executed action Trello.Controller.UserController.GetUserById (Trello) in 4030.6182ms
2025-04-03 12:53:49.042 +02:00 [INF] Executed endpoint 'Trello.Controller.UserController.GetUserById (Trello)'
2025-04-03 12:53:49.077 +02:00 [INF] Request finished HTTP/1.1 GET http://localhost:5196/api/user/getById/1 - 200 null application/json; charset=utf-8 5401.0806ms
2025-04-03 12:53:49.333 +02:00 [INF] Executed DbCommand (10ms) [Parameters=[@p2='?' (DbType = Int32), @p0='?', @p1='?' (DbType = DateTime)], CommandType='"Text"', CommandTimeout='30']
UPDATE "Users" SET "RefreshToken" = @p0, "RefreshTokenExpiry" = @p1
WHERE "Id" = @p2;
2025-04-03 12:53:49.348 +02:00 [INF] Executing OkObjectResult, writing value of type 'FluentResults.Result`1[[Trello.DTOs.AuthResponseDto, Trello, Version=1.0.0.0, Culture=neutral, PublicKeyToken=null]]'.
2025-04-03 12:53:49.379 +02:00 [INF] Executed action Trello.Controller.AuthController.Login (Trello) in 4133.9655ms
2025-04-03 12:53:49.385 +02:00 [INF] Executed endpoint 'Trello.Controller.AuthController.Login (Trello)'
2025-04-03 12:53:49.392 +02:00 [INF] Request finished HTTP/1.1 POST http://localhost:5196/api/auth/login - 200 null application/json; charset=utf-8 4363.9304ms
2025-04-03 12:53:51.122 +02:00 [INF] Request starting HTTP/1.1 OPTIONS http://localhost:5196/api/user/getById/1 - null null
2025-04-03 12:53:51.206 +02:00 [INF] CORS policy execution successful.
2025-04-03 12:53:51.219 +02:00 [INF] Request finished HTTP/1.1 OPTIONS http://localhost:5196/api/user/getById/1 - 204 null null 97.7409ms
2025-04-03 12:53:51.242 +02:00 [INF] Request starting HTTP/1.1 GET http://localhost:5196/api/user/getById/1 - null null
2025-04-03 12:53:51.258 +02:00 [INF] CORS policy execution successful.
2025-04-03 12:53:51.270 +02:00 [INF] Executing endpoint 'Trello.Controller.UserController.GetUserById (Trello)'
2025-04-03 12:53:51.280 +02:00 [INF] Route matched with {action = "GetUserById", controller = "User"}. Executing controller action with signature System.Threading.Tasks.Task`1[Microsoft.AspNetCore.Mvc.IActionResult] GetUserById(Int32) on controller Trello.Controller.UserController (Trello).
2025-04-03 12:53:51.478 +02:00 [INF] Executed DbCommand (2ms) [Parameters=[@__id_0='?' (DbType = Int32)], CommandType='"Text"', CommandTimeout='30']
SELECT u."Id", u."AccessFailedCount", u."ConcurrencyStamp", u."CreatedAt", u."Email", u."EmailConfirmed", u."FirstName", u."LastName", u."LockoutEnabled", u."LockoutEnd", u."NormalizedEmail", u."NormalizedUserName", u."PasswordHash", u."PhoneNumber", u."PhoneNumberConfirmed", u."RefreshToken", u."RefreshTokenExpiry", u."SecurityStamp", u."TwoFactorEnabled", u."UserName"
FROM "Users" AS u
WHERE u."Id" = @__id_0
LIMIT 1
2025-04-03 12:53:51.494 +02:00 [INF] Executing OkObjectResult, writing value of type 'Trello.DTOs.UserDto'.
2025-04-03 12:53:51.500 +02:00 [INF] Executed action Trello.Controller.UserController.GetUserById (Trello) in 191.1878ms
2025-04-03 12:53:51.512 +02:00 [INF] Executed endpoint 'Trello.Controller.UserController.GetUserById (Trello)'
2025-04-03 12:53:51.521 +02:00 [INF] Request finished HTTP/1.1 GET http://localhost:5196/api/user/getById/1 - 200 null application/json; charset=utf-8 278.1362ms
2025-04-03 12:53:51.541 +02:00 [INF] Request starting HTTP/1.1 GET http://localhost:5196/api/projects/getUserProjects/1 - null null
2025-04-03 12:53:51.553 +02:00 [INF] CORS policy execution successful.
2025-04-03 12:53:51.558 +02:00 [INF] Executing endpoint 'Trello.Controller.ProjectController.GetUserProjects (Trello)'
2025-04-03 12:53:51.645 +02:00 [INF] Route matched with {action = "GetUserProjects", controller = "Project"}. Executing controller action with signature System.Threading.Tasks.Task`1[Microsoft.AspNetCore.Mvc.IActionResult] GetUserProjects(Int32) on controller Trello.Controller.ProjectController (Trello).
2025-04-03 12:53:51.751 +02:00 [INF] Executed DbCommand (9ms) [Parameters=[@__userId_0='?' (DbType = Int32)], CommandType='"Text"', CommandTimeout='30']
SELECT p."Id", p."BoardId", p."Name", p."OwnerId"
FROM "Projects" AS p
WHERE EXISTS (
    SELECT 1
    FROM "UserProject" AS u
    WHERE p."Id" = u."ProjectId" AND u."UserId" = @__userId_0) OR p."OwnerId" = @__userId_0
2025-04-03 12:53:51.779 +02:00 [INF] Executing OkObjectResult, writing value of type 'System.Collections.Generic.List`1[[Trello.DTOs.ProjectDetailsDto, Trello, Version=1.0.0.0, Culture=neutral, PublicKeyToken=null]]'.
2025-04-03 12:53:51.787 +02:00 [INF] Executed action Trello.Controller.ProjectController.GetUserProjects (Trello) in 128.5949ms
2025-04-03 12:53:51.791 +02:00 [INF] Executed endpoint 'Trello.Controller.ProjectController.GetUserProjects (Trello)'
2025-04-03 12:53:51.798 +02:00 [INF] Request finished HTTP/1.1 GET http://localhost:5196/api/projects/getUserProjects/1 - 200 null application/json; charset=utf-8 256.4185ms
2025-04-03 12:53:51.820 +02:00 [INF] Request starting HTTP/1.1 OPTIONS http://localhost:5196/api/boards/getById/1 - null null
2025-04-03 12:53:51.834 +02:00 [INF] CORS policy execution successful.
2025-04-03 12:53:51.840 +02:00 [INF] Request finished HTTP/1.1 OPTIONS http://localhost:5196/api/boards/getById/1 - 204 null null 19.9588ms
2025-04-03 12:53:51.862 +02:00 [INF] Request starting HTTP/1.1 GET http://localhost:5196/api/boards/getById/1 - null null
2025-04-03 12:53:51.871 +02:00 [INF] CORS policy execution successful.
2025-04-03 12:53:51.881 +02:00 [INF] Executing endpoint 'Trello.Controller.BoardController.GetById (Trello)'
2025-04-03 12:53:51.891 +02:00 [INF] Route matched with {action = "GetById", controller = "Board"}. Executing controller action with signature System.Threading.Tasks.Task`1[Microsoft.AspNetCore.Mvc.IActionResult] GetById(Int32) on controller Trello.Controller.BoardController (Trello).
2025-04-03 12:53:52.010 +02:00 [WRN] Compiling a query which loads related collections for more than one collection navigation, either via 'Include' or through projection, but no 'QuerySplittingBehavior' has been configured. By default, Entity Framework will use 'QuerySplittingBehavior.SingleQuery', which can potentially result in slow query performance. See https://go.microsoft.com/fwlink/?linkid=2134277 for more information. To identify the query that's triggering this warning call 'ConfigureWarnings(w => w.Throw(RelationalEventId.MultipleCollectionIncludeWarning))'.
2025-04-03 12:53:52.078 +02:00 [INF] Executed DbCommand (13ms) [Parameters=[@__id_0='?' (DbType = Int32)], CommandType='"Text"', CommandTimeout='30']
SELECT b0."Id", b0."ActiveSprintId", b0."Description", b0."Name", b0."ProjectId", s."Id", s."BoardId", s."Name", s."Id0", s."ColumnId", s."Description", s."DueDate", s."SprintId", s."Title"
FROM (
    SELECT b."Id", b."ActiveSprintId", b."Description", b."Name", b."ProjectId"
    FROM "Boards" AS b
    WHERE b."Id" = @__id_0
    LIMIT 1
) AS b0
LEFT JOIN (
    SELECT c."Id", c."BoardId", c."Name", c0."Id" AS "Id0", c0."ColumnId", c0."Description", c0."DueDate", c0."SprintId", c0."Title"
    FROM "Columns" AS c
    LEFT JOIN "Cards" AS c0 ON c."Id" = c0."ColumnId"
) AS s ON b0."Id" = s."BoardId"
ORDER BY b0."Id", s."Id"
2025-04-03 12:53:52.189 +02:00 [INF] Executing OkObjectResult, writing value of type 'Trello.DTOs.BoardDto'.
2025-04-03 12:53:52.242 +02:00 [INF] Executed action Trello.Controller.BoardController.GetById (Trello) in 339.2365ms
2025-04-03 12:53:52.247 +02:00 [INF] Executed endpoint 'Trello.Controller.BoardController.GetById (Trello)'
2025-04-03 12:53:52.253 +02:00 [INF] Request finished HTTP/1.1 GET http://localhost:5196/api/boards/getById/1 - 200 null application/json; charset=utf-8 390.3251ms
2025-04-03 12:55:37.517 +02:00 [INF] Request starting HTTP/1.1 OPTIONS http://localhost:5196/api/boards/getById/1 - null null
2025-04-03 12:55:37.531 +02:00 [INF] CORS policy execution successful.
2025-04-03 12:55:37.539 +02:00 [INF] Request finished HTTP/1.1 OPTIONS http://localhost:5196/api/boards/getById/1 - 204 null null 23.6758ms
2025-04-03 12:55:37.558 +02:00 [INF] Request starting HTTP/1.1 GET http://localhost:5196/api/boards/getById/1 - null null
2025-04-03 12:55:37.572 +02:00 [INF] CORS policy execution successful.
2025-04-03 12:55:37.582 +02:00 [INF] Executing endpoint 'Trello.Controller.BoardController.GetById (Trello)'
2025-04-03 12:55:37.587 +02:00 [INF] Route matched with {action = "GetById", controller = "Board"}. Executing controller action with signature System.Threading.Tasks.Task`1[Microsoft.AspNetCore.Mvc.IActionResult] GetById(Int32) on controller Trello.Controller.BoardController (Trello).
2025-04-03 12:55:37.638 +02:00 [INF] Executed DbCommand (17ms) [Parameters=[@__id_0='?' (DbType = Int32)], CommandType='"Text"', CommandTimeout='30']
SELECT b0."Id", b0."ActiveSprintId", b0."Description", b0."Name", b0."ProjectId", s."Id", s."BoardId", s."Name", s."Id0", s."ColumnId", s."Description", s."DueDate", s."SprintId", s."Title"
FROM (
    SELECT b."Id", b."ActiveSprintId", b."Description", b."Name", b."ProjectId"
    FROM "Boards" AS b
    WHERE b."Id" = @__id_0
    LIMIT 1
) AS b0
LEFT JOIN (
    SELECT c."Id", c."BoardId", c."Name", c0."Id" AS "Id0", c0."ColumnId", c0."Description", c0."DueDate", c0."SprintId", c0."Title"
    FROM "Columns" AS c
    LEFT JOIN "Cards" AS c0 ON c."Id" = c0."ColumnId"
) AS s ON b0."Id" = s."BoardId"
ORDER BY b0."Id", s."Id"
2025-04-03 12:55:37.674 +02:00 [INF] Executing OkObjectResult, writing value of type 'Trello.DTOs.BoardDto'.
2025-04-03 12:55:37.687 +02:00 [INF] Executed action Trello.Controller.BoardController.GetById (Trello) in 70.9805ms
2025-04-03 12:55:37.718 +02:00 [INF] Executed endpoint 'Trello.Controller.BoardController.GetById (Trello)'
2025-04-03 12:55:37.740 +02:00 [INF] Request finished HTTP/1.1 GET http://localhost:5196/api/boards/getById/1 - 200 null application/json; charset=utf-8 181.1825ms
2025-04-03 12:56:04.432 +02:00 [INF] Request starting HTTP/1.1 OPTIONS http://localhost:5196/api/boards/getById/1 - null null
2025-04-03 12:56:04.455 +02:00 [INF] CORS policy execution successful.
2025-04-03 12:56:04.463 +02:00 [INF] Request finished HTTP/1.1 OPTIONS http://localhost:5196/api/boards/getById/1 - 204 null null 30.1953ms
2025-04-03 12:56:04.495 +02:00 [INF] Request starting HTTP/1.1 GET http://localhost:5196/api/boards/getById/1 - null null
2025-04-03 12:56:04.516 +02:00 [INF] CORS policy execution successful.
2025-04-03 12:56:04.529 +02:00 [INF] Executing endpoint 'Trello.Controller.BoardController.GetById (Trello)'
2025-04-03 12:56:04.550 +02:00 [INF] Route matched with {action = "GetById", controller = "Board"}. Executing controller action with signature System.Threading.Tasks.Task`1[Microsoft.AspNetCore.Mvc.IActionResult] GetById(Int32) on controller Trello.Controller.BoardController (Trello).
2025-04-03 12:56:04.625 +02:00 [INF] Executed DbCommand (16ms) [Parameters=[@__id_0='?' (DbType = Int32)], CommandType='"Text"', CommandTimeout='30']
SELECT b0."Id", b0."ActiveSprintId", b0."Description", b0."Name", b0."ProjectId", s."Id", s."BoardId", s."Name", s."Id0", s."ColumnId", s."Description", s."DueDate", s."SprintId", s."Title"
FROM (
    SELECT b."Id", b."ActiveSprintId", b."Description", b."Name", b."ProjectId"
    FROM "Boards" AS b
    WHERE b."Id" = @__id_0
    LIMIT 1
) AS b0
LEFT JOIN (
    SELECT c."Id", c."BoardId", c."Name", c0."Id" AS "Id0", c0."ColumnId", c0."Description", c0."DueDate", c0."SprintId", c0."Title"
    FROM "Columns" AS c
    LEFT JOIN "Cards" AS c0 ON c."Id" = c0."ColumnId"
) AS s ON b0."Id" = s."BoardId"
ORDER BY b0."Id", s."Id"
2025-04-03 12:56:04.649 +02:00 [INF] Executing OkObjectResult, writing value of type 'Trello.DTOs.BoardDto'.
2025-04-03 12:56:04.657 +02:00 [INF] Executed action Trello.Controller.BoardController.GetById (Trello) in 68.166ms
2025-04-03 12:56:04.670 +02:00 [INF] Executed endpoint 'Trello.Controller.BoardController.GetById (Trello)'
2025-04-03 12:56:04.682 +02:00 [INF] Request finished HTTP/1.1 GET http://localhost:5196/api/boards/getById/1 - 200 null application/json; charset=utf-8 186.9159ms
2025-04-03 12:56:50.054 +02:00 [INF] Request starting HTTP/1.1 OPTIONS http://localhost:5196/api/card/move - null null
2025-04-03 12:56:50.656 +02:00 [INF] CORS policy execution successful.
2025-04-03 12:56:50.704 +02:00 [INF] Request finished HTTP/1.1 OPTIONS http://localhost:5196/api/card/move - 204 null null 650.0978ms
2025-04-03 12:56:50.715 +02:00 [INF] Request starting HTTP/1.1 PUT http://localhost:5196/api/card/move - application/json 25
2025-04-03 12:56:51.826 +02:00 [INF] Failed to validate the token.
Microsoft.IdentityModel.Tokens.SecurityTokenMalformedException: IDX14100: JWT is not well formed, there are no dots (.).
The token needs to be in JWS or JWE Compact Serialization Format. (JWS): 'EncodedHeader.EndcodedPayload.EncodedSignature'. (JWE): 'EncodedProtectedHeader.EncodedEncryptedKey.EncodedInitializationVector.EncodedCiphertext.EncodedAuthenticationTag'.
 ---> Microsoft.IdentityModel.Tokens.SecurityTokenMalformedException: IDX14100: JWT is not well formed, there are no dots (.).
The token needs to be in JWS or JWE Compact Serialization Format. (JWS): 'EncodedHeader.EndcodedPayload.EncodedSignature'. (JWE): 'EncodedProtectedHeader.EncodedEncryptedKey.EncodedInitializationVector.EncodedCiphertext.EncodedAuthenticationTag'.
   at Microsoft.IdentityModel.JsonWebTokens.JsonWebToken.ReadToken(String encodedJson)
   at Microsoft.IdentityModel.JsonWebTokens.JsonWebToken..ctor(String jwtEncodedString)
   at Microsoft.IdentityModel.JsonWebTokens.JsonWebTokenHandler.ReadToken(String token, TokenValidationParameters validationParameters)
   --- End of inner exception stack trace ---
2025-04-03 12:56:51.959 +02:00 [INF] Bearer was not authenticated. Failure message: IDX14100: JWT is not well formed, there are no dots (.).
The token needs to be in JWS or JWE Compact Serialization Format. (JWS): 'EncodedHeader.EndcodedPayload.EncodedSignature'. (JWE): 'EncodedProtectedHeader.EncodedEncryptedKey.EncodedInitializationVector.EncodedCiphertext.EncodedAuthenticationTag'.
2025-04-03 12:56:51.971 +02:00 [INF] CORS policy execution successful.
2025-04-03 12:56:51.977 +02:00 [INF] Executing endpoint 'Trello.Controller.CardController.MoveCard (Trello)'
2025-04-03 12:56:51.989 +02:00 [INF] Route matched with {action = "MoveCard", controller = "Card"}. Executing controller action with signature System.Threading.Tasks.Task`1[Microsoft.AspNetCore.Mvc.IActionResult] MoveCard(Trello.DTOs.MoveCardDto) on controller Trello.Controller.CardController (Trello).
2025-04-03 12:56:52.058 +02:00 [INF] Executed DbCommand (10ms) [Parameters=[@__id_0='?' (DbType = Int32)], CommandType='"Text"', CommandTimeout='30']
SELECT c1."Id", c1."ColumnId", c1."Description", c1."DueDate", c1."SprintId", c1."Title", c0."Id", c0."AuthorId", c0."CardId", c0."CreatedAt", c0."Text"
FROM (
    SELECT c."Id", c."ColumnId", c."Description", c."DueDate", c."SprintId", c."Title"
    FROM "Cards" AS c
    WHERE c."Id" = @__id_0
    LIMIT 1
) AS c1
LEFT JOIN "Comments" AS c0 ON c1."Id" = c0."CardId"
ORDER BY c1."Id"
2025-04-03 12:56:52.077 +02:00 [INF] Successiffuly fetching card with id 1
2025-04-03 12:56:52.131 +02:00 [INF] Executed DbCommand (8ms) [Parameters=[@__id_0='?' (DbType = Int32)], CommandType='"Text"', CommandTimeout='30']
SELECT c1."Id", c1."BoardId", c1."Name", c0."Id", c0."ColumnId", c0."Description", c0."DueDate", c0."SprintId", c0."Title"
FROM (
    SELECT c."Id", c."BoardId", c."Name"
    FROM "Columns" AS c
    WHERE c."Id" = @__id_0
    LIMIT 1
) AS c1
LEFT JOIN "Cards" AS c0 ON c1."Id" = c0."ColumnId"
ORDER BY c1."Id"
2025-04-03 12:56:52.164 +02:00 [INF] Successiffuly fetching column with id 3
2025-04-03 12:56:52.169 +02:00 [INF] Successiffuly updated card with id 1
2025-04-03 12:56:52.418 +02:00 [INF] Executed DbCommand (162ms) [Parameters=[@p5='?' (DbType = Int32), @p0='?' (DbType = Int32), @p1='?', @p2='?' (DbType = DateTime), @p3='?' (DbType = Int32), @p4='?'], CommandType='"Text"', CommandTimeout='30']
UPDATE "Cards" SET "ColumnId" = @p0, "Description" = @p1, "DueDate" = @p2, "SprintId" = @p3, "Title" = @p4
WHERE "Id" = @p5;
2025-04-03 12:56:52.433 +02:00 [INF] Executing OkObjectResult, writing value of type 'FluentResults.Result'.
2025-04-03 12:56:52.439 +02:00 [INF] Executed action Trello.Controller.CardController.MoveCard (Trello) in 435.2754ms
2025-04-03 12:56:52.447 +02:00 [INF] Executed endpoint 'Trello.Controller.CardController.MoveCard (Trello)'
2025-04-03 12:56:52.464 +02:00 [INF] Request finished HTTP/1.1 PUT http://localhost:5196/api/card/move - 200 null application/json; charset=utf-8 1748.7302ms
2025-04-03 12:57:22.661 +02:00 [INF] Request starting HTTP/1.1 OPTIONS http://localhost:5196/api/boards/getById/1 - null null
2025-04-03 12:57:22.676 +02:00 [INF] CORS policy execution successful.
2025-04-03 12:57:22.682 +02:00 [INF] Request finished HTTP/1.1 OPTIONS http://localhost:5196/api/boards/getById/1 - 204 null null 22.5567ms
2025-04-03 12:57:22.735 +02:00 [INF] Request starting HTTP/1.1 GET http://localhost:5196/api/boards/getById/1 - null null
2025-04-03 12:57:22.753 +02:00 [INF] CORS policy execution successful.
2025-04-03 12:57:22.759 +02:00 [INF] Executing endpoint 'Trello.Controller.BoardController.GetById (Trello)'
2025-04-03 12:57:22.772 +02:00 [INF] Route matched with {action = "GetById", controller = "Board"}. Executing controller action with signature System.Threading.Tasks.Task`1[Microsoft.AspNetCore.Mvc.IActionResult] GetById(Int32) on controller Trello.Controller.BoardController (Trello).
2025-04-03 12:57:22.797 +02:00 [INF] Executed DbCommand (2ms) [Parameters=[@__id_0='?' (DbType = Int32)], CommandType='"Text"', CommandTimeout='30']
SELECT b0."Id", b0."ActiveSprintId", b0."Description", b0."Name", b0."ProjectId", s."Id", s."BoardId", s."Name", s."Id0", s."ColumnId", s."Description", s."DueDate", s."SprintId", s."Title"
FROM (
    SELECT b."Id", b."ActiveSprintId", b."Description", b."Name", b."ProjectId"
    FROM "Boards" AS b
    WHERE b."Id" = @__id_0
    LIMIT 1
) AS b0
LEFT JOIN (
    SELECT c."Id", c."BoardId", c."Name", c0."Id" AS "Id0", c0."ColumnId", c0."Description", c0."DueDate", c0."SprintId", c0."Title"
    FROM "Columns" AS c
    LEFT JOIN "Cards" AS c0 ON c."Id" = c0."ColumnId"
) AS s ON b0."Id" = s."BoardId"
ORDER BY b0."Id", s."Id"
2025-04-03 12:57:22.828 +02:00 [INF] Executing OkObjectResult, writing value of type 'Trello.DTOs.BoardDto'.
2025-04-03 12:57:22.841 +02:00 [INF] Executed action Trello.Controller.BoardController.GetById (Trello) in 51.3289ms
2025-04-03 12:57:22.855 +02:00 [INF] Executed endpoint 'Trello.Controller.BoardController.GetById (Trello)'
2025-04-03 12:57:22.861 +02:00 [INF] Request finished HTTP/1.1 GET http://localhost:5196/api/boards/getById/1 - 200 null application/json; charset=utf-8 125.6033ms
2025-04-03 12:57:24.401 +02:00 [INF] Request starting HTTP/1.1 OPTIONS http://localhost:5196/api/card/move - null null
2025-04-03 12:57:24.408 +02:00 [INF] Request starting HTTP/1.1 GET http://localhost:5196/api/boards/getById/1 - null null
2025-04-03 12:57:24.424 +02:00 [INF] CORS policy execution successful.
2025-04-03 12:57:24.429 +02:00 [INF] CORS policy execution successful.
2025-04-03 12:57:24.432 +02:00 [INF] Request finished HTTP/1.1 OPTIONS http://localhost:5196/api/card/move - 204 null null 30.596ms
2025-04-03 12:57:24.448 +02:00 [INF] Executing endpoint 'Trello.Controller.BoardController.GetById (Trello)'
2025-04-03 12:57:24.454 +02:00 [INF] Request starting HTTP/1.1 PUT http://localhost:5196/api/card/move - application/json 25
2025-04-03 12:57:24.463 +02:00 [INF] Route matched with {action = "GetById", controller = "Board"}. Executing controller action with signature System.Threading.Tasks.Task`1[Microsoft.AspNetCore.Mvc.IActionResult] GetById(Int32) on controller Trello.Controller.BoardController (Trello).
2025-04-03 12:57:24.523 +02:00 [INF] Failed to validate the token.
Microsoft.IdentityModel.Tokens.SecurityTokenMalformedException: IDX14100: JWT is not well formed, there are no dots (.).
The token needs to be in JWS or JWE Compact Serialization Format. (JWS): 'EncodedHeader.EndcodedPayload.EncodedSignature'. (JWE): 'EncodedProtectedHeader.EncodedEncryptedKey.EncodedInitializationVector.EncodedCiphertext.EncodedAuthenticationTag'.
 ---> Microsoft.IdentityModel.Tokens.SecurityTokenMalformedException: IDX14100: JWT is not well formed, there are no dots (.).
The token needs to be in JWS or JWE Compact Serialization Format. (JWS): 'EncodedHeader.EndcodedPayload.EncodedSignature'. (JWE): 'EncodedProtectedHeader.EncodedEncryptedKey.EncodedInitializationVector.EncodedCiphertext.EncodedAuthenticationTag'.
   at Microsoft.IdentityModel.JsonWebTokens.JsonWebToken.ReadToken(String encodedJson)
   at Microsoft.IdentityModel.JsonWebTokens.JsonWebToken..ctor(String jwtEncodedString)
   at Microsoft.IdentityModel.JsonWebTokens.JsonWebTokenHandler.ReadToken(String token, TokenValidationParameters validationParameters)
   --- End of inner exception stack trace ---
2025-04-03 12:57:24.567 +02:00 [INF] Bearer was not authenticated. Failure message: IDX14100: JWT is not well formed, there are no dots (.).
The token needs to be in JWS or JWE Compact Serialization Format. (JWS): 'EncodedHeader.EndcodedPayload.EncodedSignature'. (JWE): 'EncodedProtectedHeader.EncodedEncryptedKey.EncodedInitializationVector.EncodedCiphertext.EncodedAuthenticationTag'.
2025-04-03 12:57:24.590 +02:00 [INF] CORS policy execution successful.
2025-04-03 12:57:24.554 +02:00 [INF] Executed DbCommand (3ms) [Parameters=[@__id_0='?' (DbType = Int32)], CommandType='"Text"', CommandTimeout='30']
SELECT b0."Id", b0."ActiveSprintId", b0."Description", b0."Name", b0."ProjectId", s."Id", s."BoardId", s."Name", s."Id0", s."ColumnId", s."Description", s."DueDate", s."SprintId", s."Title"
FROM (
    SELECT b."Id", b."ActiveSprintId", b."Description", b."Name", b."ProjectId"
    FROM "Boards" AS b
    WHERE b."Id" = @__id_0
    LIMIT 1
) AS b0
LEFT JOIN (
    SELECT c."Id", c."BoardId", c."Name", c0."Id" AS "Id0", c0."ColumnId", c0."Description", c0."DueDate", c0."SprintId", c0."Title"
    FROM "Columns" AS c
    LEFT JOIN "Cards" AS c0 ON c."Id" = c0."ColumnId"
) AS s ON b0."Id" = s."BoardId"
ORDER BY b0."Id", s."Id"
2025-04-03 12:57:24.599 +02:00 [INF] Executing endpoint 'Trello.Controller.CardController.MoveCard (Trello)'
2025-04-03 12:57:24.612 +02:00 [INF] Executing OkObjectResult, writing value of type 'Trello.DTOs.BoardDto'.
2025-04-03 12:57:24.616 +02:00 [INF] Route matched with {action = "MoveCard", controller = "Card"}. Executing controller action with signature System.Threading.Tasks.Task`1[Microsoft.AspNetCore.Mvc.IActionResult] MoveCard(Trello.DTOs.MoveCardDto) on controller Trello.Controller.CardController (Trello).
2025-04-03 12:57:24.630 +02:00 [INF] Executed action Trello.Controller.BoardController.GetById (Trello) in 81.9972ms
2025-04-03 12:57:24.641 +02:00 [INF] Executed DbCommand (4ms) [Parameters=[@__id_0='?' (DbType = Int32)], CommandType='"Text"', CommandTimeout='30']
SELECT c1."Id", c1."ColumnId", c1."Description", c1."DueDate", c1."SprintId", c1."Title", c0."Id", c0."AuthorId", c0."CardId", c0."CreatedAt", c0."Text"
FROM (
    SELECT c."Id", c."ColumnId", c."Description", c."DueDate", c."SprintId", c."Title"
    FROM "Cards" AS c
    WHERE c."Id" = @__id_0
    LIMIT 1
) AS c1
LEFT JOIN "Comments" AS c0 ON c1."Id" = c0."CardId"
ORDER BY c1."Id"
2025-04-03 12:57:24.642 +02:00 [INF] Executed endpoint 'Trello.Controller.BoardController.GetById (Trello)'
2025-04-03 12:57:24.659 +02:00 [INF] Successiffuly fetching card with id 1
2025-04-03 12:57:24.661 +02:00 [INF] Request finished HTTP/1.1 GET http://localhost:5196/api/boards/getById/1 - 200 null application/json; charset=utf-8 253.3874ms
2025-04-03 12:57:24.670 +02:00 [INF] Executed DbCommand (5ms) [Parameters=[@__id_0='?' (DbType = Int32)], CommandType='"Text"', CommandTimeout='30']
SELECT c1."Id", c1."BoardId", c1."Name", c0."Id", c0."ColumnId", c0."Description", c0."DueDate", c0."SprintId", c0."Title"
FROM (
    SELECT c."Id", c."BoardId", c."Name"
    FROM "Columns" AS c
    WHERE c."Id" = @__id_0
    LIMIT 1
) AS c1
LEFT JOIN "Cards" AS c0 ON c1."Id" = c0."ColumnId"
ORDER BY c1."Id"
2025-04-03 12:57:24.706 +02:00 [INF] Successiffuly fetching column with id 2
2025-04-03 12:57:24.709 +02:00 [INF] Successiffuly updated card with id 1
2025-04-03 12:57:24.716 +02:00 [INF] Executed DbCommand (3ms) [Parameters=[@p5='?' (DbType = Int32), @p0='?' (DbType = Int32), @p1='?', @p2='?' (DbType = DateTime), @p3='?' (DbType = Int32), @p4='?'], CommandType='"Text"', CommandTimeout='30']
UPDATE "Cards" SET "ColumnId" = @p0, "Description" = @p1, "DueDate" = @p2, "SprintId" = @p3, "Title" = @p4
WHERE "Id" = @p5;
2025-04-03 12:57:24.729 +02:00 [INF] Executing OkObjectResult, writing value of type 'FluentResults.Result'.
2025-04-03 12:57:24.735 +02:00 [INF] Executed action Trello.Controller.CardController.MoveCard (Trello) in 100.4103ms
2025-04-03 12:57:24.740 +02:00 [INF] Executed endpoint 'Trello.Controller.CardController.MoveCard (Trello)'
2025-04-03 12:57:24.743 +02:00 [INF] Request finished HTTP/1.1 PUT http://localhost:5196/api/card/move - 200 null application/json; charset=utf-8 288.8137ms
2025-04-03 12:57:27.435 +02:00 [INF] Request starting HTTP/1.1 PUT http://localhost:5196/api/card/move - application/json 25
2025-04-03 12:57:27.437 +02:00 [INF] Request starting HTTP/1.1 GET http://localhost:5196/api/boards/getById/1 - null null
2025-04-03 12:57:27.522 +02:00 [INF] Failed to validate the token.
Microsoft.IdentityModel.Tokens.SecurityTokenMalformedException: IDX14100: JWT is not well formed, there are no dots (.).
The token needs to be in JWS or JWE Compact Serialization Format. (JWS): 'EncodedHeader.EndcodedPayload.EncodedSignature'. (JWE): 'EncodedProtectedHeader.EncodedEncryptedKey.EncodedInitializationVector.EncodedCiphertext.EncodedAuthenticationTag'.
 ---> Microsoft.IdentityModel.Tokens.SecurityTokenMalformedException: IDX14100: JWT is not well formed, there are no dots (.).
The token needs to be in JWS or JWE Compact Serialization Format. (JWS): 'EncodedHeader.EndcodedPayload.EncodedSignature'. (JWE): 'EncodedProtectedHeader.EncodedEncryptedKey.EncodedInitializationVector.EncodedCiphertext.EncodedAuthenticationTag'.
   at Microsoft.IdentityModel.JsonWebTokens.JsonWebToken.ReadToken(String encodedJson)
   at Microsoft.IdentityModel.JsonWebTokens.JsonWebToken..ctor(String jwtEncodedString)
   at Microsoft.IdentityModel.JsonWebTokens.JsonWebTokenHandler.ReadToken(String token, TokenValidationParameters validationParameters)
   --- End of inner exception stack trace ---
2025-04-03 12:57:27.527 +02:00 [INF] CORS policy execution successful.
2025-04-03 12:57:27.569 +02:00 [INF] Bearer was not authenticated. Failure message: IDX14100: JWT is not well formed, there are no dots (.).
The token needs to be in JWS or JWE Compact Serialization Format. (JWS): 'EncodedHeader.EndcodedPayload.EncodedSignature'. (JWE): 'EncodedProtectedHeader.EncodedEncryptedKey.EncodedInitializationVector.EncodedCiphertext.EncodedAuthenticationTag'.
2025-04-03 12:57:27.571 +02:00 [INF] Executing endpoint 'Trello.Controller.BoardController.GetById (Trello)'
2025-04-03 12:57:27.587 +02:00 [INF] CORS policy execution successful.
2025-04-03 12:57:27.596 +02:00 [INF] Executing endpoint 'Trello.Controller.CardController.MoveCard (Trello)'
2025-04-03 12:57:27.590 +02:00 [INF] Route matched with {action = "GetById", controller = "Board"}. Executing controller action with signature System.Threading.Tasks.Task`1[Microsoft.AspNetCore.Mvc.IActionResult] GetById(Int32) on controller Trello.Controller.BoardController (Trello).
2025-04-03 12:57:27.602 +02:00 [INF] Route matched with {action = "MoveCard", controller = "Card"}. Executing controller action with signature System.Threading.Tasks.Task`1[Microsoft.AspNetCore.Mvc.IActionResult] MoveCard(Trello.DTOs.MoveCardDto) on controller Trello.Controller.CardController (Trello).
2025-04-03 12:57:27.635 +02:00 [INF] Executed DbCommand (3ms) [Parameters=[@__id_0='?' (DbType = Int32)], CommandType='"Text"', CommandTimeout='30']
SELECT b0."Id", b0."ActiveSprintId", b0."Description", b0."Name", b0."ProjectId", s."Id", s."BoardId", s."Name", s."Id0", s."ColumnId", s."Description", s."DueDate", s."SprintId", s."Title"
FROM (
    SELECT b."Id", b."ActiveSprintId", b."Description", b."Name", b."ProjectId"
    FROM "Boards" AS b
    WHERE b."Id" = @__id_0
    LIMIT 1
) AS b0
LEFT JOIN (
    SELECT c."Id", c."BoardId", c."Name", c0."Id" AS "Id0", c0."ColumnId", c0."Description", c0."DueDate", c0."SprintId", c0."Title"
    FROM "Columns" AS c
    LEFT JOIN "Cards" AS c0 ON c."Id" = c0."ColumnId"
) AS s ON b0."Id" = s."BoardId"
ORDER BY b0."Id", s."Id"
2025-04-03 12:57:27.647 +02:00 [INF] Executed DbCommand (6ms) [Parameters=[@__id_0='?' (DbType = Int32)], CommandType='"Text"', CommandTimeout='30']
SELECT c1."Id", c1."ColumnId", c1."Description", c1."DueDate", c1."SprintId", c1."Title", c0."Id", c0."AuthorId", c0."CardId", c0."CreatedAt", c0."Text"
FROM (
    SELECT c."Id", c."ColumnId", c."Description", c."DueDate", c."SprintId", c."Title"
    FROM "Cards" AS c
    WHERE c."Id" = @__id_0
    LIMIT 1
) AS c1
LEFT JOIN "Comments" AS c0 ON c1."Id" = c0."CardId"
ORDER BY c1."Id"
2025-04-03 12:57:27.680 +02:00 [INF] Executing OkObjectResult, writing value of type 'Trello.DTOs.BoardDto'.
2025-04-03 12:57:27.690 +02:00 [INF] Successiffuly fetching card with id 1
2025-04-03 12:57:27.697 +02:00 [INF] Executed action Trello.Controller.BoardController.GetById (Trello) in 67.6172ms
2025-04-03 12:57:27.702 +02:00 [INF] Executed DbCommand (2ms) [Parameters=[@__id_0='?' (DbType = Int32)], CommandType='"Text"', CommandTimeout='30']
SELECT c1."Id", c1."BoardId", c1."Name", c0."Id", c0."ColumnId", c0."Description", c0."DueDate", c0."SprintId", c0."Title"
FROM (
    SELECT c."Id", c."BoardId", c."Name"
    FROM "Columns" AS c
    WHERE c."Id" = @__id_0
    LIMIT 1
) AS c1
LEFT JOIN "Cards" AS c0 ON c1."Id" = c0."ColumnId"
ORDER BY c1."Id"
2025-04-03 12:57:27.720 +02:00 [INF] Executed endpoint 'Trello.Controller.BoardController.GetById (Trello)'
2025-04-03 12:57:27.731 +02:00 [INF] Successiffuly fetching column with id 2
2025-04-03 12:57:27.746 +02:00 [INF] Successiffuly updated card with id 1
2025-04-03 12:57:27.743 +02:00 [INF] Request finished HTTP/1.1 GET http://localhost:5196/api/boards/getById/1 - 200 null application/json; charset=utf-8 305.7606ms
2025-04-03 12:57:27.786 +02:00 [INF] Executed DbCommand (3ms) [Parameters=[@p5='?' (DbType = Int32), @p0='?' (DbType = Int32), @p1='?', @p2='?' (DbType = DateTime), @p3='?' (DbType = Int32), @p4='?'], CommandType='"Text"', CommandTimeout='30']
UPDATE "Cards" SET "ColumnId" = @p0, "Description" = @p1, "DueDate" = @p2, "SprintId" = @p3, "Title" = @p4
WHERE "Id" = @p5;
2025-04-03 12:57:27.817 +02:00 [INF] Executing OkObjectResult, writing value of type 'FluentResults.Result'.
2025-04-03 12:57:27.824 +02:00 [INF] Executed action Trello.Controller.CardController.MoveCard (Trello) in 186.1387ms
2025-04-03 12:57:27.833 +02:00 [INF] Executed endpoint 'Trello.Controller.CardController.MoveCard (Trello)'
2025-04-03 12:57:27.839 +02:00 [INF] Request finished HTTP/1.1 PUT http://localhost:5196/api/card/move - 200 null application/json; charset=utf-8 404.8327ms
2025-04-03 13:01:03.429 +02:00 [INF] Request starting HTTP/1.1 OPTIONS http://localhost:5196/api/boards/getById/1 - null null
2025-04-03 13:01:03.445 +02:00 [INF] CORS policy execution successful.
2025-04-03 13:01:03.451 +02:00 [INF] Request finished HTTP/1.1 OPTIONS http://localhost:5196/api/boards/getById/1 - 204 null null 22.1182ms
2025-04-03 13:01:03.467 +02:00 [INF] Request starting HTTP/1.1 GET http://localhost:5196/api/boards/getById/1 - null null
2025-04-03 13:01:03.481 +02:00 [INF] CORS policy execution successful.
2025-04-03 13:01:03.487 +02:00 [INF] Executing endpoint 'Trello.Controller.BoardController.GetById (Trello)'
2025-04-03 13:01:03.495 +02:00 [INF] Route matched with {action = "GetById", controller = "Board"}. Executing controller action with signature System.Threading.Tasks.Task`1[Microsoft.AspNetCore.Mvc.IActionResult] GetById(Int32) on controller Trello.Controller.BoardController (Trello).
2025-04-03 13:01:03.611 +02:00 [INF] Executed DbCommand (8ms) [Parameters=[@__id_0='?' (DbType = Int32)], CommandType='"Text"', CommandTimeout='30']
SELECT b0."Id", b0."ActiveSprintId", b0."Description", b0."Name", b0."ProjectId", s."Id", s."BoardId", s."Name", s."Id0", s."ColumnId", s."Description", s."DueDate", s."SprintId", s."Title"
FROM (
    SELECT b."Id", b."ActiveSprintId", b."Description", b."Name", b."ProjectId"
    FROM "Boards" AS b
    WHERE b."Id" = @__id_0
    LIMIT 1
) AS b0
LEFT JOIN (
    SELECT c."Id", c."BoardId", c."Name", c0."Id" AS "Id0", c0."ColumnId", c0."Description", c0."DueDate", c0."SprintId", c0."Title"
    FROM "Columns" AS c
    LEFT JOIN "Cards" AS c0 ON c."Id" = c0."ColumnId"
) AS s ON b0."Id" = s."BoardId"
ORDER BY b0."Id", s."Id"
2025-04-03 13:01:03.625 +02:00 [INF] Executing OkObjectResult, writing value of type 'Trello.DTOs.BoardDto'.
2025-04-03 13:01:03.629 +02:00 [INF] Executed action Trello.Controller.BoardController.GetById (Trello) in 123.9556ms
2025-04-03 13:01:03.637 +02:00 [INF] Executed endpoint 'Trello.Controller.BoardController.GetById (Trello)'
2025-04-03 13:01:03.641 +02:00 [INF] Request finished HTTP/1.1 GET http://localhost:5196/api/boards/getById/1 - 200 null application/json; charset=utf-8 174.4963ms
2025-04-03 13:01:05.095 +02:00 [INF] Request starting HTTP/1.1 OPTIONS http://localhost:5196/api/card/move - null null
2025-04-03 13:01:05.108 +02:00 [INF] CORS policy execution successful.
2025-04-03 13:01:05.112 +02:00 [INF] Request finished HTTP/1.1 OPTIONS http://localhost:5196/api/card/move - 204 null null 16.6089ms
2025-04-03 13:01:05.129 +02:00 [INF] Request starting HTTP/1.1 PUT http://localhost:5196/api/card/move - application/json 25
2025-04-03 13:01:05.168 +02:00 [INF] Failed to validate the token.
Microsoft.IdentityModel.Tokens.SecurityTokenMalformedException: IDX14100: JWT is not well formed, there are no dots (.).
The token needs to be in JWS or JWE Compact Serialization Format. (JWS): 'EncodedHeader.EndcodedPayload.EncodedSignature'. (JWE): 'EncodedProtectedHeader.EncodedEncryptedKey.EncodedInitializationVector.EncodedCiphertext.EncodedAuthenticationTag'.
 ---> Microsoft.IdentityModel.Tokens.SecurityTokenMalformedException: IDX14100: JWT is not well formed, there are no dots (.).
The token needs to be in JWS or JWE Compact Serialization Format. (JWS): 'EncodedHeader.EndcodedPayload.EncodedSignature'. (JWE): 'EncodedProtectedHeader.EncodedEncryptedKey.EncodedInitializationVector.EncodedCiphertext.EncodedAuthenticationTag'.
   at Microsoft.IdentityModel.JsonWebTokens.JsonWebToken.ReadToken(String encodedJson)
   at Microsoft.IdentityModel.JsonWebTokens.JsonWebToken..ctor(String jwtEncodedString)
   at Microsoft.IdentityModel.JsonWebTokens.JsonWebTokenHandler.ReadToken(String token, TokenValidationParameters validationParameters)
   --- End of inner exception stack trace ---
2025-04-03 13:01:05.204 +02:00 [INF] Bearer was not authenticated. Failure message: IDX14100: JWT is not well formed, there are no dots (.).
The token needs to be in JWS or JWE Compact Serialization Format. (JWS): 'EncodedHeader.EndcodedPayload.EncodedSignature'. (JWE): 'EncodedProtectedHeader.EncodedEncryptedKey.EncodedInitializationVector.EncodedCiphertext.EncodedAuthenticationTag'.
2025-04-03 13:01:05.215 +02:00 [INF] CORS policy execution successful.
2025-04-03 13:01:05.219 +02:00 [INF] Executing endpoint 'Trello.Controller.CardController.MoveCard (Trello)'
2025-04-03 13:01:05.223 +02:00 [INF] Route matched with {action = "MoveCard", controller = "Card"}. Executing controller action with signature System.Threading.Tasks.Task`1[Microsoft.AspNetCore.Mvc.IActionResult] MoveCard(Trello.DTOs.MoveCardDto) on controller Trello.Controller.CardController (Trello).
2025-04-03 13:01:05.241 +02:00 [INF] Executed DbCommand (4ms) [Parameters=[@__id_0='?' (DbType = Int32)], CommandType='"Text"', CommandTimeout='30']
SELECT c1."Id", c1."ColumnId", c1."Description", c1."DueDate", c1."SprintId", c1."Title", c0."Id", c0."AuthorId", c0."CardId", c0."CreatedAt", c0."Text"
FROM (
    SELECT c."Id", c."ColumnId", c."Description", c."DueDate", c."SprintId", c."Title"
    FROM "Cards" AS c
    WHERE c."Id" = @__id_0
    LIMIT 1
) AS c1
LEFT JOIN "Comments" AS c0 ON c1."Id" = c0."CardId"
ORDER BY c1."Id"
2025-04-03 13:01:05.256 +02:00 [INF] Successiffuly fetching card with id 1
2025-04-03 13:01:05.265 +02:00 [INF] Executed DbCommand (2ms) [Parameters=[@__id_0='?' (DbType = Int32)], CommandType='"Text"', CommandTimeout='30']
SELECT c1."Id", c1."BoardId", c1."Name", c0."Id", c0."ColumnId", c0."Description", c0."DueDate", c0."SprintId", c0."Title"
FROM (
    SELECT c."Id", c."BoardId", c."Name"
    FROM "Columns" AS c
    WHERE c."Id" = @__id_0
    LIMIT 1
) AS c1
LEFT JOIN "Cards" AS c0 ON c1."Id" = c0."ColumnId"
ORDER BY c1."Id"
2025-04-03 13:01:05.283 +02:00 [INF] Successiffuly fetching column with id 3
2025-04-03 13:01:05.285 +02:00 [INF] Successiffuly updated card with id 1
2025-04-03 13:01:05.295 +02:00 [INF] Executed DbCommand (3ms) [Parameters=[@p5='?' (DbType = Int32), @p0='?' (DbType = Int32), @p1='?', @p2='?' (DbType = DateTime), @p3='?' (DbType = Int32), @p4='?'], CommandType='"Text"', CommandTimeout='30']
UPDATE "Cards" SET "ColumnId" = @p0, "Description" = @p1, "DueDate" = @p2, "SprintId" = @p3, "Title" = @p4
WHERE "Id" = @p5;
2025-04-03 13:01:05.312 +02:00 [INF] Executing OkObjectResult, writing value of type 'FluentResults.Result'.
2025-04-03 13:01:05.317 +02:00 [INF] Executed action Trello.Controller.CardController.MoveCard (Trello) in 80.6117ms
2025-04-03 13:01:05.327 +02:00 [INF] Executed endpoint 'Trello.Controller.CardController.MoveCard (Trello)'
2025-04-03 13:01:05.331 +02:00 [INF] Request finished HTTP/1.1 PUT http://localhost:5196/api/card/move - 200 null application/json; charset=utf-8 202.4695ms
2025-04-03 13:01:05.363 +02:00 [INF] Request starting HTTP/1.1 GET http://localhost:5196/api/boards/getById/1 - null null
2025-04-03 13:01:05.377 +02:00 [INF] CORS policy execution successful.
2025-04-03 13:01:05.389 +02:00 [INF] Executing endpoint 'Trello.Controller.BoardController.GetById (Trello)'
2025-04-03 13:01:05.396 +02:00 [INF] Route matched with {action = "GetById", controller = "Board"}. Executing controller action with signature System.Threading.Tasks.Task`1[Microsoft.AspNetCore.Mvc.IActionResult] GetById(Int32) on controller Trello.Controller.BoardController (Trello).
2025-04-03 13:01:05.430 +02:00 [INF] Executed DbCommand (3ms) [Parameters=[@__id_0='?' (DbType = Int32)], CommandType='"Text"', CommandTimeout='30']
SELECT b0."Id", b0."ActiveSprintId", b0."Description", b0."Name", b0."ProjectId", s."Id", s."BoardId", s."Name", s."Id0", s."ColumnId", s."Description", s."DueDate", s."SprintId", s."Title"
FROM (
    SELECT b."Id", b."ActiveSprintId", b."Description", b."Name", b."ProjectId"
    FROM "Boards" AS b
    WHERE b."Id" = @__id_0
    LIMIT 1
) AS b0
LEFT JOIN (
    SELECT c."Id", c."BoardId", c."Name", c0."Id" AS "Id0", c0."ColumnId", c0."Description", c0."DueDate", c0."SprintId", c0."Title"
    FROM "Columns" AS c
    LEFT JOIN "Cards" AS c0 ON c."Id" = c0."ColumnId"
) AS s ON b0."Id" = s."BoardId"
ORDER BY b0."Id", s."Id"
2025-04-03 13:01:05.459 +02:00 [INF] Executing OkObjectResult, writing value of type 'Trello.DTOs.BoardDto'.
2025-04-03 13:01:05.467 +02:00 [INF] Executed action Trello.Controller.BoardController.GetById (Trello) in 46.5149ms
2025-04-03 13:01:05.472 +02:00 [INF] Executed endpoint 'Trello.Controller.BoardController.GetById (Trello)'
2025-04-03 13:01:05.475 +02:00 [INF] Request finished HTTP/1.1 GET http://localhost:5196/api/boards/getById/1 - 200 null application/json; charset=utf-8 112.696ms
2025-04-03 13:01:06.607 +02:00 [INF] Request starting HTTP/1.1 PUT http://localhost:5196/api/card/move - application/json 25
2025-04-03 13:01:06.651 +02:00 [INF] Failed to validate the token.
Microsoft.IdentityModel.Tokens.SecurityTokenMalformedException: IDX14100: JWT is not well formed, there are no dots (.).
The token needs to be in JWS or JWE Compact Serialization Format. (JWS): 'EncodedHeader.EndcodedPayload.EncodedSignature'. (JWE): 'EncodedProtectedHeader.EncodedEncryptedKey.EncodedInitializationVector.EncodedCiphertext.EncodedAuthenticationTag'.
 ---> Microsoft.IdentityModel.Tokens.SecurityTokenMalformedException: IDX14100: JWT is not well formed, there are no dots (.).
The token needs to be in JWS or JWE Compact Serialization Format. (JWS): 'EncodedHeader.EndcodedPayload.EncodedSignature'. (JWE): 'EncodedProtectedHeader.EncodedEncryptedKey.EncodedInitializationVector.EncodedCiphertext.EncodedAuthenticationTag'.
   at Microsoft.IdentityModel.JsonWebTokens.JsonWebToken.ReadToken(String encodedJson)
   at Microsoft.IdentityModel.JsonWebTokens.JsonWebToken..ctor(String jwtEncodedString)
   at Microsoft.IdentityModel.JsonWebTokens.JsonWebTokenHandler.ReadToken(String token, TokenValidationParameters validationParameters)
   --- End of inner exception stack trace ---
2025-04-03 13:01:06.671 +02:00 [INF] Bearer was not authenticated. Failure message: IDX14100: JWT is not well formed, there are no dots (.).
The token needs to be in JWS or JWE Compact Serialization Format. (JWS): 'EncodedHeader.EndcodedPayload.EncodedSignature'. (JWE): 'EncodedProtectedHeader.EncodedEncryptedKey.EncodedInitializationVector.EncodedCiphertext.EncodedAuthenticationTag'.
2025-04-03 13:01:06.681 +02:00 [INF] CORS policy execution successful.
2025-04-03 13:01:06.684 +02:00 [INF] Executing endpoint 'Trello.Controller.CardController.MoveCard (Trello)'
2025-04-03 13:01:06.687 +02:00 [INF] Route matched with {action = "MoveCard", controller = "Card"}. Executing controller action with signature System.Threading.Tasks.Task`1[Microsoft.AspNetCore.Mvc.IActionResult] MoveCard(Trello.DTOs.MoveCardDto) on controller Trello.Controller.CardController (Trello).
2025-04-03 13:01:06.702 +02:00 [INF] Executed DbCommand (2ms) [Parameters=[@__id_0='?' (DbType = Int32)], CommandType='"Text"', CommandTimeout='30']
SELECT c1."Id", c1."ColumnId", c1."Description", c1."DueDate", c1."SprintId", c1."Title", c0."Id", c0."AuthorId", c0."CardId", c0."CreatedAt", c0."Text"
FROM (
    SELECT c."Id", c."ColumnId", c."Description", c."DueDate", c."SprintId", c."Title"
    FROM "Cards" AS c
    WHERE c."Id" = @__id_0
    LIMIT 1
) AS c1
LEFT JOIN "Comments" AS c0 ON c1."Id" = c0."CardId"
ORDER BY c1."Id"
2025-04-03 13:01:06.717 +02:00 [INF] Successiffuly fetching card with id 1
2025-04-03 13:01:06.728 +02:00 [INF] Executed DbCommand (3ms) [Parameters=[@__id_0='?' (DbType = Int32)], CommandType='"Text"', CommandTimeout='30']
SELECT c1."Id", c1."BoardId", c1."Name", c0."Id", c0."ColumnId", c0."Description", c0."DueDate", c0."SprintId", c0."Title"
FROM (
    SELECT c."Id", c."BoardId", c."Name"
    FROM "Columns" AS c
    WHERE c."Id" = @__id_0
    LIMIT 1
) AS c1
LEFT JOIN "Cards" AS c0 ON c1."Id" = c0."ColumnId"
ORDER BY c1."Id"
2025-04-03 13:01:06.749 +02:00 [INF] Successiffuly fetching column with id 4
2025-04-03 13:01:06.757 +02:00 [INF] Successiffuly updated card with id 1
2025-04-03 13:01:06.762 +02:00 [INF] Executed DbCommand (1ms) [Parameters=[@p5='?' (DbType = Int32), @p0='?' (DbType = Int32), @p1='?', @p2='?' (DbType = DateTime), @p3='?' (DbType = Int32), @p4='?'], CommandType='"Text"', CommandTimeout='30']
UPDATE "Cards" SET "ColumnId" = @p0, "Description" = @p1, "DueDate" = @p2, "SprintId" = @p3, "Title" = @p4
WHERE "Id" = @p5;
2025-04-03 13:01:06.775 +02:00 [INF] Executing OkObjectResult, writing value of type 'FluentResults.Result'.
2025-04-03 13:01:06.779 +02:00 [INF] Executed action Trello.Controller.CardController.MoveCard (Trello) in 79.8727ms
2025-04-03 13:01:06.783 +02:00 [INF] Executed endpoint 'Trello.Controller.CardController.MoveCard (Trello)'
2025-04-03 13:01:06.790 +02:00 [INF] Request finished HTTP/1.1 PUT http://localhost:5196/api/card/move - 200 null application/json; charset=utf-8 183.3474ms
2025-04-03 13:01:06.812 +02:00 [INF] Request starting HTTP/1.1 GET http://localhost:5196/api/boards/getById/1 - null null
2025-04-03 13:01:06.826 +02:00 [INF] CORS policy execution successful.
2025-04-03 13:01:06.828 +02:00 [INF] Executing endpoint 'Trello.Controller.BoardController.GetById (Trello)'
2025-04-03 13:01:06.834 +02:00 [INF] Route matched with {action = "GetById", controller = "Board"}. Executing controller action with signature System.Threading.Tasks.Task`1[Microsoft.AspNetCore.Mvc.IActionResult] GetById(Int32) on controller Trello.Controller.BoardController (Trello).
2025-04-03 13:01:06.850 +02:00 [INF] Executed DbCommand (4ms) [Parameters=[@__id_0='?' (DbType = Int32)], CommandType='"Text"', CommandTimeout='30']
SELECT b0."Id", b0."ActiveSprintId", b0."Description", b0."Name", b0."ProjectId", s."Id", s."BoardId", s."Name", s."Id0", s."ColumnId", s."Description", s."DueDate", s."SprintId", s."Title"
FROM (
    SELECT b."Id", b."ActiveSprintId", b."Description", b."Name", b."ProjectId"
    FROM "Boards" AS b
    WHERE b."Id" = @__id_0
    LIMIT 1
) AS b0
LEFT JOIN (
    SELECT c."Id", c."BoardId", c."Name", c0."Id" AS "Id0", c0."ColumnId", c0."Description", c0."DueDate", c0."SprintId", c0."Title"
    FROM "Columns" AS c
    LEFT JOIN "Cards" AS c0 ON c."Id" = c0."ColumnId"
) AS s ON b0."Id" = s."BoardId"
ORDER BY b0."Id", s."Id"
2025-04-03 13:01:06.872 +02:00 [INF] Executing OkObjectResult, writing value of type 'Trello.DTOs.BoardDto'.
2025-04-03 13:01:06.876 +02:00 [INF] Executed action Trello.Controller.BoardController.GetById (Trello) in 31.9691ms
2025-04-03 13:01:06.885 +02:00 [INF] Executed endpoint 'Trello.Controller.BoardController.GetById (Trello)'
2025-04-03 13:01:06.890 +02:00 [INF] Request finished HTTP/1.1 GET http://localhost:5196/api/boards/getById/1 - 200 null application/json; charset=utf-8 78.0196ms
2025-04-03 13:09:57.480 +02:00 [INF] Request starting HTTP/1.1 OPTIONS http://localhost:5196/api/boards/getById/1 - null null
2025-04-03 13:09:57.491 +02:00 [INF] CORS policy execution successful.
2025-04-03 13:09:57.499 +02:00 [INF] Request finished HTTP/1.1 OPTIONS http://localhost:5196/api/boards/getById/1 - 204 null null 19.3011ms
2025-04-03 13:09:57.517 +02:00 [INF] Request starting HTTP/1.1 GET http://localhost:5196/api/boards/getById/1 - null null
2025-04-03 13:09:57.528 +02:00 [INF] CORS policy execution successful.
2025-04-03 13:09:57.531 +02:00 [INF] Executing endpoint 'Trello.Controller.BoardController.GetById (Trello)'
2025-04-03 13:09:57.537 +02:00 [INF] Route matched with {action = "GetById", controller = "Board"}. Executing controller action with signature System.Threading.Tasks.Task`1[Microsoft.AspNetCore.Mvc.IActionResult] GetById(Int32) on controller Trello.Controller.BoardController (Trello).
2025-04-03 13:09:57.613 +02:00 [INF] Executed DbCommand (9ms) [Parameters=[@__id_0='?' (DbType = Int32)], CommandType='"Text"', CommandTimeout='30']
SELECT b0."Id", b0."ActiveSprintId", b0."Description", b0."Name", b0."ProjectId", s."Id", s."BoardId", s."Name", s."Id0", s."ColumnId", s."Description", s."DueDate", s."SprintId", s."Title"
FROM (
    SELECT b."Id", b."ActiveSprintId", b."Description", b."Name", b."ProjectId"
    FROM "Boards" AS b
    WHERE b."Id" = @__id_0
    LIMIT 1
) AS b0
LEFT JOIN (
    SELECT c."Id", c."BoardId", c."Name", c0."Id" AS "Id0", c0."ColumnId", c0."Description", c0."DueDate", c0."SprintId", c0."Title"
    FROM "Columns" AS c
    LEFT JOIN "Cards" AS c0 ON c."Id" = c0."ColumnId"
) AS s ON b0."Id" = s."BoardId"
ORDER BY b0."Id", s."Id"
2025-04-03 13:09:57.651 +02:00 [INF] Executing OkObjectResult, writing value of type 'Trello.DTOs.BoardDto'.
2025-04-03 13:09:57.656 +02:00 [INF] Executed action Trello.Controller.BoardController.GetById (Trello) in 109.4862ms
2025-04-03 13:09:57.668 +02:00 [INF] Executed endpoint 'Trello.Controller.BoardController.GetById (Trello)'
2025-04-03 13:09:57.673 +02:00 [INF] Request finished HTTP/1.1 GET http://localhost:5196/api/boards/getById/1 - 200 null application/json; charset=utf-8 156.5614ms
2025-04-03 13:09:59.068 +02:00 [INF] Request starting HTTP/1.1 OPTIONS http://localhost:5196/api/card/move - null null
2025-04-03 13:09:59.086 +02:00 [INF] CORS policy execution successful.
2025-04-03 13:09:59.093 +02:00 [INF] Request finished HTTP/1.1 OPTIONS http://localhost:5196/api/card/move - 204 null null 25.4869ms
2025-04-03 13:09:59.106 +02:00 [INF] Request starting HTTP/1.1 PUT http://localhost:5196/api/card/move - application/json 25
2025-04-03 13:09:59.191 +02:00 [INF] Failed to validate the token.
Microsoft.IdentityModel.Tokens.SecurityTokenMalformedException: IDX14100: JWT is not well formed, there are no dots (.).
The token needs to be in JWS or JWE Compact Serialization Format. (JWS): 'EncodedHeader.EndcodedPayload.EncodedSignature'. (JWE): 'EncodedProtectedHeader.EncodedEncryptedKey.EncodedInitializationVector.EncodedCiphertext.EncodedAuthenticationTag'.
 ---> Microsoft.IdentityModel.Tokens.SecurityTokenMalformedException: IDX14100: JWT is not well formed, there are no dots (.).
The token needs to be in JWS or JWE Compact Serialization Format. (JWS): 'EncodedHeader.EndcodedPayload.EncodedSignature'. (JWE): 'EncodedProtectedHeader.EncodedEncryptedKey.EncodedInitializationVector.EncodedCiphertext.EncodedAuthenticationTag'.
   at Microsoft.IdentityModel.JsonWebTokens.JsonWebToken.ReadToken(String encodedJson)
   at Microsoft.IdentityModel.JsonWebTokens.JsonWebToken..ctor(String jwtEncodedString)
   at Microsoft.IdentityModel.JsonWebTokens.JsonWebTokenHandler.ReadToken(String token, TokenValidationParameters validationParameters)
   --- End of inner exception stack trace ---
2025-04-03 13:09:59.217 +02:00 [INF] Bearer was not authenticated. Failure message: IDX14100: JWT is not well formed, there are no dots (.).
The token needs to be in JWS or JWE Compact Serialization Format. (JWS): 'EncodedHeader.EndcodedPayload.EncodedSignature'. (JWE): 'EncodedProtectedHeader.EncodedEncryptedKey.EncodedInitializationVector.EncodedCiphertext.EncodedAuthenticationTag'.
2025-04-03 13:09:59.227 +02:00 [INF] CORS policy execution successful.
2025-04-03 13:09:59.231 +02:00 [INF] Executing endpoint 'Trello.Controller.CardController.MoveCard (Trello)'
2025-04-03 13:09:59.238 +02:00 [INF] Route matched with {action = "MoveCard", controller = "Card"}. Executing controller action with signature System.Threading.Tasks.Task`1[Microsoft.AspNetCore.Mvc.IActionResult] MoveCard(Trello.DTOs.MoveCardDto) on controller Trello.Controller.CardController (Trello).
2025-04-03 13:09:59.260 +02:00 [INF] Executed DbCommand (6ms) [Parameters=[@__id_0='?' (DbType = Int32)], CommandType='"Text"', CommandTimeout='30']
SELECT c1."Id", c1."ColumnId", c1."Description", c1."DueDate", c1."SprintId", c1."Title", c0."Id", c0."AuthorId", c0."CardId", c0."CreatedAt", c0."Text"
FROM (
    SELECT c."Id", c."ColumnId", c."Description", c."DueDate", c."SprintId", c."Title"
    FROM "Cards" AS c
    WHERE c."Id" = @__id_0
    LIMIT 1
) AS c1
LEFT JOIN "Comments" AS c0 ON c1."Id" = c0."CardId"
ORDER BY c1."Id"
2025-04-03 13:09:59.292 +02:00 [INF] Successiffuly fetching card with id 1
2025-04-03 13:09:59.297 +02:00 [INF] Executed DbCommand (2ms) [Parameters=[@__id_0='?' (DbType = Int32)], CommandType='"Text"', CommandTimeout='30']
SELECT c1."Id", c1."BoardId", c1."Name", c0."Id", c0."ColumnId", c0."Description", c0."DueDate", c0."SprintId", c0."Title"
FROM (
    SELECT c."Id", c."BoardId", c."Name"
    FROM "Columns" AS c
    WHERE c."Id" = @__id_0
    LIMIT 1
) AS c1
LEFT JOIN "Cards" AS c0 ON c1."Id" = c0."ColumnId"
ORDER BY c1."Id"
2025-04-03 13:09:59.311 +02:00 [INF] Successiffuly fetching column with id 3
2025-04-03 13:09:59.319 +02:00 [INF] Successiffuly updated card with id 1
2025-04-03 13:09:59.326 +02:00 [INF] Executed DbCommand (2ms) [Parameters=[@p5='?' (DbType = Int32), @p0='?' (DbType = Int32), @p1='?', @p2='?' (DbType = DateTime), @p3='?' (DbType = Int32), @p4='?'], CommandType='"Text"', CommandTimeout='30']
UPDATE "Cards" SET "ColumnId" = @p0, "Description" = @p1, "DueDate" = @p2, "SprintId" = @p3, "Title" = @p4
WHERE "Id" = @p5;
2025-04-03 13:09:59.341 +02:00 [INF] Executing OkObjectResult, writing value of type 'FluentResults.Result'.
2025-04-03 13:09:59.348 +02:00 [INF] Executed action Trello.Controller.CardController.MoveCard (Trello) in 99.4098ms
2025-04-03 13:09:59.355 +02:00 [INF] Executed endpoint 'Trello.Controller.CardController.MoveCard (Trello)'
2025-04-03 13:09:59.364 +02:00 [INF] Request finished HTTP/1.1 PUT http://localhost:5196/api/card/move - 200 null application/json; charset=utf-8 258.5861ms
2025-04-03 13:09:59.397 +02:00 [INF] Request starting HTTP/1.1 GET http://localhost:5196/api/boards/getById/1 - null null
2025-04-03 13:09:59.412 +02:00 [INF] CORS policy execution successful.
2025-04-03 13:09:59.417 +02:00 [INF] Executing endpoint 'Trello.Controller.BoardController.GetById (Trello)'
2025-04-03 13:09:59.425 +02:00 [INF] Route matched with {action = "GetById", controller = "Board"}. Executing controller action with signature System.Threading.Tasks.Task`1[Microsoft.AspNetCore.Mvc.IActionResult] GetById(Int32) on controller Trello.Controller.BoardController (Trello).
2025-04-03 13:09:59.444 +02:00 [INF] Executed DbCommand (2ms) [Parameters=[@__id_0='?' (DbType = Int32)], CommandType='"Text"', CommandTimeout='30']
SELECT b0."Id", b0."ActiveSprintId", b0."Description", b0."Name", b0."ProjectId", s."Id", s."BoardId", s."Name", s."Id0", s."ColumnId", s."Description", s."DueDate", s."SprintId", s."Title"
FROM (
    SELECT b."Id", b."ActiveSprintId", b."Description", b."Name", b."ProjectId"
    FROM "Boards" AS b
    WHERE b."Id" = @__id_0
    LIMIT 1
) AS b0
LEFT JOIN (
    SELECT c."Id", c."BoardId", c."Name", c0."Id" AS "Id0", c0."ColumnId", c0."Description", c0."DueDate", c0."SprintId", c0."Title"
    FROM "Columns" AS c
    LEFT JOIN "Cards" AS c0 ON c."Id" = c0."ColumnId"
) AS s ON b0."Id" = s."BoardId"
ORDER BY b0."Id", s."Id"
2025-04-03 13:09:59.465 +02:00 [INF] Executing OkObjectResult, writing value of type 'Trello.DTOs.BoardDto'.
2025-04-03 13:09:59.475 +02:00 [INF] Executed action Trello.Controller.BoardController.GetById (Trello) in 35.838ms
2025-04-03 13:09:59.486 +02:00 [INF] Executed endpoint 'Trello.Controller.BoardController.GetById (Trello)'
2025-04-03 13:09:59.491 +02:00 [INF] Request finished HTTP/1.1 GET http://localhost:5196/api/boards/getById/1 - 200 null application/json; charset=utf-8 94.663ms
2025-04-03 13:10:00.609 +02:00 [INF] Request starting HTTP/1.1 PUT http://localhost:5196/api/card/move - application/json 25
2025-04-03 13:10:00.664 +02:00 [INF] Failed to validate the token.
Microsoft.IdentityModel.Tokens.SecurityTokenMalformedException: IDX14100: JWT is not well formed, there are no dots (.).
The token needs to be in JWS or JWE Compact Serialization Format. (JWS): 'EncodedHeader.EndcodedPayload.EncodedSignature'. (JWE): 'EncodedProtectedHeader.EncodedEncryptedKey.EncodedInitializationVector.EncodedCiphertext.EncodedAuthenticationTag'.
 ---> Microsoft.IdentityModel.Tokens.SecurityTokenMalformedException: IDX14100: JWT is not well formed, there are no dots (.).
The token needs to be in JWS or JWE Compact Serialization Format. (JWS): 'EncodedHeader.EndcodedPayload.EncodedSignature'. (JWE): 'EncodedProtectedHeader.EncodedEncryptedKey.EncodedInitializationVector.EncodedCiphertext.EncodedAuthenticationTag'.
   at Microsoft.IdentityModel.JsonWebTokens.JsonWebToken.ReadToken(String encodedJson)
   at Microsoft.IdentityModel.JsonWebTokens.JsonWebToken..ctor(String jwtEncodedString)
   at Microsoft.IdentityModel.JsonWebTokens.JsonWebTokenHandler.ReadToken(String token, TokenValidationParameters validationParameters)
   --- End of inner exception stack trace ---
2025-04-03 13:10:00.708 +02:00 [INF] Bearer was not authenticated. Failure message: IDX14100: JWT is not well formed, there are no dots (.).
The token needs to be in JWS or JWE Compact Serialization Format. (JWS): 'EncodedHeader.EndcodedPayload.EncodedSignature'. (JWE): 'EncodedProtectedHeader.EncodedEncryptedKey.EncodedInitializationVector.EncodedCiphertext.EncodedAuthenticationTag'.
2025-04-03 13:10:00.717 +02:00 [INF] CORS policy execution successful.
2025-04-03 13:10:00.721 +02:00 [INF] Executing endpoint 'Trello.Controller.CardController.MoveCard (Trello)'
2025-04-03 13:10:00.727 +02:00 [INF] Route matched with {action = "MoveCard", controller = "Card"}. Executing controller action with signature System.Threading.Tasks.Task`1[Microsoft.AspNetCore.Mvc.IActionResult] MoveCard(Trello.DTOs.MoveCardDto) on controller Trello.Controller.CardController (Trello).
2025-04-03 13:10:00.740 +02:00 [INF] Executed DbCommand (3ms) [Parameters=[@__id_0='?' (DbType = Int32)], CommandType='"Text"', CommandTimeout='30']
SELECT c1."Id", c1."ColumnId", c1."Description", c1."DueDate", c1."SprintId", c1."Title", c0."Id", c0."AuthorId", c0."CardId", c0."CreatedAt", c0."Text"
FROM (
    SELECT c."Id", c."ColumnId", c."Description", c."DueDate", c."SprintId", c."Title"
    FROM "Cards" AS c
    WHERE c."Id" = @__id_0
    LIMIT 1
) AS c1
LEFT JOIN "Comments" AS c0 ON c1."Id" = c0."CardId"
ORDER BY c1."Id"
2025-04-03 13:10:00.759 +02:00 [INF] Successiffuly fetching card with id 1
2025-04-03 13:10:00.764 +02:00 [INF] Executed DbCommand (2ms) [Parameters=[@__id_0='?' (DbType = Int32)], CommandType='"Text"', CommandTimeout='30']
SELECT c1."Id", c1."BoardId", c1."Name", c0."Id", c0."ColumnId", c0."Description", c0."DueDate", c0."SprintId", c0."Title"
FROM (
    SELECT c."Id", c."BoardId", c."Name"
    FROM "Columns" AS c
    WHERE c."Id" = @__id_0
    LIMIT 1
) AS c1
LEFT JOIN "Cards" AS c0 ON c1."Id" = c0."ColumnId"
ORDER BY c1."Id"
2025-04-03 13:10:00.780 +02:00 [INF] Successiffuly fetching column with id 2
2025-04-03 13:10:00.783 +02:00 [INF] Successiffuly updated card with id 1
2025-04-03 13:10:00.790 +02:00 [INF] Executed DbCommand (1ms) [Parameters=[@p5='?' (DbType = Int32), @p0='?' (DbType = Int32), @p1='?', @p2='?' (DbType = DateTime), @p3='?' (DbType = Int32), @p4='?'], CommandType='"Text"', CommandTimeout='30']
UPDATE "Cards" SET "ColumnId" = @p0, "Description" = @p1, "DueDate" = @p2, "SprintId" = @p3, "Title" = @p4
WHERE "Id" = @p5;
2025-04-03 13:10:00.801 +02:00 [INF] Executing OkObjectResult, writing value of type 'FluentResults.Result'.
2025-04-03 13:10:00.810 +02:00 [INF] Executed action Trello.Controller.CardController.MoveCard (Trello) in 74.314ms
2025-04-03 13:10:00.816 +02:00 [INF] Executed endpoint 'Trello.Controller.CardController.MoveCard (Trello)'
2025-04-03 13:10:00.826 +02:00 [INF] Request finished HTTP/1.1 PUT http://localhost:5196/api/card/move - 200 null application/json; charset=utf-8 216.8452ms
2025-04-03 13:10:00.869 +02:00 [INF] Request starting HTTP/1.1 GET http://localhost:5196/api/boards/getById/1 - null null
2025-04-03 13:10:00.903 +02:00 [INF] CORS policy execution successful.
2025-04-03 13:10:00.908 +02:00 [INF] Executing endpoint 'Trello.Controller.BoardController.GetById (Trello)'
2025-04-03 13:10:00.919 +02:00 [INF] Route matched with {action = "GetById", controller = "Board"}. Executing controller action with signature System.Threading.Tasks.Task`1[Microsoft.AspNetCore.Mvc.IActionResult] GetById(Int32) on controller Trello.Controller.BoardController (Trello).
2025-04-03 13:10:00.938 +02:00 [INF] Executed DbCommand (2ms) [Parameters=[@__id_0='?' (DbType = Int32)], CommandType='"Text"', CommandTimeout='30']
SELECT b0."Id", b0."ActiveSprintId", b0."Description", b0."Name", b0."ProjectId", s."Id", s."BoardId", s."Name", s."Id0", s."ColumnId", s."Description", s."DueDate", s."SprintId", s."Title"
FROM (
    SELECT b."Id", b."ActiveSprintId", b."Description", b."Name", b."ProjectId"
    FROM "Boards" AS b
    WHERE b."Id" = @__id_0
    LIMIT 1
) AS b0
LEFT JOIN (
    SELECT c."Id", c."BoardId", c."Name", c0."Id" AS "Id0", c0."ColumnId", c0."Description", c0."DueDate", c0."SprintId", c0."Title"
    FROM "Columns" AS c
    LEFT JOIN "Cards" AS c0 ON c."Id" = c0."ColumnId"
) AS s ON b0."Id" = s."BoardId"
ORDER BY b0."Id", s."Id"
2025-04-03 13:10:00.965 +02:00 [INF] Executing OkObjectResult, writing value of type 'Trello.DTOs.BoardDto'.
2025-04-03 13:10:00.970 +02:00 [INF] Executed action Trello.Controller.BoardController.GetById (Trello) in 34.6743ms
2025-04-03 13:10:00.977 +02:00 [INF] Executed endpoint 'Trello.Controller.BoardController.GetById (Trello)'
2025-04-03 13:10:00.982 +02:00 [INF] Request finished HTTP/1.1 GET http://localhost:5196/api/boards/getById/1 - 200 null application/json; charset=utf-8 113.5165ms
2025-04-03 13:10:01.916 +02:00 [INF] Request starting HTTP/1.1 PUT http://localhost:5196/api/card/move - application/json 25
2025-04-03 13:10:01.969 +02:00 [INF] Failed to validate the token.
Microsoft.IdentityModel.Tokens.SecurityTokenMalformedException: IDX14100: JWT is not well formed, there are no dots (.).
The token needs to be in JWS or JWE Compact Serialization Format. (JWS): 'EncodedHeader.EndcodedPayload.EncodedSignature'. (JWE): 'EncodedProtectedHeader.EncodedEncryptedKey.EncodedInitializationVector.EncodedCiphertext.EncodedAuthenticationTag'.
 ---> Microsoft.IdentityModel.Tokens.SecurityTokenMalformedException: IDX14100: JWT is not well formed, there are no dots (.).
The token needs to be in JWS or JWE Compact Serialization Format. (JWS): 'EncodedHeader.EndcodedPayload.EncodedSignature'. (JWE): 'EncodedProtectedHeader.EncodedEncryptedKey.EncodedInitializationVector.EncodedCiphertext.EncodedAuthenticationTag'.
   at Microsoft.IdentityModel.JsonWebTokens.JsonWebToken.ReadToken(String encodedJson)
   at Microsoft.IdentityModel.JsonWebTokens.JsonWebToken..ctor(String jwtEncodedString)
   at Microsoft.IdentityModel.JsonWebTokens.JsonWebTokenHandler.ReadToken(String token, TokenValidationParameters validationParameters)
   --- End of inner exception stack trace ---
2025-04-03 13:10:01.998 +02:00 [INF] Bearer was not authenticated. Failure message: IDX14100: JWT is not well formed, there are no dots (.).
The token needs to be in JWS or JWE Compact Serialization Format. (JWS): 'EncodedHeader.EndcodedPayload.EncodedSignature'. (JWE): 'EncodedProtectedHeader.EncodedEncryptedKey.EncodedInitializationVector.EncodedCiphertext.EncodedAuthenticationTag'.
2025-04-03 13:10:02.008 +02:00 [INF] CORS policy execution successful.
2025-04-03 13:10:02.011 +02:00 [INF] Executing endpoint 'Trello.Controller.CardController.MoveCard (Trello)'
2025-04-03 13:10:02.014 +02:00 [INF] Route matched with {action = "MoveCard", controller = "Card"}. Executing controller action with signature System.Threading.Tasks.Task`1[Microsoft.AspNetCore.Mvc.IActionResult] MoveCard(Trello.DTOs.MoveCardDto) on controller Trello.Controller.CardController (Trello).
2025-04-03 13:10:02.028 +02:00 [INF] Executed DbCommand (1ms) [Parameters=[@__id_0='?' (DbType = Int32)], CommandType='"Text"', CommandTimeout='30']
SELECT c1."Id", c1."ColumnId", c1."Description", c1."DueDate", c1."SprintId", c1."Title", c0."Id", c0."AuthorId", c0."CardId", c0."CreatedAt", c0."Text"
FROM (
    SELECT c."Id", c."ColumnId", c."Description", c."DueDate", c."SprintId", c."Title"
    FROM "Cards" AS c
    WHERE c."Id" = @__id_0
    LIMIT 1
) AS c1
LEFT JOIN "Comments" AS c0 ON c1."Id" = c0."CardId"
ORDER BY c1."Id"
2025-04-03 13:10:02.044 +02:00 [INF] Successiffuly fetching card with id 1
2025-04-03 13:10:02.052 +02:00 [INF] Executed DbCommand (2ms) [Parameters=[@__id_0='?' (DbType = Int32)], CommandType='"Text"', CommandTimeout='30']
SELECT c1."Id", c1."BoardId", c1."Name", c0."Id", c0."ColumnId", c0."Description", c0."DueDate", c0."SprintId", c0."Title"
FROM (
    SELECT c."Id", c."BoardId", c."Name"
    FROM "Columns" AS c
    WHERE c."Id" = @__id_0
    LIMIT 1
) AS c1
LEFT JOIN "Cards" AS c0 ON c1."Id" = c0."ColumnId"
ORDER BY c1."Id"
2025-04-03 13:10:02.069 +02:00 [INF] Successiffuly fetching column with id 1
2025-04-03 13:10:02.072 +02:00 [INF] Successiffuly updated card with id 1
2025-04-03 13:10:02.078 +02:00 [INF] Executed DbCommand (2ms) [Parameters=[@p5='?' (DbType = Int32), @p0='?' (DbType = Int32), @p1='?', @p2='?' (DbType = DateTime), @p3='?' (DbType = Int32), @p4='?'], CommandType='"Text"', CommandTimeout='30']
UPDATE "Cards" SET "ColumnId" = @p0, "Description" = @p1, "DueDate" = @p2, "SprintId" = @p3, "Title" = @p4
WHERE "Id" = @p5;
2025-04-03 13:10:02.092 +02:00 [INF] Executing OkObjectResult, writing value of type 'FluentResults.Result'.
2025-04-03 13:10:02.101 +02:00 [INF] Executed action Trello.Controller.CardController.MoveCard (Trello) in 75.7895ms
2025-04-03 13:10:02.108 +02:00 [INF] Executed endpoint 'Trello.Controller.CardController.MoveCard (Trello)'
2025-04-03 13:10:02.114 +02:00 [INF] Request finished HTTP/1.1 PUT http://localhost:5196/api/card/move - 200 null application/json; charset=utf-8 197.6943ms
2025-04-03 13:10:02.145 +02:00 [INF] Request starting HTTP/1.1 GET http://localhost:5196/api/boards/getById/1 - null null
2025-04-03 13:10:02.159 +02:00 [INF] CORS policy execution successful.
2025-04-03 13:10:02.163 +02:00 [INF] Executing endpoint 'Trello.Controller.BoardController.GetById (Trello)'
2025-04-03 13:10:02.167 +02:00 [INF] Route matched with {action = "GetById", controller = "Board"}. Executing controller action with signature System.Threading.Tasks.Task`1[Microsoft.AspNetCore.Mvc.IActionResult] GetById(Int32) on controller Trello.Controller.BoardController (Trello).
2025-04-03 13:10:02.185 +02:00 [INF] Executed DbCommand (2ms) [Parameters=[@__id_0='?' (DbType = Int32)], CommandType='"Text"', CommandTimeout='30']
SELECT b0."Id", b0."ActiveSprintId", b0."Description", b0."Name", b0."ProjectId", s."Id", s."BoardId", s."Name", s."Id0", s."ColumnId", s."Description", s."DueDate", s."SprintId", s."Title"
FROM (
    SELECT b."Id", b."ActiveSprintId", b."Description", b."Name", b."ProjectId"
    FROM "Boards" AS b
    WHERE b."Id" = @__id_0
    LIMIT 1
) AS b0
LEFT JOIN (
    SELECT c."Id", c."BoardId", c."Name", c0."Id" AS "Id0", c0."ColumnId", c0."Description", c0."DueDate", c0."SprintId", c0."Title"
    FROM "Columns" AS c
    LEFT JOIN "Cards" AS c0 ON c."Id" = c0."ColumnId"
) AS s ON b0."Id" = s."BoardId"
ORDER BY b0."Id", s."Id"
2025-04-03 13:10:02.213 +02:00 [INF] Executing OkObjectResult, writing value of type 'Trello.DTOs.BoardDto'.
2025-04-03 13:10:02.224 +02:00 [INF] Executed action Trello.Controller.BoardController.GetById (Trello) in 44.44ms
2025-04-03 13:10:02.231 +02:00 [INF] Executed endpoint 'Trello.Controller.BoardController.GetById (Trello)'
2025-04-03 13:10:02.238 +02:00 [INF] Request finished HTTP/1.1 GET http://localhost:5196/api/boards/getById/1 - 200 null application/json; charset=utf-8 93.0978ms
2025-04-03 13:40:01.032 +02:00 [INF] User profile is available. Using 'C:\Users\User\AppData\Local\ASP.NET\DataProtection-Keys' as key repository and Windows DPAPI to encrypt keys at rest.
2025-04-03 13:40:05.663 +02:00 [INF] Now listening on: http://localhost:5196
2025-04-03 13:40:05.680 +02:00 [INF] Application started. Press Ctrl+C to shut down.
2025-04-03 13:40:05.703 +02:00 [INF] Hosting environment: Development
2025-04-03 13:40:06.563 +02:00 [INF] Content root path: C:\Users\User\Desktop\TaskManagment\Trello
2025-04-03 13:40:07.779 +02:00 [INF] Request starting HTTP/1.1 GET http://localhost:5196// - null null
2025-04-03 13:40:07.957 +02:00 [WRN] Failed to determine the https port for redirect.
2025-04-03 13:40:08.692 +02:00 [INF] Request finished HTTP/1.1 GET http://localhost:5196// - 404 0 null 953.1947ms
2025-04-03 13:40:09.406 +02:00 [INF] Request reached the end of the middleware pipeline without being handled by application code. Request path: GET http://localhost:5196//, Response status code: 404
