2025-03-28 11:25:44.429 +01:00 [INF] User profile is available. Using 'C:\Users\User\AppData\Local\ASP.NET\DataProtection-Keys' as key repository and Windows DPAPI to encrypt keys at rest.
2025-03-28 11:25:44.957 +01:00 [INF] Now listening on: http://localhost:5196
2025-03-28 11:25:44.980 +01:00 [INF] Application started. Press Ctrl+C to shut down.
2025-03-28 11:25:45.151 +01:00 [INF] Hosting environment: Development
2025-03-28 11:25:45.455 +01:00 [INF] Content root path: C:\Users\User\Desktop\Trello
2025-03-28 11:25:46.704 +01:00 [INF] Request starting HTTP/1.1 GET http://localhost:5196// - null null
2025-03-28 11:25:46.835 +01:00 [WRN] Failed to determine the https port for redirect.
2025-03-28 11:25:47.219 +01:00 [INF] Request finished HTTP/1.1 GET http://localhost:5196// - 404 0 null 548.7066ms
2025-03-28 11:25:47.848 +01:00 [INF] Request reached the end of the middleware pipeline without being handled by application code. Request path: GET http://localhost:5196//, Response status code: 404
2025-03-28 11:25:56.843 +01:00 [INF] Request starting HTTP/1.1 OPTIONS http://localhost:5196/api/auth/login - null null
2025-03-28 11:25:56.867 +01:00 [INF] CORS policy execution successful.
2025-03-28 11:25:56.878 +01:00 [INF] Request finished HTTP/1.1 OPTIONS http://localhost:5196/api/auth/login - 204 null null 37.2684ms
2025-03-28 11:25:56.896 +01:00 [INF] Request starting HTTP/1.1 POST http://localhost:5196/api/auth/login - application/json 41
2025-03-28 11:25:56.916 +01:00 [INF] CORS policy execution successful.
2025-03-28 11:25:56.927 +01:00 [INF] Executing endpoint 'Trello.Controller.AuthController.Login (Trello)'
2025-03-28 11:25:57.039 +01:00 [INF] Route matched with {action = "Login", controller = "Auth"}. Executing controller action with signature System.Threading.Tasks.Task`1[Microsoft.AspNetCore.Mvc.IActionResult] Login(Trello.DTOs.UserLoginDto) on controller Trello.Controller.AuthController (Trello).
2025-03-28 11:26:02.512 +01:00 [INF] Executed DbCommand (163ms) [Parameters=[@__normalizedUserName_0='?'], CommandType='"Text"', CommandTimeout='30']
SELECT u."Id", u."AccessFailedCount", u."ConcurrencyStamp", u."CreatedAt", u."Email", u."EmailConfirmed", u."FirstName", u."LastName", u."LockoutEnabled", u."LockoutEnd", u."NormalizedEmail", u."NormalizedUserName", u."PasswordHash", u."PhoneNumber", u."PhoneNumberConfirmed", u."RefreshToken", u."RefreshTokenExpiry", u."SecurityStamp", u."TwoFactorEnabled", u."UserName"
FROM "Users" AS u
WHERE u."NormalizedUserName" = @__normalizedUserName_0
LIMIT 1
2025-03-28 11:26:03.397 +01:00 [INF] Executing OkObjectResult, writing value of type 'FluentResults.Result`1[[Trello.DTOs.AuthResponseDto, Trello, Version=1.0.0.0, Culture=neutral, PublicKeyToken=null]]'.
2025-03-28 11:26:03.552 +01:00 [INF] Executed action Trello.Controller.AuthController.Login (Trello) in 6483.1714ms
2025-03-28 11:26:03.564 +01:00 [INF] Executed endpoint 'Trello.Controller.AuthController.Login (Trello)'
2025-03-28 11:26:03.625 +01:00 [INF] Request finished HTTP/1.1 POST http://localhost:5196/api/auth/login - 200 null application/json; charset=utf-8 6727.9157ms
2025-03-28 11:26:05.178 +01:00 [INF] Request starting HTTP/1.1 OPTIONS http://localhost:5196/api/user/getById/5 - null null
2025-03-28 11:26:05.226 +01:00 [INF] CORS policy execution successful.
2025-03-28 11:26:05.238 +01:00 [INF] Request finished HTTP/1.1 OPTIONS http://localhost:5196/api/user/getById/5 - 204 null null 59.8531ms
2025-03-28 11:26:05.271 +01:00 [INF] Request starting HTTP/1.1 GET http://localhost:5196/api/user/getById/5 - null null
2025-03-28 11:26:05.483 +01:00 [INF] CORS policy execution successful.
2025-03-28 11:26:05.490 +01:00 [INF] Executing endpoint 'Trello.Controller.UserController.GetUserById (Trello)'
2025-03-28 11:26:05.529 +01:00 [INF] Route matched with {action = "GetUserById", controller = "User"}. Executing controller action with signature System.Threading.Tasks.Task`1[Microsoft.AspNetCore.Mvc.IActionResult] GetUserById(Int32) on controller Trello.Controller.UserController (Trello).
2025-03-28 11:26:05.848 +01:00 [INF] Executed DbCommand (19ms) [Parameters=[@__id_0='?' (DbType = Int32)], CommandType='"Text"', CommandTimeout='30']
SELECT u."Id", u."AccessFailedCount", u."ConcurrencyStamp", u."CreatedAt", u."Email", u."EmailConfirmed", u."FirstName", u."LastName", u."LockoutEnabled", u."LockoutEnd", u."NormalizedEmail", u."NormalizedUserName", u."PasswordHash", u."PhoneNumber", u."PhoneNumberConfirmed", u."RefreshToken", u."RefreshTokenExpiry", u."SecurityStamp", u."TwoFactorEnabled", u."UserName"
FROM "Users" AS u
WHERE u."Id" = @__id_0
LIMIT 1
2025-03-28 11:26:05.882 +01:00 [INF] Executing OkObjectResult, writing value of type 'Trello.DTOs.UserDto'.
2025-03-28 11:26:05.910 +01:00 [INF] Executed action Trello.Controller.UserController.GetUserById (Trello) in 351.7401ms
2025-03-28 11:26:05.931 +01:00 [INF] Executed endpoint 'Trello.Controller.UserController.GetUserById (Trello)'
2025-03-28 11:26:05.953 +01:00 [INF] Request finished HTTP/1.1 GET http://localhost:5196/api/user/getById/5 - 200 null application/json; charset=utf-8 681.7525ms
2025-03-28 11:26:06.089 +01:00 [INF] Request starting HTTP/1.1 GET http://localhost:5196/api/projects/getUserProjects/5 - null null
2025-03-28 11:26:06.105 +01:00 [INF] CORS policy execution successful.
2025-03-28 11:26:06.113 +01:00 [INF] Executing endpoint 'Trello.Controller.ProjectController.GetUserProjects (Trello)'
2025-03-28 11:26:06.126 +01:00 [INF] Route matched with {action = "GetUserProjects", controller = "Project"}. Executing controller action with signature System.Threading.Tasks.Task`1[Microsoft.AspNetCore.Mvc.IActionResult] GetUserProjects(Int32) on controller Trello.Controller.ProjectController (Trello).
2025-03-28 11:27:05.667 +01:00 [INF] User profile is available. Using 'C:\Users\User\AppData\Local\ASP.NET\DataProtection-Keys' as key repository and Windows DPAPI to encrypt keys at rest.
2025-03-28 11:27:06.087 +01:00 [INF] Now listening on: http://localhost:5196
2025-03-28 11:27:06.099 +01:00 [INF] Application started. Press Ctrl+C to shut down.
2025-03-28 11:27:06.104 +01:00 [INF] Hosting environment: Development
2025-03-28 11:27:06.110 +01:00 [INF] Content root path: C:\Users\User\Desktop\Trello
2025-03-28 11:27:07.347 +01:00 [INF] Request starting HTTP/1.1 GET http://localhost:5196// - null null
2025-03-28 11:27:07.484 +01:00 [WRN] Failed to determine the https port for redirect.
2025-03-28 11:27:07.770 +01:00 [INF] Request finished HTTP/1.1 GET http://localhost:5196// - 404 0 null 466.3041ms
2025-03-28 11:27:08.017 +01:00 [INF] Request reached the end of the middleware pipeline without being handled by application code. Request path: GET http://localhost:5196//, Response status code: 404
2025-03-28 11:27:19.530 +01:00 [INF] Request starting HTTP/1.1 OPTIONS http://localhost:5196/api/auth/login - null null
2025-03-28 11:27:19.611 +01:00 [INF] CORS policy execution successful.
2025-03-28 11:27:19.634 +01:00 [INF] Request finished HTTP/1.1 OPTIONS http://localhost:5196/api/auth/login - 204 null null 106.9565ms
2025-03-28 11:27:19.657 +01:00 [INF] Request starting HTTP/1.1 POST http://localhost:5196/api/auth/login - application/json 41
2025-03-28 11:27:19.679 +01:00 [INF] CORS policy execution successful.
2025-03-28 11:27:19.689 +01:00 [INF] Executing endpoint 'Trello.Controller.AuthController.Login (Trello)'
2025-03-28 11:27:19.801 +01:00 [INF] Route matched with {action = "Login", controller = "Auth"}. Executing controller action with signature System.Threading.Tasks.Task`1[Microsoft.AspNetCore.Mvc.IActionResult] Login(Trello.DTOs.UserLoginDto) on controller Trello.Controller.AuthController (Trello).
2025-03-28 11:27:24.053 +01:00 [INF] Executed DbCommand (193ms) [Parameters=[@__normalizedUserName_0='?'], CommandType='"Text"', CommandTimeout='30']
SELECT u."Id", u."AccessFailedCount", u."ConcurrencyStamp", u."CreatedAt", u."Email", u."EmailConfirmed", u."FirstName", u."LastName", u."LockoutEnabled", u."LockoutEnd", u."NormalizedEmail", u."NormalizedUserName", u."PasswordHash", u."PhoneNumber", u."PhoneNumberConfirmed", u."RefreshToken", u."RefreshTokenExpiry", u."SecurityStamp", u."TwoFactorEnabled", u."UserName"
FROM "Users" AS u
WHERE u."NormalizedUserName" = @__normalizedUserName_0
LIMIT 1
2025-03-28 11:27:24.899 +01:00 [INF] Executing OkObjectResult, writing value of type 'FluentResults.Result`1[[Trello.DTOs.AuthResponseDto, Trello, Version=1.0.0.0, Culture=neutral, PublicKeyToken=null]]'.
2025-03-28 11:27:25.034 +01:00 [INF] Executed action Trello.Controller.AuthController.Login (Trello) in 5202.6147ms
2025-03-28 11:27:25.046 +01:00 [INF] Executed endpoint 'Trello.Controller.AuthController.Login (Trello)'
2025-03-28 11:27:25.080 +01:00 [INF] Request finished HTTP/1.1 POST http://localhost:5196/api/auth/login - 200 null application/json; charset=utf-8 5421.5666ms
2025-03-28 11:27:27.254 +01:00 [INF] Request starting HTTP/1.1 OPTIONS http://localhost:5196/api/user/getById/5 - null null
2025-03-28 11:27:27.289 +01:00 [INF] CORS policy execution successful.
2025-03-28 11:27:27.306 +01:00 [INF] Request finished HTTP/1.1 OPTIONS http://localhost:5196/api/user/getById/5 - 204 null null 52.718ms
2025-03-28 11:27:27.371 +01:00 [INF] Request starting HTTP/1.1 GET http://localhost:5196/api/user/getById/5 - null null
2025-03-28 11:27:27.559 +01:00 [INF] CORS policy execution successful.
2025-03-28 11:27:27.568 +01:00 [INF] Executing endpoint 'Trello.Controller.UserController.GetUserById (Trello)'
2025-03-28 11:27:27.606 +01:00 [INF] Route matched with {action = "GetUserById", controller = "User"}. Executing controller action with signature System.Threading.Tasks.Task`1[Microsoft.AspNetCore.Mvc.IActionResult] GetUserById(Int32) on controller Trello.Controller.UserController (Trello).
2025-03-28 11:27:49.829 +01:00 [INF] Executed DbCommand (11ms) [Parameters=[@__id_0='?' (DbType = Int32)], CommandType='"Text"', CommandTimeout='30']
SELECT u."Id", u."AccessFailedCount", u."ConcurrencyStamp", u."CreatedAt", u."Email", u."EmailConfirmed", u."FirstName", u."LastName", u."LockoutEnabled", u."LockoutEnd", u."NormalizedEmail", u."NormalizedUserName", u."PasswordHash", u."PhoneNumber", u."PhoneNumberConfirmed", u."RefreshToken", u."RefreshTokenExpiry", u."SecurityStamp", u."TwoFactorEnabled", u."UserName"
FROM "Users" AS u
WHERE u."Id" = @__id_0
LIMIT 1
2025-03-28 11:28:30.990 +01:00 [INF] Executing OkObjectResult, writing value of type 'Trello.DTOs.UserDto'.
2025-03-28 11:28:35.259 +01:00 [INF] Executed action Trello.Controller.UserController.GetUserById (Trello) in 67627.587ms
2025-03-28 11:28:35.283 +01:00 [INF] Executed endpoint 'Trello.Controller.UserController.GetUserById (Trello)'
2025-03-28 11:28:35.306 +01:00 [INF] Request finished HTTP/1.1 GET http://localhost:5196/api/user/getById/5 - 200 null application/json; charset=utf-8 67926.368ms
2025-03-28 11:28:35.376 +01:00 [INF] Request starting HTTP/1.1 GET http://localhost:5196/api/projects/getUserProjects/5 - null null
2025-03-28 11:28:35.495 +01:00 [INF] CORS policy execution successful.
2025-03-28 11:28:35.510 +01:00 [INF] Executing endpoint 'Trello.Controller.ProjectController.GetUserProjects (Trello)'
2025-03-28 11:28:35.530 +01:00 [INF] Route matched with {action = "GetUserProjects", controller = "Project"}. Executing controller action with signature System.Threading.Tasks.Task`1[Microsoft.AspNetCore.Mvc.IActionResult] GetUserProjects(Int32) on controller Trello.Controller.ProjectController (Trello).
