2025-04-02 11:21:38.931 +02:00 [INF] User profile is available. Using 'C:\Users\User\AppData\Local\ASP.NET\DataProtection-Keys' as key repository and Windows DPAPI to encrypt keys at rest.
2025-04-02 11:21:39.282 +02:00 [INF] Now listening on: http://localhost:5196
2025-04-02 11:21:39.288 +02:00 [INF] Application started. Press Ctrl+C to shut down.
2025-04-02 11:21:39.291 +02:00 [INF] Hosting environment: Development
2025-04-02 11:21:39.293 +02:00 [INF] Content root path: C:\Users\User\Desktop\TaskManagment\Trello
2025-04-02 11:21:40.723 +02:00 [INF] Request starting HTTP/1.1 GET http://localhost:5196// - null null
2025-04-02 11:21:40.806 +02:00 [WRN] Failed to determine the https port for redirect.
2025-04-02 11:21:41.157 +02:00 [INF] Request finished HTTP/1.1 GET http://localhost:5196// - 404 0 null 452.0854ms
2025-04-02 11:21:41.183 +02:00 [INF] Request reached the end of the middleware pipeline without being handled by application code. Request path: GET http://localhost:5196//, Response status code: 404
2025-04-02 11:21:55.507 +02:00 [INF] Request starting HTTP/1.1 OPTIONS http://localhost:5196/api/user/getById/1 - null null
2025-04-02 11:21:55.542 +02:00 [INF] CORS policy execution successful.
2025-04-02 11:21:55.552 +02:00 [INF] Request finished HTTP/1.1 OPTIONS http://localhost:5196/api/user/getById/1 - 204 null null 47.0791ms
2025-04-02 11:21:55.573 +02:00 [INF] Request starting HTTP/1.1 GET http://localhost:5196/api/user/getById/1 - null null
2025-04-02 11:21:56.469 +02:00 [INF] CORS policy execution successful.
2025-04-02 11:21:56.474 +02:00 [INF] Executing endpoint 'Trello.Controller.UserController.GetUserById (Trello)'
2025-04-02 11:21:56.524 +02:00 [INF] Route matched with {action = "GetUserById", controller = "User"}. Executing controller action with signature System.Threading.Tasks.Task`1[Microsoft.AspNetCore.Mvc.IActionResult] GetUserById(Int32) on controller Trello.Controller.UserController (Trello).
2025-04-02 11:21:56.869 +02:00 [INF] Request starting HTTP/1.1 OPTIONS http://localhost:5196/api/auth/login - null null
2025-04-02 11:21:56.899 +02:00 [INF] CORS policy execution successful.
2025-04-02 11:21:56.903 +02:00 [INF] Request finished HTTP/1.1 OPTIONS http://localhost:5196/api/auth/login - 204 null null 34.4517ms
2025-04-02 11:21:56.917 +02:00 [INF] Request starting HTTP/1.1 POST http://localhost:5196/api/auth/login - application/json 41
2025-04-02 11:21:56.925 +02:00 [INF] CORS policy execution successful.
2025-04-02 11:21:56.928 +02:00 [INF] Executing endpoint 'Trello.Controller.AuthController.Login (Trello)'
2025-04-02 11:21:56.937 +02:00 [INF] Route matched with {action = "Login", controller = "Auth"}. Executing controller action with signature System.Threading.Tasks.Task`1[Microsoft.AspNetCore.Mvc.IActionResult] Login(Trello.DTOs.UserLoginDto) on controller Trello.Controller.AuthController (Trello).
2025-04-02 11:21:58.719 +02:00 [INF] Executed DbCommand (73ms) [Parameters=[@__normalizedUserName_0='?'], CommandType='"Text"', CommandTimeout='30']
SELECT u."Id", u."AccessFailedCount", u."ConcurrencyStamp", u."CreatedAt", u."Email", u."EmailConfirmed", u."FirstName", u."LastName", u."LockoutEnabled", u."LockoutEnd", u."NormalizedEmail", u."NormalizedUserName", u."PasswordHash", u."PhoneNumber", u."PhoneNumberConfirmed", u."RefreshToken", u."RefreshTokenExpiry", u."SecurityStamp", u."TwoFactorEnabled", u."UserName"
FROM "Users" AS u
WHERE u."NormalizedUserName" = @__normalizedUserName_0
LIMIT 1
2025-04-02 11:21:58.719 +02:00 [INF] Executed DbCommand (73ms) [Parameters=[@__id_0='?' (DbType = Int32)], CommandType='"Text"', CommandTimeout='30']
SELECT u."Id", u."AccessFailedCount", u."ConcurrencyStamp", u."CreatedAt", u."Email", u."EmailConfirmed", u."FirstName", u."LastName", u."LockoutEnabled", u."LockoutEnd", u."NormalizedEmail", u."NormalizedUserName", u."PasswordHash", u."PhoneNumber", u."PhoneNumberConfirmed", u."RefreshToken", u."RefreshTokenExpiry", u."SecurityStamp", u."TwoFactorEnabled", u."UserName"
FROM "Users" AS u
WHERE u."Id" = @__id_0
LIMIT 1
2025-04-02 11:21:58.908 +02:00 [INF] Executing OkObjectResult, writing value of type 'Trello.DTOs.UserDto'.
2025-04-02 11:21:58.960 +02:00 [INF] Executed action Trello.Controller.UserController.GetUserById (Trello) in 2422.1686ms
2025-04-02 11:21:58.967 +02:00 [INF] Executed endpoint 'Trello.Controller.UserController.GetUserById (Trello)'
2025-04-02 11:21:58.986 +02:00 [INF] Request finished HTTP/1.1 GET http://localhost:5196/api/user/getById/1 - 200 null application/json; charset=utf-8 3413.5357ms
2025-04-02 11:21:59.152 +02:00 [INF] Executed DbCommand (6ms) [Parameters=[@p2='?' (DbType = Int32), @p0='?', @p1='?' (DbType = DateTime)], CommandType='"Text"', CommandTimeout='30']
UPDATE "Users" SET "RefreshToken" = @p0, "RefreshTokenExpiry" = @p1
WHERE "Id" = @p2;
2025-04-02 11:21:59.161 +02:00 [INF] Executing OkObjectResult, writing value of type 'FluentResults.Result`1[[Trello.DTOs.AuthResponseDto, Trello, Version=1.0.0.0, Culture=neutral, PublicKeyToken=null]]'.
2025-04-02 11:21:59.180 +02:00 [INF] Executed action Trello.Controller.AuthController.Login (Trello) in 2237.541ms
2025-04-02 11:21:59.184 +02:00 [INF] Executed endpoint 'Trello.Controller.AuthController.Login (Trello)'
2025-04-02 11:21:59.187 +02:00 [INF] Request finished HTTP/1.1 POST http://localhost:5196/api/auth/login - 200 null application/json; charset=utf-8 2270.1308ms
2025-04-02 11:22:02.914 +02:00 [INF] Request starting HTTP/1.1 OPTIONS http://localhost:5196/api/user/getById/1 - null null
2025-04-02 11:22:02.964 +02:00 [INF] CORS policy execution successful.
2025-04-02 11:22:02.972 +02:00 [INF] Request finished HTTP/1.1 OPTIONS http://localhost:5196/api/user/getById/1 - 204 null null 57.8209ms
2025-04-02 11:22:02.990 +02:00 [INF] Request starting HTTP/1.1 GET http://localhost:5196/api/user/getById/1 - null null
2025-04-02 11:22:03.003 +02:00 [INF] CORS policy execution successful.
2025-04-02 11:22:03.006 +02:00 [INF] Executing endpoint 'Trello.Controller.UserController.GetUserById (Trello)'
2025-04-02 11:22:03.013 +02:00 [INF] Route matched with {action = "GetUserById", controller = "User"}. Executing controller action with signature System.Threading.Tasks.Task`1[Microsoft.AspNetCore.Mvc.IActionResult] GetUserById(Int32) on controller Trello.Controller.UserController (Trello).
2025-04-02 11:22:03.155 +02:00 [INF] Executed DbCommand (2ms) [Parameters=[@__id_0='?' (DbType = Int32)], CommandType='"Text"', CommandTimeout='30']
SELECT u."Id", u."AccessFailedCount", u."ConcurrencyStamp", u."CreatedAt", u."Email", u."EmailConfirmed", u."FirstName", u."LastName", u."LockoutEnabled", u."LockoutEnd", u."NormalizedEmail", u."NormalizedUserName", u."PasswordHash", u."PhoneNumber", u."PhoneNumberConfirmed", u."RefreshToken", u."RefreshTokenExpiry", u."SecurityStamp", u."TwoFactorEnabled", u."UserName"
FROM "Users" AS u
WHERE u."Id" = @__id_0
LIMIT 1
2025-04-02 11:22:03.170 +02:00 [INF] Executing OkObjectResult, writing value of type 'Trello.DTOs.UserDto'.
2025-04-02 11:22:03.174 +02:00 [INF] Executed action Trello.Controller.UserController.GetUserById (Trello) in 152.6511ms
2025-04-02 11:22:03.179 +02:00 [INF] Executed endpoint 'Trello.Controller.UserController.GetUserById (Trello)'
2025-04-02 11:22:03.183 +02:00 [INF] Request finished HTTP/1.1 GET http://localhost:5196/api/user/getById/1 - 200 null application/json; charset=utf-8 193.1385ms
2025-04-02 11:22:03.194 +02:00 [INF] Request starting HTTP/1.1 GET http://localhost:5196/api/projects/getUserProjects/1 - null null
2025-04-02 11:22:03.203 +02:00 [INF] CORS policy execution successful.
2025-04-02 11:22:03.206 +02:00 [INF] Executing endpoint 'Trello.Controller.ProjectController.GetUserProjects (Trello)'
2025-04-02 11:22:03.217 +02:00 [INF] Route matched with {action = "GetUserProjects", controller = "Project"}. Executing controller action with signature System.Threading.Tasks.Task`1[Microsoft.AspNetCore.Mvc.IActionResult] GetUserProjects(Int32) on controller Trello.Controller.ProjectController (Trello).
2025-04-02 11:22:03.327 +02:00 [INF] Executed DbCommand (11ms) [Parameters=[@__userId_0='?' (DbType = Int32)], CommandType='"Text"', CommandTimeout='30']
SELECT p."Id", p."BoardId", p."Name", p."OwnerId"
FROM "Projects" AS p
WHERE EXISTS (
    SELECT 1
    FROM "UserProject" AS u
    WHERE p."Id" = u."ProjectId" AND u."UserId" = @__userId_0) OR p."OwnerId" = @__userId_0
2025-04-02 11:22:03.354 +02:00 [INF] Executing OkObjectResult, writing value of type 'System.Collections.Generic.List`1[[Trello.DTOs.ProjectDetailsDto, Trello, Version=1.0.0.0, Culture=neutral, PublicKeyToken=null]]'.
2025-04-02 11:22:03.364 +02:00 [INF] Executed action Trello.Controller.ProjectController.GetUserProjects (Trello) in 135.2072ms
2025-04-02 11:22:03.372 +02:00 [INF] Executed endpoint 'Trello.Controller.ProjectController.GetUserProjects (Trello)'
2025-04-02 11:22:03.381 +02:00 [INF] Request finished HTTP/1.1 GET http://localhost:5196/api/projects/getUserProjects/1 - 200 null application/json; charset=utf-8 187.123ms
2025-04-02 11:22:32.990 +02:00 [INF] Request starting HTTP/1.1 OPTIONS http://localhost:5196/api/boards/getById/1 - null null
2025-04-02 11:22:33.011 +02:00 [INF] CORS policy execution successful.
2025-04-02 11:22:33.019 +02:00 [INF] Request finished HTTP/1.1 OPTIONS http://localhost:5196/api/boards/getById/1 - 204 null null 29.0687ms
2025-04-02 11:22:33.111 +02:00 [INF] Request starting HTTP/1.1 GET http://localhost:5196/api/boards/getById/1 - null null
2025-04-02 11:22:33.120 +02:00 [INF] CORS policy execution successful.
2025-04-02 11:22:33.122 +02:00 [INF] Executing endpoint 'Trello.Controller.BoardController.GetById (Trello)'
2025-04-02 11:22:33.129 +02:00 [INF] Route matched with {action = "GetById", controller = "Board"}. Executing controller action with signature System.Threading.Tasks.Task`1[Microsoft.AspNetCore.Mvc.IActionResult] GetById(Int32) on controller Trello.Controller.BoardController (Trello).
2025-04-02 11:22:33.220 +02:00 [WRN] Compiling a query which loads related collections for more than one collection navigation, either via 'Include' or through projection, but no 'QuerySplittingBehavior' has been configured. By default, Entity Framework will use 'QuerySplittingBehavior.SingleQuery', which can potentially result in slow query performance. See https://go.microsoft.com/fwlink/?linkid=2134277 for more information. To identify the query that's triggering this warning call 'ConfigureWarnings(w => w.Throw(RelationalEventId.MultipleCollectionIncludeWarning))'.
2025-04-02 11:22:33.273 +02:00 [INF] Executed DbCommand (18ms) [Parameters=[@__id_0='?' (DbType = Int32)], CommandType='"Text"', CommandTimeout='30']
SELECT b0."Id", b0."ActiveSprintId", b0."Description", b0."Name", b0."ProjectId", s."Id", s."BoardId", s."Name", s."Id0", s."ColumnId", s."Description", s."DueDate", s."SprintId", s."Title"
FROM (
    SELECT b."Id", b."ActiveSprintId", b."Description", b."Name", b."ProjectId"
    FROM "Boards" AS b
    WHERE b."Id" = @__id_0
    LIMIT 1
) AS b0
LEFT JOIN (
    SELECT c."Id", c."BoardId", c."Name", c0."Id" AS "Id0", c0."ColumnId", c0."Description", c0."DueDate", c0."SprintId", c0."Title"
    FROM "Columns" AS c
    LEFT JOIN "Cards" AS c0 ON c."Id" = c0."ColumnId"
) AS s ON b0."Id" = s."BoardId"
ORDER BY b0."Id", s."Id"
2025-04-02 11:22:33.377 +02:00 [INF] Executing OkObjectResult, writing value of type 'Trello.DTOs.BoardDto'.
2025-04-02 11:22:33.414 +02:00 [INF] Executed action Trello.Controller.BoardController.GetById (Trello) in 275.9262ms
2025-04-02 11:22:33.418 +02:00 [INF] Executed endpoint 'Trello.Controller.BoardController.GetById (Trello)'
2025-04-02 11:22:33.421 +02:00 [INF] Request finished HTTP/1.1 GET http://localhost:5196/api/boards/getById/1 - 200 null application/json; charset=utf-8 310.326ms
2025-04-02 11:56:25.856 +02:00 [INF] Request starting HTTP/1.1 OPTIONS http://localhost:5196/api/user/getById/1 - null null
2025-04-02 11:56:25.880 +02:00 [INF] CORS policy execution successful.
2025-04-02 11:56:25.887 +02:00 [INF] Request finished HTTP/1.1 OPTIONS http://localhost:5196/api/user/getById/1 - 204 null null 34.734ms
2025-04-02 11:56:25.919 +02:00 [INF] Request starting HTTP/1.1 GET http://localhost:5196/api/user/getById/1 - null null
2025-04-02 11:56:25.936 +02:00 [INF] CORS policy execution successful.
2025-04-02 11:56:25.943 +02:00 [INF] Executing endpoint 'Trello.Controller.UserController.GetUserById (Trello)'
2025-04-02 11:56:25.949 +02:00 [INF] Route matched with {action = "GetUserById", controller = "User"}. Executing controller action with signature System.Threading.Tasks.Task`1[Microsoft.AspNetCore.Mvc.IActionResult] GetUserById(Int32) on controller Trello.Controller.UserController (Trello).
2025-04-02 11:56:26.071 +02:00 [INF] Executed DbCommand (6ms) [Parameters=[@__id_0='?' (DbType = Int32)], CommandType='"Text"', CommandTimeout='30']
SELECT u."Id", u."AccessFailedCount", u."ConcurrencyStamp", u."CreatedAt", u."Email", u."EmailConfirmed", u."FirstName", u."LastName", u."LockoutEnabled", u."LockoutEnd", u."NormalizedEmail", u."NormalizedUserName", u."PasswordHash", u."PhoneNumber", u."PhoneNumberConfirmed", u."RefreshToken", u."RefreshTokenExpiry", u."SecurityStamp", u."TwoFactorEnabled", u."UserName"
FROM "Users" AS u
WHERE u."Id" = @__id_0
LIMIT 1
2025-04-02 11:56:26.086 +02:00 [INF] Executing OkObjectResult, writing value of type 'Trello.DTOs.UserDto'.
2025-04-02 11:56:26.091 +02:00 [INF] Executed action Trello.Controller.UserController.GetUserById (Trello) in 134.9457ms
2025-04-02 11:56:26.095 +02:00 [INF] Executed endpoint 'Trello.Controller.UserController.GetUserById (Trello)'
2025-04-02 11:56:26.098 +02:00 [INF] Request finished HTTP/1.1 GET http://localhost:5196/api/user/getById/1 - 200 null application/json; charset=utf-8 179.8918ms
2025-04-02 11:56:32.505 +02:00 [INF] Request starting HTTP/1.1 OPTIONS http://localhost:5196/api/auth/login - null null
2025-04-02 11:56:32.553 +02:00 [INF] CORS policy execution successful.
2025-04-02 11:56:32.573 +02:00 [INF] Request finished HTTP/1.1 OPTIONS http://localhost:5196/api/auth/login - 204 null null 68.4783ms
2025-04-02 11:56:32.595 +02:00 [INF] Request starting HTTP/1.1 POST http://localhost:5196/api/auth/login - application/json 41
2025-04-02 11:56:32.603 +02:00 [INF] CORS policy execution successful.
2025-04-02 11:56:32.609 +02:00 [INF] Executing endpoint 'Trello.Controller.AuthController.Login (Trello)'
2025-04-02 11:56:32.613 +02:00 [INF] Route matched with {action = "Login", controller = "Auth"}. Executing controller action with signature System.Threading.Tasks.Task`1[Microsoft.AspNetCore.Mvc.IActionResult] Login(Trello.DTOs.UserLoginDto) on controller Trello.Controller.AuthController (Trello).
2025-04-02 11:56:32.718 +02:00 [INF] Executed DbCommand (22ms) [Parameters=[@__normalizedUserName_0='?'], CommandType='"Text"', CommandTimeout='30']
SELECT u."Id", u."AccessFailedCount", u."ConcurrencyStamp", u."CreatedAt", u."Email", u."EmailConfirmed", u."FirstName", u."LastName", u."LockoutEnabled", u."LockoutEnd", u."NormalizedEmail", u."NormalizedUserName", u."PasswordHash", u."PhoneNumber", u."PhoneNumberConfirmed", u."RefreshToken", u."RefreshTokenExpiry", u."SecurityStamp", u."TwoFactorEnabled", u."UserName"
FROM "Users" AS u
WHERE u."NormalizedUserName" = @__normalizedUserName_0
LIMIT 1
2025-04-02 11:56:33.045 +02:00 [INF] Executing OkObjectResult, writing value of type 'FluentResults.Result`1[[Trello.DTOs.AuthResponseDto, Trello, Version=1.0.0.0, Culture=neutral, PublicKeyToken=null]]'.
2025-04-02 11:56:33.043 +02:00 [INF] Executed DbCommand (15ms) [Parameters=[@p2='?' (DbType = Int32), @p0='?', @p1='?' (DbType = DateTime)], CommandType='"Text"', CommandTimeout='30']
UPDATE "Users" SET "RefreshToken" = @p0, "RefreshTokenExpiry" = @p1
WHERE "Id" = @p2;
2025-04-02 11:56:33.059 +02:00 [INF] Executed action Trello.Controller.AuthController.Login (Trello) in 436.663ms
2025-04-02 11:56:33.063 +02:00 [INF] Executed endpoint 'Trello.Controller.AuthController.Login (Trello)'
2025-04-02 11:56:33.066 +02:00 [INF] Request finished HTTP/1.1 POST http://localhost:5196/api/auth/login - 200 null application/json; charset=utf-8 471.7847ms
2025-04-02 11:56:34.479 +02:00 [INF] Request starting HTTP/1.1 OPTIONS http://localhost:5196/api/user/getById/1 - null null
2025-04-02 11:56:34.676 +02:00 [INF] CORS policy execution successful.
2025-04-02 11:56:34.680 +02:00 [INF] Request finished HTTP/1.1 OPTIONS http://localhost:5196/api/user/getById/1 - 204 null null 200.9603ms
2025-04-02 11:56:34.688 +02:00 [INF] Request starting HTTP/1.1 GET http://localhost:5196/api/user/getById/1 - null null
2025-04-02 11:56:34.696 +02:00 [INF] CORS policy execution successful.
2025-04-02 11:56:34.699 +02:00 [INF] Executing endpoint 'Trello.Controller.UserController.GetUserById (Trello)'
2025-04-02 11:56:34.702 +02:00 [INF] Route matched with {action = "GetUserById", controller = "User"}. Executing controller action with signature System.Threading.Tasks.Task`1[Microsoft.AspNetCore.Mvc.IActionResult] GetUserById(Int32) on controller Trello.Controller.UserController (Trello).
2025-04-02 11:56:34.715 +02:00 [INF] Executed DbCommand (5ms) [Parameters=[@__id_0='?' (DbType = Int32)], CommandType='"Text"', CommandTimeout='30']
SELECT u."Id", u."AccessFailedCount", u."ConcurrencyStamp", u."CreatedAt", u."Email", u."EmailConfirmed", u."FirstName", u."LastName", u."LockoutEnabled", u."LockoutEnd", u."NormalizedEmail", u."NormalizedUserName", u."PasswordHash", u."PhoneNumber", u."PhoneNumberConfirmed", u."RefreshToken", u."RefreshTokenExpiry", u."SecurityStamp", u."TwoFactorEnabled", u."UserName"
FROM "Users" AS u
WHERE u."Id" = @__id_0
LIMIT 1
2025-04-02 11:56:34.735 +02:00 [INF] Executing OkObjectResult, writing value of type 'Trello.DTOs.UserDto'.
2025-04-02 11:56:34.744 +02:00 [INF] Executed action Trello.Controller.UserController.GetUserById (Trello) in 35.3578ms
2025-04-02 11:56:34.748 +02:00 [INF] Executed endpoint 'Trello.Controller.UserController.GetUserById (Trello)'
2025-04-02 11:56:34.752 +02:00 [INF] Request finished HTTP/1.1 GET http://localhost:5196/api/user/getById/1 - 200 null application/json; charset=utf-8 64.3468ms
2025-04-02 11:56:34.783 +02:00 [INF] Request starting HTTP/1.1 GET http://localhost:5196/api/projects/getUserProjects/1 - null null
2025-04-02 11:56:34.803 +02:00 [INF] CORS policy execution successful.
2025-04-02 11:56:34.807 +02:00 [INF] Executing endpoint 'Trello.Controller.ProjectController.GetUserProjects (Trello)'
2025-04-02 11:56:34.812 +02:00 [INF] Route matched with {action = "GetUserProjects", controller = "Project"}. Executing controller action with signature System.Threading.Tasks.Task`1[Microsoft.AspNetCore.Mvc.IActionResult] GetUserProjects(Int32) on controller Trello.Controller.ProjectController (Trello).
2025-04-02 11:56:34.874 +02:00 [INF] Executed DbCommand (39ms) [Parameters=[@__userId_0='?' (DbType = Int32)], CommandType='"Text"', CommandTimeout='30']
SELECT p."Id", p."BoardId", p."Name", p."OwnerId"
FROM "Projects" AS p
WHERE EXISTS (
    SELECT 1
    FROM "UserProject" AS u
    WHERE p."Id" = u."ProjectId" AND u."UserId" = @__userId_0) OR p."OwnerId" = @__userId_0
2025-04-02 11:56:34.891 +02:00 [INF] Executing OkObjectResult, writing value of type 'System.Collections.Generic.List`1[[Trello.DTOs.ProjectDetailsDto, Trello, Version=1.0.0.0, Culture=neutral, PublicKeyToken=null]]'.
2025-04-02 11:56:34.897 +02:00 [INF] Executed action Trello.Controller.ProjectController.GetUserProjects (Trello) in 77.2118ms
2025-04-02 11:56:34.900 +02:00 [INF] Executed endpoint 'Trello.Controller.ProjectController.GetUserProjects (Trello)'
2025-04-02 11:56:34.906 +02:00 [INF] Request finished HTTP/1.1 GET http://localhost:5196/api/projects/getUserProjects/1 - 200 null application/json; charset=utf-8 123.6572ms
2025-04-02 11:56:37.273 +02:00 [INF] Request starting HTTP/1.1 OPTIONS http://localhost:5196/api/boards/getById/1 - null null
2025-04-02 11:56:37.396 +02:00 [INF] CORS policy execution successful.
2025-04-02 11:56:37.406 +02:00 [INF] Request finished HTTP/1.1 OPTIONS http://localhost:5196/api/boards/getById/1 - 204 null null 133.0286ms
2025-04-02 11:56:37.426 +02:00 [INF] Request starting HTTP/1.1 GET http://localhost:5196/api/boards/getById/1 - null null
2025-04-02 11:56:37.442 +02:00 [INF] CORS policy execution successful.
2025-04-02 11:56:37.445 +02:00 [INF] Executing endpoint 'Trello.Controller.BoardController.GetById (Trello)'
2025-04-02 11:56:37.448 +02:00 [INF] Route matched with {action = "GetById", controller = "Board"}. Executing controller action with signature System.Threading.Tasks.Task`1[Microsoft.AspNetCore.Mvc.IActionResult] GetById(Int32) on controller Trello.Controller.BoardController (Trello).
2025-04-02 11:56:37.481 +02:00 [INF] Executed DbCommand (17ms) [Parameters=[@__id_0='?' (DbType = Int32)], CommandType='"Text"', CommandTimeout='30']
SELECT b0."Id", b0."ActiveSprintId", b0."Description", b0."Name", b0."ProjectId", s."Id", s."BoardId", s."Name", s."Id0", s."ColumnId", s."Description", s."DueDate", s."SprintId", s."Title"
FROM (
    SELECT b."Id", b."ActiveSprintId", b."Description", b."Name", b."ProjectId"
    FROM "Boards" AS b
    WHERE b."Id" = @__id_0
    LIMIT 1
) AS b0
LEFT JOIN (
    SELECT c."Id", c."BoardId", c."Name", c0."Id" AS "Id0", c0."ColumnId", c0."Description", c0."DueDate", c0."SprintId", c0."Title"
    FROM "Columns" AS c
    LEFT JOIN "Cards" AS c0 ON c."Id" = c0."ColumnId"
) AS s ON b0."Id" = s."BoardId"
ORDER BY b0."Id", s."Id"
2025-04-02 11:56:37.524 +02:00 [INF] Executing OkObjectResult, writing value of type 'Trello.DTOs.BoardDto'.
2025-04-02 11:56:37.531 +02:00 [INF] Executed action Trello.Controller.BoardController.GetById (Trello) in 74.0578ms
2025-04-02 11:56:37.535 +02:00 [INF] Executed endpoint 'Trello.Controller.BoardController.GetById (Trello)'
2025-04-02 11:56:37.598 +02:00 [INF] Request finished HTTP/1.1 GET http://localhost:5196/api/boards/getById/1 - 200 null application/json; charset=utf-8 171.6906ms
2025-04-02 11:56:43.989 +02:00 [INF] Request starting HTTP/1.1 OPTIONS http://localhost:5196/api/card/update/${id} - null null
2025-04-02 11:56:44.112 +02:00 [INF] CORS policy execution successful.
2025-04-02 11:56:44.116 +02:00 [INF] Request finished HTTP/1.1 OPTIONS http://localhost:5196/api/card/update/${id} - 204 null null 140.2029ms
2025-04-02 11:56:44.127 +02:00 [INF] Request starting HTTP/1.1 PUT http://localhost:5196/api/card/update/${id} - application/json 77
2025-04-02 11:56:44.136 +02:00 [INF] CORS policy execution successful.
2025-04-02 11:56:44.140 +02:00 [INF] Request finished HTTP/1.1 PUT http://localhost:5196/api/card/update/${id} - 404 0 null 12.7027ms
2025-04-02 11:56:44.162 +02:00 [INF] Request reached the end of the middleware pipeline without being handled by application code. Request path: PUT http://localhost:5196/api/card/update/$%7Bid%7D, Response status code: 404
2025-04-02 11:56:54.048 +02:00 [INF] Request starting HTTP/1.1 OPTIONS http://localhost:5196/api/card/update/${id} - null null
2025-04-02 11:56:54.064 +02:00 [INF] CORS policy execution successful.
2025-04-02 11:56:54.068 +02:00 [INF] Request finished HTTP/1.1 OPTIONS http://localhost:5196/api/card/update/${id} - 204 null null 19.473ms
2025-04-02 11:56:54.080 +02:00 [INF] Request starting HTTP/1.1 PUT http://localhost:5196/api/card/update/${id} - application/json 77
2025-04-02 11:56:54.088 +02:00 [INF] CORS policy execution successful.
2025-04-02 11:56:54.092 +02:00 [INF] Request finished HTTP/1.1 PUT http://localhost:5196/api/card/update/${id} - 404 0 null 11.7747ms
2025-04-02 11:56:54.101 +02:00 [INF] Request reached the end of the middleware pipeline without being handled by application code. Request path: PUT http://localhost:5196/api/card/update/$%7Bid%7D, Response status code: 404
2025-04-02 11:57:04.864 +02:00 [INF] Request starting HTTP/1.1 OPTIONS http://localhost:5196/api/card/update/${id} - null null
2025-04-02 11:57:04.880 +02:00 [INF] CORS policy execution successful.
2025-04-02 11:57:04.885 +02:00 [INF] Request finished HTTP/1.1 OPTIONS http://localhost:5196/api/card/update/${id} - 204 null null 20.4451ms
2025-04-02 11:57:04.901 +02:00 [INF] Request starting HTTP/1.1 PUT http://localhost:5196/api/card/update/${id} - application/json 77
2025-04-02 11:57:04.913 +02:00 [INF] CORS policy execution successful.
2025-04-02 11:57:04.916 +02:00 [INF] Request finished HTTP/1.1 PUT http://localhost:5196/api/card/update/${id} - 404 0 null 14.7768ms
2025-04-02 11:57:04.948 +02:00 [INF] Request reached the end of the middleware pipeline without being handled by application code. Request path: PUT http://localhost:5196/api/card/update/$%7Bid%7D, Response status code: 404
2025-04-02 11:57:46.924 +02:00 [INF] Request starting HTTP/1.1 OPTIONS http://localhost:5196/api/card/update/${id} - null null
2025-04-02 11:57:46.933 +02:00 [INF] CORS policy execution successful.
2025-04-02 11:57:46.936 +02:00 [INF] Request finished HTTP/1.1 OPTIONS http://localhost:5196/api/card/update/${id} - 204 null null 11.9708ms
2025-04-02 11:57:46.956 +02:00 [INF] Request starting HTTP/1.1 PUT http://localhost:5196/api/card/update/${id} - application/json 77
2025-04-02 11:57:46.964 +02:00 [INF] CORS policy execution successful.
2025-04-02 11:57:46.968 +02:00 [INF] Request finished HTTP/1.1 PUT http://localhost:5196/api/card/update/${id} - 404 0 null 11.4818ms
2025-04-02 11:57:46.980 +02:00 [INF] Request reached the end of the middleware pipeline without being handled by application code. Request path: PUT http://localhost:5196/api/card/update/$%7Bid%7D, Response status code: 404
2025-04-02 11:58:59.467 +02:00 [INF] Request starting HTTP/1.1 OPTIONS http://localhost:5196/api/boards/getById/1 - null null
2025-04-02 11:58:59.515 +02:00 [INF] CORS policy execution successful.
2025-04-02 11:58:59.519 +02:00 [INF] Request finished HTTP/1.1 OPTIONS http://localhost:5196/api/boards/getById/1 - 204 null null 53.8303ms
2025-04-02 11:58:59.541 +02:00 [INF] Request starting HTTP/1.1 GET http://localhost:5196/api/boards/getById/1 - null null
2025-04-02 11:58:59.550 +02:00 [INF] CORS policy execution successful.
2025-04-02 11:58:59.554 +02:00 [INF] Executing endpoint 'Trello.Controller.BoardController.GetById (Trello)'
2025-04-02 11:58:59.558 +02:00 [INF] Route matched with {action = "GetById", controller = "Board"}. Executing controller action with signature System.Threading.Tasks.Task`1[Microsoft.AspNetCore.Mvc.IActionResult] GetById(Int32) on controller Trello.Controller.BoardController (Trello).
2025-04-02 11:58:59.576 +02:00 [INF] Executed DbCommand (7ms) [Parameters=[@__id_0='?' (DbType = Int32)], CommandType='"Text"', CommandTimeout='30']
SELECT b0."Id", b0."ActiveSprintId", b0."Description", b0."Name", b0."ProjectId", s."Id", s."BoardId", s."Name", s."Id0", s."ColumnId", s."Description", s."DueDate", s."SprintId", s."Title"
FROM (
    SELECT b."Id", b."ActiveSprintId", b."Description", b."Name", b."ProjectId"
    FROM "Boards" AS b
    WHERE b."Id" = @__id_0
    LIMIT 1
) AS b0
LEFT JOIN (
    SELECT c."Id", c."BoardId", c."Name", c0."Id" AS "Id0", c0."ColumnId", c0."Description", c0."DueDate", c0."SprintId", c0."Title"
    FROM "Columns" AS c
    LEFT JOIN "Cards" AS c0 ON c."Id" = c0."ColumnId"
) AS s ON b0."Id" = s."BoardId"
ORDER BY b0."Id", s."Id"
2025-04-02 11:58:59.628 +02:00 [INF] Executing OkObjectResult, writing value of type 'Trello.DTOs.BoardDto'.
2025-04-02 11:58:59.632 +02:00 [INF] Executed action Trello.Controller.BoardController.GetById (Trello) in 67.0448ms
2025-04-02 11:58:59.636 +02:00 [INF] Executed endpoint 'Trello.Controller.BoardController.GetById (Trello)'
2025-04-02 11:58:59.640 +02:00 [INF] Request finished HTTP/1.1 GET http://localhost:5196/api/boards/getById/1 - 200 null application/json; charset=utf-8 99.0268ms
2025-04-02 12:55:44.491 +02:00 [INF] User profile is available. Using 'C:\Users\User\AppData\Local\ASP.NET\DataProtection-Keys' as key repository and Windows DPAPI to encrypt keys at rest.
2025-04-02 12:55:45.627 +02:00 [INF] Now listening on: http://localhost:5196
2025-04-02 12:55:45.846 +02:00 [INF] Application started. Press Ctrl+C to shut down.
2025-04-02 12:55:45.933 +02:00 [INF] Hosting environment: Development
2025-04-02 12:55:46.055 +02:00 [INF] Content root path: C:\Users\User\Desktop\TaskManagment\Trello
2025-04-02 12:55:47.745 +02:00 [INF] Request starting HTTP/1.1 GET http://localhost:5196// - null null
2025-04-02 12:55:48.045 +02:00 [WRN] Failed to determine the https port for redirect.
2025-04-02 12:55:49.012 +02:00 [INF] Request finished HTTP/1.1 GET http://localhost:5196// - 404 0 null 1295.7466ms
2025-04-02 12:55:49.454 +02:00 [INF] Request reached the end of the middleware pipeline without being handled by application code. Request path: GET http://localhost:5196//, Response status code: 404
2025-04-02 12:57:09.136 +02:00 [INF] Request starting HTTP/1.1 OPTIONS http://localhost:5196/api/auth/login - null null
2025-04-02 12:57:09.157 +02:00 [INF] CORS policy execution successful.
2025-04-02 12:57:09.165 +02:00 [INF] Request finished HTTP/1.1 OPTIONS http://localhost:5196/api/auth/login - 204 null null 30.3532ms
2025-04-02 12:57:09.181 +02:00 [INF] Request starting HTTP/1.1 POST http://localhost:5196/api/auth/login - application/json 41
2025-04-02 12:57:09.195 +02:00 [INF] CORS policy execution successful.
2025-04-02 12:57:09.202 +02:00 [INF] Executing endpoint 'Trello.Controller.AuthController.Login (Trello)'
2025-04-02 12:57:09.260 +02:00 [INF] Route matched with {action = "Login", controller = "Auth"}. Executing controller action with signature System.Threading.Tasks.Task`1[Microsoft.AspNetCore.Mvc.IActionResult] Login(Trello.DTOs.UserLoginDto) on controller Trello.Controller.AuthController (Trello).
2025-04-02 12:57:13.520 +02:00 [INF] Executed DbCommand (108ms) [Parameters=[@__normalizedUserName_0='?'], CommandType='"Text"', CommandTimeout='30']
SELECT u."Id", u."AccessFailedCount", u."ConcurrencyStamp", u."CreatedAt", u."Email", u."EmailConfirmed", u."FirstName", u."LastName", u."LockoutEnabled", u."LockoutEnd", u."NormalizedEmail", u."NormalizedUserName", u."PasswordHash", u."PhoneNumber", u."PhoneNumberConfirmed", u."RefreshToken", u."RefreshTokenExpiry", u."SecurityStamp", u."TwoFactorEnabled", u."UserName"
FROM "Users" AS u
WHERE u."NormalizedUserName" = @__normalizedUserName_0
LIMIT 1
2025-04-02 12:57:14.200 +02:00 [INF] Executed DbCommand (12ms) [Parameters=[@p2='?' (DbType = Int32), @p0='?', @p1='?' (DbType = DateTime)], CommandType='"Text"', CommandTimeout='30']
UPDATE "Users" SET "RefreshToken" = @p0, "RefreshTokenExpiry" = @p1
WHERE "Id" = @p2;
2025-04-02 12:57:14.232 +02:00 [INF] Executing OkObjectResult, writing value of type 'FluentResults.Result`1[[Trello.DTOs.AuthResponseDto, Trello, Version=1.0.0.0, Culture=neutral, PublicKeyToken=null]]'.
2025-04-02 12:57:14.303 +02:00 [INF] Executed action Trello.Controller.AuthController.Login (Trello) in 5029.3139ms
2025-04-02 12:57:14.309 +02:00 [INF] Executed endpoint 'Trello.Controller.AuthController.Login (Trello)'
2025-04-02 12:57:14.350 +02:00 [INF] Request finished HTTP/1.1 POST http://localhost:5196/api/auth/login - 200 null application/json; charset=utf-8 5169.1701ms
2025-04-02 12:57:16.502 +02:00 [INF] Request starting HTTP/1.1 OPTIONS http://localhost:5196/api/user/getById/1 - null null
2025-04-02 12:57:16.583 +02:00 [INF] CORS policy execution successful.
2025-04-02 12:57:16.590 +02:00 [INF] Request finished HTTP/1.1 OPTIONS http://localhost:5196/api/user/getById/1 - 204 null null 88.6616ms
2025-04-02 12:57:16.609 +02:00 [INF] Request starting HTTP/1.1 GET http://localhost:5196/api/user/getById/1 - null null
2025-04-02 12:57:16.730 +02:00 [INF] CORS policy execution successful.
2025-04-02 12:57:16.735 +02:00 [INF] Executing endpoint 'Trello.Controller.UserController.GetUserById (Trello)'
2025-04-02 12:57:16.755 +02:00 [INF] Route matched with {action = "GetUserById", controller = "User"}. Executing controller action with signature System.Threading.Tasks.Task`1[Microsoft.AspNetCore.Mvc.IActionResult] GetUserById(Int32) on controller Trello.Controller.UserController (Trello).
2025-04-02 12:57:16.897 +02:00 [INF] Executed DbCommand (2ms) [Parameters=[@__id_0='?' (DbType = Int32)], CommandType='"Text"', CommandTimeout='30']
SELECT u."Id", u."AccessFailedCount", u."ConcurrencyStamp", u."CreatedAt", u."Email", u."EmailConfirmed", u."FirstName", u."LastName", u."LockoutEnabled", u."LockoutEnd", u."NormalizedEmail", u."NormalizedUserName", u."PasswordHash", u."PhoneNumber", u."PhoneNumberConfirmed", u."RefreshToken", u."RefreshTokenExpiry", u."SecurityStamp", u."TwoFactorEnabled", u."UserName"
FROM "Users" AS u
WHERE u."Id" = @__id_0
LIMIT 1
2025-04-02 12:57:16.911 +02:00 [INF] Executing OkObjectResult, writing value of type 'Trello.DTOs.UserDto'.
2025-04-02 12:57:16.928 +02:00 [INF] Executed action Trello.Controller.UserController.GetUserById (Trello) in 165.4875ms
2025-04-02 12:57:16.932 +02:00 [INF] Executed endpoint 'Trello.Controller.UserController.GetUserById (Trello)'
2025-04-02 12:57:16.938 +02:00 [INF] Request finished HTTP/1.1 GET http://localhost:5196/api/user/getById/1 - 200 null application/json; charset=utf-8 328.5849ms
2025-04-02 12:57:16.950 +02:00 [INF] Request starting HTTP/1.1 GET http://localhost:5196/api/projects/getUserProjects/1 - null null
2025-04-02 12:57:16.963 +02:00 [INF] CORS policy execution successful.
2025-04-02 12:57:16.967 +02:00 [INF] Executing endpoint 'Trello.Controller.ProjectController.GetUserProjects (Trello)'
2025-04-02 12:57:16.983 +02:00 [INF] Route matched with {action = "GetUserProjects", controller = "Project"}. Executing controller action with signature System.Threading.Tasks.Task`1[Microsoft.AspNetCore.Mvc.IActionResult] GetUserProjects(Int32) on controller Trello.Controller.ProjectController (Trello).
2025-04-02 12:57:17.175 +02:00 [INF] Executed DbCommand (13ms) [Parameters=[@__userId_0='?' (DbType = Int32)], CommandType='"Text"', CommandTimeout='30']
SELECT p."Id", p."BoardId", p."Name", p."OwnerId"
FROM "Projects" AS p
WHERE EXISTS (
    SELECT 1
    FROM "UserProject" AS u
    WHERE p."Id" = u."ProjectId" AND u."UserId" = @__userId_0) OR p."OwnerId" = @__userId_0
2025-04-02 12:57:17.216 +02:00 [INF] Executing OkObjectResult, writing value of type 'System.Collections.Generic.List`1[[Trello.DTOs.ProjectDetailsDto, Trello, Version=1.0.0.0, Culture=neutral, PublicKeyToken=null]]'.
2025-04-02 12:57:17.226 +02:00 [INF] Executed action Trello.Controller.ProjectController.GetUserProjects (Trello) in 229.7407ms
2025-04-02 12:57:17.231 +02:00 [INF] Executed endpoint 'Trello.Controller.ProjectController.GetUserProjects (Trello)'
2025-04-02 12:57:17.237 +02:00 [INF] Request finished HTTP/1.1 GET http://localhost:5196/api/projects/getUserProjects/1 - 200 null application/json; charset=utf-8 286.4153ms
2025-04-02 13:00:49.528 +02:00 [INF] Request starting HTTP/1.1 OPTIONS http://localhost:5196/api/user/getById/1 - null null
2025-04-02 13:00:49.579 +02:00 [INF] Request starting HTTP/1.1 OPTIONS http://localhost:5196/api/user/getById/1 - null null
2025-04-02 13:00:49.600 +02:00 [INF] CORS policy execution successful.
2025-04-02 13:00:49.603 +02:00 [INF] CORS policy execution successful.
2025-04-02 13:00:49.607 +02:00 [INF] Request finished HTTP/1.1 OPTIONS http://localhost:5196/api/user/getById/1 - 204 null null 79.7303ms
2025-04-02 13:00:49.648 +02:00 [INF] Request finished HTTP/1.1 OPTIONS http://localhost:5196/api/user/getById/1 - 204 null null 69.1182ms
2025-04-02 13:00:49.822 +02:00 [INF] Request starting HTTP/1.1 GET http://localhost:5196/api/user/getById/1 - null null
2025-04-02 13:00:49.828 +02:00 [INF] CORS policy execution successful.
2025-04-02 13:00:49.840 +02:00 [INF] Executing endpoint 'Trello.Controller.UserController.GetUserById (Trello)'
2025-04-02 13:00:49.845 +02:00 [INF] Route matched with {action = "GetUserById", controller = "User"}. Executing controller action with signature System.Threading.Tasks.Task`1[Microsoft.AspNetCore.Mvc.IActionResult] GetUserById(Int32) on controller Trello.Controller.UserController (Trello).
2025-04-02 13:00:49.905 +02:00 [INF] Executed DbCommand (3ms) [Parameters=[@__id_0='?' (DbType = Int32)], CommandType='"Text"', CommandTimeout='30']
SELECT u."Id", u."AccessFailedCount", u."ConcurrencyStamp", u."CreatedAt", u."Email", u."EmailConfirmed", u."FirstName", u."LastName", u."LockoutEnabled", u."LockoutEnd", u."NormalizedEmail", u."NormalizedUserName", u."PasswordHash", u."PhoneNumber", u."PhoneNumberConfirmed", u."RefreshToken", u."RefreshTokenExpiry", u."SecurityStamp", u."TwoFactorEnabled", u."UserName"
FROM "Users" AS u
WHERE u."Id" = @__id_0
LIMIT 1
2025-04-02 13:00:49.916 +02:00 [INF] Executing OkObjectResult, writing value of type 'Trello.DTOs.UserDto'.
2025-04-02 13:00:49.921 +02:00 [INF] Executed action Trello.Controller.UserController.GetUserById (Trello) in 54.0721ms
2025-04-02 13:00:49.923 +02:00 [INF] Request starting HTTP/1.1 GET http://localhost:5196/api/user/getById/1 - null null
2025-04-02 13:00:49.929 +02:00 [INF] Executed endpoint 'Trello.Controller.UserController.GetUserById (Trello)'
2025-04-02 13:00:49.933 +02:00 [INF] CORS policy execution successful.
2025-04-02 13:00:49.937 +02:00 [INF] Request finished HTTP/1.1 GET http://localhost:5196/api/user/getById/1 - 200 null application/json; charset=utf-8 115.3022ms
2025-04-02 13:00:49.939 +02:00 [INF] Executing endpoint 'Trello.Controller.UserController.GetUserById (Trello)'
2025-04-02 13:00:49.955 +02:00 [INF] Route matched with {action = "GetUserById", controller = "User"}. Executing controller action with signature System.Threading.Tasks.Task`1[Microsoft.AspNetCore.Mvc.IActionResult] GetUserById(Int32) on controller Trello.Controller.UserController (Trello).
2025-04-02 13:00:49.953 +02:00 [INF] Request starting HTTP/1.1 GET http://localhost:5196/api/projects/getUserProjects/1 - null null
2025-04-02 13:00:49.969 +02:00 [INF] Executed DbCommand (1ms) [Parameters=[@__id_0='?' (DbType = Int32)], CommandType='"Text"', CommandTimeout='30']
SELECT u."Id", u."AccessFailedCount", u."ConcurrencyStamp", u."CreatedAt", u."Email", u."EmailConfirmed", u."FirstName", u."LastName", u."LockoutEnabled", u."LockoutEnd", u."NormalizedEmail", u."NormalizedUserName", u."PasswordHash", u."PhoneNumber", u."PhoneNumberConfirmed", u."RefreshToken", u."RefreshTokenExpiry", u."SecurityStamp", u."TwoFactorEnabled", u."UserName"
FROM "Users" AS u
WHERE u."Id" = @__id_0
LIMIT 1
2025-04-02 13:00:49.982 +02:00 [INF] CORS policy execution successful.
2025-04-02 13:00:49.995 +02:00 [INF] Executing OkObjectResult, writing value of type 'Trello.DTOs.UserDto'.
2025-04-02 13:00:49.999 +02:00 [INF] Executing endpoint 'Trello.Controller.ProjectController.GetUserProjects (Trello)'
2025-04-02 13:00:50.001 +02:00 [INF] Executed action Trello.Controller.UserController.GetUserById (Trello) in 37.1508ms
2025-04-02 13:00:50.008 +02:00 [INF] Route matched with {action = "GetUserProjects", controller = "Project"}. Executing controller action with signature System.Threading.Tasks.Task`1[Microsoft.AspNetCore.Mvc.IActionResult] GetUserProjects(Int32) on controller Trello.Controller.ProjectController (Trello).
2025-04-02 13:00:50.015 +02:00 [INF] Executed endpoint 'Trello.Controller.UserController.GetUserById (Trello)'
2025-04-02 13:00:50.023 +02:00 [INF] Request finished HTTP/1.1 GET http://localhost:5196/api/user/getById/1 - 200 null application/json; charset=utf-8 100.2927ms
2025-04-02 13:00:50.025 +02:00 [INF] Executed DbCommand (2ms) [Parameters=[@__userId_0='?' (DbType = Int32)], CommandType='"Text"', CommandTimeout='30']
SELECT p."Id", p."BoardId", p."Name", p."OwnerId"
FROM "Projects" AS p
WHERE EXISTS (
    SELECT 1
    FROM "UserProject" AS u
    WHERE p."Id" = u."ProjectId" AND u."UserId" = @__userId_0) OR p."OwnerId" = @__userId_0
2025-04-02 13:00:50.045 +02:00 [INF] Executing OkObjectResult, writing value of type 'System.Collections.Generic.List`1[[Trello.DTOs.ProjectDetailsDto, Trello, Version=1.0.0.0, Culture=neutral, PublicKeyToken=null]]'.
2025-04-02 13:00:50.054 +02:00 [INF] Executed action Trello.Controller.ProjectController.GetUserProjects (Trello) in 35.5625ms
2025-04-02 13:00:50.109 +02:00 [INF] Executed endpoint 'Trello.Controller.ProjectController.GetUserProjects (Trello)'
2025-04-02 13:00:50.122 +02:00 [INF] Request finished HTTP/1.1 GET http://localhost:5196/api/projects/getUserProjects/1 - 200 null application/json; charset=utf-8 168.9976ms
2025-04-02 13:06:31.770 +02:00 [INF] Request starting HTTP/1.1 OPTIONS http://localhost:5196/api/user/getById/1 - null null
2025-04-02 13:06:31.776 +02:00 [INF] Request starting HTTP/1.1 OPTIONS http://localhost:5196/api/user/getById/1 - null null
2025-04-02 13:06:31.808 +02:00 [INF] CORS policy execution successful.
2025-04-02 13:06:31.811 +02:00 [INF] CORS policy execution successful.
2025-04-02 13:06:31.815 +02:00 [INF] Request finished HTTP/1.1 OPTIONS http://localhost:5196/api/user/getById/1 - 204 null null 47.9738ms
2025-04-02 13:06:31.816 +02:00 [INF] Request finished HTTP/1.1 OPTIONS http://localhost:5196/api/user/getById/1 - 204 null null 40.5368ms
2025-04-02 13:06:31.831 +02:00 [INF] Request starting HTTP/1.1 GET http://localhost:5196/api/user/getById/1 - null null
2025-04-02 13:06:31.856 +02:00 [INF] CORS policy execution successful.
2025-04-02 13:06:31.861 +02:00 [INF] Executing endpoint 'Trello.Controller.UserController.GetUserById (Trello)'
2025-04-02 13:06:31.864 +02:00 [INF] Route matched with {action = "GetUserById", controller = "User"}. Executing controller action with signature System.Threading.Tasks.Task`1[Microsoft.AspNetCore.Mvc.IActionResult] GetUserById(Int32) on controller Trello.Controller.UserController (Trello).
2025-04-02 13:06:32.009 +02:00 [INF] Executed DbCommand (13ms) [Parameters=[@__id_0='?' (DbType = Int32)], CommandType='"Text"', CommandTimeout='30']
SELECT u."Id", u."AccessFailedCount", u."ConcurrencyStamp", u."CreatedAt", u."Email", u."EmailConfirmed", u."FirstName", u."LastName", u."LockoutEnabled", u."LockoutEnd", u."NormalizedEmail", u."NormalizedUserName", u."PasswordHash", u."PhoneNumber", u."PhoneNumberConfirmed", u."RefreshToken", u."RefreshTokenExpiry", u."SecurityStamp", u."TwoFactorEnabled", u."UserName"
FROM "Users" AS u
WHERE u."Id" = @__id_0
LIMIT 1
2025-04-02 13:06:32.026 +02:00 [INF] Executing OkObjectResult, writing value of type 'Trello.DTOs.UserDto'.
2025-04-02 13:06:32.035 +02:00 [INF] Executed action Trello.Controller.UserController.GetUserById (Trello) in 158.6268ms
2025-04-02 13:06:32.041 +02:00 [INF] Request starting HTTP/1.1 GET http://localhost:5196/api/user/getById/1 - null null
2025-04-02 13:06:32.050 +02:00 [INF] Executed endpoint 'Trello.Controller.UserController.GetUserById (Trello)'
2025-04-02 13:06:32.056 +02:00 [INF] Request finished HTTP/1.1 GET http://localhost:5196/api/user/getById/1 - 200 null application/json; charset=utf-8 224.8081ms
2025-04-02 13:06:32.063 +02:00 [INF] CORS policy execution successful.
2025-04-02 13:06:32.121 +02:00 [INF] Executing endpoint 'Trello.Controller.UserController.GetUserById (Trello)'
2025-04-02 13:06:32.127 +02:00 [INF] Request starting HTTP/1.1 GET http://localhost:5196/api/projects/getUserProjects/1 - null null
2025-04-02 13:06:32.133 +02:00 [INF] Route matched with {action = "GetUserById", controller = "User"}. Executing controller action with signature System.Threading.Tasks.Task`1[Microsoft.AspNetCore.Mvc.IActionResult] GetUserById(Int32) on controller Trello.Controller.UserController (Trello).
2025-04-02 13:06:32.159 +02:00 [INF] CORS policy execution successful.
2025-04-02 13:06:32.190 +02:00 [INF] Executing endpoint 'Trello.Controller.ProjectController.GetUserProjects (Trello)'
2025-04-02 13:06:32.201 +02:00 [INF] Route matched with {action = "GetUserProjects", controller = "Project"}. Executing controller action with signature System.Threading.Tasks.Task`1[Microsoft.AspNetCore.Mvc.IActionResult] GetUserProjects(Int32) on controller Trello.Controller.ProjectController (Trello).
2025-04-02 13:06:32.202 +02:00 [INF] Executed DbCommand (45ms) [Parameters=[@__id_0='?' (DbType = Int32)], CommandType='"Text"', CommandTimeout='30']
SELECT u."Id", u."AccessFailedCount", u."ConcurrencyStamp", u."CreatedAt", u."Email", u."EmailConfirmed", u."FirstName", u."LastName", u."LockoutEnabled", u."LockoutEnd", u."NormalizedEmail", u."NormalizedUserName", u."PasswordHash", u."PhoneNumber", u."PhoneNumberConfirmed", u."RefreshToken", u."RefreshTokenExpiry", u."SecurityStamp", u."TwoFactorEnabled", u."UserName"
FROM "Users" AS u
WHERE u."Id" = @__id_0
LIMIT 1
2025-04-02 13:06:32.233 +02:00 [INF] Executing OkObjectResult, writing value of type 'Trello.DTOs.UserDto'.
2025-04-02 13:06:32.286 +02:00 [INF] Executed action Trello.Controller.UserController.GetUserById (Trello) in 131.4728ms
2025-04-02 13:06:32.304 +02:00 [INF] Executed endpoint 'Trello.Controller.UserController.GetUserById (Trello)'
2025-04-02 13:06:32.309 +02:00 [INF] Request finished HTTP/1.1 GET http://localhost:5196/api/user/getById/1 - 200 null application/json; charset=utf-8 267.945ms
2025-04-02 13:06:32.319 +02:00 [INF] Executed DbCommand (7ms) [Parameters=[@__userId_0='?' (DbType = Int32)], CommandType='"Text"', CommandTimeout='30']
SELECT p."Id", p."BoardId", p."Name", p."OwnerId"
FROM "Projects" AS p
WHERE EXISTS (
    SELECT 1
    FROM "UserProject" AS u
    WHERE p."Id" = u."ProjectId" AND u."UserId" = @__userId_0) OR p."OwnerId" = @__userId_0
2025-04-02 13:06:32.338 +02:00 [INF] Executing OkObjectResult, writing value of type 'System.Collections.Generic.List`1[[Trello.DTOs.ProjectDetailsDto, Trello, Version=1.0.0.0, Culture=neutral, PublicKeyToken=null]]'.
2025-04-02 13:06:32.343 +02:00 [INF] Executed action Trello.Controller.ProjectController.GetUserProjects (Trello) in 131.2415ms
2025-04-02 13:06:32.347 +02:00 [INF] Executed endpoint 'Trello.Controller.ProjectController.GetUserProjects (Trello)'
2025-04-02 13:06:32.352 +02:00 [INF] Request finished HTTP/1.1 GET http://localhost:5196/api/projects/getUserProjects/1 - 200 null application/json; charset=utf-8 225.4082ms
2025-04-02 13:06:35.259 +02:00 [INF] Request starting HTTP/1.1 OPTIONS http://localhost:5196/api/boards/getById/1 - null null
2025-04-02 13:06:35.272 +02:00 [INF] CORS policy execution successful.
2025-04-02 13:06:35.275 +02:00 [INF] Request finished HTTP/1.1 OPTIONS http://localhost:5196/api/boards/getById/1 - 204 null null 16.0454ms
2025-04-02 13:06:35.287 +02:00 [INF] Request starting HTTP/1.1 GET http://localhost:5196/api/boards/getById/1 - null null
2025-04-02 13:06:35.302 +02:00 [INF] CORS policy execution successful.
2025-04-02 13:06:35.305 +02:00 [INF] Executing endpoint 'Trello.Controller.BoardController.GetById (Trello)'
2025-04-02 13:06:35.319 +02:00 [INF] Route matched with {action = "GetById", controller = "Board"}. Executing controller action with signature System.Threading.Tasks.Task`1[Microsoft.AspNetCore.Mvc.IActionResult] GetById(Int32) on controller Trello.Controller.BoardController (Trello).
2025-04-02 13:06:35.508 +02:00 [WRN] Compiling a query which loads related collections for more than one collection navigation, either via 'Include' or through projection, but no 'QuerySplittingBehavior' has been configured. By default, Entity Framework will use 'QuerySplittingBehavior.SingleQuery', which can potentially result in slow query performance. See https://go.microsoft.com/fwlink/?linkid=2134277 for more information. To identify the query that's triggering this warning call 'ConfigureWarnings(w => w.Throw(RelationalEventId.MultipleCollectionIncludeWarning))'.
2025-04-02 13:06:35.572 +02:00 [INF] Executed DbCommand (20ms) [Parameters=[@__id_0='?' (DbType = Int32)], CommandType='"Text"', CommandTimeout='30']
SELECT b0."Id", b0."ActiveSprintId", b0."Description", b0."Name", b0."ProjectId", s."Id", s."BoardId", s."Name", s."Id0", s."ColumnId", s."Description", s."DueDate", s."SprintId", s."Title"
FROM (
    SELECT b."Id", b."ActiveSprintId", b."Description", b."Name", b."ProjectId"
    FROM "Boards" AS b
    WHERE b."Id" = @__id_0
    LIMIT 1
) AS b0
LEFT JOIN (
    SELECT c."Id", c."BoardId", c."Name", c0."Id" AS "Id0", c0."ColumnId", c0."Description", c0."DueDate", c0."SprintId", c0."Title"
    FROM "Columns" AS c
    LEFT JOIN "Cards" AS c0 ON c."Id" = c0."ColumnId"
) AS s ON b0."Id" = s."BoardId"
ORDER BY b0."Id", s."Id"
2025-04-02 13:06:35.689 +02:00 [INF] Executing OkObjectResult, writing value of type 'Trello.DTOs.BoardDto'.
2025-04-02 13:06:35.735 +02:00 [INF] Executed action Trello.Controller.BoardController.GetById (Trello) in 406.4568ms
2025-04-02 13:06:35.739 +02:00 [INF] Executed endpoint 'Trello.Controller.BoardController.GetById (Trello)'
2025-04-02 13:06:35.743 +02:00 [INF] Request finished HTTP/1.1 GET http://localhost:5196/api/boards/getById/1 - 200 null application/json; charset=utf-8 456.1502ms
2025-04-02 13:06:48.395 +02:00 [INF] Request starting HTTP/1.1 OPTIONS http://localhost:5196/api/card/move - null null
2025-04-02 13:06:48.411 +02:00 [INF] CORS policy execution successful.
2025-04-02 13:06:48.415 +02:00 [INF] Request finished HTTP/1.1 OPTIONS http://localhost:5196/api/card/move - 204 null null 19.8727ms
2025-04-02 13:06:48.425 +02:00 [INF] Request starting HTTP/1.1 PUT http://localhost:5196/api/card/move - application/json 25
2025-04-02 13:06:48.432 +02:00 [INF] CORS policy execution successful.
2025-04-02 13:06:48.436 +02:00 [INF] Request finished HTTP/1.1 PUT http://localhost:5196/api/card/move - 404 0 null 10.8971ms
2025-04-02 13:06:48.465 +02:00 [INF] Request reached the end of the middleware pipeline without being handled by application code. Request path: PUT http://localhost:5196/api/card/move, Response status code: 404
2025-04-02 13:08:04.725 +02:00 [INF] Request starting HTTP/1.1 OPTIONS http://localhost:5196/api/card/move - null null
2025-04-02 13:08:04.746 +02:00 [INF] CORS policy execution successful.
2025-04-02 13:08:04.754 +02:00 [INF] Request finished HTTP/1.1 OPTIONS http://localhost:5196/api/card/move - 204 null null 29.5125ms
2025-04-02 13:08:04.771 +02:00 [INF] Request starting HTTP/1.1 PUT http://localhost:5196/api/card/move - application/json 25
2025-04-02 13:08:04.777 +02:00 [INF] CORS policy execution successful.
2025-04-02 13:08:04.781 +02:00 [INF] Request finished HTTP/1.1 PUT http://localhost:5196/api/card/move - 404 0 null 9.6394ms
2025-04-02 13:08:04.791 +02:00 [INF] Request reached the end of the middleware pipeline without being handled by application code. Request path: PUT http://localhost:5196/api/card/move, Response status code: 404
2025-04-02 13:10:40.558 +02:00 [INF] Request starting HTTP/1.1 OPTIONS http://localhost:5196/api/card/move - null null
2025-04-02 13:10:40.579 +02:00 [INF] CORS policy execution successful.
2025-04-02 13:10:40.582 +02:00 [INF] Request finished HTTP/1.1 OPTIONS http://localhost:5196/api/card/move - 204 null null 23.9866ms
2025-04-02 13:10:40.600 +02:00 [INF] Request starting HTTP/1.1 PUT http://localhost:5196/api/card/move - application/json 25
2025-04-02 13:10:40.608 +02:00 [INF] CORS policy execution successful.
2025-04-02 13:10:40.611 +02:00 [INF] Request finished HTTP/1.1 PUT http://localhost:5196/api/card/move - 404 0 null 10.8928ms
2025-04-02 13:10:40.620 +02:00 [INF] Request reached the end of the middleware pipeline without being handled by application code. Request path: PUT http://localhost:5196/api/card/move, Response status code: 404
2025-04-02 13:12:36.370 +02:00 [INF] Request starting HTTP/1.1 OPTIONS http://localhost:5196/api/user/getById/1 - null null
2025-04-02 13:12:36.431 +02:00 [INF] Request starting HTTP/1.1 OPTIONS http://localhost:5196/api/user/getById/1 - null null
2025-04-02 13:12:36.455 +02:00 [INF] CORS policy execution successful.
2025-04-02 13:12:36.459 +02:00 [INF] CORS policy execution successful.
2025-04-02 13:12:36.463 +02:00 [INF] Request finished HTTP/1.1 OPTIONS http://localhost:5196/api/user/getById/1 - 204 null null 93.1984ms
2025-04-02 13:12:36.472 +02:00 [INF] Request finished HTTP/1.1 OPTIONS http://localhost:5196/api/user/getById/1 - 204 null null 40.9695ms
2025-04-02 13:12:36.478 +02:00 [INF] Request starting HTTP/1.1 GET http://localhost:5196/api/user/getById/1 - null null
2025-04-02 13:12:36.498 +02:00 [INF] CORS policy execution successful.
2025-04-02 13:12:36.502 +02:00 [INF] Executing endpoint 'Trello.Controller.UserController.GetUserById (Trello)'
2025-04-02 13:12:36.509 +02:00 [INF] Route matched with {action = "GetUserById", controller = "User"}. Executing controller action with signature System.Threading.Tasks.Task`1[Microsoft.AspNetCore.Mvc.IActionResult] GetUserById(Int32) on controller Trello.Controller.UserController (Trello).
2025-04-02 13:12:36.636 +02:00 [INF] Executed DbCommand (10ms) [Parameters=[@__id_0='?' (DbType = Int32)], CommandType='"Text"', CommandTimeout='30']
SELECT u."Id", u."AccessFailedCount", u."ConcurrencyStamp", u."CreatedAt", u."Email", u."EmailConfirmed", u."FirstName", u."LastName", u."LockoutEnabled", u."LockoutEnd", u."NormalizedEmail", u."NormalizedUserName", u."PasswordHash", u."PhoneNumber", u."PhoneNumberConfirmed", u."RefreshToken", u."RefreshTokenExpiry", u."SecurityStamp", u."TwoFactorEnabled", u."UserName"
FROM "Users" AS u
WHERE u."Id" = @__id_0
LIMIT 1
2025-04-02 13:12:36.655 +02:00 [INF] Executing OkObjectResult, writing value of type 'Trello.DTOs.UserDto'.
2025-04-02 13:12:36.660 +02:00 [INF] Executed action Trello.Controller.UserController.GetUserById (Trello) in 140.6077ms
2025-04-02 13:12:36.665 +02:00 [INF] Executed endpoint 'Trello.Controller.UserController.GetUserById (Trello)'
2025-04-02 13:12:36.666 +02:00 [INF] Request starting HTTP/1.1 GET http://localhost:5196/api/user/getById/1 - null null
2025-04-02 13:12:36.678 +02:00 [INF] CORS policy execution successful.
2025-04-02 13:12:36.679 +02:00 [INF] Request finished HTTP/1.1 GET http://localhost:5196/api/user/getById/1 - 200 null application/json; charset=utf-8 200.7598ms
2025-04-02 13:12:36.684 +02:00 [INF] Executing endpoint 'Trello.Controller.UserController.GetUserById (Trello)'
2025-04-02 13:12:36.698 +02:00 [INF] Request starting HTTP/1.1 GET http://localhost:5196/api/projects/getUserProjects/1 - null null
2025-04-02 13:12:36.700 +02:00 [INF] Route matched with {action = "GetUserById", controller = "User"}. Executing controller action with signature System.Threading.Tasks.Task`1[Microsoft.AspNetCore.Mvc.IActionResult] GetUserById(Int32) on controller Trello.Controller.UserController (Trello).
2025-04-02 13:12:36.709 +02:00 [INF] CORS policy execution successful.
2025-04-02 13:12:36.728 +02:00 [INF] Executing endpoint 'Trello.Controller.ProjectController.GetUserProjects (Trello)'
2025-04-02 13:12:36.732 +02:00 [INF] Executed DbCommand (14ms) [Parameters=[@__id_0='?' (DbType = Int32)], CommandType='"Text"', CommandTimeout='30']
SELECT u."Id", u."AccessFailedCount", u."ConcurrencyStamp", u."CreatedAt", u."Email", u."EmailConfirmed", u."FirstName", u."LastName", u."LockoutEnabled", u."LockoutEnd", u."NormalizedEmail", u."NormalizedUserName", u."PasswordHash", u."PhoneNumber", u."PhoneNumberConfirmed", u."RefreshToken", u."RefreshTokenExpiry", u."SecurityStamp", u."TwoFactorEnabled", u."UserName"
FROM "Users" AS u
WHERE u."Id" = @__id_0
LIMIT 1
2025-04-02 13:12:36.736 +02:00 [INF] Route matched with {action = "GetUserProjects", controller = "Project"}. Executing controller action with signature System.Threading.Tasks.Task`1[Microsoft.AspNetCore.Mvc.IActionResult] GetUserProjects(Int32) on controller Trello.Controller.ProjectController (Trello).
2025-04-02 13:12:36.755 +02:00 [INF] Executing OkObjectResult, writing value of type 'Trello.DTOs.UserDto'.
2025-04-02 13:12:36.833 +02:00 [INF] Executed DbCommand (16ms) [Parameters=[@__userId_0='?' (DbType = Int32)], CommandType='"Text"', CommandTimeout='30']
SELECT p."Id", p."BoardId", p."Name", p."OwnerId"
FROM "Projects" AS p
WHERE EXISTS (
    SELECT 1
    FROM "UserProject" AS u
    WHERE p."Id" = u."ProjectId" AND u."UserId" = @__userId_0) OR p."OwnerId" = @__userId_0
2025-04-02 13:12:36.857 +02:00 [INF] Executing OkObjectResult, writing value of type 'System.Collections.Generic.List`1[[Trello.DTOs.ProjectDetailsDto, Trello, Version=1.0.0.0, Culture=neutral, PublicKeyToken=null]]'.
2025-04-02 13:12:36.870 +02:00 [INF] Executed action Trello.Controller.ProjectController.GetUserProjects (Trello) in 55.2451ms
2025-04-02 13:12:36.872 +02:00 [INF] Executed action Trello.Controller.UserController.GetUserById (Trello) in 155.9138ms
2025-04-02 13:12:36.877 +02:00 [INF] Executed endpoint 'Trello.Controller.ProjectController.GetUserProjects (Trello)'
2025-04-02 13:12:36.883 +02:00 [INF] Executed endpoint 'Trello.Controller.UserController.GetUserById (Trello)'
2025-04-02 13:12:36.885 +02:00 [INF] Request finished HTTP/1.1 GET http://localhost:5196/api/projects/getUserProjects/1 - 200 null application/json; charset=utf-8 187.0642ms
2025-04-02 13:12:36.900 +02:00 [INF] Request finished HTTP/1.1 GET http://localhost:5196/api/user/getById/1 - 200 null application/json; charset=utf-8 234.0179ms
2025-04-02 13:12:38.662 +02:00 [INF] Request starting HTTP/1.1 OPTIONS http://localhost:5196/api/boards/getById/1 - null null
2025-04-02 13:12:38.678 +02:00 [INF] CORS policy execution successful.
2025-04-02 13:12:38.682 +02:00 [INF] Request finished HTTP/1.1 OPTIONS http://localhost:5196/api/boards/getById/1 - 204 null null 19.2469ms
2025-04-02 13:12:38.706 +02:00 [INF] Request starting HTTP/1.1 GET http://localhost:5196/api/boards/getById/1 - null null
2025-04-02 13:12:38.719 +02:00 [INF] CORS policy execution successful.
2025-04-02 13:12:38.723 +02:00 [INF] Executing endpoint 'Trello.Controller.BoardController.GetById (Trello)'
2025-04-02 13:12:38.733 +02:00 [INF] Route matched with {action = "GetById", controller = "Board"}. Executing controller action with signature System.Threading.Tasks.Task`1[Microsoft.AspNetCore.Mvc.IActionResult] GetById(Int32) on controller Trello.Controller.BoardController (Trello).
2025-04-02 13:12:38.768 +02:00 [INF] Executed DbCommand (15ms) [Parameters=[@__id_0='?' (DbType = Int32)], CommandType='"Text"', CommandTimeout='30']
SELECT b0."Id", b0."ActiveSprintId", b0."Description", b0."Name", b0."ProjectId", s."Id", s."BoardId", s."Name", s."Id0", s."ColumnId", s."Description", s."DueDate", s."SprintId", s."Title"
FROM (
    SELECT b."Id", b."ActiveSprintId", b."Description", b."Name", b."ProjectId"
    FROM "Boards" AS b
    WHERE b."Id" = @__id_0
    LIMIT 1
) AS b0
LEFT JOIN (
    SELECT c."Id", c."BoardId", c."Name", c0."Id" AS "Id0", c0."ColumnId", c0."Description", c0."DueDate", c0."SprintId", c0."Title"
    FROM "Columns" AS c
    LEFT JOIN "Cards" AS c0 ON c."Id" = c0."ColumnId"
) AS s ON b0."Id" = s."BoardId"
ORDER BY b0."Id", s."Id"
2025-04-02 13:12:38.786 +02:00 [INF] Executing OkObjectResult, writing value of type 'Trello.DTOs.BoardDto'.
2025-04-02 13:12:38.790 +02:00 [INF] Executed action Trello.Controller.BoardController.GetById (Trello) in 49.7716ms
2025-04-02 13:12:38.798 +02:00 [INF] Executed endpoint 'Trello.Controller.BoardController.GetById (Trello)'
2025-04-02 13:12:38.802 +02:00 [INF] Request finished HTTP/1.1 GET http://localhost:5196/api/boards/getById/1 - 200 null application/json; charset=utf-8 96.1297ms
2025-04-02 13:12:42.266 +02:00 [INF] Request starting HTTP/1.1 OPTIONS http://localhost:5196/api/card/move - null null
2025-04-02 13:12:42.284 +02:00 [INF] CORS policy execution successful.
2025-04-02 13:12:42.287 +02:00 [INF] Request finished HTTP/1.1 OPTIONS http://localhost:5196/api/card/move - 204 null null 20.1677ms
2025-04-02 13:12:42.301 +02:00 [INF] Request starting HTTP/1.1 PUT http://localhost:5196/api/card/move - application/json 28
2025-04-02 13:12:42.310 +02:00 [INF] CORS policy execution successful.
2025-04-02 13:12:42.313 +02:00 [INF] Request finished HTTP/1.1 PUT http://localhost:5196/api/card/move - 404 0 null 11.745ms
2025-04-02 13:12:42.335 +02:00 [INF] Request reached the end of the middleware pipeline without being handled by application code. Request path: PUT http://localhost:5196/api/card/move, Response status code: 404
2025-04-02 13:14:06.921 +02:00 [INF] Request starting HTTP/1.1 OPTIONS http://localhost:5196/api/user/getById/1 - null null
2025-04-02 13:14:06.927 +02:00 [INF] Request starting HTTP/1.1 OPTIONS http://localhost:5196/api/user/getById/1 - null null
2025-04-02 13:14:06.950 +02:00 [INF] CORS policy execution successful.
2025-04-02 13:14:06.953 +02:00 [INF] CORS policy execution successful.
2025-04-02 13:14:06.961 +02:00 [INF] Request finished HTTP/1.1 OPTIONS http://localhost:5196/api/user/getById/1 - 204 null null 40.1174ms
2025-04-02 13:14:07.008 +02:00 [INF] Request finished HTTP/1.1 OPTIONS http://localhost:5196/api/user/getById/1 - 204 null null 81.0442ms
2025-04-02 13:14:07.051 +02:00 [INF] Request starting HTTP/1.1 GET http://localhost:5196/api/user/getById/1 - null null
2025-04-02 13:14:07.081 +02:00 [INF] CORS policy execution successful.
2025-04-02 13:14:07.085 +02:00 [INF] Executing endpoint 'Trello.Controller.UserController.GetUserById (Trello)'
2025-04-02 13:14:07.090 +02:00 [INF] Route matched with {action = "GetUserById", controller = "User"}. Executing controller action with signature System.Threading.Tasks.Task`1[Microsoft.AspNetCore.Mvc.IActionResult] GetUserById(Int32) on controller Trello.Controller.UserController (Trello).
2025-04-02 13:14:07.183 +02:00 [INF] Executed DbCommand (18ms) [Parameters=[@__id_0='?' (DbType = Int32)], CommandType='"Text"', CommandTimeout='30']
SELECT u."Id", u."AccessFailedCount", u."ConcurrencyStamp", u."CreatedAt", u."Email", u."EmailConfirmed", u."FirstName", u."LastName", u."LockoutEnabled", u."LockoutEnd", u."NormalizedEmail", u."NormalizedUserName", u."PasswordHash", u."PhoneNumber", u."PhoneNumberConfirmed", u."RefreshToken", u."RefreshTokenExpiry", u."SecurityStamp", u."TwoFactorEnabled", u."UserName"
FROM "Users" AS u
WHERE u."Id" = @__id_0
LIMIT 1
2025-04-02 13:14:07.202 +02:00 [INF] Executing OkObjectResult, writing value of type 'Trello.DTOs.UserDto'.
2025-04-02 13:14:07.208 +02:00 [INF] Executed action Trello.Controller.UserController.GetUserById (Trello) in 50.6811ms
2025-04-02 13:14:07.214 +02:00 [INF] Executed endpoint 'Trello.Controller.UserController.GetUserById (Trello)'
2025-04-02 13:14:07.216 +02:00 [INF] Request starting HTTP/1.1 GET http://localhost:5196/api/user/getById/1 - null null
2025-04-02 13:14:07.218 +02:00 [INF] Request finished HTTP/1.1 GET http://localhost:5196/api/user/getById/1 - 200 null application/json; charset=utf-8 166.8168ms
2025-04-02 13:14:07.236 +02:00 [INF] CORS policy execution successful.
2025-04-02 13:14:07.250 +02:00 [INF] Executing endpoint 'Trello.Controller.UserController.GetUserById (Trello)'
2025-04-02 13:14:07.246 +02:00 [INF] Request starting HTTP/1.1 GET http://localhost:5196/api/projects/getUserProjects/1 - null null
2025-04-02 13:14:07.267 +02:00 [INF] Route matched with {action = "GetUserById", controller = "User"}. Executing controller action with signature System.Threading.Tasks.Task`1[Microsoft.AspNetCore.Mvc.IActionResult] GetUserById(Int32) on controller Trello.Controller.UserController (Trello).
2025-04-02 13:14:07.282 +02:00 [INF] CORS policy execution successful.
2025-04-02 13:14:07.314 +02:00 [INF] Executed DbCommand (9ms) [Parameters=[@__id_0='?' (DbType = Int32)], CommandType='"Text"', CommandTimeout='30']
SELECT u."Id", u."AccessFailedCount", u."ConcurrencyStamp", u."CreatedAt", u."Email", u."EmailConfirmed", u."FirstName", u."LastName", u."LockoutEnabled", u."LockoutEnd", u."NormalizedEmail", u."NormalizedUserName", u."PasswordHash", u."PhoneNumber", u."PhoneNumberConfirmed", u."RefreshToken", u."RefreshTokenExpiry", u."SecurityStamp", u."TwoFactorEnabled", u."UserName"
FROM "Users" AS u
WHERE u."Id" = @__id_0
LIMIT 1
2025-04-02 13:14:07.939 +02:00 [INF] Executing endpoint 'Trello.Controller.ProjectController.GetUserProjects (Trello)'
2025-04-02 13:14:07.950 +02:00 [INF] Executing OkObjectResult, writing value of type 'Trello.DTOs.UserDto'.
2025-04-02 13:14:07.956 +02:00 [INF] Route matched with {action = "GetUserProjects", controller = "Project"}. Executing controller action with signature System.Threading.Tasks.Task`1[Microsoft.AspNetCore.Mvc.IActionResult] GetUserProjects(Int32) on controller Trello.Controller.ProjectController (Trello).
2025-04-02 13:14:07.966 +02:00 [INF] Executed action Trello.Controller.UserController.GetUserById (Trello) in 663.508ms
2025-04-02 13:14:07.977 +02:00 [INF] Executed endpoint 'Trello.Controller.UserController.GetUserById (Trello)'
2025-04-02 13:14:07.986 +02:00 [INF] Request finished HTTP/1.1 GET http://localhost:5196/api/user/getById/1 - 200 null application/json; charset=utf-8 769.7847ms
2025-04-02 13:14:07.986 +02:00 [INF] Executed DbCommand (5ms) [Parameters=[@__userId_0='?' (DbType = Int32)], CommandType='"Text"', CommandTimeout='30']
SELECT p."Id", p."BoardId", p."Name", p."OwnerId"
FROM "Projects" AS p
WHERE EXISTS (
    SELECT 1
    FROM "UserProject" AS u
    WHERE p."Id" = u."ProjectId" AND u."UserId" = @__userId_0) OR p."OwnerId" = @__userId_0
2025-04-02 13:14:08.010 +02:00 [INF] Executing OkObjectResult, writing value of type 'System.Collections.Generic.List`1[[Trello.DTOs.ProjectDetailsDto, Trello, Version=1.0.0.0, Culture=neutral, PublicKeyToken=null]]'.
2025-04-02 13:14:08.017 +02:00 [INF] Executed action Trello.Controller.ProjectController.GetUserProjects (Trello) in 45.015ms
2025-04-02 13:14:08.022 +02:00 [INF] Executed endpoint 'Trello.Controller.ProjectController.GetUserProjects (Trello)'
2025-04-02 13:14:08.026 +02:00 [INF] Request finished HTTP/1.1 GET http://localhost:5196/api/projects/getUserProjects/1 - 200 null application/json; charset=utf-8 779.679ms
2025-04-02 13:14:11.195 +02:00 [INF] Request starting HTTP/1.1 OPTIONS http://localhost:5196/api/boards/getById/1 - null null
2025-04-02 13:14:11.209 +02:00 [INF] CORS policy execution successful.
2025-04-02 13:14:11.212 +02:00 [INF] Request finished HTTP/1.1 OPTIONS http://localhost:5196/api/boards/getById/1 - 204 null null 17.8309ms
2025-04-02 13:14:11.228 +02:00 [INF] Request starting HTTP/1.1 GET http://localhost:5196/api/boards/getById/1 - null null
2025-04-02 13:14:11.237 +02:00 [INF] CORS policy execution successful.
2025-04-02 13:14:11.243 +02:00 [INF] Executing endpoint 'Trello.Controller.BoardController.GetById (Trello)'
2025-04-02 13:14:11.246 +02:00 [INF] Route matched with {action = "GetById", controller = "Board"}. Executing controller action with signature System.Threading.Tasks.Task`1[Microsoft.AspNetCore.Mvc.IActionResult] GetById(Int32) on controller Trello.Controller.BoardController (Trello).
2025-04-02 13:14:11.278 +02:00 [INF] Executed DbCommand (6ms) [Parameters=[@__id_0='?' (DbType = Int32)], CommandType='"Text"', CommandTimeout='30']
SELECT b0."Id", b0."ActiveSprintId", b0."Description", b0."Name", b0."ProjectId", s."Id", s."BoardId", s."Name", s."Id0", s."ColumnId", s."Description", s."DueDate", s."SprintId", s."Title"
FROM (
    SELECT b."Id", b."ActiveSprintId", b."Description", b."Name", b."ProjectId"
    FROM "Boards" AS b
    WHERE b."Id" = @__id_0
    LIMIT 1
) AS b0
LEFT JOIN (
    SELECT c."Id", c."BoardId", c."Name", c0."Id" AS "Id0", c0."ColumnId", c0."Description", c0."DueDate", c0."SprintId", c0."Title"
    FROM "Columns" AS c
    LEFT JOIN "Cards" AS c0 ON c."Id" = c0."ColumnId"
) AS s ON b0."Id" = s."BoardId"
ORDER BY b0."Id", s."Id"
2025-04-02 13:14:11.301 +02:00 [INF] Executing OkObjectResult, writing value of type 'Trello.DTOs.BoardDto'.
2025-04-02 13:14:11.307 +02:00 [INF] Executed action Trello.Controller.BoardController.GetById (Trello) in 43.7905ms
2025-04-02 13:14:11.330 +02:00 [INF] Executed endpoint 'Trello.Controller.BoardController.GetById (Trello)'
2025-04-02 13:14:11.335 +02:00 [INF] Request finished HTTP/1.1 GET http://localhost:5196/api/boards/getById/1 - 200 null application/json; charset=utf-8 106.7109ms
2025-04-02 13:14:13.929 +02:00 [INF] Request starting HTTP/1.1 OPTIONS http://localhost:5196/api/card/move - null null
2025-04-02 13:14:13.948 +02:00 [INF] CORS policy execution successful.
2025-04-02 13:14:13.951 +02:00 [INF] Request finished HTTP/1.1 OPTIONS http://localhost:5196/api/card/move - 204 null null 22.2637ms
2025-04-02 13:14:13.969 +02:00 [INF] Request starting HTTP/1.1 PUT http://localhost:5196/api/card/move - application/json 25
2025-04-02 13:14:13.990 +02:00 [INF] CORS policy execution successful.
2025-04-02 13:14:14.004 +02:00 [INF] Request finished HTTP/1.1 PUT http://localhost:5196/api/card/move - 404 0 null 35.7171ms
2025-04-02 13:14:14.025 +02:00 [INF] Request reached the end of the middleware pipeline without being handled by application code. Request path: PUT http://localhost:5196/api/card/move, Response status code: 404
2025-04-02 13:16:49.126 +02:00 [INF] Request starting HTTP/1.1 OPTIONS http://localhost:5196/api/user/getById/1 - null null
2025-04-02 13:16:49.436 +02:00 [INF] Request starting HTTP/1.1 OPTIONS http://localhost:5196/api/user/getById/1 - null null
2025-04-02 13:16:49.478 +02:00 [INF] CORS policy execution successful.
2025-04-02 13:16:49.481 +02:00 [INF] Request finished HTTP/1.1 OPTIONS http://localhost:5196/api/user/getById/1 - 204 null null 45.0813ms
2025-04-02 13:16:49.475 +02:00 [INF] CORS policy execution successful.
2025-04-02 13:16:49.504 +02:00 [INF] Request finished HTTP/1.1 OPTIONS http://localhost:5196/api/user/getById/1 - 204 null null 377.6308ms
2025-04-02 13:16:49.510 +02:00 [INF] Request starting HTTP/1.1 GET http://localhost:5196/api/user/getById/1 - null null
2025-04-02 13:16:49.531 +02:00 [INF] CORS policy execution successful.
2025-04-02 13:16:49.533 +02:00 [INF] Executing endpoint 'Trello.Controller.UserController.GetUserById (Trello)'
2025-04-02 13:16:49.537 +02:00 [INF] Route matched with {action = "GetUserById", controller = "User"}. Executing controller action with signature System.Threading.Tasks.Task`1[Microsoft.AspNetCore.Mvc.IActionResult] GetUserById(Int32) on controller Trello.Controller.UserController (Trello).
2025-04-02 13:16:49.552 +02:00 [INF] Executed DbCommand (4ms) [Parameters=[@__id_0='?' (DbType = Int32)], CommandType='"Text"', CommandTimeout='30']
SELECT u."Id", u."AccessFailedCount", u."ConcurrencyStamp", u."CreatedAt", u."Email", u."EmailConfirmed", u."FirstName", u."LastName", u."LockoutEnabled", u."LockoutEnd", u."NormalizedEmail", u."NormalizedUserName", u."PasswordHash", u."PhoneNumber", u."PhoneNumberConfirmed", u."RefreshToken", u."RefreshTokenExpiry", u."SecurityStamp", u."TwoFactorEnabled", u."UserName"
FROM "Users" AS u
WHERE u."Id" = @__id_0
LIMIT 1
2025-04-02 13:16:49.563 +02:00 [INF] Executing OkObjectResult, writing value of type 'Trello.DTOs.UserDto'.
2025-04-02 13:16:49.568 +02:00 [INF] Executed action Trello.Controller.UserController.GetUserById (Trello) in 21.7193ms
2025-04-02 13:16:49.572 +02:00 [INF] Executed endpoint 'Trello.Controller.UserController.GetUserById (Trello)'
2025-04-02 13:16:49.570 +02:00 [INF] Request starting HTTP/1.1 GET http://localhost:5196/api/user/getById/1 - null null
2025-04-02 13:16:49.581 +02:00 [INF] Request finished HTTP/1.1 GET http://localhost:5196/api/user/getById/1 - 200 null application/json; charset=utf-8 70.7686ms
2025-04-02 13:16:49.585 +02:00 [INF] CORS policy execution successful.
2025-04-02 13:16:49.599 +02:00 [INF] Executing endpoint 'Trello.Controller.UserController.GetUserById (Trello)'
2025-04-02 13:16:49.603 +02:00 [INF] Route matched with {action = "GetUserById", controller = "User"}. Executing controller action with signature System.Threading.Tasks.Task`1[Microsoft.AspNetCore.Mvc.IActionResult] GetUserById(Int32) on controller Trello.Controller.UserController (Trello).
2025-04-02 13:16:49.613 +02:00 [INF] Executed DbCommand (1ms) [Parameters=[@__id_0='?' (DbType = Int32)], CommandType='"Text"', CommandTimeout='30']
SELECT u."Id", u."AccessFailedCount", u."ConcurrencyStamp", u."CreatedAt", u."Email", u."EmailConfirmed", u."FirstName", u."LastName", u."LockoutEnabled", u."LockoutEnd", u."NormalizedEmail", u."NormalizedUserName", u."PasswordHash", u."PhoneNumber", u."PhoneNumberConfirmed", u."RefreshToken", u."RefreshTokenExpiry", u."SecurityStamp", u."TwoFactorEnabled", u."UserName"
FROM "Users" AS u
WHERE u."Id" = @__id_0
LIMIT 1
2025-04-02 13:16:49.625 +02:00 [INF] Executing OkObjectResult, writing value of type 'Trello.DTOs.UserDto'.
2025-04-02 13:16:49.630 +02:00 [INF] Executed action Trello.Controller.UserController.GetUserById (Trello) in 18.9568ms
2025-04-02 13:16:49.635 +02:00 [INF] Executed endpoint 'Trello.Controller.UserController.GetUserById (Trello)'
2025-04-02 13:16:49.639 +02:00 [INF] Request finished HTTP/1.1 GET http://localhost:5196/api/user/getById/1 - 200 null application/json; charset=utf-8 69.4319ms
2025-04-02 13:16:49.661 +02:00 [INF] Request starting HTTP/1.1 GET http://localhost:5196/api/projects/getUserProjects/1 - null null
2025-04-02 13:16:49.700 +02:00 [INF] CORS policy execution successful.
2025-04-02 13:16:49.704 +02:00 [INF] Executing endpoint 'Trello.Controller.ProjectController.GetUserProjects (Trello)'
2025-04-02 13:16:49.708 +02:00 [INF] Route matched with {action = "GetUserProjects", controller = "Project"}. Executing controller action with signature System.Threading.Tasks.Task`1[Microsoft.AspNetCore.Mvc.IActionResult] GetUserProjects(Int32) on controller Trello.Controller.ProjectController (Trello).
2025-04-02 13:16:49.718 +02:00 [INF] Executed DbCommand (1ms) [Parameters=[@__userId_0='?' (DbType = Int32)], CommandType='"Text"', CommandTimeout='30']
SELECT p."Id", p."BoardId", p."Name", p."OwnerId"
FROM "Projects" AS p
WHERE EXISTS (
    SELECT 1
    FROM "UserProject" AS u
    WHERE p."Id" = u."ProjectId" AND u."UserId" = @__userId_0) OR p."OwnerId" = @__userId_0
2025-04-02 13:16:49.729 +02:00 [INF] Executing OkObjectResult, writing value of type 'System.Collections.Generic.List`1[[Trello.DTOs.ProjectDetailsDto, Trello, Version=1.0.0.0, Culture=neutral, PublicKeyToken=null]]'.
2025-04-02 13:16:49.734 +02:00 [INF] Executed action Trello.Controller.ProjectController.GetUserProjects (Trello) in 18.2219ms
2025-04-02 13:16:49.738 +02:00 [INF] Executed endpoint 'Trello.Controller.ProjectController.GetUserProjects (Trello)'
2025-04-02 13:16:49.743 +02:00 [INF] Request finished HTTP/1.1 GET http://localhost:5196/api/projects/getUserProjects/1 - 200 null application/json; charset=utf-8 82.9096ms
2025-04-02 13:17:29.683 +02:00 [INF] Request starting HTTP/1.1 OPTIONS http://localhost:5196/api/user/getById/1 - null null
2025-04-02 13:17:29.697 +02:00 [INF] Request starting HTTP/1.1 OPTIONS http://localhost:5196/api/user/getById/1 - null null
2025-04-02 13:17:29.713 +02:00 [INF] CORS policy execution successful.
2025-04-02 13:17:29.726 +02:00 [INF] CORS policy execution successful.
2025-04-02 13:17:29.728 +02:00 [INF] Request finished HTTP/1.1 OPTIONS http://localhost:5196/api/user/getById/1 - 204 null null 47.934ms
2025-04-02 13:17:29.735 +02:00 [INF] Request finished HTTP/1.1 OPTIONS http://localhost:5196/api/user/getById/1 - 204 null null 37.8645ms
2025-04-02 13:17:29.746 +02:00 [INF] Request starting HTTP/1.1 GET http://localhost:5196/api/user/getById/1 - null null
2025-04-02 13:17:29.772 +02:00 [INF] CORS policy execution successful.
2025-04-02 13:17:29.775 +02:00 [INF] Executing endpoint 'Trello.Controller.UserController.GetUserById (Trello)'
2025-04-02 13:17:29.779 +02:00 [INF] Route matched with {action = "GetUserById", controller = "User"}. Executing controller action with signature System.Threading.Tasks.Task`1[Microsoft.AspNetCore.Mvc.IActionResult] GetUserById(Int32) on controller Trello.Controller.UserController (Trello).
2025-04-02 13:17:29.795 +02:00 [INF] Executed DbCommand (2ms) [Parameters=[@__id_0='?' (DbType = Int32)], CommandType='"Text"', CommandTimeout='30']
SELECT u."Id", u."AccessFailedCount", u."ConcurrencyStamp", u."CreatedAt", u."Email", u."EmailConfirmed", u."FirstName", u."LastName", u."LockoutEnabled", u."LockoutEnd", u."NormalizedEmail", u."NormalizedUserName", u."PasswordHash", u."PhoneNumber", u."PhoneNumberConfirmed", u."RefreshToken", u."RefreshTokenExpiry", u."SecurityStamp", u."TwoFactorEnabled", u."UserName"
FROM "Users" AS u
WHERE u."Id" = @__id_0
LIMIT 1
2025-04-02 13:17:29.809 +02:00 [INF] Executing OkObjectResult, writing value of type 'Trello.DTOs.UserDto'.
2025-04-02 13:17:29.814 +02:00 [INF] Executed action Trello.Controller.UserController.GetUserById (Trello) in 23.7594ms
2025-04-02 13:17:29.817 +02:00 [INF] Request starting HTTP/1.1 GET http://localhost:5196/api/user/getById/1 - null null
2025-04-02 13:17:29.828 +02:00 [INF] Executed endpoint 'Trello.Controller.UserController.GetUserById (Trello)'
2025-04-02 13:17:29.832 +02:00 [INF] CORS policy execution successful.
2025-04-02 13:17:29.839 +02:00 [INF] Request finished HTTP/1.1 GET http://localhost:5196/api/user/getById/1 - 200 null application/json; charset=utf-8 92.6013ms
2025-04-02 13:17:29.841 +02:00 [INF] Executing endpoint 'Trello.Controller.UserController.GetUserById (Trello)'
2025-04-02 13:17:29.863 +02:00 [INF] Request starting HTTP/1.1 GET http://localhost:5196/api/projects/getUserProjects/1 - null null
2025-04-02 13:17:29.866 +02:00 [INF] Route matched with {action = "GetUserById", controller = "User"}. Executing controller action with signature System.Threading.Tasks.Task`1[Microsoft.AspNetCore.Mvc.IActionResult] GetUserById(Int32) on controller Trello.Controller.UserController (Trello).
2025-04-02 13:17:29.894 +02:00 [INF] CORS policy execution successful.
2025-04-02 13:17:29.906 +02:00 [INF] Executing endpoint 'Trello.Controller.ProjectController.GetUserProjects (Trello)'
2025-04-02 13:17:29.907 +02:00 [INF] Executed DbCommand (5ms) [Parameters=[@__id_0='?' (DbType = Int32)], CommandType='"Text"', CommandTimeout='30']
SELECT u."Id", u."AccessFailedCount", u."ConcurrencyStamp", u."CreatedAt", u."Email", u."EmailConfirmed", u."FirstName", u."LastName", u."LockoutEnabled", u."LockoutEnd", u."NormalizedEmail", u."NormalizedUserName", u."PasswordHash", u."PhoneNumber", u."PhoneNumberConfirmed", u."RefreshToken", u."RefreshTokenExpiry", u."SecurityStamp", u."TwoFactorEnabled", u."UserName"
FROM "Users" AS u
WHERE u."Id" = @__id_0
LIMIT 1
2025-04-02 13:17:29.917 +02:00 [INF] Route matched with {action = "GetUserProjects", controller = "Project"}. Executing controller action with signature System.Threading.Tasks.Task`1[Microsoft.AspNetCore.Mvc.IActionResult] GetUserProjects(Int32) on controller Trello.Controller.ProjectController (Trello).
2025-04-02 13:17:29.924 +02:00 [INF] Executing OkObjectResult, writing value of type 'Trello.DTOs.UserDto'.
2025-04-02 13:17:29.942 +02:00 [INF] Executed action Trello.Controller.UserController.GetUserById (Trello) in 41.8646ms
2025-04-02 13:17:29.945 +02:00 [INF] Executed DbCommand (4ms) [Parameters=[@__userId_0='?' (DbType = Int32)], CommandType='"Text"', CommandTimeout='30']
SELECT p."Id", p."BoardId", p."Name", p."OwnerId"
FROM "Projects" AS p
WHERE EXISTS (
    SELECT 1
    FROM "UserProject" AS u
    WHERE p."Id" = u."ProjectId" AND u."UserId" = @__userId_0) OR p."OwnerId" = @__userId_0
2025-04-02 13:17:29.955 +02:00 [INF] Executed endpoint 'Trello.Controller.UserController.GetUserById (Trello)'
2025-04-02 13:17:29.967 +02:00 [INF] Executing OkObjectResult, writing value of type 'System.Collections.Generic.List`1[[Trello.DTOs.ProjectDetailsDto, Trello, Version=1.0.0.0, Culture=neutral, PublicKeyToken=null]]'.
2025-04-02 13:17:29.969 +02:00 [INF] Request finished HTTP/1.1 GET http://localhost:5196/api/user/getById/1 - 200 null application/json; charset=utf-8 152.1867ms
2025-04-02 13:17:29.991 +02:00 [INF] Executed action Trello.Controller.ProjectController.GetUserProjects (Trello) in 53.239ms
2025-04-02 13:17:29.995 +02:00 [INF] Executed endpoint 'Trello.Controller.ProjectController.GetUserProjects (Trello)'
2025-04-02 13:17:29.999 +02:00 [INF] Request finished HTTP/1.1 GET http://localhost:5196/api/projects/getUserProjects/1 - 200 null application/json; charset=utf-8 135.8859ms
2025-04-02 13:17:35.386 +02:00 [INF] Request starting HTTP/1.1 OPTIONS http://localhost:5196/api/boards/getById/1 - null null
2025-04-02 13:17:35.405 +02:00 [INF] CORS policy execution successful.
2025-04-02 13:17:35.408 +02:00 [INF] Request finished HTTP/1.1 OPTIONS http://localhost:5196/api/boards/getById/1 - 204 null null 22.0344ms
2025-04-02 13:17:35.437 +02:00 [INF] Request starting HTTP/1.1 GET http://localhost:5196/api/boards/getById/1 - null null
2025-04-02 13:17:35.445 +02:00 [INF] CORS policy execution successful.
2025-04-02 13:17:35.451 +02:00 [INF] Executing endpoint 'Trello.Controller.BoardController.GetById (Trello)'
2025-04-02 13:17:35.461 +02:00 [INF] Route matched with {action = "GetById", controller = "Board"}. Executing controller action with signature System.Threading.Tasks.Task`1[Microsoft.AspNetCore.Mvc.IActionResult] GetById(Int32) on controller Trello.Controller.BoardController (Trello).
2025-04-02 13:17:35.486 +02:00 [INF] Executed DbCommand (7ms) [Parameters=[@__id_0='?' (DbType = Int32)], CommandType='"Text"', CommandTimeout='30']
SELECT b0."Id", b0."ActiveSprintId", b0."Description", b0."Name", b0."ProjectId", s."Id", s."BoardId", s."Name", s."Id0", s."ColumnId", s."Description", s."DueDate", s."SprintId", s."Title"
FROM (
    SELECT b."Id", b."ActiveSprintId", b."Description", b."Name", b."ProjectId"
    FROM "Boards" AS b
    WHERE b."Id" = @__id_0
    LIMIT 1
) AS b0
LEFT JOIN (
    SELECT c."Id", c."BoardId", c."Name", c0."Id" AS "Id0", c0."ColumnId", c0."Description", c0."DueDate", c0."SprintId", c0."Title"
    FROM "Columns" AS c
    LEFT JOIN "Cards" AS c0 ON c."Id" = c0."ColumnId"
) AS s ON b0."Id" = s."BoardId"
ORDER BY b0."Id", s."Id"
2025-04-02 13:17:35.515 +02:00 [INF] Executing OkObjectResult, writing value of type 'Trello.DTOs.BoardDto'.
2025-04-02 13:17:35.521 +02:00 [INF] Executed action Trello.Controller.BoardController.GetById (Trello) in 44.2195ms
2025-04-02 13:17:35.525 +02:00 [INF] Executed endpoint 'Trello.Controller.BoardController.GetById (Trello)'
2025-04-02 13:17:35.528 +02:00 [INF] Request finished HTTP/1.1 GET http://localhost:5196/api/boards/getById/1 - 200 null application/json; charset=utf-8 91.3359ms
2025-04-02 13:17:39.863 +02:00 [INF] Request starting HTTP/1.1 OPTIONS http://localhost:5196/api/card/move - null null
2025-04-02 13:17:39.892 +02:00 [INF] CORS policy execution successful.
2025-04-02 13:17:39.897 +02:00 [INF] Request finished HTTP/1.1 OPTIONS http://localhost:5196/api/card/move - 204 null null 34.8839ms
2025-04-02 13:17:39.909 +02:00 [INF] Request starting HTTP/1.1 PUT http://localhost:5196/api/card/move - application/json 25
2025-04-02 13:17:39.918 +02:00 [INF] CORS policy execution successful.
2025-04-02 13:17:39.921 +02:00 [INF] Request finished HTTP/1.1 PUT http://localhost:5196/api/card/move - 404 0 null 12.1551ms
2025-04-02 13:17:39.930 +02:00 [INF] Request reached the end of the middleware pipeline without being handled by application code. Request path: PUT http://localhost:5196/api/card/move, Response status code: 404
2025-04-02 13:20:14.276 +02:00 [INF] Request starting HTTP/1.1 OPTIONS http://localhost:5196/api/user/getById/1 - null null
2025-04-02 13:20:14.276 +02:00 [INF] Request starting HTTP/1.1 OPTIONS http://localhost:5196/api/user/getById/1 - null null
2025-04-02 13:20:14.309 +02:00 [INF] CORS policy execution successful.
2025-04-02 13:20:14.312 +02:00 [INF] Request finished HTTP/1.1 OPTIONS http://localhost:5196/api/user/getById/1 - 204 null null 36.1394ms
2025-04-02 13:20:14.392 +02:00 [INF] Request starting HTTP/1.1 GET http://localhost:5196/api/user/getById/1 - null null
2025-04-02 13:20:14.300 +02:00 [INF] CORS policy execution successful.
2025-04-02 13:20:14.401 +02:00 [INF] CORS policy execution successful.
2025-04-02 13:20:14.411 +02:00 [INF] Executing endpoint 'Trello.Controller.UserController.GetUserById (Trello)'
2025-04-02 13:20:14.416 +02:00 [INF] Route matched with {action = "GetUserById", controller = "User"}. Executing controller action with signature System.Threading.Tasks.Task`1[Microsoft.AspNetCore.Mvc.IActionResult] GetUserById(Int32) on controller Trello.Controller.UserController (Trello).
2025-04-02 13:20:14.425 +02:00 [INF] Request finished HTTP/1.1 OPTIONS http://localhost:5196/api/user/getById/1 - 204 null null 152.7522ms
2025-04-02 13:20:14.566 +02:00 [INF] Executed DbCommand (4ms) [Parameters=[@__id_0='?' (DbType = Int32)], CommandType='"Text"', CommandTimeout='30']
SELECT u."Id", u."AccessFailedCount", u."ConcurrencyStamp", u."CreatedAt", u."Email", u."EmailConfirmed", u."FirstName", u."LastName", u."LockoutEnabled", u."LockoutEnd", u."NormalizedEmail", u."NormalizedUserName", u."PasswordHash", u."PhoneNumber", u."PhoneNumberConfirmed", u."RefreshToken", u."RefreshTokenExpiry", u."SecurityStamp", u."TwoFactorEnabled", u."UserName"
FROM "Users" AS u
WHERE u."Id" = @__id_0
LIMIT 1
2025-04-02 13:20:14.627 +02:00 [INF] Executing OkObjectResult, writing value of type 'Trello.DTOs.UserDto'.
2025-04-02 13:20:14.639 +02:00 [INF] Executed action Trello.Controller.UserController.GetUserById (Trello) in 209.9657ms
2025-04-02 13:20:14.643 +02:00 [INF] Executed endpoint 'Trello.Controller.UserController.GetUserById (Trello)'
2025-04-02 13:20:14.647 +02:00 [INF] Request finished HTTP/1.1 GET http://localhost:5196/api/user/getById/1 - 200 null application/json; charset=utf-8 255.7468ms
2025-04-02 13:20:14.652 +02:00 [INF] Request starting HTTP/1.1 GET http://localhost:5196/api/user/getById/1 - null null
2025-04-02 13:20:14.666 +02:00 [INF] Request starting HTTP/1.1 GET http://localhost:5196/api/projects/getUserProjects/1 - null null
2025-04-02 13:20:14.661 +02:00 [INF] CORS policy execution successful.
2025-04-02 13:20:14.675 +02:00 [INF] CORS policy execution successful.
2025-04-02 13:20:14.680 +02:00 [INF] Executing endpoint 'Trello.Controller.ProjectController.GetUserProjects (Trello)'
2025-04-02 13:20:14.677 +02:00 [INF] Executing endpoint 'Trello.Controller.UserController.GetUserById (Trello)'
2025-04-02 13:20:14.687 +02:00 [INF] Route matched with {action = "GetUserById", controller = "User"}. Executing controller action with signature System.Threading.Tasks.Task`1[Microsoft.AspNetCore.Mvc.IActionResult] GetUserById(Int32) on controller Trello.Controller.UserController (Trello).
2025-04-02 13:20:14.684 +02:00 [INF] Route matched with {action = "GetUserProjects", controller = "Project"}. Executing controller action with signature System.Threading.Tasks.Task`1[Microsoft.AspNetCore.Mvc.IActionResult] GetUserProjects(Int32) on controller Trello.Controller.ProjectController (Trello).
2025-04-02 13:20:14.706 +02:00 [INF] Executed DbCommand (9ms) [Parameters=[@__id_0='?' (DbType = Int32)], CommandType='"Text"', CommandTimeout='30']
SELECT u."Id", u."AccessFailedCount", u."ConcurrencyStamp", u."CreatedAt", u."Email", u."EmailConfirmed", u."FirstName", u."LastName", u."LockoutEnabled", u."LockoutEnd", u."NormalizedEmail", u."NormalizedUserName", u."PasswordHash", u."PhoneNumber", u."PhoneNumberConfirmed", u."RefreshToken", u."RefreshTokenExpiry", u."SecurityStamp", u."TwoFactorEnabled", u."UserName"
FROM "Users" AS u
WHERE u."Id" = @__id_0
LIMIT 1
2025-04-02 13:20:14.737 +02:00 [INF] Executing OkObjectResult, writing value of type 'Trello.DTOs.UserDto'.
2025-04-02 13:20:14.742 +02:00 [INF] Executed action Trello.Controller.UserController.GetUserById (Trello) in 47.646ms
2025-04-02 13:20:14.746 +02:00 [INF] Executed endpoint 'Trello.Controller.UserController.GetUserById (Trello)'
2025-04-02 13:20:14.750 +02:00 [INF] Request finished HTTP/1.1 GET http://localhost:5196/api/user/getById/1 - 200 null application/json; charset=utf-8 98.5411ms
2025-04-02 13:20:14.861 +02:00 [INF] Executed DbCommand (41ms) [Parameters=[@__userId_0='?' (DbType = Int32)], CommandType='"Text"', CommandTimeout='30']
SELECT p."Id", p."BoardId", p."Name", p."OwnerId"
FROM "Projects" AS p
WHERE EXISTS (
    SELECT 1
    FROM "UserProject" AS u
    WHERE p."Id" = u."ProjectId" AND u."UserId" = @__userId_0) OR p."OwnerId" = @__userId_0
2025-04-02 13:20:14.872 +02:00 [INF] Executing OkObjectResult, writing value of type 'System.Collections.Generic.List`1[[Trello.DTOs.ProjectDetailsDto, Trello, Version=1.0.0.0, Culture=neutral, PublicKeyToken=null]]'.
2025-04-02 13:20:15.156 +02:00 [INF] Executed action Trello.Controller.ProjectController.GetUserProjects (Trello) in 444.4248ms
2025-04-02 13:20:15.287 +02:00 [INF] Executed endpoint 'Trello.Controller.ProjectController.GetUserProjects (Trello)'
2025-04-02 13:20:15.292 +02:00 [INF] Request finished HTTP/1.1 GET http://localhost:5196/api/projects/getUserProjects/1 - 200 null application/json; charset=utf-8 626.4341ms
2025-04-02 13:20:17.342 +02:00 [INF] Request starting HTTP/1.1 OPTIONS http://localhost:5196/api/boards/getById/1 - null null
2025-04-02 13:20:17.452 +02:00 [INF] CORS policy execution successful.
2025-04-02 13:20:17.458 +02:00 [INF] Request finished HTTP/1.1 OPTIONS http://localhost:5196/api/boards/getById/1 - 204 null null 116.0782ms
2025-04-02 13:20:17.468 +02:00 [INF] Request starting HTTP/1.1 GET http://localhost:5196/api/boards/getById/1 - null null
2025-04-02 13:20:17.477 +02:00 [INF] CORS policy execution successful.
2025-04-02 13:20:17.480 +02:00 [INF] Executing endpoint 'Trello.Controller.BoardController.GetById (Trello)'
2025-04-02 13:20:17.486 +02:00 [INF] Route matched with {action = "GetById", controller = "Board"}. Executing controller action with signature System.Threading.Tasks.Task`1[Microsoft.AspNetCore.Mvc.IActionResult] GetById(Int32) on controller Trello.Controller.BoardController (Trello).
2025-04-02 13:20:17.527 +02:00 [INF] Executed DbCommand (19ms) [Parameters=[@__id_0='?' (DbType = Int32)], CommandType='"Text"', CommandTimeout='30']
SELECT b0."Id", b0."ActiveSprintId", b0."Description", b0."Name", b0."ProjectId", s."Id", s."BoardId", s."Name", s."Id0", s."ColumnId", s."Description", s."DueDate", s."SprintId", s."Title"
FROM (
    SELECT b."Id", b."ActiveSprintId", b."Description", b."Name", b."ProjectId"
    FROM "Boards" AS b
    WHERE b."Id" = @__id_0
    LIMIT 1
) AS b0
LEFT JOIN (
    SELECT c."Id", c."BoardId", c."Name", c0."Id" AS "Id0", c0."ColumnId", c0."Description", c0."DueDate", c0."SprintId", c0."Title"
    FROM "Columns" AS c
    LEFT JOIN "Cards" AS c0 ON c."Id" = c0."ColumnId"
) AS s ON b0."Id" = s."BoardId"
ORDER BY b0."Id", s."Id"
2025-04-02 13:20:17.542 +02:00 [INF] Executing OkObjectResult, writing value of type 'Trello.DTOs.BoardDto'.
2025-04-02 13:20:17.549 +02:00 [INF] Executed action Trello.Controller.BoardController.GetById (Trello) in 49.5168ms
2025-04-02 13:20:17.553 +02:00 [INF] Executed endpoint 'Trello.Controller.BoardController.GetById (Trello)'
2025-04-02 13:20:17.557 +02:00 [INF] Request finished HTTP/1.1 GET http://localhost:5196/api/boards/getById/1 - 200 null application/json; charset=utf-8 88.8654ms
2025-04-02 13:20:19.832 +02:00 [INF] Request starting HTTP/1.1 OPTIONS http://localhost:5196/api/card/move - null null
2025-04-02 13:20:19.848 +02:00 [INF] CORS policy execution successful.
2025-04-02 13:20:19.859 +02:00 [INF] Request finished HTTP/1.1 OPTIONS http://localhost:5196/api/card/move - 204 null null 26.6201ms
2025-04-02 13:20:19.871 +02:00 [INF] Request starting HTTP/1.1 PUT http://localhost:5196/api/card/move - application/json 25
2025-04-02 13:20:20.025 +02:00 [INF] Failed to validate the token.
Microsoft.IdentityModel.Tokens.SecurityTokenMalformedException: IDX14100: JWT is not well formed, there are no dots (.).
The token needs to be in JWS or JWE Compact Serialization Format. (JWS): 'EncodedHeader.EndcodedPayload.EncodedSignature'. (JWE): 'EncodedProtectedHeader.EncodedEncryptedKey.EncodedInitializationVector.EncodedCiphertext.EncodedAuthenticationTag'.
 ---> Microsoft.IdentityModel.Tokens.SecurityTokenMalformedException: IDX14100: JWT is not well formed, there are no dots (.).
The token needs to be in JWS or JWE Compact Serialization Format. (JWS): 'EncodedHeader.EndcodedPayload.EncodedSignature'. (JWE): 'EncodedProtectedHeader.EncodedEncryptedKey.EncodedInitializationVector.EncodedCiphertext.EncodedAuthenticationTag'.
   at Microsoft.IdentityModel.JsonWebTokens.JsonWebToken.ReadToken(String encodedJson)
   at Microsoft.IdentityModel.JsonWebTokens.JsonWebToken..ctor(String jwtEncodedString)
   at Microsoft.IdentityModel.JsonWebTokens.JsonWebTokenHandler.ReadToken(String token, TokenValidationParameters validationParameters)
   --- End of inner exception stack trace ---
2025-04-02 13:20:20.203 +02:00 [INF] Bearer was not authenticated. Failure message: IDX14100: JWT is not well formed, there are no dots (.).
The token needs to be in JWS or JWE Compact Serialization Format. (JWS): 'EncodedHeader.EndcodedPayload.EncodedSignature'. (JWE): 'EncodedProtectedHeader.EncodedEncryptedKey.EncodedInitializationVector.EncodedCiphertext.EncodedAuthenticationTag'.
2025-04-02 13:20:20.208 +02:00 [INF] CORS policy execution successful.
2025-04-02 13:20:20.210 +02:00 [INF] Request finished HTTP/1.1 PUT http://localhost:5196/api/card/move - 404 0 null 338.5207ms
2025-04-02 13:20:20.220 +02:00 [INF] Request reached the end of the middleware pipeline without being handled by application code. Request path: PUT http://localhost:5196/api/card/move, Response status code: 404
