2025-04-03 15:59:34.768 +02:00 [ERR] Failed executing DbCommand (41ms) [Parameters=[], CommandType='"Text"', CommandTimeout='30']
SELECT "MigrationId", "ProductVersion"
FROM "__EFMigrationsHistory"
ORDER BY "MigrationId";
2025-04-03 15:59:35.581 +02:00 [INF] Executed DbCommand (88ms) [Parameters=[], CommandType='"Text"', CommandTimeout='30']
CREATE TABLE IF NOT EXISTS "__EFMigrationsHistory" (
    "MigrationId" character varying(150) NOT NULL,
    "ProductVersion" character varying(32) NOT NULL,
    CONSTRAINT "PK___EFMigrationsHistory" PRIMARY KEY ("MigrationId")
);
2025-04-03 15:59:35.686 +02:00 [INF] Acquiring an exclusive lock for migration application. See https://aka.ms/efcore-docs-migrations-lock for more information if this takes too long.
2025-04-03 15:59:35.717 +02:00 [INF] Executed DbCommand (3ms) [Parameters=[], CommandType='"Text"', CommandTimeout='30']
LOCK TABLE "__EFMigrationsHistory" IN ACCESS EXCLUSIVE MODE
2025-04-03 15:59:35.739 +02:00 [INF] Executed DbCommand (4ms) [Parameters=[], CommandType='"Text"', CommandTimeout='30']
SELECT "MigrationId", "ProductVersion"
FROM "__EFMigrationsHistory"
ORDER BY "MigrationId";
2025-04-03 15:59:35.793 +02:00 [INF] Applying migration '20250403135903_InitialCreate'.
2025-04-03 15:59:35.919 +02:00 [INF] Executed DbCommand (21ms) [Parameters=[], CommandType='"Text"', CommandTimeout='30']
CREATE TABLE "Users" (
    "Id" integer GENERATED BY DEFAULT AS IDENTITY,
    "FirstName" text NOT NULL,
    "LastName" text NOT NULL,
    "Email" text NOT NULL,
    "UserName" text NOT NULL,
    "PhoneNumber" text NOT NULL,
    "PasswordHash" text NOT NULL,
    "RefreshToken" text,
    "RefreshTokenExpiry" timestamp with time zone,
    "CreatedAt" timestamp with time zone NOT NULL,
    "NormalizedUserName" text,
    "NormalizedEmail" text,
    "EmailConfirmed" boolean NOT NULL,
    "SecurityStamp" text,
    "ConcurrencyStamp" text,
    "PhoneNumberConfirmed" boolean NOT NULL,
    "TwoFactorEnabled" boolean NOT NULL,
    "LockoutEnd" timestamp with time zone,
    "LockoutEnabled" boolean NOT NULL,
    "AccessFailedCount" integer NOT NULL,
    CONSTRAINT "PK_Users" PRIMARY KEY ("Id")
);
2025-04-03 15:59:36.120 +02:00 [INF] Executed DbCommand (35ms) [Parameters=[], CommandType='"Text"', CommandTimeout='30']
CREATE TABLE "Projects" (
    "Id" integer GENERATED BY DEFAULT AS IDENTITY,
    "Name" text NOT NULL,
    "OwnerId" integer NOT NULL,
    "BoardId" integer NOT NULL,
    "BacklogId" integer NOT NULL,
    CONSTRAINT "PK_Projects" PRIMARY KEY ("Id"),
    CONSTRAINT "FK_Projects_Users_OwnerId" FOREIGN KEY ("OwnerId") REFERENCES "Users" ("Id") ON DELETE CASCADE
);
2025-04-03 15:59:36.152 +02:00 [INF] Executed DbCommand (11ms) [Parameters=[], CommandType='"Text"', CommandTimeout='30']
CREATE TABLE "Backlogs" (
    "Id" integer GENERATED BY DEFAULT AS IDENTITY,
    "ProjectId" integer NOT NULL,
    CONSTRAINT "PK_Backlogs" PRIMARY KEY ("Id"),
    CONSTRAINT "FK_Backlogs_Projects_ProjectId" FOREIGN KEY ("ProjectId") REFERENCES "Projects" ("Id") ON DELETE CASCADE
);
2025-04-03 15:59:36.199 +02:00 [INF] Executed DbCommand (20ms) [Parameters=[], CommandType='"Text"', CommandTimeout='30']
CREATE TABLE "Sprints" (
    "Id" integer GENERATED BY DEFAULT AS IDENTITY,
    "Name" text NOT NULL,
    "Status" integer NOT NULL,
    "StartDate" timestamp with time zone NOT NULL,
    "EndDate" timestamp with time zone NOT NULL,
    "ProjectId" integer NOT NULL,
    CONSTRAINT "PK_Sprints" PRIMARY KEY ("Id"),
    CONSTRAINT "FK_Sprints_Projects_ProjectId" FOREIGN KEY ("ProjectId") REFERENCES "Projects" ("Id") ON DELETE CASCADE
);
2025-04-03 15:59:36.240 +02:00 [INF] Executed DbCommand (11ms) [Parameters=[], CommandType='"Text"', CommandTimeout='30']
CREATE TABLE "UserProject" (
    "UserId" integer NOT NULL,
    "ProjectId" integer NOT NULL,
    CONSTRAINT "PK_UserProject" PRIMARY KEY ("UserId", "ProjectId"),
    CONSTRAINT "FK_UserProject_Projects_ProjectId" FOREIGN KEY ("ProjectId") REFERENCES "Projects" ("Id"),
    CONSTRAINT "FK_UserProject_Users_UserId" FOREIGN KEY ("UserId") REFERENCES "Users" ("Id")
);
2025-04-03 15:59:36.297 +02:00 [INF] Executed DbCommand (23ms) [Parameters=[], CommandType='"Text"', CommandTimeout='30']
CREATE TABLE "UserStories" (
    "Id" integer GENERATED BY DEFAULT AS IDENTITY,
    "Title" text NOT NULL,
    "Description" text NOT NULL,
    "BacklogId" integer NOT NULL,
    CONSTRAINT "PK_UserStories" PRIMARY KEY ("Id"),
    CONSTRAINT "FK_UserStories_Backlogs_BacklogId" FOREIGN KEY ("BacklogId") REFERENCES "Backlogs" ("Id") ON DELETE CASCADE
);
2025-04-03 15:59:36.339 +02:00 [INF] Executed DbCommand (19ms) [Parameters=[], CommandType='"Text"', CommandTimeout='30']
CREATE TABLE "Boards" (
    "Id" integer GENERATED BY DEFAULT AS IDENTITY,
    "Name" text NOT NULL,
    "Description" text NOT NULL,
    "ProjectId" integer NOT NULL,
    "ActiveSprintId" integer,
    CONSTRAINT "PK_Boards" PRIMARY KEY ("Id"),
    CONSTRAINT "FK_Boards_Projects_ProjectId" FOREIGN KEY ("ProjectId") REFERENCES "Projects" ("Id") ON DELETE CASCADE,
    CONSTRAINT "FK_Boards_Sprints_ActiveSprintId" FOREIGN KEY ("ActiveSprintId") REFERENCES "Sprints" ("Id")
);
2025-04-03 15:59:36.378 +02:00 [INF] Executed DbCommand (20ms) [Parameters=[], CommandType='"Text"', CommandTimeout='30']
CREATE TABLE "Cards" (
    "Id" integer GENERATED BY DEFAULT AS IDENTITY,
    "Title" text NOT NULL,
    "Description" text NOT NULL,
    "Status" integer NOT NULL,
    "DueDate" timestamp with time zone NOT NULL,
    "SprintId" integer,
    CONSTRAINT "PK_Cards" PRIMARY KEY ("Id"),
    CONSTRAINT "FK_Cards_Sprints_SprintId" FOREIGN KEY ("SprintId") REFERENCES "Sprints" ("Id") ON DELETE CASCADE
);
2025-04-03 15:59:36.430 +02:00 [INF] Executed DbCommand (29ms) [Parameters=[], CommandType='"Text"', CommandTimeout='30']
CREATE TABLE "Comments" (
    "Id" integer GENERATED BY DEFAULT AS IDENTITY,
    "Text" text NOT NULL,
    "CreatedAt" timestamp with time zone NOT NULL,
    "AuthorId" integer NOT NULL,
    "CardId" integer NOT NULL,
    CONSTRAINT "PK_Comments" PRIMARY KEY ("Id"),
    CONSTRAINT "FK_Comments_Cards_CardId" FOREIGN KEY ("CardId") REFERENCES "Cards" ("Id") ON DELETE CASCADE,
    CONSTRAINT "FK_Comments_Users_AuthorId" FOREIGN KEY ("AuthorId") REFERENCES "Users" ("Id")
);
2025-04-03 15:59:36.463 +02:00 [INF] Executed DbCommand (12ms) [Parameters=[], CommandType='"Text"', CommandTimeout='30']
CREATE TABLE "UserCard" (
    "UserId" integer NOT NULL,
    "CardId" integer NOT NULL,
    "AssignedAt" timestamp with time zone NOT NULL,
    CONSTRAINT "PK_UserCard" PRIMARY KEY ("UserId", "CardId"),
    CONSTRAINT "FK_UserCard_Cards_CardId" FOREIGN KEY ("CardId") REFERENCES "Cards" ("Id") ON DELETE RESTRICT,
    CONSTRAINT "FK_UserCard_Users_UserId" FOREIGN KEY ("UserId") REFERENCES "Users" ("Id") ON DELETE RESTRICT
);
2025-04-03 15:59:36.495 +02:00 [INF] Executed DbCommand (6ms) [Parameters=[], CommandType='"Text"', CommandTimeout='30']
CREATE UNIQUE INDEX "IX_Backlogs_ProjectId" ON "Backlogs" ("ProjectId");
2025-04-03 15:59:36.519 +02:00 [INF] Executed DbCommand (7ms) [Parameters=[], CommandType='"Text"', CommandTimeout='30']
CREATE UNIQUE INDEX "IX_Boards_ActiveSprintId" ON "Boards" ("ActiveSprintId");
2025-04-03 15:59:36.546 +02:00 [INF] Executed DbCommand (8ms) [Parameters=[], CommandType='"Text"', CommandTimeout='30']
CREATE UNIQUE INDEX "IX_Boards_ProjectId" ON "Boards" ("ProjectId");
2025-04-03 15:59:36.574 +02:00 [INF] Executed DbCommand (4ms) [Parameters=[], CommandType='"Text"', CommandTimeout='30']
CREATE INDEX "IX_Cards_SprintId" ON "Cards" ("SprintId");
2025-04-03 15:59:36.599 +02:00 [INF] Executed DbCommand (5ms) [Parameters=[], CommandType='"Text"', CommandTimeout='30']
CREATE INDEX "IX_Comments_AuthorId" ON "Comments" ("AuthorId");
2025-04-03 15:59:36.621 +02:00 [INF] Executed DbCommand (6ms) [Parameters=[], CommandType='"Text"', CommandTimeout='30']
CREATE INDEX "IX_Comments_CardId" ON "Comments" ("CardId");
2025-04-03 15:59:36.650 +02:00 [INF] Executed DbCommand (9ms) [Parameters=[], CommandType='"Text"', CommandTimeout='30']
CREATE INDEX "IX_Projects_OwnerId" ON "Projects" ("OwnerId");
2025-04-03 15:59:36.678 +02:00 [INF] Executed DbCommand (5ms) [Parameters=[], CommandType='"Text"', CommandTimeout='30']
CREATE INDEX "IX_Sprints_ProjectId" ON "Sprints" ("ProjectId");
2025-04-03 15:59:36.699 +02:00 [INF] Executed DbCommand (5ms) [Parameters=[], CommandType='"Text"', CommandTimeout='30']
CREATE INDEX "IX_UserCard_CardId" ON "UserCard" ("CardId");
2025-04-03 15:59:36.724 +02:00 [INF] Executed DbCommand (5ms) [Parameters=[], CommandType='"Text"', CommandTimeout='30']
CREATE INDEX "IX_UserProject_ProjectId" ON "UserProject" ("ProjectId");
2025-04-03 15:59:36.750 +02:00 [INF] Executed DbCommand (8ms) [Parameters=[], CommandType='"Text"', CommandTimeout='30']
CREATE INDEX "IX_UserStories_BacklogId" ON "UserStories" ("BacklogId");
2025-04-03 15:59:36.773 +02:00 [INF] Executed DbCommand (4ms) [Parameters=[], CommandType='"Text"', CommandTimeout='30']
INSERT INTO "__EFMigrationsHistory" ("MigrationId", "ProductVersion")
VALUES ('20250403135903_InitialCreate', '9.0.3');
2025-04-03 16:00:23.666 +02:00 [INF] User profile is available. Using 'C:\Users\User\AppData\Local\ASP.NET\DataProtection-Keys' as key repository and Windows DPAPI to encrypt keys at rest.
2025-04-03 16:00:24.877 +02:00 [INF] Now listening on: http://localhost:5196
2025-04-03 16:00:24.898 +02:00 [INF] Application started. Press Ctrl+C to shut down.
2025-04-03 16:00:24.906 +02:00 [INF] Hosting environment: Development
2025-04-03 16:00:24.908 +02:00 [INF] Content root path: C:\Users\User\Desktop\TaskManagment\Trello
2025-04-03 16:00:27.717 +02:00 [INF] Request starting HTTP/1.1 GET http://localhost:5196// - null null
2025-04-03 16:00:27.868 +02:00 [WRN] Failed to determine the https port for redirect.
2025-04-03 16:00:29.423 +02:00 [INF] Request finished HTTP/1.1 GET http://localhost:5196// - 404 0 null 1748.8519ms
2025-04-03 16:00:29.463 +02:00 [INF] Request reached the end of the middleware pipeline without being handled by application code. Request path: GET http://localhost:5196//, Response status code: 404
2025-04-03 16:00:39.846 +02:00 [INF] Request starting HTTP/1.1 OPTIONS http://localhost:5196/api/user/getById/1 - null null
2025-04-03 16:00:39.949 +02:00 [INF] CORS policy execution successful.
2025-04-03 16:00:40.718 +02:00 [INF] Request finished HTTP/1.1 OPTIONS http://localhost:5196/api/user/getById/1 - 204 null null 873.278ms
2025-04-03 16:00:40.739 +02:00 [INF] Request starting HTTP/1.1 GET http://localhost:5196/api/user/getById/1 - null null
2025-04-03 16:00:41.240 +02:00 [INF] CORS policy execution successful.
2025-04-03 16:00:41.257 +02:00 [INF] Executing endpoint 'Trello.Controller.UserController.GetUserById (Trello)'
2025-04-03 16:00:41.469 +02:00 [INF] Route matched with {action = "GetUserById", controller = "User"}. Executing controller action with signature System.Threading.Tasks.Task`1[Microsoft.AspNetCore.Mvc.IActionResult] GetUserById(Int32) on controller Trello.Controller.UserController (Trello).
2025-04-03 16:00:43.299 +02:00 [INF] Request starting HTTP/1.1 GET http://localhost:5196/api/user/getById/1 - null null
2025-04-03 16:00:43.783 +02:00 [INF] CORS policy execution successful.
2025-04-03 16:00:43.797 +02:00 [INF] Executing endpoint 'Trello.Controller.UserController.GetUserById (Trello)'
2025-04-03 16:00:43.807 +02:00 [INF] Route matched with {action = "GetUserById", controller = "User"}. Executing controller action with signature System.Threading.Tasks.Task`1[Microsoft.AspNetCore.Mvc.IActionResult] GetUserById(Int32) on controller Trello.Controller.UserController (Trello).
2025-04-03 16:00:51.951 +02:00 [INF] Executed DbCommand (262ms) [Parameters=[@__id_0='?' (DbType = Int32)], CommandType='"Text"', CommandTimeout='30']
SELECT u."Id", u."AccessFailedCount", u."ConcurrencyStamp", u."CreatedAt", u."Email", u."EmailConfirmed", u."FirstName", u."LastName", u."LockoutEnabled", u."LockoutEnd", u."NormalizedEmail", u."NormalizedUserName", u."PasswordHash", u."PhoneNumber", u."PhoneNumberConfirmed", u."RefreshToken", u."RefreshTokenExpiry", u."SecurityStamp", u."TwoFactorEnabled", u."UserName"
FROM "Users" AS u
WHERE u."Id" = @__id_0
LIMIT 1
2025-04-03 16:00:51.951 +02:00 [INF] Executed DbCommand (262ms) [Parameters=[@__id_0='?' (DbType = Int32)], CommandType='"Text"', CommandTimeout='30']
SELECT u."Id", u."AccessFailedCount", u."ConcurrencyStamp", u."CreatedAt", u."Email", u."EmailConfirmed", u."FirstName", u."LastName", u."LockoutEnabled", u."LockoutEnd", u."NormalizedEmail", u."NormalizedUserName", u."PasswordHash", u."PhoneNumber", u."PhoneNumberConfirmed", u."RefreshToken", u."RefreshTokenExpiry", u."SecurityStamp", u."TwoFactorEnabled", u."UserName"
FROM "Users" AS u
WHERE u."Id" = @__id_0
LIMIT 1
2025-04-03 16:00:57.124 +02:00 [INF] Executed action Trello.Controller.UserController.GetUserById (Trello) in 15618.2289ms
2025-04-03 16:00:57.124 +02:00 [INF] Executed action Trello.Controller.UserController.GetUserById (Trello) in 13269.924ms
2025-04-03 16:00:57.780 +02:00 [INF] Executed endpoint 'Trello.Controller.UserController.GetUserById (Trello)'
2025-04-03 16:00:58.550 +02:00 [INF] Executed endpoint 'Trello.Controller.UserController.GetUserById (Trello)'
2025-04-03 16:00:59.028 +02:00 [ERR] Unhandled exception occurred.
System.InvalidOperationException: Result is in status failed. Value is not set. Having: Error with Message='User with this ID was not found.'
   at FluentResults.Result`1.ThrowIfFailed()
   at FluentResults.Result`1.get_Value()
   at Trello.Controller.UserController.GetUserById(Int32 id) in C:\Users\User\Desktop\TaskManagment\Trello\Controller\UserController.cs:line 32
   at Microsoft.AspNetCore.Mvc.Infrastructure.ActionMethodExecutor.TaskOfIActionResultExecutor.Execute(ActionContext actionContext, IActionResultTypeMapper mapper, ObjectMethodExecutor executor, Object controller, Object[] arguments)
   at Microsoft.AspNetCore.Mvc.Infrastructure.ControllerActionInvoker.<InvokeActionMethodAsync>g__Awaited|12_0(ControllerActionInvoker invoker, ValueTask`1 actionResultValueTask)
   at Microsoft.AspNetCore.Mvc.Infrastructure.ControllerActionInvoker.<InvokeNextActionFilterAsync>g__Awaited|10_0(ControllerActionInvoker invoker, Task lastTask, State next, Scope scope, Object state, Boolean isCompleted)
   at Microsoft.AspNetCore.Mvc.Infrastructure.ControllerActionInvoker.Rethrow(ActionExecutedContextSealed context)
   at Microsoft.AspNetCore.Mvc.Infrastructure.ControllerActionInvoker.Next(State& next, Scope& scope, Object& state, Boolean& isCompleted)
   at Microsoft.AspNetCore.Mvc.Infrastructure.ControllerActionInvoker.<InvokeInnerFilterAsync>g__Awaited|13_0(ControllerActionInvoker invoker, Task lastTask, State next, Scope scope, Object state, Boolean isCompleted)
   at Microsoft.AspNetCore.Mvc.Infrastructure.ResourceInvoker.<InvokeFilterPipelineAsync>g__Awaited|20_0(ResourceInvoker invoker, Task lastTask, State next, Scope scope, Object state, Boolean isCompleted)
   at Microsoft.AspNetCore.Mvc.Infrastructure.ResourceInvoker.<InvokeAsync>g__Logged|17_1(ResourceInvoker invoker)
   at Microsoft.AspNetCore.Mvc.Infrastructure.ResourceInvoker.<InvokeAsync>g__Logged|17_1(ResourceInvoker invoker)
   at Microsoft.AspNetCore.Routing.EndpointMiddleware.<Invoke>g__AwaitRequestTask|7_0(Endpoint endpoint, Task requestTask, ILogger logger)
   at Trello.Helpers.ExceptionHandlingMiddleware.Invoke(HttpContext context) in C:\Users\User\Desktop\TaskManagment\Trello\Helpers\ExeptionHandlingMiddleware.cs:line 21
2025-04-03 16:01:00.208 +02:00 [ERR] Unhandled exception occurred.
System.InvalidOperationException: Result is in status failed. Value is not set. Having: Error with Message='User with this ID was not found.'
   at FluentResults.Result`1.ThrowIfFailed()
   at FluentResults.Result`1.get_Value()
   at Trello.Controller.UserController.GetUserById(Int32 id) in C:\Users\User\Desktop\TaskManagment\Trello\Controller\UserController.cs:line 32
   at Microsoft.AspNetCore.Mvc.Infrastructure.ActionMethodExecutor.TaskOfIActionResultExecutor.Execute(ActionContext actionContext, IActionResultTypeMapper mapper, ObjectMethodExecutor executor, Object controller, Object[] arguments)
   at Microsoft.AspNetCore.Mvc.Infrastructure.ControllerActionInvoker.<InvokeActionMethodAsync>g__Awaited|12_0(ControllerActionInvoker invoker, ValueTask`1 actionResultValueTask)
   at Microsoft.AspNetCore.Mvc.Infrastructure.ControllerActionInvoker.<InvokeNextActionFilterAsync>g__Awaited|10_0(ControllerActionInvoker invoker, Task lastTask, State next, Scope scope, Object state, Boolean isCompleted)
   at Microsoft.AspNetCore.Mvc.Infrastructure.ControllerActionInvoker.Rethrow(ActionExecutedContextSealed context)
   at Microsoft.AspNetCore.Mvc.Infrastructure.ControllerActionInvoker.Next(State& next, Scope& scope, Object& state, Boolean& isCompleted)
   at Microsoft.AspNetCore.Mvc.Infrastructure.ControllerActionInvoker.<InvokeInnerFilterAsync>g__Awaited|13_0(ControllerActionInvoker invoker, Task lastTask, State next, Scope scope, Object state, Boolean isCompleted)
   at Microsoft.AspNetCore.Mvc.Infrastructure.ResourceInvoker.<InvokeFilterPipelineAsync>g__Awaited|20_0(ResourceInvoker invoker, Task lastTask, State next, Scope scope, Object state, Boolean isCompleted)
   at Microsoft.AspNetCore.Mvc.Infrastructure.ResourceInvoker.<InvokeAsync>g__Logged|17_1(ResourceInvoker invoker)
   at Microsoft.AspNetCore.Mvc.Infrastructure.ResourceInvoker.<InvokeAsync>g__Logged|17_1(ResourceInvoker invoker)
   at Microsoft.AspNetCore.Routing.EndpointMiddleware.<Invoke>g__AwaitRequestTask|7_0(Endpoint endpoint, Task requestTask, ILogger logger)
   at Trello.Helpers.ExceptionHandlingMiddleware.Invoke(HttpContext context) in C:\Users\User\Desktop\TaskManagment\Trello\Helpers\ExeptionHandlingMiddleware.cs:line 21
2025-04-03 16:01:00.214 +02:00 [INF] Request starting HTTP/1.1 OPTIONS http://localhost:5196/api/auth/signup - null null
2025-04-03 16:01:00.469 +02:00 [INF] CORS policy execution successful.
2025-04-03 16:01:00.491 +02:00 [INF] Request finished HTTP/1.1 OPTIONS http://localhost:5196/api/auth/signup - 204 null null 276.452ms
2025-04-03 16:01:00.530 +02:00 [INF] Request starting HTTP/1.1 POST http://localhost:5196/api/auth/signup - application/json 147
2025-04-03 16:01:00.550 +02:00 [INF] CORS policy execution successful.
2025-04-03 16:01:00.561 +02:00 [INF] Executing endpoint 'Trello.Controller.AuthController.SignUp (Trello)'
2025-04-03 16:01:00.598 +02:00 [INF] Route matched with {action = "SignUp", controller = "Auth"}. Executing controller action with signature System.Threading.Tasks.Task`1[Microsoft.AspNetCore.Mvc.IActionResult] SignUp(Trello.DTOs.RegisterRequestDto) on controller Trello.Controller.AuthController (Trello).
2025-04-03 16:01:02.570 +02:00 [INF] Request finished HTTP/1.1 GET http://localhost:5196/api/user/getById/1 - 500 null application/json; charset=utf-8 19271.2422ms
2025-04-03 16:01:02.570 +02:00 [INF] Request finished HTTP/1.1 GET http://localhost:5196/api/user/getById/1 - 499 null application/json; charset=utf-8 21831.921ms
2025-04-03 16:01:03.325 +02:00 [INF] Executed DbCommand (17ms) [Parameters=[@__normalizedUserName_0='?'], CommandType='"Text"', CommandTimeout='30']
SELECT u."Id", u."AccessFailedCount", u."ConcurrencyStamp", u."CreatedAt", u."Email", u."EmailConfirmed", u."FirstName", u."LastName", u."LockoutEnabled", u."LockoutEnd", u."NormalizedEmail", u."NormalizedUserName", u."PasswordHash", u."PhoneNumber", u."PhoneNumberConfirmed", u."RefreshToken", u."RefreshTokenExpiry", u."SecurityStamp", u."TwoFactorEnabled", u."UserName"
FROM "Users" AS u
WHERE u."NormalizedUserName" = @__normalizedUserName_0
LIMIT 1
2025-04-03 16:01:04.057 +02:00 [INF] Executed DbCommand (39ms) [Parameters=[@p0='?' (DbType = Int32), @p1='?', @p2='?' (DbType = DateTime), @p3='?', @p4='?' (DbType = Boolean), @p5='?', @p6='?', @p7='?' (DbType = Boolean), @p8='?' (DbType = DateTime), @p9='?', @p10='?', @p11='?', @p12='?', @p13='?' (DbType = Boolean), @p14='?', @p15='?' (DbType = DateTime), @p16='?', @p17='?' (DbType = Boolean), @p18='?'], CommandType='"Text"', CommandTimeout='30']
INSERT INTO "Users" ("AccessFailedCount", "ConcurrencyStamp", "CreatedAt", "Email", "EmailConfirmed", "FirstName", "LastName", "LockoutEnabled", "LockoutEnd", "NormalizedEmail", "NormalizedUserName", "PasswordHash", "PhoneNumber", "PhoneNumberConfirmed", "RefreshToken", "RefreshTokenExpiry", "SecurityStamp", "TwoFactorEnabled", "UserName")
VALUES (@p0, @p1, @p2, @p3, @p4, @p5, @p6, @p7, @p8, @p9, @p10, @p11, @p12, @p13, @p14, @p15, @p16, @p17, @p18)
RETURNING "Id";
2025-04-03 16:01:04.313 +02:00 [INF] Executing OkObjectResult, writing value of type 'FluentResults.Result`1[[Trello.DTOs.AuthResponseDto, Trello, Version=1.0.0.0, Culture=neutral, PublicKeyToken=null]]'.
2025-04-03 16:01:04.429 +02:00 [INF] Executed action Trello.Controller.AuthController.SignUp (Trello) in 3775.277ms
2025-04-03 16:01:04.453 +02:00 [INF] Executed endpoint 'Trello.Controller.AuthController.SignUp (Trello)'
2025-04-03 16:01:05.127 +02:00 [ERR] Failed executing DbCommand (858ms) [Parameters=[@p2='?' (DbType = Int32), @p0='?', @p1='?' (DbType = DateTime)], CommandType='"Text"', CommandTimeout='30']
UPDATE "Users" SET "RefreshToken" = @p0, "RefreshTokenExpiry" = @p1
WHERE "Id" = @p2;
2025-04-03 16:01:47.233 +02:00 [INF] Request finished HTTP/1.1 POST http://localhost:5196/api/auth/signup - 200 null application/json; charset=utf-8 46702.9338ms
2025-04-03 16:01:47.259 +02:00 [INF] Request starting HTTP/1.1 OPTIONS http://localhost:5196/api/auth/login - null null
2025-04-03 16:01:47.278 +02:00 [INF] CORS policy execution successful.
2025-04-03 16:01:47.288 +02:00 [INF] Request finished HTTP/1.1 OPTIONS http://localhost:5196/api/auth/login - 204 null null 28.8475ms
2025-04-03 16:01:47.314 +02:00 [INF] Request starting HTTP/1.1 POST http://localhost:5196/api/auth/login - application/json 40
2025-04-03 16:01:47.333 +02:00 [INF] CORS policy execution successful.
2025-04-03 16:01:47.339 +02:00 [INF] Executing endpoint 'Trello.Controller.AuthController.Login (Trello)'
2025-04-03 16:01:47.370 +02:00 [INF] Route matched with {action = "Login", controller = "Auth"}. Executing controller action with signature System.Threading.Tasks.Task`1[Microsoft.AspNetCore.Mvc.IActionResult] Login(Trello.DTOs.UserLoginDto) on controller Trello.Controller.AuthController (Trello).
2025-04-03 16:01:47.585 +02:00 [INF] Executed DbCommand (7ms) [Parameters=[@__normalizedUserName_0='?'], CommandType='"Text"', CommandTimeout='30']
SELECT u."Id", u."AccessFailedCount", u."ConcurrencyStamp", u."CreatedAt", u."Email", u."EmailConfirmed", u."FirstName", u."LastName", u."LockoutEnabled", u."LockoutEnd", u."NormalizedEmail", u."NormalizedUserName", u."PasswordHash", u."PhoneNumber", u."PhoneNumberConfirmed", u."RefreshToken", u."RefreshTokenExpiry", u."SecurityStamp", u."TwoFactorEnabled", u."UserName"
FROM "Users" AS u
WHERE u."NormalizedUserName" = @__normalizedUserName_0
LIMIT 1
2025-04-03 16:01:48.001 +02:00 [INF] Executed DbCommand (4ms) [Parameters=[@p2='?' (DbType = Int32), @p0='?', @p1='?' (DbType = DateTime)], CommandType='"Text"', CommandTimeout='30']
UPDATE "Users" SET "RefreshToken" = @p0, "RefreshTokenExpiry" = @p1
WHERE "Id" = @p2;
2025-04-03 16:01:48.001 +02:00 [INF] Executing OkObjectResult, writing value of type 'FluentResults.Result`1[[Trello.DTOs.AuthResponseDto, Trello, Version=1.0.0.0, Culture=neutral, PublicKeyToken=null]]'.
2025-04-03 16:01:48.056 +02:00 [INF] Executed action Trello.Controller.AuthController.Login (Trello) in 640.7188ms
2025-04-03 16:01:48.077 +02:00 [INF] Executed endpoint 'Trello.Controller.AuthController.Login (Trello)'
2025-04-03 16:01:48.090 +02:00 [INF] Request finished HTTP/1.1 POST http://localhost:5196/api/auth/login - 200 null application/json; charset=utf-8 776.5152ms
2025-04-03 16:01:49.798 +02:00 [INF] Request starting HTTP/1.1 OPTIONS http://localhost:5196/api/user/getById/1 - null null
2025-04-03 16:01:49.920 +02:00 [INF] CORS policy execution successful.
2025-04-03 16:01:49.953 +02:00 [INF] Request finished HTTP/1.1 OPTIONS http://localhost:5196/api/user/getById/1 - 204 null null 151.5168ms
2025-04-03 16:01:49.982 +02:00 [INF] Request starting HTTP/1.1 GET http://localhost:5196/api/user/getById/1 - null null
2025-04-03 16:01:49.999 +02:00 [INF] CORS policy execution successful.
2025-04-03 16:01:50.007 +02:00 [INF] Executing endpoint 'Trello.Controller.UserController.GetUserById (Trello)'
2025-04-03 16:01:50.018 +02:00 [INF] Route matched with {action = "GetUserById", controller = "User"}. Executing controller action with signature System.Threading.Tasks.Task`1[Microsoft.AspNetCore.Mvc.IActionResult] GetUserById(Int32) on controller Trello.Controller.UserController (Trello).
2025-04-03 16:01:50.087 +02:00 [INF] Executed DbCommand (6ms) [Parameters=[@__id_0='?' (DbType = Int32)], CommandType='"Text"', CommandTimeout='30']
SELECT u."Id", u."AccessFailedCount", u."ConcurrencyStamp", u."CreatedAt", u."Email", u."EmailConfirmed", u."FirstName", u."LastName", u."LockoutEnabled", u."LockoutEnd", u."NormalizedEmail", u."NormalizedUserName", u."PasswordHash", u."PhoneNumber", u."PhoneNumberConfirmed", u."RefreshToken", u."RefreshTokenExpiry", u."SecurityStamp", u."TwoFactorEnabled", u."UserName"
FROM "Users" AS u
WHERE u."Id" = @__id_0
LIMIT 1
2025-04-03 16:01:50.126 +02:00 [INF] Executing OkObjectResult, writing value of type 'Trello.DTOs.UserDto'.
2025-04-03 16:01:50.185 +02:00 [INF] Executed action Trello.Controller.UserController.GetUserById (Trello) in 110.1242ms
2025-04-03 16:01:50.222 +02:00 [INF] Executed endpoint 'Trello.Controller.UserController.GetUserById (Trello)'
2025-04-03 16:01:50.234 +02:00 [INF] Request finished HTTP/1.1 GET http://localhost:5196/api/user/getById/1 - 200 null application/json; charset=utf-8 251.5669ms
2025-04-03 16:01:50.267 +02:00 [INF] Request starting HTTP/1.1 GET http://localhost:5196/api/projects/getUserProjects/1 - null null
2025-04-03 16:01:50.292 +02:00 [INF] CORS policy execution successful.
2025-04-03 16:01:50.307 +02:00 [INF] Executing endpoint 'Trello.Controller.ProjectController.GetUserProjects (Trello)'
2025-04-03 16:01:50.341 +02:00 [INF] Route matched with {action = "GetUserProjects", controller = "Project"}. Executing controller action with signature System.Threading.Tasks.Task`1[Microsoft.AspNetCore.Mvc.IActionResult] GetUserProjects(Int32) on controller Trello.Controller.ProjectController (Trello).
2025-04-03 16:01:50.591 +02:00 [INF] Executed DbCommand (21ms) [Parameters=[@__userId_0='?' (DbType = Int32)], CommandType='"Text"', CommandTimeout='30']
SELECT p."Id", p."BacklogId", p."BoardId", p."Name", p."OwnerId"
FROM "Projects" AS p
WHERE EXISTS (
    SELECT 1
    FROM "UserProject" AS u
    WHERE p."Id" = u."ProjectId" AND u."UserId" = @__userId_0) OR p."OwnerId" = @__userId_0
2025-04-03 16:01:53.350 +02:00 [INF] Executed action Trello.Controller.ProjectController.GetUserProjects (Trello) in 2980.6176ms
2025-04-03 16:01:53.801 +02:00 [INF] Executed endpoint 'Trello.Controller.ProjectController.GetUserProjects (Trello)'
2025-04-03 16:01:54.167 +02:00 [ERR] Unhandled exception occurred.
System.InvalidOperationException: Result is in status failed. Value is not set. Having: Error with Message='No projects found for this user.'
   at FluentResults.Result`1.ThrowIfFailed()
   at FluentResults.Result`1.get_Value()
   at Trello.Controller.ProjectController.GetUserProjects(Int32 id) in C:\Users\User\Desktop\TaskManagment\Trello\Controller\ProjectController.cs:line 31
   at Microsoft.AspNetCore.Mvc.Infrastructure.ActionMethodExecutor.TaskOfIActionResultExecutor.Execute(ActionContext actionContext, IActionResultTypeMapper mapper, ObjectMethodExecutor executor, Object controller, Object[] arguments)
   at Microsoft.AspNetCore.Mvc.Infrastructure.ControllerActionInvoker.<InvokeActionMethodAsync>g__Awaited|12_0(ControllerActionInvoker invoker, ValueTask`1 actionResultValueTask)
   at Microsoft.AspNetCore.Mvc.Infrastructure.ControllerActionInvoker.<InvokeNextActionFilterAsync>g__Awaited|10_0(ControllerActionInvoker invoker, Task lastTask, State next, Scope scope, Object state, Boolean isCompleted)
   at Microsoft.AspNetCore.Mvc.Infrastructure.ControllerActionInvoker.Rethrow(ActionExecutedContextSealed context)
   at Microsoft.AspNetCore.Mvc.Infrastructure.ControllerActionInvoker.Next(State& next, Scope& scope, Object& state, Boolean& isCompleted)
   at Microsoft.AspNetCore.Mvc.Infrastructure.ControllerActionInvoker.<InvokeInnerFilterAsync>g__Awaited|13_0(ControllerActionInvoker invoker, Task lastTask, State next, Scope scope, Object state, Boolean isCompleted)
   at Microsoft.AspNetCore.Mvc.Infrastructure.ResourceInvoker.<InvokeFilterPipelineAsync>g__Awaited|20_0(ResourceInvoker invoker, Task lastTask, State next, Scope scope, Object state, Boolean isCompleted)
   at Microsoft.AspNetCore.Mvc.Infrastructure.ResourceInvoker.<InvokeAsync>g__Logged|17_1(ResourceInvoker invoker)
   at Microsoft.AspNetCore.Mvc.Infrastructure.ResourceInvoker.<InvokeAsync>g__Logged|17_1(ResourceInvoker invoker)
   at Microsoft.AspNetCore.Routing.EndpointMiddleware.<Invoke>g__AwaitRequestTask|7_0(Endpoint endpoint, Task requestTask, ILogger logger)
   at Trello.Helpers.ExceptionHandlingMiddleware.Invoke(HttpContext context) in C:\Users\User\Desktop\TaskManagment\Trello\Helpers\ExeptionHandlingMiddleware.cs:line 21
2025-04-03 16:01:54.332 +02:00 [INF] Request finished HTTP/1.1 GET http://localhost:5196/api/projects/getUserProjects/1 - 500 null application/json; charset=utf-8 4064.7184ms
2025-04-03 16:02:02.375 +02:00 [INF] Request starting HTTP/1.1 OPTIONS http://localhost:5196/api/projects/create - null null
2025-04-03 16:02:02.486 +02:00 [INF] CORS policy execution successful.
2025-04-03 16:02:02.501 +02:00 [INF] Request finished HTTP/1.1 OPTIONS http://localhost:5196/api/projects/create - 204 null null 127.0734ms
2025-04-03 16:02:02.572 +02:00 [INF] Request starting HTTP/1.1 POST http://localhost:5196/api/projects/create - application/json 38
2025-04-03 16:02:02.592 +02:00 [INF] CORS policy execution successful.
2025-04-03 16:02:02.601 +02:00 [INF] Executing endpoint 'Trello.Controller.ProjectController.Create (Trello)'
2025-04-03 16:02:02.624 +02:00 [INF] Route matched with {action = "Create", controller = "Project"}. Executing controller action with signature System.Threading.Tasks.Task`1[Microsoft.AspNetCore.Mvc.IActionResult] Create(Trello.DTOs.ProjectDto) on controller Trello.Controller.ProjectController (Trello).
2025-04-03 16:02:02.671 +02:00 [INF] Executed DbCommand (4ms) [Parameters=[@__id_0='?' (DbType = Int32)], CommandType='"Text"', CommandTimeout='30']
SELECT u."Id", u."AccessFailedCount", u."ConcurrencyStamp", u."CreatedAt", u."Email", u."EmailConfirmed", u."FirstName", u."LastName", u."LockoutEnabled", u."LockoutEnd", u."NormalizedEmail", u."NormalizedUserName", u."PasswordHash", u."PhoneNumber", u."PhoneNumberConfirmed", u."RefreshToken", u."RefreshTokenExpiry", u."SecurityStamp", u."TwoFactorEnabled", u."UserName"
FROM "Users" AS u
WHERE u."Id" = @__id_0
LIMIT 1
2025-04-03 16:02:02.880 +02:00 [INF] Executed DbCommand (10ms) [Parameters=[@p0='?' (DbType = Int32), @p1='?' (DbType = Int32), @p2='?', @p3='?' (DbType = Int32)], CommandType='"Text"', CommandTimeout='30']
INSERT INTO "Projects" ("BacklogId", "BoardId", "Name", "OwnerId")
VALUES (@p0, @p1, @p2, @p3)
RETURNING "Id";
2025-04-03 16:02:02.910 +02:00 [INF] Project added successifully
2025-04-03 16:02:03.045 +02:00 [INF] Executed DbCommand (16ms) [Parameters=[@p0='?' (DbType = Int32), @p1='?', @p2='?', @p3='?' (DbType = Int32)], CommandType='"Text"', CommandTimeout='30']
INSERT INTO "Boards" ("ActiveSprintId", "Description", "Name", "ProjectId")
VALUES (@p0, @p1, @p2, @p3)
RETURNING "Id";
2025-04-03 16:02:04.038 +02:00 [INF] Boards added successifully
2025-04-03 16:02:04.176 +02:00 [INF] Executed DbCommand (126ms) [Parameters=[@p0='?' (DbType = Int32)], CommandType='"Text"', CommandTimeout='30']
INSERT INTO "Backlogs" ("ProjectId")
VALUES (@p0)
RETURNING "Id";
2025-04-03 16:02:04.445 +02:00 [ERR] An exception occurred in the database while saving changes for context type 'Trello.Data.AppDbContext'.
System.InvalidOperationException: A second operation was started on this context instance before a previous operation completed. This is usually caused by different threads concurrently using the same instance of DbContext. For more information on how to avoid threading issues with DbContext, see https://go.microsoft.com/fwlink/?linkid=2097913.
   at Microsoft.EntityFrameworkCore.Infrastructure.Internal.ConcurrencyDetector.EnterCriticalSection()
   at Microsoft.EntityFrameworkCore.ChangeTracking.Internal.StateManager.SaveChangesAsync(IList`1 entriesToSave, CancellationToken cancellationToken)
   at Microsoft.EntityFrameworkCore.ChangeTracking.Internal.StateManager.SaveChangesAsync(StateManager stateManager, Boolean acceptAllChangesOnSuccess, CancellationToken cancellationToken)
   at Npgsql.EntityFrameworkCore.PostgreSQL.Storage.Internal.NpgsqlExecutionStrategy.ExecuteAsync[TState,TResult](TState state, Func`4 operation, Func`4 verifySucceeded, CancellationToken cancellationToken)
   at Microsoft.EntityFrameworkCore.DbContext.SaveChangesAsync(Boolean acceptAllChangesOnSuccess, CancellationToken cancellationToken)
System.InvalidOperationException: A second operation was started on this context instance before a previous operation completed. This is usually caused by different threads concurrently using the same instance of DbContext. For more information on how to avoid threading issues with DbContext, see https://go.microsoft.com/fwlink/?linkid=2097913.
   at Microsoft.EntityFrameworkCore.Infrastructure.Internal.ConcurrencyDetector.EnterCriticalSection()
   at Microsoft.EntityFrameworkCore.ChangeTracking.Internal.StateManager.SaveChangesAsync(IList`1 entriesToSave, CancellationToken cancellationToken)
   at Microsoft.EntityFrameworkCore.ChangeTracking.Internal.StateManager.SaveChangesAsync(StateManager stateManager, Boolean acceptAllChangesOnSuccess, CancellationToken cancellationToken)
   at Npgsql.EntityFrameworkCore.PostgreSQL.Storage.Internal.NpgsqlExecutionStrategy.ExecuteAsync[TState,TResult](TState state, Func`4 operation, Func`4 verifySucceeded, CancellationToken cancellationToken)
   at Microsoft.EntityFrameworkCore.DbContext.SaveChangesAsync(Boolean acceptAllChangesOnSuccess, CancellationToken cancellationToken)
2025-04-03 16:02:04.984 +02:00 [ERR] An exception occurred in the database while saving changes for context type 'Trello.Data.AppDbContext'.
System.InvalidOperationException: A second operation was started on this context instance before a previous operation completed. This is usually caused by different threads concurrently using the same instance of DbContext. For more information on how to avoid threading issues with DbContext, see https://go.microsoft.com/fwlink/?linkid=2097913.
   at Microsoft.EntityFrameworkCore.Infrastructure.Internal.ConcurrencyDetector.EnterCriticalSection()
   at Microsoft.EntityFrameworkCore.ChangeTracking.Internal.StateManager.SaveChangesAsync(IList`1 entriesToSave, CancellationToken cancellationToken)
   at Microsoft.EntityFrameworkCore.ChangeTracking.Internal.StateManager.SaveChangesAsync(StateManager stateManager, Boolean acceptAllChangesOnSuccess, CancellationToken cancellationToken)
   at Npgsql.EntityFrameworkCore.PostgreSQL.Storage.Internal.NpgsqlExecutionStrategy.ExecuteAsync[TState,TResult](TState state, Func`4 operation, Func`4 verifySucceeded, CancellationToken cancellationToken)
   at Microsoft.EntityFrameworkCore.DbContext.SaveChangesAsync(Boolean acceptAllChangesOnSuccess, CancellationToken cancellationToken)
System.InvalidOperationException: A second operation was started on this context instance before a previous operation completed. This is usually caused by different threads concurrently using the same instance of DbContext. For more information on how to avoid threading issues with DbContext, see https://go.microsoft.com/fwlink/?linkid=2097913.
   at Microsoft.EntityFrameworkCore.Infrastructure.Internal.ConcurrencyDetector.EnterCriticalSection()
   at Microsoft.EntityFrameworkCore.ChangeTracking.Internal.StateManager.SaveChangesAsync(IList`1 entriesToSave, CancellationToken cancellationToken)
   at Microsoft.EntityFrameworkCore.ChangeTracking.Internal.StateManager.SaveChangesAsync(StateManager stateManager, Boolean acceptAllChangesOnSuccess, CancellationToken cancellationToken)
   at Npgsql.EntityFrameworkCore.PostgreSQL.Storage.Internal.NpgsqlExecutionStrategy.ExecuteAsync[TState,TResult](TState state, Func`4 operation, Func`4 verifySucceeded, CancellationToken cancellationToken)
   at Microsoft.EntityFrameworkCore.DbContext.SaveChangesAsync(Boolean acceptAllChangesOnSuccess, CancellationToken cancellationToken)
2025-04-03 16:02:05.533 +02:00 [ERR] Unexpected error occurred while adding backlog.
System.InvalidOperationException: A second operation was started on this context instance before a previous operation completed. This is usually caused by different threads concurrently using the same instance of DbContext. For more information on how to avoid threading issues with DbContext, see https://go.microsoft.com/fwlink/?linkid=2097913.
   at Microsoft.EntityFrameworkCore.Infrastructure.Internal.ConcurrencyDetector.EnterCriticalSection()
   at Microsoft.EntityFrameworkCore.ChangeTracking.Internal.StateManager.SaveChangesAsync(IList`1 entriesToSave, CancellationToken cancellationToken)
   at Microsoft.EntityFrameworkCore.ChangeTracking.Internal.StateManager.SaveChangesAsync(StateManager stateManager, Boolean acceptAllChangesOnSuccess, CancellationToken cancellationToken)
   at Npgsql.EntityFrameworkCore.PostgreSQL.Storage.Internal.NpgsqlExecutionStrategy.ExecuteAsync[TState,TResult](TState state, Func`4 operation, Func`4 verifySucceeded, CancellationToken cancellationToken)
   at Microsoft.EntityFrameworkCore.DbContext.SaveChangesAsync(Boolean acceptAllChangesOnSuccess, CancellationToken cancellationToken)
   at Microsoft.EntityFrameworkCore.DbContext.SaveChangesAsync(Boolean acceptAllChangesOnSuccess, CancellationToken cancellationToken)
   at Trello.Repository.BacklogRepository.CreateAsync(Backlog backlog) in C:\Users\User\Desktop\TaskManagment\Trello\Repository\BacklogRepository.cs:line 23
2025-04-03 16:02:07.268 +02:00 [INF] Executing OkObjectResult, writing value of type 'FluentResults.Result`1[[Trello.DTOs.ProjectDto, Trello, Version=1.0.0.0, Culture=neutral, PublicKeyToken=null]]'.
2025-04-03 16:02:07.294 +02:00 [INF] Executed action Trello.Controller.ProjectController.Create (Trello) in 4651.6521ms
2025-04-03 16:02:07.303 +02:00 [INF] Executed endpoint 'Trello.Controller.ProjectController.Create (Trello)'
2025-04-03 16:02:07.315 +02:00 [INF] Request finished HTTP/1.1 POST http://localhost:5196/api/projects/create - 200 null application/json; charset=utf-8 4742.3388ms
2025-04-03 16:02:12.285 +02:00 [INF] Request starting HTTP/1.1 OPTIONS http://localhost:5196/api/user/getById/1 - null null
2025-04-03 16:02:14.631 +02:00 [INF] Request starting HTTP/1.1 OPTIONS http://localhost:5196/api/user/getById/1 - null null
2025-04-03 16:02:14.657 +02:00 [INF] CORS policy execution successful.
2025-04-03 16:02:14.663 +02:00 [INF] CORS policy execution successful.
2025-04-03 16:02:14.675 +02:00 [INF] Request finished HTTP/1.1 OPTIONS http://localhost:5196/api/user/getById/1 - 204 null null 2391.1308ms
2025-04-03 16:02:14.679 +02:00 [INF] Request finished HTTP/1.1 OPTIONS http://localhost:5196/api/user/getById/1 - 204 null null 48.5392ms
2025-04-03 16:02:14.722 +02:00 [INF] Request starting HTTP/1.1 GET http://localhost:5196/api/user/getById/1 - null null
2025-04-03 16:02:14.739 +02:00 [INF] CORS policy execution successful.
2025-04-03 16:02:14.746 +02:00 [INF] Executing endpoint 'Trello.Controller.UserController.GetUserById (Trello)'
2025-04-03 16:02:14.755 +02:00 [INF] Route matched with {action = "GetUserById", controller = "User"}. Executing controller action with signature System.Threading.Tasks.Task`1[Microsoft.AspNetCore.Mvc.IActionResult] GetUserById(Int32) on controller Trello.Controller.UserController (Trello).
2025-04-03 16:02:14.787 +02:00 [INF] Executed DbCommand (4ms) [Parameters=[@__id_0='?' (DbType = Int32)], CommandType='"Text"', CommandTimeout='30']
SELECT u."Id", u."AccessFailedCount", u."ConcurrencyStamp", u."CreatedAt", u."Email", u."EmailConfirmed", u."FirstName", u."LastName", u."LockoutEnabled", u."LockoutEnd", u."NormalizedEmail", u."NormalizedUserName", u."PasswordHash", u."PhoneNumber", u."PhoneNumberConfirmed", u."RefreshToken", u."RefreshTokenExpiry", u."SecurityStamp", u."TwoFactorEnabled", u."UserName"
FROM "Users" AS u
WHERE u."Id" = @__id_0
LIMIT 1
2025-04-03 16:02:14.826 +02:00 [INF] Executing OkObjectResult, writing value of type 'Trello.DTOs.UserDto'.
2025-04-03 16:02:14.841 +02:00 [INF] Executed action Trello.Controller.UserController.GetUserById (Trello) in 61.6733ms
2025-04-03 16:02:14.848 +02:00 [INF] Request starting HTTP/1.1 GET http://localhost:5196/api/user/getById/1 - null null
2025-04-03 16:02:14.881 +02:00 [INF] CORS policy execution successful.
2025-04-03 16:02:14.889 +02:00 [INF] Executed endpoint 'Trello.Controller.UserController.GetUserById (Trello)'
2025-04-03 16:02:14.906 +02:00 [INF] Executing endpoint 'Trello.Controller.UserController.GetUserById (Trello)'
2025-04-03 16:02:14.923 +02:00 [INF] Route matched with {action = "GetUserById", controller = "User"}. Executing controller action with signature System.Threading.Tasks.Task`1[Microsoft.AspNetCore.Mvc.IActionResult] GetUserById(Int32) on controller Trello.Controller.UserController (Trello).
2025-04-03 16:02:14.911 +02:00 [INF] Request finished HTTP/1.1 GET http://localhost:5196/api/user/getById/1 - 200 null application/json; charset=utf-8 188.4863ms
2025-04-03 16:02:14.975 +02:00 [INF] Executed DbCommand (2ms) [Parameters=[@__id_0='?' (DbType = Int32)], CommandType='"Text"', CommandTimeout='30']
SELECT u."Id", u."AccessFailedCount", u."ConcurrencyStamp", u."CreatedAt", u."Email", u."EmailConfirmed", u."FirstName", u."LastName", u."LockoutEnabled", u."LockoutEnd", u."NormalizedEmail", u."NormalizedUserName", u."PasswordHash", u."PhoneNumber", u."PhoneNumberConfirmed", u."RefreshToken", u."RefreshTokenExpiry", u."SecurityStamp", u."TwoFactorEnabled", u."UserName"
FROM "Users" AS u
WHERE u."Id" = @__id_0
LIMIT 1
2025-04-03 16:02:14.994 +02:00 [INF] Request starting HTTP/1.1 GET http://localhost:5196/api/projects/getUserProjects/1 - null null
2025-04-03 16:02:15.042 +02:00 [INF] Executing OkObjectResult, writing value of type 'Trello.DTOs.UserDto'.
2025-04-03 16:02:15.054 +02:00 [INF] CORS policy execution successful.
2025-04-03 16:02:15.078 +02:00 [INF] Executed action Trello.Controller.UserController.GetUserById (Trello) in 108.1488ms
2025-04-03 16:02:15.087 +02:00 [INF] Executing endpoint 'Trello.Controller.ProjectController.GetUserProjects (Trello)'
2025-04-03 16:02:15.108 +02:00 [INF] Executed endpoint 'Trello.Controller.UserController.GetUserById (Trello)'
2025-04-03 16:02:15.116 +02:00 [INF] Route matched with {action = "GetUserProjects", controller = "Project"}. Executing controller action with signature System.Threading.Tasks.Task`1[Microsoft.AspNetCore.Mvc.IActionResult] GetUserProjects(Int32) on controller Trello.Controller.ProjectController (Trello).
2025-04-03 16:02:15.141 +02:00 [INF] Request finished HTTP/1.1 GET http://localhost:5196/api/user/getById/1 - 200 null application/json; charset=utf-8 293.579ms
2025-04-03 16:02:15.172 +02:00 [INF] Executed DbCommand (8ms) [Parameters=[@__userId_0='?' (DbType = Int32)], CommandType='"Text"', CommandTimeout='30']
SELECT p."Id", p."BacklogId", p."BoardId", p."Name", p."OwnerId"
FROM "Projects" AS p
WHERE EXISTS (
    SELECT 1
    FROM "UserProject" AS u
    WHERE p."Id" = u."ProjectId" AND u."UserId" = @__userId_0) OR p."OwnerId" = @__userId_0
2025-04-03 16:02:15.218 +02:00 [INF] Executing OkObjectResult, writing value of type 'System.Collections.Generic.List`1[[Trello.DTOs.ProjectDetailsDto, Trello, Version=1.0.0.0, Culture=neutral, PublicKeyToken=null]]'.
2025-04-03 16:02:15.234 +02:00 [INF] Executed action Trello.Controller.ProjectController.GetUserProjects (Trello) in 77.9696ms
2025-04-03 16:02:15.244 +02:00 [INF] Executed endpoint 'Trello.Controller.ProjectController.GetUserProjects (Trello)'
2025-04-03 16:02:15.260 +02:00 [INF] Request finished HTTP/1.1 GET http://localhost:5196/api/projects/getUserProjects/1 - 200 null application/json; charset=utf-8 265.9226ms
2025-04-03 16:02:15.329 +02:00 [INF] Request starting HTTP/1.1 OPTIONS http://localhost:5196/api/boards/getById/1 - null null
2025-04-03 16:02:15.358 +02:00 [INF] CORS policy execution successful.
2025-04-03 16:02:15.368 +02:00 [INF] Request finished HTTP/1.1 OPTIONS http://localhost:5196/api/boards/getById/1 - 204 null null 38.5883ms
2025-04-03 16:02:15.388 +02:00 [INF] Request starting HTTP/1.1 GET http://localhost:5196/api/boards/getById/1 - null null
2025-04-03 16:02:15.406 +02:00 [INF] CORS policy execution successful.
2025-04-03 16:02:15.414 +02:00 [INF] Executing endpoint 'Trello.Controller.BoardController.GetById (Trello)'
2025-04-03 16:02:15.432 +02:00 [INF] Route matched with {action = "GetById", controller = "Board"}. Executing controller action with signature System.Threading.Tasks.Task`1[Microsoft.AspNetCore.Mvc.IActionResult] GetById(Int32) on controller Trello.Controller.BoardController (Trello).
2025-04-03 16:02:15.508 +02:00 [INF] Executed DbCommand (5ms) [Parameters=[@__id_0='?' (DbType = Int32)], CommandType='"Text"', CommandTimeout='30']
SELECT b."Id", b."ActiveSprintId", b."Description", b."Name", b."ProjectId"
FROM "Boards" AS b
WHERE b."Id" = @__id_0
LIMIT 1
2025-04-03 16:02:15.544 +02:00 [INF] Executing OkObjectResult, writing value of type 'Trello.DTOs.BoardDto'.
2025-04-03 16:02:15.570 +02:00 [INF] Executed action Trello.Controller.BoardController.GetById (Trello) in 111.4672ms
2025-04-03 16:02:15.579 +02:00 [INF] Executed endpoint 'Trello.Controller.BoardController.GetById (Trello)'
2025-04-03 16:02:15.586 +02:00 [INF] Request finished HTTP/1.1 GET http://localhost:5196/api/boards/getById/1 - 200 null application/json; charset=utf-8 198.3821ms
